[2024-05-01T11:48:39.569+0300] {processor.py:161} INFO - Started process (PID=152969) to work on /home/yohanes/Documents/10academy/week2_2/10ac_city_traffic_data_warehouse_week2/week2_env/lib/python3.8/site-packages/airflow/example_dags/example_branch_labels.py
[2024-05-01T11:48:39.570+0300] {processor.py:830} INFO - Processing file /home/yohanes/Documents/10academy/week2_2/10ac_city_traffic_data_warehouse_week2/week2_env/lib/python3.8/site-packages/airflow/example_dags/example_branch_labels.py for tasks to queue
[2024-05-01T11:48:39.573+0300] {logging_mixin.py:188} INFO - [2024-05-01T11:48:39.572+0300] {dagbag.py:540} INFO - Filling up the DagBag from /home/yohanes/Documents/10academy/week2_2/10ac_city_traffic_data_warehouse_week2/week2_env/lib/python3.8/site-packages/airflow/example_dags/example_branch_labels.py
[2024-05-01T11:48:39.642+0300] {processor.py:840} INFO - DAG(s) 'example_branch_labels' retrieved from /home/yohanes/Documents/10academy/week2_2/10ac_city_traffic_data_warehouse_week2/week2_env/lib/python3.8/site-packages/airflow/example_dags/example_branch_labels.py
[2024-05-01T11:48:39.813+0300] {logging_mixin.py:188} INFO - [2024-05-01T11:48:39.813+0300] {dag.py:3096} INFO - Sync 1 DAGs
[2024-05-01T11:48:39.840+0300] {logging_mixin.py:188} INFO - [2024-05-01T11:48:39.840+0300] {dag.py:3954} INFO - Setting next_dagrun for example_branch_labels to 2024-04-30 00:00:00+00:00, run_after=2024-05-01 00:00:00+00:00
[2024-05-01T11:48:40.011+0300] {processor.py:183} INFO - Processing /home/yohanes/Documents/10academy/week2_2/10ac_city_traffic_data_warehouse_week2/week2_env/lib/python3.8/site-packages/airflow/example_dags/example_branch_labels.py took 0.451 seconds
[2024-05-01T11:50:07.587+0300] {processor.py:161} INFO - Started process (PID=153716) to work on /home/yohanes/Documents/10academy/week2_2/10ac_city_traffic_data_warehouse_week2/week2_env/lib/python3.8/site-packages/airflow/example_dags/example_branch_labels.py
[2024-05-01T11:50:07.610+0300] {processor.py:830} INFO - Processing file /home/yohanes/Documents/10academy/week2_2/10ac_city_traffic_data_warehouse_week2/week2_env/lib/python3.8/site-packages/airflow/example_dags/example_branch_labels.py for tasks to queue
[2024-05-01T11:50:07.612+0300] {logging_mixin.py:188} INFO - [2024-05-01T11:50:07.612+0300] {dagbag.py:540} INFO - Filling up the DagBag from /home/yohanes/Documents/10academy/week2_2/10ac_city_traffic_data_warehouse_week2/week2_env/lib/python3.8/site-packages/airflow/example_dags/example_branch_labels.py
[2024-05-01T11:50:07.624+0300] {processor.py:840} INFO - DAG(s) 'example_branch_labels' retrieved from /home/yohanes/Documents/10academy/week2_2/10ac_city_traffic_data_warehouse_week2/week2_env/lib/python3.8/site-packages/airflow/example_dags/example_branch_labels.py
[2024-05-01T11:50:07.646+0300] {logging_mixin.py:188} INFO - [2024-05-01T11:50:07.646+0300] {dag.py:3096} INFO - Sync 1 DAGs
[2024-05-01T11:50:07.681+0300] {logging_mixin.py:188} INFO - [2024-05-01T11:50:07.681+0300] {dag.py:3954} INFO - Setting next_dagrun for example_branch_labels to 2024-04-30 00:00:00+00:00, run_after=2024-05-01 00:00:00+00:00
[2024-05-01T11:50:07.840+0300] {processor.py:183} INFO - Processing /home/yohanes/Documents/10academy/week2_2/10ac_city_traffic_data_warehouse_week2/week2_env/lib/python3.8/site-packages/airflow/example_dags/example_branch_labels.py took 0.264 seconds
[2024-05-01T11:51:19.485+0300] {processor.py:161} INFO - Started process (PID=154301) to work on /home/yohanes/Documents/10academy/week2_2/10ac_city_traffic_data_warehouse_week2/week2_env/lib/python3.8/site-packages/airflow/example_dags/example_branch_labels.py
[2024-05-01T11:51:19.514+0300] {processor.py:830} INFO - Processing file /home/yohanes/Documents/10academy/week2_2/10ac_city_traffic_data_warehouse_week2/week2_env/lib/python3.8/site-packages/airflow/example_dags/example_branch_labels.py for tasks to queue
[2024-05-01T11:51:19.516+0300] {logging_mixin.py:188} INFO - [2024-05-01T11:51:19.516+0300] {dagbag.py:540} INFO - Filling up the DagBag from /home/yohanes/Documents/10academy/week2_2/10ac_city_traffic_data_warehouse_week2/week2_env/lib/python3.8/site-packages/airflow/example_dags/example_branch_labels.py
[2024-05-01T11:51:19.528+0300] {processor.py:840} INFO - DAG(s) 'example_branch_labels' retrieved from /home/yohanes/Documents/10academy/week2_2/10ac_city_traffic_data_warehouse_week2/week2_env/lib/python3.8/site-packages/airflow/example_dags/example_branch_labels.py
[2024-05-01T11:51:19.556+0300] {logging_mixin.py:188} INFO - [2024-05-01T11:51:19.556+0300] {dag.py:3096} INFO - Sync 1 DAGs
[2024-05-01T11:51:19.595+0300] {logging_mixin.py:188} INFO - [2024-05-01T11:51:19.595+0300] {dag.py:3954} INFO - Setting next_dagrun for example_branch_labels to 2024-04-30 00:00:00+00:00, run_after=2024-05-01 00:00:00+00:00
[2024-05-01T11:51:19.726+0300] {processor.py:183} INFO - Processing /home/yohanes/Documents/10academy/week2_2/10ac_city_traffic_data_warehouse_week2/week2_env/lib/python3.8/site-packages/airflow/example_dags/example_branch_labels.py took 0.250 seconds
[2024-05-01T11:52:29.053+0300] {processor.py:161} INFO - Started process (PID=154850) to work on /home/yohanes/Documents/10academy/week2_2/10ac_city_traffic_data_warehouse_week2/week2_env/lib/python3.8/site-packages/airflow/example_dags/example_branch_labels.py
[2024-05-01T11:52:29.105+0300] {processor.py:830} INFO - Processing file /home/yohanes/Documents/10academy/week2_2/10ac_city_traffic_data_warehouse_week2/week2_env/lib/python3.8/site-packages/airflow/example_dags/example_branch_labels.py for tasks to queue
[2024-05-01T11:52:29.107+0300] {logging_mixin.py:188} INFO - [2024-05-01T11:52:29.107+0300] {dagbag.py:540} INFO - Filling up the DagBag from /home/yohanes/Documents/10academy/week2_2/10ac_city_traffic_data_warehouse_week2/week2_env/lib/python3.8/site-packages/airflow/example_dags/example_branch_labels.py
[2024-05-01T11:52:29.119+0300] {processor.py:840} INFO - DAG(s) 'example_branch_labels' retrieved from /home/yohanes/Documents/10academy/week2_2/10ac_city_traffic_data_warehouse_week2/week2_env/lib/python3.8/site-packages/airflow/example_dags/example_branch_labels.py
[2024-05-01T11:52:29.141+0300] {logging_mixin.py:188} INFO - [2024-05-01T11:52:29.141+0300] {dag.py:3096} INFO - Sync 1 DAGs
[2024-05-01T11:52:29.173+0300] {logging_mixin.py:188} INFO - [2024-05-01T11:52:29.173+0300] {dag.py:3954} INFO - Setting next_dagrun for example_branch_labels to 2024-04-30 00:00:00+00:00, run_after=2024-05-01 00:00:00+00:00
[2024-05-01T11:52:29.307+0300] {processor.py:183} INFO - Processing /home/yohanes/Documents/10academy/week2_2/10ac_city_traffic_data_warehouse_week2/week2_env/lib/python3.8/site-packages/airflow/example_dags/example_branch_labels.py took 0.264 seconds
[2024-05-01T11:53:38.029+0300] {processor.py:161} INFO - Started process (PID=155396) to work on /home/yohanes/Documents/10academy/week2_2/10ac_city_traffic_data_warehouse_week2/week2_env/lib/python3.8/site-packages/airflow/example_dags/example_branch_labels.py
[2024-05-01T11:53:38.054+0300] {processor.py:830} INFO - Processing file /home/yohanes/Documents/10academy/week2_2/10ac_city_traffic_data_warehouse_week2/week2_env/lib/python3.8/site-packages/airflow/example_dags/example_branch_labels.py for tasks to queue
[2024-05-01T11:53:38.057+0300] {logging_mixin.py:188} INFO - [2024-05-01T11:53:38.057+0300] {dagbag.py:540} INFO - Filling up the DagBag from /home/yohanes/Documents/10academy/week2_2/10ac_city_traffic_data_warehouse_week2/week2_env/lib/python3.8/site-packages/airflow/example_dags/example_branch_labels.py
[2024-05-01T11:53:38.069+0300] {processor.py:840} INFO - DAG(s) 'example_branch_labels' retrieved from /home/yohanes/Documents/10academy/week2_2/10ac_city_traffic_data_warehouse_week2/week2_env/lib/python3.8/site-packages/airflow/example_dags/example_branch_labels.py
[2024-05-01T11:53:38.096+0300] {logging_mixin.py:188} INFO - [2024-05-01T11:53:38.095+0300] {dag.py:3096} INFO - Sync 1 DAGs
[2024-05-01T11:53:38.127+0300] {logging_mixin.py:188} INFO - [2024-05-01T11:53:38.127+0300] {dag.py:3954} INFO - Setting next_dagrun for example_branch_labels to 2024-04-30 00:00:00+00:00, run_after=2024-05-01 00:00:00+00:00
[2024-05-01T11:53:38.300+0300] {processor.py:183} INFO - Processing /home/yohanes/Documents/10academy/week2_2/10ac_city_traffic_data_warehouse_week2/week2_env/lib/python3.8/site-packages/airflow/example_dags/example_branch_labels.py took 0.282 seconds
[2024-05-01T11:54:42.406+0300] {processor.py:161} INFO - Started process (PID=155903) to work on /home/yohanes/Documents/10academy/week2_2/10ac_city_traffic_data_warehouse_week2/week2_env/lib/python3.8/site-packages/airflow/example_dags/example_branch_labels.py
[2024-05-01T11:54:42.431+0300] {processor.py:830} INFO - Processing file /home/yohanes/Documents/10academy/week2_2/10ac_city_traffic_data_warehouse_week2/week2_env/lib/python3.8/site-packages/airflow/example_dags/example_branch_labels.py for tasks to queue
[2024-05-01T11:54:42.433+0300] {logging_mixin.py:188} INFO - [2024-05-01T11:54:42.433+0300] {dagbag.py:540} INFO - Filling up the DagBag from /home/yohanes/Documents/10academy/week2_2/10ac_city_traffic_data_warehouse_week2/week2_env/lib/python3.8/site-packages/airflow/example_dags/example_branch_labels.py
[2024-05-01T11:54:42.444+0300] {processor.py:840} INFO - DAG(s) 'example_branch_labels' retrieved from /home/yohanes/Documents/10academy/week2_2/10ac_city_traffic_data_warehouse_week2/week2_env/lib/python3.8/site-packages/airflow/example_dags/example_branch_labels.py
[2024-05-01T11:54:42.468+0300] {logging_mixin.py:188} INFO - [2024-05-01T11:54:42.467+0300] {dag.py:3096} INFO - Sync 1 DAGs
[2024-05-01T11:54:42.505+0300] {logging_mixin.py:188} INFO - [2024-05-01T11:54:42.505+0300] {dag.py:3954} INFO - Setting next_dagrun for example_branch_labels to 2024-04-30 00:00:00+00:00, run_after=2024-05-01 00:00:00+00:00
[2024-05-01T11:54:42.714+0300] {processor.py:183} INFO - Processing /home/yohanes/Documents/10academy/week2_2/10ac_city_traffic_data_warehouse_week2/week2_env/lib/python3.8/site-packages/airflow/example_dags/example_branch_labels.py took 0.317 seconds
[2024-05-01T11:55:52.260+0300] {processor.py:161} INFO - Started process (PID=156478) to work on /home/yohanes/Documents/10academy/week2_2/10ac_city_traffic_data_warehouse_week2/week2_env/lib/python3.8/site-packages/airflow/example_dags/example_branch_labels.py
[2024-05-01T11:55:52.346+0300] {processor.py:830} INFO - Processing file /home/yohanes/Documents/10academy/week2_2/10ac_city_traffic_data_warehouse_week2/week2_env/lib/python3.8/site-packages/airflow/example_dags/example_branch_labels.py for tasks to queue
[2024-05-01T11:55:52.348+0300] {logging_mixin.py:188} INFO - [2024-05-01T11:55:52.348+0300] {dagbag.py:540} INFO - Filling up the DagBag from /home/yohanes/Documents/10academy/week2_2/10ac_city_traffic_data_warehouse_week2/week2_env/lib/python3.8/site-packages/airflow/example_dags/example_branch_labels.py
[2024-05-01T11:55:52.360+0300] {processor.py:840} INFO - DAG(s) 'example_branch_labels' retrieved from /home/yohanes/Documents/10academy/week2_2/10ac_city_traffic_data_warehouse_week2/week2_env/lib/python3.8/site-packages/airflow/example_dags/example_branch_labels.py
[2024-05-01T11:55:52.383+0300] {logging_mixin.py:188} INFO - [2024-05-01T11:55:52.382+0300] {dag.py:3096} INFO - Sync 1 DAGs
[2024-05-01T11:55:52.413+0300] {logging_mixin.py:188} INFO - [2024-05-01T11:55:52.412+0300] {dag.py:3954} INFO - Setting next_dagrun for example_branch_labels to 2024-04-30 00:00:00+00:00, run_after=2024-05-01 00:00:00+00:00
[2024-05-01T11:55:52.568+0300] {processor.py:183} INFO - Processing /home/yohanes/Documents/10academy/week2_2/10ac_city_traffic_data_warehouse_week2/week2_env/lib/python3.8/site-packages/airflow/example_dags/example_branch_labels.py took 0.319 seconds
[2024-05-01T11:57:00.234+0300] {processor.py:161} INFO - Started process (PID=157036) to work on /home/yohanes/Documents/10academy/week2_2/10ac_city_traffic_data_warehouse_week2/week2_env/lib/python3.8/site-packages/airflow/example_dags/example_branch_labels.py
[2024-05-01T11:57:00.261+0300] {processor.py:830} INFO - Processing file /home/yohanes/Documents/10academy/week2_2/10ac_city_traffic_data_warehouse_week2/week2_env/lib/python3.8/site-packages/airflow/example_dags/example_branch_labels.py for tasks to queue
[2024-05-01T11:57:00.266+0300] {logging_mixin.py:188} INFO - [2024-05-01T11:57:00.265+0300] {dagbag.py:540} INFO - Filling up the DagBag from /home/yohanes/Documents/10academy/week2_2/10ac_city_traffic_data_warehouse_week2/week2_env/lib/python3.8/site-packages/airflow/example_dags/example_branch_labels.py
[2024-05-01T11:57:00.280+0300] {processor.py:840} INFO - DAG(s) 'example_branch_labels' retrieved from /home/yohanes/Documents/10academy/week2_2/10ac_city_traffic_data_warehouse_week2/week2_env/lib/python3.8/site-packages/airflow/example_dags/example_branch_labels.py
[2024-05-01T11:57:00.303+0300] {logging_mixin.py:188} INFO - [2024-05-01T11:57:00.302+0300] {dag.py:3096} INFO - Sync 1 DAGs
[2024-05-01T11:57:00.332+0300] {logging_mixin.py:188} INFO - [2024-05-01T11:57:00.332+0300] {dag.py:3954} INFO - Setting next_dagrun for example_branch_labels to 2024-04-30 00:00:00+00:00, run_after=2024-05-01 00:00:00+00:00
[2024-05-01T11:57:00.467+0300] {processor.py:183} INFO - Processing /home/yohanes/Documents/10academy/week2_2/10ac_city_traffic_data_warehouse_week2/week2_env/lib/python3.8/site-packages/airflow/example_dags/example_branch_labels.py took 0.244 seconds
[2024-05-01T11:58:03.490+0300] {processor.py:161} INFO - Started process (PID=157543) to work on /home/yohanes/Documents/10academy/week2_2/10ac_city_traffic_data_warehouse_week2/week2_env/lib/python3.8/site-packages/airflow/example_dags/example_branch_labels.py
[2024-05-01T11:58:03.509+0300] {processor.py:830} INFO - Processing file /home/yohanes/Documents/10academy/week2_2/10ac_city_traffic_data_warehouse_week2/week2_env/lib/python3.8/site-packages/airflow/example_dags/example_branch_labels.py for tasks to queue
[2024-05-01T11:58:03.512+0300] {logging_mixin.py:188} INFO - [2024-05-01T11:58:03.511+0300] {dagbag.py:540} INFO - Filling up the DagBag from /home/yohanes/Documents/10academy/week2_2/10ac_city_traffic_data_warehouse_week2/week2_env/lib/python3.8/site-packages/airflow/example_dags/example_branch_labels.py
[2024-05-01T11:58:03.525+0300] {processor.py:840} INFO - DAG(s) 'example_branch_labels' retrieved from /home/yohanes/Documents/10academy/week2_2/10ac_city_traffic_data_warehouse_week2/week2_env/lib/python3.8/site-packages/airflow/example_dags/example_branch_labels.py
[2024-05-01T11:58:03.553+0300] {logging_mixin.py:188} INFO - [2024-05-01T11:58:03.553+0300] {dag.py:3096} INFO - Sync 1 DAGs
[2024-05-01T11:58:03.589+0300] {logging_mixin.py:188} INFO - [2024-05-01T11:58:03.589+0300] {dag.py:3954} INFO - Setting next_dagrun for example_branch_labels to 2024-04-30 00:00:00+00:00, run_after=2024-05-01 00:00:00+00:00
[2024-05-01T11:58:03.744+0300] {processor.py:183} INFO - Processing /home/yohanes/Documents/10academy/week2_2/10ac_city_traffic_data_warehouse_week2/week2_env/lib/python3.8/site-packages/airflow/example_dags/example_branch_labels.py took 0.264 seconds
[2024-05-01T11:59:11.360+0300] {processor.py:161} INFO - Started process (PID=158091) to work on /home/yohanes/Documents/10academy/week2_2/10ac_city_traffic_data_warehouse_week2/week2_env/lib/python3.8/site-packages/airflow/example_dags/example_branch_labels.py
[2024-05-01T11:59:11.385+0300] {processor.py:830} INFO - Processing file /home/yohanes/Documents/10academy/week2_2/10ac_city_traffic_data_warehouse_week2/week2_env/lib/python3.8/site-packages/airflow/example_dags/example_branch_labels.py for tasks to queue
[2024-05-01T11:59:11.387+0300] {logging_mixin.py:188} INFO - [2024-05-01T11:59:11.386+0300] {dagbag.py:540} INFO - Filling up the DagBag from /home/yohanes/Documents/10academy/week2_2/10ac_city_traffic_data_warehouse_week2/week2_env/lib/python3.8/site-packages/airflow/example_dags/example_branch_labels.py
[2024-05-01T11:59:11.403+0300] {processor.py:840} INFO - DAG(s) 'example_branch_labels' retrieved from /home/yohanes/Documents/10academy/week2_2/10ac_city_traffic_data_warehouse_week2/week2_env/lib/python3.8/site-packages/airflow/example_dags/example_branch_labels.py
[2024-05-01T11:59:11.427+0300] {logging_mixin.py:188} INFO - [2024-05-01T11:59:11.427+0300] {dag.py:3096} INFO - Sync 1 DAGs
[2024-05-01T11:59:11.458+0300] {logging_mixin.py:188} INFO - [2024-05-01T11:59:11.458+0300] {dag.py:3954} INFO - Setting next_dagrun for example_branch_labels to 2024-04-30 00:00:00+00:00, run_after=2024-05-01 00:00:00+00:00
[2024-05-01T11:59:11.604+0300] {processor.py:183} INFO - Processing /home/yohanes/Documents/10academy/week2_2/10ac_city_traffic_data_warehouse_week2/week2_env/lib/python3.8/site-packages/airflow/example_dags/example_branch_labels.py took 0.253 seconds
[2024-05-01T12:00:19.353+0300] {processor.py:161} INFO - Started process (PID=158643) to work on /home/yohanes/Documents/10academy/week2_2/10ac_city_traffic_data_warehouse_week2/week2_env/lib/python3.8/site-packages/airflow/example_dags/example_branch_labels.py
[2024-05-01T12:00:19.379+0300] {processor.py:830} INFO - Processing file /home/yohanes/Documents/10academy/week2_2/10ac_city_traffic_data_warehouse_week2/week2_env/lib/python3.8/site-packages/airflow/example_dags/example_branch_labels.py for tasks to queue
[2024-05-01T12:00:19.381+0300] {logging_mixin.py:188} INFO - [2024-05-01T12:00:19.380+0300] {dagbag.py:540} INFO - Filling up the DagBag from /home/yohanes/Documents/10academy/week2_2/10ac_city_traffic_data_warehouse_week2/week2_env/lib/python3.8/site-packages/airflow/example_dags/example_branch_labels.py
[2024-05-01T12:00:19.393+0300] {processor.py:840} INFO - DAG(s) 'example_branch_labels' retrieved from /home/yohanes/Documents/10academy/week2_2/10ac_city_traffic_data_warehouse_week2/week2_env/lib/python3.8/site-packages/airflow/example_dags/example_branch_labels.py
[2024-05-01T12:00:19.415+0300] {logging_mixin.py:188} INFO - [2024-05-01T12:00:19.415+0300] {dag.py:3096} INFO - Sync 1 DAGs
[2024-05-01T12:00:19.445+0300] {logging_mixin.py:188} INFO - [2024-05-01T12:00:19.445+0300] {dag.py:3954} INFO - Setting next_dagrun for example_branch_labels to 2024-04-30 00:00:00+00:00, run_after=2024-05-01 00:00:00+00:00
[2024-05-01T12:00:19.590+0300] {processor.py:183} INFO - Processing /home/yohanes/Documents/10academy/week2_2/10ac_city_traffic_data_warehouse_week2/week2_env/lib/python3.8/site-packages/airflow/example_dags/example_branch_labels.py took 0.250 seconds
[2024-05-01T12:01:26.921+0300] {processor.py:161} INFO - Started process (PID=159209) to work on /home/yohanes/Documents/10academy/week2_2/10ac_city_traffic_data_warehouse_week2/week2_env/lib/python3.8/site-packages/airflow/example_dags/example_branch_labels.py
[2024-05-01T12:01:26.931+0300] {processor.py:830} INFO - Processing file /home/yohanes/Documents/10academy/week2_2/10ac_city_traffic_data_warehouse_week2/week2_env/lib/python3.8/site-packages/airflow/example_dags/example_branch_labels.py for tasks to queue
[2024-05-01T12:01:26.933+0300] {logging_mixin.py:188} INFO - [2024-05-01T12:01:26.932+0300] {dagbag.py:540} INFO - Filling up the DagBag from /home/yohanes/Documents/10academy/week2_2/10ac_city_traffic_data_warehouse_week2/week2_env/lib/python3.8/site-packages/airflow/example_dags/example_branch_labels.py
[2024-05-01T12:01:26.946+0300] {processor.py:840} INFO - DAG(s) 'example_branch_labels' retrieved from /home/yohanes/Documents/10academy/week2_2/10ac_city_traffic_data_warehouse_week2/week2_env/lib/python3.8/site-packages/airflow/example_dags/example_branch_labels.py
[2024-05-01T12:01:26.968+0300] {logging_mixin.py:188} INFO - [2024-05-01T12:01:26.968+0300] {dag.py:3096} INFO - Sync 1 DAGs
[2024-05-01T12:01:27.001+0300] {logging_mixin.py:188} INFO - [2024-05-01T12:01:27.000+0300] {dag.py:3954} INFO - Setting next_dagrun for example_branch_labels to 2024-04-30 00:00:00+00:00, run_after=2024-05-01 00:00:00+00:00
[2024-05-01T12:01:27.132+0300] {processor.py:183} INFO - Processing /home/yohanes/Documents/10academy/week2_2/10ac_city_traffic_data_warehouse_week2/week2_env/lib/python3.8/site-packages/airflow/example_dags/example_branch_labels.py took 0.220 seconds
[2024-05-01T12:02:29.973+0300] {processor.py:161} INFO - Started process (PID=159690) to work on /home/yohanes/Documents/10academy/week2_2/10ac_city_traffic_data_warehouse_week2/week2_env/lib/python3.8/site-packages/airflow/example_dags/example_branch_labels.py
[2024-05-01T12:02:30.004+0300] {processor.py:830} INFO - Processing file /home/yohanes/Documents/10academy/week2_2/10ac_city_traffic_data_warehouse_week2/week2_env/lib/python3.8/site-packages/airflow/example_dags/example_branch_labels.py for tasks to queue
[2024-05-01T12:02:30.006+0300] {logging_mixin.py:188} INFO - [2024-05-01T12:02:30.006+0300] {dagbag.py:540} INFO - Filling up the DagBag from /home/yohanes/Documents/10academy/week2_2/10ac_city_traffic_data_warehouse_week2/week2_env/lib/python3.8/site-packages/airflow/example_dags/example_branch_labels.py
[2024-05-01T12:02:30.018+0300] {processor.py:840} INFO - DAG(s) 'example_branch_labels' retrieved from /home/yohanes/Documents/10academy/week2_2/10ac_city_traffic_data_warehouse_week2/week2_env/lib/python3.8/site-packages/airflow/example_dags/example_branch_labels.py
[2024-05-01T12:02:30.040+0300] {logging_mixin.py:188} INFO - [2024-05-01T12:02:30.040+0300] {dag.py:3096} INFO - Sync 1 DAGs
[2024-05-01T12:02:30.072+0300] {logging_mixin.py:188} INFO - [2024-05-01T12:02:30.072+0300] {dag.py:3954} INFO - Setting next_dagrun for example_branch_labels to 2024-04-30 00:00:00+00:00, run_after=2024-05-01 00:00:00+00:00
[2024-05-01T12:02:30.206+0300] {processor.py:183} INFO - Processing /home/yohanes/Documents/10academy/week2_2/10ac_city_traffic_data_warehouse_week2/week2_env/lib/python3.8/site-packages/airflow/example_dags/example_branch_labels.py took 0.243 seconds
[2024-05-01T12:03:39.575+0300] {processor.py:161} INFO - Started process (PID=160245) to work on /home/yohanes/Documents/10academy/week2_2/10ac_city_traffic_data_warehouse_week2/week2_env/lib/python3.8/site-packages/airflow/example_dags/example_branch_labels.py
[2024-05-01T12:03:39.597+0300] {processor.py:830} INFO - Processing file /home/yohanes/Documents/10academy/week2_2/10ac_city_traffic_data_warehouse_week2/week2_env/lib/python3.8/site-packages/airflow/example_dags/example_branch_labels.py for tasks to queue
[2024-05-01T12:03:39.600+0300] {logging_mixin.py:188} INFO - [2024-05-01T12:03:39.599+0300] {dagbag.py:540} INFO - Filling up the DagBag from /home/yohanes/Documents/10academy/week2_2/10ac_city_traffic_data_warehouse_week2/week2_env/lib/python3.8/site-packages/airflow/example_dags/example_branch_labels.py
[2024-05-01T12:03:39.613+0300] {processor.py:840} INFO - DAG(s) 'example_branch_labels' retrieved from /home/yohanes/Documents/10academy/week2_2/10ac_city_traffic_data_warehouse_week2/week2_env/lib/python3.8/site-packages/airflow/example_dags/example_branch_labels.py
[2024-05-01T12:03:39.637+0300] {logging_mixin.py:188} INFO - [2024-05-01T12:03:39.636+0300] {dag.py:3096} INFO - Sync 1 DAGs
[2024-05-01T12:03:39.668+0300] {logging_mixin.py:188} INFO - [2024-05-01T12:03:39.668+0300] {dag.py:3954} INFO - Setting next_dagrun for example_branch_labels to 2024-04-30 00:00:00+00:00, run_after=2024-05-01 00:00:00+00:00
[2024-05-01T12:03:39.800+0300] {processor.py:183} INFO - Processing /home/yohanes/Documents/10academy/week2_2/10ac_city_traffic_data_warehouse_week2/week2_env/lib/python3.8/site-packages/airflow/example_dags/example_branch_labels.py took 0.236 seconds
[2024-05-01T12:04:52.537+0300] {processor.py:161} INFO - Started process (PID=160837) to work on /home/yohanes/Documents/10academy/week2_2/10ac_city_traffic_data_warehouse_week2/week2_env/lib/python3.8/site-packages/airflow/example_dags/example_branch_labels.py
[2024-05-01T12:04:52.582+0300] {processor.py:830} INFO - Processing file /home/yohanes/Documents/10academy/week2_2/10ac_city_traffic_data_warehouse_week2/week2_env/lib/python3.8/site-packages/airflow/example_dags/example_branch_labels.py for tasks to queue
[2024-05-01T12:04:52.585+0300] {logging_mixin.py:188} INFO - [2024-05-01T12:04:52.585+0300] {dagbag.py:540} INFO - Filling up the DagBag from /home/yohanes/Documents/10academy/week2_2/10ac_city_traffic_data_warehouse_week2/week2_env/lib/python3.8/site-packages/airflow/example_dags/example_branch_labels.py
[2024-05-01T12:04:52.597+0300] {processor.py:840} INFO - DAG(s) 'example_branch_labels' retrieved from /home/yohanes/Documents/10academy/week2_2/10ac_city_traffic_data_warehouse_week2/week2_env/lib/python3.8/site-packages/airflow/example_dags/example_branch_labels.py
[2024-05-01T12:04:52.621+0300] {logging_mixin.py:188} INFO - [2024-05-01T12:04:52.621+0300] {dag.py:3096} INFO - Sync 1 DAGs
[2024-05-01T12:04:52.657+0300] {logging_mixin.py:188} INFO - [2024-05-01T12:04:52.657+0300] {dag.py:3954} INFO - Setting next_dagrun for example_branch_labels to 2024-04-30 00:00:00+00:00, run_after=2024-05-01 00:00:00+00:00
[2024-05-01T12:04:52.801+0300] {processor.py:183} INFO - Processing /home/yohanes/Documents/10academy/week2_2/10ac_city_traffic_data_warehouse_week2/week2_env/lib/python3.8/site-packages/airflow/example_dags/example_branch_labels.py took 0.275 seconds
[2024-05-01T12:06:02.677+0300] {processor.py:161} INFO - Started process (PID=161537) to work on /home/yohanes/Documents/10academy/week2_2/10ac_city_traffic_data_warehouse_week2/week2_env/lib/python3.8/site-packages/airflow/example_dags/example_branch_labels.py
[2024-05-01T12:06:02.705+0300] {processor.py:830} INFO - Processing file /home/yohanes/Documents/10academy/week2_2/10ac_city_traffic_data_warehouse_week2/week2_env/lib/python3.8/site-packages/airflow/example_dags/example_branch_labels.py for tasks to queue
[2024-05-01T12:06:02.708+0300] {logging_mixin.py:188} INFO - [2024-05-01T12:06:02.707+0300] {dagbag.py:540} INFO - Filling up the DagBag from /home/yohanes/Documents/10academy/week2_2/10ac_city_traffic_data_warehouse_week2/week2_env/lib/python3.8/site-packages/airflow/example_dags/example_branch_labels.py
[2024-05-01T12:06:02.721+0300] {processor.py:840} INFO - DAG(s) 'example_branch_labels' retrieved from /home/yohanes/Documents/10academy/week2_2/10ac_city_traffic_data_warehouse_week2/week2_env/lib/python3.8/site-packages/airflow/example_dags/example_branch_labels.py
[2024-05-01T12:06:02.744+0300] {logging_mixin.py:188} INFO - [2024-05-01T12:06:02.743+0300] {dag.py:3096} INFO - Sync 1 DAGs
[2024-05-01T12:06:02.776+0300] {logging_mixin.py:188} INFO - [2024-05-01T12:06:02.776+0300] {dag.py:3954} INFO - Setting next_dagrun for example_branch_labels to 2024-04-30 00:00:00+00:00, run_after=2024-05-01 00:00:00+00:00
[2024-05-01T12:06:03.121+0300] {processor.py:183} INFO - Processing /home/yohanes/Documents/10academy/week2_2/10ac_city_traffic_data_warehouse_week2/week2_env/lib/python3.8/site-packages/airflow/example_dags/example_branch_labels.py took 0.454 seconds
[2024-05-01T12:07:20.454+0300] {processor.py:161} INFO - Started process (PID=162261) to work on /home/yohanes/Documents/10academy/week2_2/10ac_city_traffic_data_warehouse_week2/week2_env/lib/python3.8/site-packages/airflow/example_dags/example_branch_labels.py
[2024-05-01T12:07:20.479+0300] {processor.py:830} INFO - Processing file /home/yohanes/Documents/10academy/week2_2/10ac_city_traffic_data_warehouse_week2/week2_env/lib/python3.8/site-packages/airflow/example_dags/example_branch_labels.py for tasks to queue
[2024-05-01T12:07:20.482+0300] {logging_mixin.py:188} INFO - [2024-05-01T12:07:20.481+0300] {dagbag.py:540} INFO - Filling up the DagBag from /home/yohanes/Documents/10academy/week2_2/10ac_city_traffic_data_warehouse_week2/week2_env/lib/python3.8/site-packages/airflow/example_dags/example_branch_labels.py
[2024-05-01T12:07:20.495+0300] {processor.py:840} INFO - DAG(s) 'example_branch_labels' retrieved from /home/yohanes/Documents/10academy/week2_2/10ac_city_traffic_data_warehouse_week2/week2_env/lib/python3.8/site-packages/airflow/example_dags/example_branch_labels.py
[2024-05-01T12:07:20.657+0300] {logging_mixin.py:188} INFO - [2024-05-01T12:07:20.656+0300] {dag.py:3096} INFO - Sync 1 DAGs
[2024-05-01T12:07:20.685+0300] {logging_mixin.py:188} INFO - [2024-05-01T12:07:20.685+0300] {dag.py:3954} INFO - Setting next_dagrun for example_branch_labels to 2024-04-30 00:00:00+00:00, run_after=2024-05-01 00:00:00+00:00
[2024-05-01T12:07:21.153+0300] {processor.py:183} INFO - Processing /home/yohanes/Documents/10academy/week2_2/10ac_city_traffic_data_warehouse_week2/week2_env/lib/python3.8/site-packages/airflow/example_dags/example_branch_labels.py took 0.713 seconds
[2024-05-01T12:09:00.952+0300] {processor.py:161} INFO - Started process (PID=163140) to work on /home/yohanes/Documents/10academy/week2_2/10ac_city_traffic_data_warehouse_week2/week2_env/lib/python3.8/site-packages/airflow/example_dags/example_branch_labels.py
[2024-05-01T12:09:01.038+0300] {processor.py:830} INFO - Processing file /home/yohanes/Documents/10academy/week2_2/10ac_city_traffic_data_warehouse_week2/week2_env/lib/python3.8/site-packages/airflow/example_dags/example_branch_labels.py for tasks to queue
[2024-05-01T12:09:01.042+0300] {logging_mixin.py:188} INFO - [2024-05-01T12:09:01.041+0300] {dagbag.py:540} INFO - Filling up the DagBag from /home/yohanes/Documents/10academy/week2_2/10ac_city_traffic_data_warehouse_week2/week2_env/lib/python3.8/site-packages/airflow/example_dags/example_branch_labels.py
[2024-05-01T12:09:01.058+0300] {processor.py:840} INFO - DAG(s) 'example_branch_labels' retrieved from /home/yohanes/Documents/10academy/week2_2/10ac_city_traffic_data_warehouse_week2/week2_env/lib/python3.8/site-packages/airflow/example_dags/example_branch_labels.py
[2024-05-01T12:09:01.083+0300] {logging_mixin.py:188} INFO - [2024-05-01T12:09:01.082+0300] {dag.py:3096} INFO - Sync 1 DAGs
[2024-05-01T12:09:01.116+0300] {logging_mixin.py:188} INFO - [2024-05-01T12:09:01.116+0300] {dag.py:3954} INFO - Setting next_dagrun for example_branch_labels to 2024-04-30 00:00:00+00:00, run_after=2024-05-01 00:00:00+00:00
[2024-05-01T12:09:01.253+0300] {processor.py:183} INFO - Processing /home/yohanes/Documents/10academy/week2_2/10ac_city_traffic_data_warehouse_week2/week2_env/lib/python3.8/site-packages/airflow/example_dags/example_branch_labels.py took 0.311 seconds
[2024-05-01T12:10:10.618+0300] {processor.py:161} INFO - Started process (PID=163714) to work on /home/yohanes/Documents/10academy/week2_2/10ac_city_traffic_data_warehouse_week2/week2_env/lib/python3.8/site-packages/airflow/example_dags/example_branch_labels.py
[2024-05-01T12:10:10.689+0300] {processor.py:830} INFO - Processing file /home/yohanes/Documents/10academy/week2_2/10ac_city_traffic_data_warehouse_week2/week2_env/lib/python3.8/site-packages/airflow/example_dags/example_branch_labels.py for tasks to queue
[2024-05-01T12:10:10.691+0300] {logging_mixin.py:188} INFO - [2024-05-01T12:10:10.691+0300] {dagbag.py:540} INFO - Filling up the DagBag from /home/yohanes/Documents/10academy/week2_2/10ac_city_traffic_data_warehouse_week2/week2_env/lib/python3.8/site-packages/airflow/example_dags/example_branch_labels.py
[2024-05-01T12:10:10.703+0300] {processor.py:840} INFO - DAG(s) 'example_branch_labels' retrieved from /home/yohanes/Documents/10academy/week2_2/10ac_city_traffic_data_warehouse_week2/week2_env/lib/python3.8/site-packages/airflow/example_dags/example_branch_labels.py
[2024-05-01T12:10:10.725+0300] {logging_mixin.py:188} INFO - [2024-05-01T12:10:10.725+0300] {dag.py:3096} INFO - Sync 1 DAGs
[2024-05-01T12:10:10.755+0300] {logging_mixin.py:188} INFO - [2024-05-01T12:10:10.755+0300] {dag.py:3954} INFO - Setting next_dagrun for example_branch_labels to 2024-04-30 00:00:00+00:00, run_after=2024-05-01 00:00:00+00:00
[2024-05-01T12:10:10.887+0300] {processor.py:183} INFO - Processing /home/yohanes/Documents/10academy/week2_2/10ac_city_traffic_data_warehouse_week2/week2_env/lib/python3.8/site-packages/airflow/example_dags/example_branch_labels.py took 0.278 seconds
[2024-05-01T12:11:21.531+0300] {processor.py:161} INFO - Started process (PID=164328) to work on /home/yohanes/Documents/10academy/week2_2/10ac_city_traffic_data_warehouse_week2/week2_env/lib/python3.8/site-packages/airflow/example_dags/example_branch_labels.py
[2024-05-01T12:11:21.617+0300] {processor.py:830} INFO - Processing file /home/yohanes/Documents/10academy/week2_2/10ac_city_traffic_data_warehouse_week2/week2_env/lib/python3.8/site-packages/airflow/example_dags/example_branch_labels.py for tasks to queue
[2024-05-01T12:11:21.622+0300] {logging_mixin.py:188} INFO - [2024-05-01T12:11:21.621+0300] {dagbag.py:540} INFO - Filling up the DagBag from /home/yohanes/Documents/10academy/week2_2/10ac_city_traffic_data_warehouse_week2/week2_env/lib/python3.8/site-packages/airflow/example_dags/example_branch_labels.py
[2024-05-01T12:11:21.637+0300] {processor.py:840} INFO - DAG(s) 'example_branch_labels' retrieved from /home/yohanes/Documents/10academy/week2_2/10ac_city_traffic_data_warehouse_week2/week2_env/lib/python3.8/site-packages/airflow/example_dags/example_branch_labels.py
[2024-05-01T12:11:21.663+0300] {logging_mixin.py:188} INFO - [2024-05-01T12:11:21.662+0300] {dag.py:3096} INFO - Sync 1 DAGs
[2024-05-01T12:11:21.693+0300] {logging_mixin.py:188} INFO - [2024-05-01T12:11:21.693+0300] {dag.py:3954} INFO - Setting next_dagrun for example_branch_labels to 2024-04-30 00:00:00+00:00, run_after=2024-05-01 00:00:00+00:00
[2024-05-01T12:11:21.820+0300] {processor.py:183} INFO - Processing /home/yohanes/Documents/10academy/week2_2/10ac_city_traffic_data_warehouse_week2/week2_env/lib/python3.8/site-packages/airflow/example_dags/example_branch_labels.py took 0.300 seconds
[2024-05-01T12:12:32.664+0300] {processor.py:161} INFO - Started process (PID=164888) to work on /home/yohanes/Documents/10academy/week2_2/10ac_city_traffic_data_warehouse_week2/week2_env/lib/python3.8/site-packages/airflow/example_dags/example_branch_labels.py
[2024-05-01T12:12:32.686+0300] {processor.py:830} INFO - Processing file /home/yohanes/Documents/10academy/week2_2/10ac_city_traffic_data_warehouse_week2/week2_env/lib/python3.8/site-packages/airflow/example_dags/example_branch_labels.py for tasks to queue
[2024-05-01T12:12:32.688+0300] {logging_mixin.py:188} INFO - [2024-05-01T12:12:32.688+0300] {dagbag.py:540} INFO - Filling up the DagBag from /home/yohanes/Documents/10academy/week2_2/10ac_city_traffic_data_warehouse_week2/week2_env/lib/python3.8/site-packages/airflow/example_dags/example_branch_labels.py
[2024-05-01T12:12:32.701+0300] {processor.py:840} INFO - DAG(s) 'example_branch_labels' retrieved from /home/yohanes/Documents/10academy/week2_2/10ac_city_traffic_data_warehouse_week2/week2_env/lib/python3.8/site-packages/airflow/example_dags/example_branch_labels.py
[2024-05-01T12:12:32.727+0300] {logging_mixin.py:188} INFO - [2024-05-01T12:12:32.727+0300] {dag.py:3096} INFO - Sync 1 DAGs
[2024-05-01T12:12:32.757+0300] {logging_mixin.py:188} INFO - [2024-05-01T12:12:32.757+0300] {dag.py:3954} INFO - Setting next_dagrun for example_branch_labels to 2024-04-30 00:00:00+00:00, run_after=2024-05-01 00:00:00+00:00
[2024-05-01T12:12:32.880+0300] {processor.py:183} INFO - Processing /home/yohanes/Documents/10academy/week2_2/10ac_city_traffic_data_warehouse_week2/week2_env/lib/python3.8/site-packages/airflow/example_dags/example_branch_labels.py took 0.225 seconds
[2024-05-01T12:13:40.062+0300] {processor.py:161} INFO - Started process (PID=165417) to work on /home/yohanes/Documents/10academy/week2_2/10ac_city_traffic_data_warehouse_week2/week2_env/lib/python3.8/site-packages/airflow/example_dags/example_branch_labels.py
[2024-05-01T12:13:40.081+0300] {processor.py:830} INFO - Processing file /home/yohanes/Documents/10academy/week2_2/10ac_city_traffic_data_warehouse_week2/week2_env/lib/python3.8/site-packages/airflow/example_dags/example_branch_labels.py for tasks to queue
[2024-05-01T12:13:40.083+0300] {logging_mixin.py:188} INFO - [2024-05-01T12:13:40.082+0300] {dagbag.py:540} INFO - Filling up the DagBag from /home/yohanes/Documents/10academy/week2_2/10ac_city_traffic_data_warehouse_week2/week2_env/lib/python3.8/site-packages/airflow/example_dags/example_branch_labels.py
[2024-05-01T12:13:40.095+0300] {processor.py:840} INFO - DAG(s) 'example_branch_labels' retrieved from /home/yohanes/Documents/10academy/week2_2/10ac_city_traffic_data_warehouse_week2/week2_env/lib/python3.8/site-packages/airflow/example_dags/example_branch_labels.py
[2024-05-01T12:13:40.121+0300] {logging_mixin.py:188} INFO - [2024-05-01T12:13:40.120+0300] {dag.py:3096} INFO - Sync 1 DAGs
[2024-05-01T12:13:40.151+0300] {logging_mixin.py:188} INFO - [2024-05-01T12:13:40.150+0300] {dag.py:3954} INFO - Setting next_dagrun for example_branch_labels to 2024-04-30 00:00:00+00:00, run_after=2024-05-01 00:00:00+00:00
[2024-05-01T12:13:40.291+0300] {processor.py:183} INFO - Processing /home/yohanes/Documents/10academy/week2_2/10ac_city_traffic_data_warehouse_week2/week2_env/lib/python3.8/site-packages/airflow/example_dags/example_branch_labels.py took 0.242 seconds
[2024-05-01T12:14:56.817+0300] {processor.py:161} INFO - Started process (PID=166029) to work on /home/yohanes/Documents/10academy/week2_2/10ac_city_traffic_data_warehouse_week2/week2_env/lib/python3.8/site-packages/airflow/example_dags/example_branch_labels.py
[2024-05-01T12:14:56.892+0300] {processor.py:830} INFO - Processing file /home/yohanes/Documents/10academy/week2_2/10ac_city_traffic_data_warehouse_week2/week2_env/lib/python3.8/site-packages/airflow/example_dags/example_branch_labels.py for tasks to queue
[2024-05-01T12:14:56.895+0300] {logging_mixin.py:188} INFO - [2024-05-01T12:14:56.895+0300] {dagbag.py:540} INFO - Filling up the DagBag from /home/yohanes/Documents/10academy/week2_2/10ac_city_traffic_data_warehouse_week2/week2_env/lib/python3.8/site-packages/airflow/example_dags/example_branch_labels.py
[2024-05-01T12:14:56.906+0300] {processor.py:840} INFO - DAG(s) 'example_branch_labels' retrieved from /home/yohanes/Documents/10academy/week2_2/10ac_city_traffic_data_warehouse_week2/week2_env/lib/python3.8/site-packages/airflow/example_dags/example_branch_labels.py
[2024-05-01T12:14:56.929+0300] {logging_mixin.py:188} INFO - [2024-05-01T12:14:56.929+0300] {dag.py:3096} INFO - Sync 1 DAGs
[2024-05-01T12:14:56.958+0300] {logging_mixin.py:188} INFO - [2024-05-01T12:14:56.958+0300] {dag.py:3954} INFO - Setting next_dagrun for example_branch_labels to 2024-04-30 00:00:00+00:00, run_after=2024-05-01 00:00:00+00:00
[2024-05-01T12:14:57.839+0300] {processor.py:183} INFO - Processing /home/yohanes/Documents/10academy/week2_2/10ac_city_traffic_data_warehouse_week2/week2_env/lib/python3.8/site-packages/airflow/example_dags/example_branch_labels.py took 1.032 seconds
[2024-05-01T12:16:33.387+0300] {processor.py:161} INFO - Started process (PID=166820) to work on /home/yohanes/Documents/10academy/week2_2/10ac_city_traffic_data_warehouse_week2/week2_env/lib/python3.8/site-packages/airflow/example_dags/example_branch_labels.py
[2024-05-01T12:16:33.411+0300] {processor.py:830} INFO - Processing file /home/yohanes/Documents/10academy/week2_2/10ac_city_traffic_data_warehouse_week2/week2_env/lib/python3.8/site-packages/airflow/example_dags/example_branch_labels.py for tasks to queue
[2024-05-01T12:16:33.413+0300] {logging_mixin.py:188} INFO - [2024-05-01T12:16:33.413+0300] {dagbag.py:540} INFO - Filling up the DagBag from /home/yohanes/Documents/10academy/week2_2/10ac_city_traffic_data_warehouse_week2/week2_env/lib/python3.8/site-packages/airflow/example_dags/example_branch_labels.py
[2024-05-01T12:16:33.425+0300] {processor.py:840} INFO - DAG(s) 'example_branch_labels' retrieved from /home/yohanes/Documents/10academy/week2_2/10ac_city_traffic_data_warehouse_week2/week2_env/lib/python3.8/site-packages/airflow/example_dags/example_branch_labels.py
[2024-05-01T12:16:33.447+0300] {logging_mixin.py:188} INFO - [2024-05-01T12:16:33.446+0300] {dag.py:3096} INFO - Sync 1 DAGs
[2024-05-01T12:16:33.477+0300] {logging_mixin.py:188} INFO - [2024-05-01T12:16:33.476+0300] {dag.py:3954} INFO - Setting next_dagrun for example_branch_labels to 2024-04-30 00:00:00+00:00, run_after=2024-05-01 00:00:00+00:00
[2024-05-01T12:16:33.612+0300] {processor.py:183} INFO - Processing /home/yohanes/Documents/10academy/week2_2/10ac_city_traffic_data_warehouse_week2/week2_env/lib/python3.8/site-packages/airflow/example_dags/example_branch_labels.py took 0.234 seconds
[2024-05-01T12:17:43.503+0300] {processor.py:161} INFO - Started process (PID=167372) to work on /home/yohanes/Documents/10academy/week2_2/10ac_city_traffic_data_warehouse_week2/week2_env/lib/python3.8/site-packages/airflow/example_dags/example_branch_labels.py
[2024-05-01T12:17:43.516+0300] {processor.py:830} INFO - Processing file /home/yohanes/Documents/10academy/week2_2/10ac_city_traffic_data_warehouse_week2/week2_env/lib/python3.8/site-packages/airflow/example_dags/example_branch_labels.py for tasks to queue
[2024-05-01T12:17:43.519+0300] {logging_mixin.py:188} INFO - [2024-05-01T12:17:43.518+0300] {dagbag.py:540} INFO - Filling up the DagBag from /home/yohanes/Documents/10academy/week2_2/10ac_city_traffic_data_warehouse_week2/week2_env/lib/python3.8/site-packages/airflow/example_dags/example_branch_labels.py
[2024-05-01T12:17:43.532+0300] {processor.py:840} INFO - DAG(s) 'example_branch_labels' retrieved from /home/yohanes/Documents/10academy/week2_2/10ac_city_traffic_data_warehouse_week2/week2_env/lib/python3.8/site-packages/airflow/example_dags/example_branch_labels.py
[2024-05-01T12:17:43.556+0300] {logging_mixin.py:188} INFO - [2024-05-01T12:17:43.555+0300] {dag.py:3096} INFO - Sync 1 DAGs
[2024-05-01T12:17:43.587+0300] {logging_mixin.py:188} INFO - [2024-05-01T12:17:43.586+0300] {dag.py:3954} INFO - Setting next_dagrun for example_branch_labels to 2024-04-30 00:00:00+00:00, run_after=2024-05-01 00:00:00+00:00
[2024-05-01T12:17:43.730+0300] {processor.py:183} INFO - Processing /home/yohanes/Documents/10academy/week2_2/10ac_city_traffic_data_warehouse_week2/week2_env/lib/python3.8/site-packages/airflow/example_dags/example_branch_labels.py took 0.238 seconds
[2024-05-01T12:18:52.230+0300] {processor.py:161} INFO - Started process (PID=167938) to work on /home/yohanes/Documents/10academy/week2_2/10ac_city_traffic_data_warehouse_week2/week2_env/lib/python3.8/site-packages/airflow/example_dags/example_branch_labels.py
[2024-05-01T12:18:52.248+0300] {processor.py:830} INFO - Processing file /home/yohanes/Documents/10academy/week2_2/10ac_city_traffic_data_warehouse_week2/week2_env/lib/python3.8/site-packages/airflow/example_dags/example_branch_labels.py for tasks to queue
[2024-05-01T12:18:52.250+0300] {logging_mixin.py:188} INFO - [2024-05-01T12:18:52.250+0300] {dagbag.py:540} INFO - Filling up the DagBag from /home/yohanes/Documents/10academy/week2_2/10ac_city_traffic_data_warehouse_week2/week2_env/lib/python3.8/site-packages/airflow/example_dags/example_branch_labels.py
[2024-05-01T12:18:52.261+0300] {processor.py:840} INFO - DAG(s) 'example_branch_labels' retrieved from /home/yohanes/Documents/10academy/week2_2/10ac_city_traffic_data_warehouse_week2/week2_env/lib/python3.8/site-packages/airflow/example_dags/example_branch_labels.py
[2024-05-01T12:18:52.284+0300] {logging_mixin.py:188} INFO - [2024-05-01T12:18:52.284+0300] {dag.py:3096} INFO - Sync 1 DAGs
[2024-05-01T12:18:52.318+0300] {logging_mixin.py:188} INFO - [2024-05-01T12:18:52.317+0300] {dag.py:3954} INFO - Setting next_dagrun for example_branch_labels to 2024-04-30 00:00:00+00:00, run_after=2024-05-01 00:00:00+00:00
[2024-05-01T12:18:52.476+0300] {processor.py:183} INFO - Processing /home/yohanes/Documents/10academy/week2_2/10ac_city_traffic_data_warehouse_week2/week2_env/lib/python3.8/site-packages/airflow/example_dags/example_branch_labels.py took 0.256 seconds
[2024-05-01T12:20:00.600+0300] {processor.py:161} INFO - Started process (PID=168487) to work on /home/yohanes/Documents/10academy/week2_2/10ac_city_traffic_data_warehouse_week2/week2_env/lib/python3.8/site-packages/airflow/example_dags/example_branch_labels.py
[2024-05-01T12:20:00.609+0300] {processor.py:830} INFO - Processing file /home/yohanes/Documents/10academy/week2_2/10ac_city_traffic_data_warehouse_week2/week2_env/lib/python3.8/site-packages/airflow/example_dags/example_branch_labels.py for tasks to queue
[2024-05-01T12:20:00.611+0300] {logging_mixin.py:188} INFO - [2024-05-01T12:20:00.610+0300] {dagbag.py:540} INFO - Filling up the DagBag from /home/yohanes/Documents/10academy/week2_2/10ac_city_traffic_data_warehouse_week2/week2_env/lib/python3.8/site-packages/airflow/example_dags/example_branch_labels.py
[2024-05-01T12:20:00.624+0300] {processor.py:840} INFO - DAG(s) 'example_branch_labels' retrieved from /home/yohanes/Documents/10academy/week2_2/10ac_city_traffic_data_warehouse_week2/week2_env/lib/python3.8/site-packages/airflow/example_dags/example_branch_labels.py
[2024-05-01T12:20:00.647+0300] {logging_mixin.py:188} INFO - [2024-05-01T12:20:00.646+0300] {dag.py:3096} INFO - Sync 1 DAGs
[2024-05-01T12:20:00.686+0300] {logging_mixin.py:188} INFO - [2024-05-01T12:20:00.685+0300] {dag.py:3954} INFO - Setting next_dagrun for example_branch_labels to 2024-04-30 00:00:00+00:00, run_after=2024-05-01 00:00:00+00:00
[2024-05-01T12:20:00.828+0300] {processor.py:183} INFO - Processing /home/yohanes/Documents/10academy/week2_2/10ac_city_traffic_data_warehouse_week2/week2_env/lib/python3.8/site-packages/airflow/example_dags/example_branch_labels.py took 0.237 seconds
[2024-05-01T12:21:12.579+0300] {processor.py:161} INFO - Started process (PID=169096) to work on /home/yohanes/Documents/10academy/week2_2/10ac_city_traffic_data_warehouse_week2/week2_env/lib/python3.8/site-packages/airflow/example_dags/example_branch_labels.py
[2024-05-01T12:21:12.595+0300] {processor.py:830} INFO - Processing file /home/yohanes/Documents/10academy/week2_2/10ac_city_traffic_data_warehouse_week2/week2_env/lib/python3.8/site-packages/airflow/example_dags/example_branch_labels.py for tasks to queue
[2024-05-01T12:21:12.598+0300] {logging_mixin.py:188} INFO - [2024-05-01T12:21:12.598+0300] {dagbag.py:540} INFO - Filling up the DagBag from /home/yohanes/Documents/10academy/week2_2/10ac_city_traffic_data_warehouse_week2/week2_env/lib/python3.8/site-packages/airflow/example_dags/example_branch_labels.py
[2024-05-01T12:21:12.616+0300] {processor.py:840} INFO - DAG(s) 'example_branch_labels' retrieved from /home/yohanes/Documents/10academy/week2_2/10ac_city_traffic_data_warehouse_week2/week2_env/lib/python3.8/site-packages/airflow/example_dags/example_branch_labels.py
[2024-05-01T12:21:12.648+0300] {logging_mixin.py:188} INFO - [2024-05-01T12:21:12.648+0300] {dag.py:3096} INFO - Sync 1 DAGs
[2024-05-01T12:21:12.691+0300] {logging_mixin.py:188} INFO - [2024-05-01T12:21:12.690+0300] {dag.py:3954} INFO - Setting next_dagrun for example_branch_labels to 2024-04-30 00:00:00+00:00, run_after=2024-05-01 00:00:00+00:00
[2024-05-01T12:21:12.837+0300] {processor.py:183} INFO - Processing /home/yohanes/Documents/10academy/week2_2/10ac_city_traffic_data_warehouse_week2/week2_env/lib/python3.8/site-packages/airflow/example_dags/example_branch_labels.py took 0.271 seconds
[2024-05-01T12:22:39.711+0300] {processor.py:161} INFO - Started process (PID=169867) to work on /home/yohanes/Documents/10academy/week2_2/10ac_city_traffic_data_warehouse_week2/week2_env/lib/python3.8/site-packages/airflow/example_dags/example_branch_labels.py
[2024-05-01T12:22:39.735+0300] {processor.py:830} INFO - Processing file /home/yohanes/Documents/10academy/week2_2/10ac_city_traffic_data_warehouse_week2/week2_env/lib/python3.8/site-packages/airflow/example_dags/example_branch_labels.py for tasks to queue
[2024-05-01T12:22:39.738+0300] {logging_mixin.py:188} INFO - [2024-05-01T12:22:39.737+0300] {dagbag.py:540} INFO - Filling up the DagBag from /home/yohanes/Documents/10academy/week2_2/10ac_city_traffic_data_warehouse_week2/week2_env/lib/python3.8/site-packages/airflow/example_dags/example_branch_labels.py
[2024-05-01T12:22:39.748+0300] {processor.py:840} INFO - DAG(s) 'example_branch_labels' retrieved from /home/yohanes/Documents/10academy/week2_2/10ac_city_traffic_data_warehouse_week2/week2_env/lib/python3.8/site-packages/airflow/example_dags/example_branch_labels.py
[2024-05-01T12:22:39.776+0300] {logging_mixin.py:188} INFO - [2024-05-01T12:22:39.775+0300] {dag.py:3096} INFO - Sync 1 DAGs
[2024-05-01T12:22:39.808+0300] {logging_mixin.py:188} INFO - [2024-05-01T12:22:39.807+0300] {dag.py:3954} INFO - Setting next_dagrun for example_branch_labels to 2024-04-30 00:00:00+00:00, run_after=2024-05-01 00:00:00+00:00
[2024-05-01T12:22:39.940+0300] {processor.py:183} INFO - Processing /home/yohanes/Documents/10academy/week2_2/10ac_city_traffic_data_warehouse_week2/week2_env/lib/python3.8/site-packages/airflow/example_dags/example_branch_labels.py took 0.238 seconds
[2024-05-01T12:24:16.024+0300] {processor.py:161} INFO - Started process (PID=170711) to work on /home/yohanes/Documents/10academy/week2_2/10ac_city_traffic_data_warehouse_week2/week2_env/lib/python3.8/site-packages/airflow/example_dags/example_branch_labels.py
[2024-05-01T12:24:16.178+0300] {processor.py:830} INFO - Processing file /home/yohanes/Documents/10academy/week2_2/10ac_city_traffic_data_warehouse_week2/week2_env/lib/python3.8/site-packages/airflow/example_dags/example_branch_labels.py for tasks to queue
[2024-05-01T12:24:16.180+0300] {logging_mixin.py:188} INFO - [2024-05-01T12:24:16.180+0300] {dagbag.py:540} INFO - Filling up the DagBag from /home/yohanes/Documents/10academy/week2_2/10ac_city_traffic_data_warehouse_week2/week2_env/lib/python3.8/site-packages/airflow/example_dags/example_branch_labels.py
[2024-05-01T12:24:16.191+0300] {processor.py:840} INFO - DAG(s) 'example_branch_labels' retrieved from /home/yohanes/Documents/10academy/week2_2/10ac_city_traffic_data_warehouse_week2/week2_env/lib/python3.8/site-packages/airflow/example_dags/example_branch_labels.py
[2024-05-01T12:24:16.213+0300] {logging_mixin.py:188} INFO - [2024-05-01T12:24:16.213+0300] {dag.py:3096} INFO - Sync 1 DAGs
[2024-05-01T12:24:16.242+0300] {logging_mixin.py:188} INFO - [2024-05-01T12:24:16.242+0300] {dag.py:3954} INFO - Setting next_dagrun for example_branch_labels to 2024-04-30 00:00:00+00:00, run_after=2024-05-01 00:00:00+00:00
[2024-05-01T12:24:16.573+0300] {processor.py:183} INFO - Processing /home/yohanes/Documents/10academy/week2_2/10ac_city_traffic_data_warehouse_week2/week2_env/lib/python3.8/site-packages/airflow/example_dags/example_branch_labels.py took 0.557 seconds
[2024-05-01T12:25:50.033+0300] {processor.py:161} INFO - Started process (PID=171552) to work on /home/yohanes/Documents/10academy/week2_2/10ac_city_traffic_data_warehouse_week2/week2_env/lib/python3.8/site-packages/airflow/example_dags/example_branch_labels.py
[2024-05-01T12:25:50.051+0300] {processor.py:830} INFO - Processing file /home/yohanes/Documents/10academy/week2_2/10ac_city_traffic_data_warehouse_week2/week2_env/lib/python3.8/site-packages/airflow/example_dags/example_branch_labels.py for tasks to queue
[2024-05-01T12:25:50.055+0300] {logging_mixin.py:188} INFO - [2024-05-01T12:25:50.054+0300] {dagbag.py:540} INFO - Filling up the DagBag from /home/yohanes/Documents/10academy/week2_2/10ac_city_traffic_data_warehouse_week2/week2_env/lib/python3.8/site-packages/airflow/example_dags/example_branch_labels.py
[2024-05-01T12:25:50.068+0300] {processor.py:840} INFO - DAG(s) 'example_branch_labels' retrieved from /home/yohanes/Documents/10academy/week2_2/10ac_city_traffic_data_warehouse_week2/week2_env/lib/python3.8/site-packages/airflow/example_dags/example_branch_labels.py
[2024-05-01T12:25:50.091+0300] {logging_mixin.py:188} INFO - [2024-05-01T12:25:50.091+0300] {dag.py:3096} INFO - Sync 1 DAGs
[2024-05-01T12:25:50.122+0300] {logging_mixin.py:188} INFO - [2024-05-01T12:25:50.122+0300] {dag.py:3954} INFO - Setting next_dagrun for example_branch_labels to 2024-04-30 00:00:00+00:00, run_after=2024-05-01 00:00:00+00:00
[2024-05-01T12:25:50.320+0300] {processor.py:183} INFO - Processing /home/yohanes/Documents/10academy/week2_2/10ac_city_traffic_data_warehouse_week2/week2_env/lib/python3.8/site-packages/airflow/example_dags/example_branch_labels.py took 0.298 seconds
[2024-05-01T12:27:36.551+0300] {processor.py:161} INFO - Started process (PID=172499) to work on /home/yohanes/Documents/10academy/week2_2/10ac_city_traffic_data_warehouse_week2/week2_env/lib/python3.8/site-packages/airflow/example_dags/example_branch_labels.py
[2024-05-01T12:27:36.692+0300] {processor.py:830} INFO - Processing file /home/yohanes/Documents/10academy/week2_2/10ac_city_traffic_data_warehouse_week2/week2_env/lib/python3.8/site-packages/airflow/example_dags/example_branch_labels.py for tasks to queue
[2024-05-01T12:27:36.772+0300] {logging_mixin.py:188} INFO - [2024-05-01T12:27:36.771+0300] {dagbag.py:540} INFO - Filling up the DagBag from /home/yohanes/Documents/10academy/week2_2/10ac_city_traffic_data_warehouse_week2/week2_env/lib/python3.8/site-packages/airflow/example_dags/example_branch_labels.py
[2024-05-01T12:27:36.898+0300] {processor.py:840} INFO - DAG(s) 'example_branch_labels' retrieved from /home/yohanes/Documents/10academy/week2_2/10ac_city_traffic_data_warehouse_week2/week2_env/lib/python3.8/site-packages/airflow/example_dags/example_branch_labels.py
[2024-05-01T12:27:36.929+0300] {logging_mixin.py:188} INFO - [2024-05-01T12:27:36.928+0300] {dag.py:3096} INFO - Sync 1 DAGs
[2024-05-01T12:27:37.028+0300] {logging_mixin.py:188} INFO - [2024-05-01T12:27:37.028+0300] {dag.py:3954} INFO - Setting next_dagrun for example_branch_labels to 2024-04-30 00:00:00+00:00, run_after=2024-05-01 00:00:00+00:00
[2024-05-01T12:27:37.632+0300] {processor.py:183} INFO - Processing /home/yohanes/Documents/10academy/week2_2/10ac_city_traffic_data_warehouse_week2/week2_env/lib/python3.8/site-packages/airflow/example_dags/example_branch_labels.py took 1.415 seconds
[2024-05-01T12:32:20.274+0300] {processor.py:161} INFO - Started process (PID=174740) to work on /home/yohanes/Documents/10academy/week2_2/10ac_city_traffic_data_warehouse_week2/week2_env/lib/python3.8/site-packages/airflow/example_dags/example_branch_labels.py
[2024-05-01T12:32:20.321+0300] {processor.py:830} INFO - Processing file /home/yohanes/Documents/10academy/week2_2/10ac_city_traffic_data_warehouse_week2/week2_env/lib/python3.8/site-packages/airflow/example_dags/example_branch_labels.py for tasks to queue
[2024-05-01T12:32:20.323+0300] {logging_mixin.py:188} INFO - [2024-05-01T12:32:20.323+0300] {dagbag.py:540} INFO - Filling up the DagBag from /home/yohanes/Documents/10academy/week2_2/10ac_city_traffic_data_warehouse_week2/week2_env/lib/python3.8/site-packages/airflow/example_dags/example_branch_labels.py
[2024-05-01T12:32:20.337+0300] {processor.py:840} INFO - DAG(s) 'example_branch_labels' retrieved from /home/yohanes/Documents/10academy/week2_2/10ac_city_traffic_data_warehouse_week2/week2_env/lib/python3.8/site-packages/airflow/example_dags/example_branch_labels.py
[2024-05-01T12:32:20.364+0300] {logging_mixin.py:188} INFO - [2024-05-01T12:32:20.363+0300] {dag.py:3096} INFO - Sync 1 DAGs
[2024-05-01T12:32:20.400+0300] {logging_mixin.py:188} INFO - [2024-05-01T12:32:20.400+0300] {dag.py:3954} INFO - Setting next_dagrun for example_branch_labels to 2024-04-30 00:00:00+00:00, run_after=2024-05-01 00:00:00+00:00
[2024-05-01T12:32:20.538+0300] {processor.py:183} INFO - Processing /home/yohanes/Documents/10academy/week2_2/10ac_city_traffic_data_warehouse_week2/week2_env/lib/python3.8/site-packages/airflow/example_dags/example_branch_labels.py took 0.274 seconds
[2024-05-01T12:33:31.040+0300] {processor.py:161} INFO - Started process (PID=175377) to work on /home/yohanes/Documents/10academy/week2_2/10ac_city_traffic_data_warehouse_week2/week2_env/lib/python3.8/site-packages/airflow/example_dags/example_branch_labels.py
[2024-05-01T12:33:31.084+0300] {processor.py:830} INFO - Processing file /home/yohanes/Documents/10academy/week2_2/10ac_city_traffic_data_warehouse_week2/week2_env/lib/python3.8/site-packages/airflow/example_dags/example_branch_labels.py for tasks to queue
[2024-05-01T12:33:31.087+0300] {logging_mixin.py:188} INFO - [2024-05-01T12:33:31.087+0300] {dagbag.py:540} INFO - Filling up the DagBag from /home/yohanes/Documents/10academy/week2_2/10ac_city_traffic_data_warehouse_week2/week2_env/lib/python3.8/site-packages/airflow/example_dags/example_branch_labels.py
[2024-05-01T12:33:31.099+0300] {processor.py:840} INFO - DAG(s) 'example_branch_labels' retrieved from /home/yohanes/Documents/10academy/week2_2/10ac_city_traffic_data_warehouse_week2/week2_env/lib/python3.8/site-packages/airflow/example_dags/example_branch_labels.py
[2024-05-01T12:33:31.124+0300] {logging_mixin.py:188} INFO - [2024-05-01T12:33:31.123+0300] {dag.py:3096} INFO - Sync 1 DAGs
[2024-05-01T12:33:31.156+0300] {logging_mixin.py:188} INFO - [2024-05-01T12:33:31.156+0300] {dag.py:3954} INFO - Setting next_dagrun for example_branch_labels to 2024-04-30 00:00:00+00:00, run_after=2024-05-01 00:00:00+00:00
[2024-05-01T12:33:31.426+0300] {processor.py:183} INFO - Processing /home/yohanes/Documents/10academy/week2_2/10ac_city_traffic_data_warehouse_week2/week2_env/lib/python3.8/site-packages/airflow/example_dags/example_branch_labels.py took 0.396 seconds
[2024-05-01T12:35:23.882+0300] {processor.py:161} INFO - Started process (PID=176384) to work on /home/yohanes/Documents/10academy/week2_2/10ac_city_traffic_data_warehouse_week2/week2_env/lib/python3.8/site-packages/airflow/example_dags/example_branch_labels.py
[2024-05-01T12:35:23.967+0300] {processor.py:830} INFO - Processing file /home/yohanes/Documents/10academy/week2_2/10ac_city_traffic_data_warehouse_week2/week2_env/lib/python3.8/site-packages/airflow/example_dags/example_branch_labels.py for tasks to queue
[2024-05-01T12:35:23.969+0300] {logging_mixin.py:188} INFO - [2024-05-01T12:35:23.968+0300] {dagbag.py:540} INFO - Filling up the DagBag from /home/yohanes/Documents/10academy/week2_2/10ac_city_traffic_data_warehouse_week2/week2_env/lib/python3.8/site-packages/airflow/example_dags/example_branch_labels.py
[2024-05-01T12:35:23.981+0300] {processor.py:840} INFO - DAG(s) 'example_branch_labels' retrieved from /home/yohanes/Documents/10academy/week2_2/10ac_city_traffic_data_warehouse_week2/week2_env/lib/python3.8/site-packages/airflow/example_dags/example_branch_labels.py
[2024-05-01T12:35:24.004+0300] {logging_mixin.py:188} INFO - [2024-05-01T12:35:24.004+0300] {dag.py:3096} INFO - Sync 1 DAGs
[2024-05-01T12:35:24.039+0300] {logging_mixin.py:188} INFO - [2024-05-01T12:35:24.039+0300] {dag.py:3954} INFO - Setting next_dagrun for example_branch_labels to 2024-04-30 00:00:00+00:00, run_after=2024-05-01 00:00:00+00:00
[2024-05-01T12:35:24.481+0300] {processor.py:183} INFO - Processing /home/yohanes/Documents/10academy/week2_2/10ac_city_traffic_data_warehouse_week2/week2_env/lib/python3.8/site-packages/airflow/example_dags/example_branch_labels.py took 0.609 seconds
[2024-05-01T12:38:10.070+0300] {processor.py:161} INFO - Started process (PID=177742) to work on /home/yohanes/Documents/10academy/week2_2/10ac_city_traffic_data_warehouse_week2/week2_env/lib/python3.8/site-packages/airflow/example_dags/example_branch_labels.py
[2024-05-01T12:38:10.083+0300] {processor.py:830} INFO - Processing file /home/yohanes/Documents/10academy/week2_2/10ac_city_traffic_data_warehouse_week2/week2_env/lib/python3.8/site-packages/airflow/example_dags/example_branch_labels.py for tasks to queue
[2024-05-01T12:38:10.085+0300] {logging_mixin.py:188} INFO - [2024-05-01T12:38:10.085+0300] {dagbag.py:540} INFO - Filling up the DagBag from /home/yohanes/Documents/10academy/week2_2/10ac_city_traffic_data_warehouse_week2/week2_env/lib/python3.8/site-packages/airflow/example_dags/example_branch_labels.py
[2024-05-01T12:38:10.098+0300] {processor.py:840} INFO - DAG(s) 'example_branch_labels' retrieved from /home/yohanes/Documents/10academy/week2_2/10ac_city_traffic_data_warehouse_week2/week2_env/lib/python3.8/site-packages/airflow/example_dags/example_branch_labels.py
[2024-05-01T12:38:10.125+0300] {logging_mixin.py:188} INFO - [2024-05-01T12:38:10.124+0300] {dag.py:3096} INFO - Sync 1 DAGs
[2024-05-01T12:38:10.161+0300] {logging_mixin.py:188} INFO - [2024-05-01T12:38:10.161+0300] {dag.py:3954} INFO - Setting next_dagrun for example_branch_labels to 2024-04-30 00:00:00+00:00, run_after=2024-05-01 00:00:00+00:00
[2024-05-01T12:38:10.419+0300] {processor.py:183} INFO - Processing /home/yohanes/Documents/10academy/week2_2/10ac_city_traffic_data_warehouse_week2/week2_env/lib/python3.8/site-packages/airflow/example_dags/example_branch_labels.py took 0.360 seconds
[2024-05-01T12:39:38.514+0300] {processor.py:161} INFO - Started process (PID=178517) to work on /home/yohanes/Documents/10academy/week2_2/10ac_city_traffic_data_warehouse_week2/week2_env/lib/python3.8/site-packages/airflow/example_dags/example_branch_labels.py
[2024-05-01T12:39:38.591+0300] {processor.py:830} INFO - Processing file /home/yohanes/Documents/10academy/week2_2/10ac_city_traffic_data_warehouse_week2/week2_env/lib/python3.8/site-packages/airflow/example_dags/example_branch_labels.py for tasks to queue
[2024-05-01T12:39:38.594+0300] {logging_mixin.py:188} INFO - [2024-05-01T12:39:38.593+0300] {dagbag.py:540} INFO - Filling up the DagBag from /home/yohanes/Documents/10academy/week2_2/10ac_city_traffic_data_warehouse_week2/week2_env/lib/python3.8/site-packages/airflow/example_dags/example_branch_labels.py
[2024-05-01T12:39:38.607+0300] {processor.py:840} INFO - DAG(s) 'example_branch_labels' retrieved from /home/yohanes/Documents/10academy/week2_2/10ac_city_traffic_data_warehouse_week2/week2_env/lib/python3.8/site-packages/airflow/example_dags/example_branch_labels.py
[2024-05-01T12:39:38.639+0300] {logging_mixin.py:188} INFO - [2024-05-01T12:39:38.638+0300] {dag.py:3096} INFO - Sync 1 DAGs
[2024-05-01T12:39:38.683+0300] {logging_mixin.py:188} INFO - [2024-05-01T12:39:38.683+0300] {dag.py:3954} INFO - Setting next_dagrun for example_branch_labels to 2024-04-30 00:00:00+00:00, run_after=2024-05-01 00:00:00+00:00
[2024-05-01T12:39:38.871+0300] {processor.py:183} INFO - Processing /home/yohanes/Documents/10academy/week2_2/10ac_city_traffic_data_warehouse_week2/week2_env/lib/python3.8/site-packages/airflow/example_dags/example_branch_labels.py took 0.368 seconds
[2024-05-01T12:41:06.257+0300] {processor.py:161} INFO - Started process (PID=179561) to work on /home/yohanes/Documents/10academy/week2_2/10ac_city_traffic_data_warehouse_week2/week2_env/lib/python3.8/site-packages/airflow/example_dags/example_branch_labels.py
[2024-05-01T12:41:06.270+0300] {processor.py:830} INFO - Processing file /home/yohanes/Documents/10academy/week2_2/10ac_city_traffic_data_warehouse_week2/week2_env/lib/python3.8/site-packages/airflow/example_dags/example_branch_labels.py for tasks to queue
[2024-05-01T12:41:06.274+0300] {logging_mixin.py:188} INFO - [2024-05-01T12:41:06.273+0300] {dagbag.py:540} INFO - Filling up the DagBag from /home/yohanes/Documents/10academy/week2_2/10ac_city_traffic_data_warehouse_week2/week2_env/lib/python3.8/site-packages/airflow/example_dags/example_branch_labels.py
[2024-05-01T12:41:06.290+0300] {processor.py:840} INFO - DAG(s) 'example_branch_labels' retrieved from /home/yohanes/Documents/10academy/week2_2/10ac_city_traffic_data_warehouse_week2/week2_env/lib/python3.8/site-packages/airflow/example_dags/example_branch_labels.py
[2024-05-01T12:41:06.317+0300] {logging_mixin.py:188} INFO - [2024-05-01T12:41:06.317+0300] {dag.py:3096} INFO - Sync 1 DAGs
[2024-05-01T12:41:06.350+0300] {logging_mixin.py:188} INFO - [2024-05-01T12:41:06.350+0300] {dag.py:3954} INFO - Setting next_dagrun for example_branch_labels to 2024-04-30 00:00:00+00:00, run_after=2024-05-01 00:00:00+00:00
[2024-05-01T12:41:06.508+0300] {processor.py:183} INFO - Processing /home/yohanes/Documents/10academy/week2_2/10ac_city_traffic_data_warehouse_week2/week2_env/lib/python3.8/site-packages/airflow/example_dags/example_branch_labels.py took 0.262 seconds
[2024-05-01T12:42:51.013+0300] {processor.py:161} INFO - Started process (PID=180450) to work on /home/yohanes/Documents/10academy/week2_2/10ac_city_traffic_data_warehouse_week2/week2_env/lib/python3.8/site-packages/airflow/example_dags/example_branch_labels.py
[2024-05-01T12:42:51.102+0300] {processor.py:830} INFO - Processing file /home/yohanes/Documents/10academy/week2_2/10ac_city_traffic_data_warehouse_week2/week2_env/lib/python3.8/site-packages/airflow/example_dags/example_branch_labels.py for tasks to queue
[2024-05-01T12:42:51.105+0300] {logging_mixin.py:188} INFO - [2024-05-01T12:42:51.104+0300] {dagbag.py:540} INFO - Filling up the DagBag from /home/yohanes/Documents/10academy/week2_2/10ac_city_traffic_data_warehouse_week2/week2_env/lib/python3.8/site-packages/airflow/example_dags/example_branch_labels.py
[2024-05-01T12:42:51.120+0300] {processor.py:840} INFO - DAG(s) 'example_branch_labels' retrieved from /home/yohanes/Documents/10academy/week2_2/10ac_city_traffic_data_warehouse_week2/week2_env/lib/python3.8/site-packages/airflow/example_dags/example_branch_labels.py
[2024-05-01T12:42:51.145+0300] {logging_mixin.py:188} INFO - [2024-05-01T12:42:51.144+0300] {dag.py:3096} INFO - Sync 1 DAGs
[2024-05-01T12:42:51.177+0300] {logging_mixin.py:188} INFO - [2024-05-01T12:42:51.176+0300] {dag.py:3954} INFO - Setting next_dagrun for example_branch_labels to 2024-04-30 00:00:00+00:00, run_after=2024-05-01 00:00:00+00:00
[2024-05-01T12:42:51.658+0300] {processor.py:183} INFO - Processing /home/yohanes/Documents/10academy/week2_2/10ac_city_traffic_data_warehouse_week2/week2_env/lib/python3.8/site-packages/airflow/example_dags/example_branch_labels.py took 0.655 seconds
[2024-05-01T12:44:08.814+0300] {processor.py:161} INFO - Started process (PID=181219) to work on /home/yohanes/Documents/10academy/week2_2/10ac_city_traffic_data_warehouse_week2/week2_env/lib/python3.8/site-packages/airflow/example_dags/example_branch_labels.py
[2024-05-01T12:44:08.833+0300] {processor.py:830} INFO - Processing file /home/yohanes/Documents/10academy/week2_2/10ac_city_traffic_data_warehouse_week2/week2_env/lib/python3.8/site-packages/airflow/example_dags/example_branch_labels.py for tasks to queue
[2024-05-01T12:44:08.837+0300] {logging_mixin.py:188} INFO - [2024-05-01T12:44:08.836+0300] {dagbag.py:540} INFO - Filling up the DagBag from /home/yohanes/Documents/10academy/week2_2/10ac_city_traffic_data_warehouse_week2/week2_env/lib/python3.8/site-packages/airflow/example_dags/example_branch_labels.py
[2024-05-01T12:44:08.857+0300] {processor.py:840} INFO - DAG(s) 'example_branch_labels' retrieved from /home/yohanes/Documents/10academy/week2_2/10ac_city_traffic_data_warehouse_week2/week2_env/lib/python3.8/site-packages/airflow/example_dags/example_branch_labels.py
[2024-05-01T12:44:08.894+0300] {logging_mixin.py:188} INFO - [2024-05-01T12:44:08.893+0300] {dag.py:3096} INFO - Sync 1 DAGs
[2024-05-01T12:44:08.937+0300] {logging_mixin.py:188} INFO - [2024-05-01T12:44:08.937+0300] {dag.py:3954} INFO - Setting next_dagrun for example_branch_labels to 2024-04-30 00:00:00+00:00, run_after=2024-05-01 00:00:00+00:00
[2024-05-01T12:44:09.067+0300] {processor.py:183} INFO - Processing /home/yohanes/Documents/10academy/week2_2/10ac_city_traffic_data_warehouse_week2/week2_env/lib/python3.8/site-packages/airflow/example_dags/example_branch_labels.py took 0.267 seconds
[2024-05-01T12:45:14.679+0300] {processor.py:161} INFO - Started process (PID=181781) to work on /home/yohanes/Documents/10academy/week2_2/10ac_city_traffic_data_warehouse_week2/week2_env/lib/python3.8/site-packages/airflow/example_dags/example_branch_labels.py
[2024-05-01T12:45:14.694+0300] {processor.py:830} INFO - Processing file /home/yohanes/Documents/10academy/week2_2/10ac_city_traffic_data_warehouse_week2/week2_env/lib/python3.8/site-packages/airflow/example_dags/example_branch_labels.py for tasks to queue
[2024-05-01T12:45:14.697+0300] {logging_mixin.py:188} INFO - [2024-05-01T12:45:14.696+0300] {dagbag.py:540} INFO - Filling up the DagBag from /home/yohanes/Documents/10academy/week2_2/10ac_city_traffic_data_warehouse_week2/week2_env/lib/python3.8/site-packages/airflow/example_dags/example_branch_labels.py
[2024-05-01T12:45:14.708+0300] {processor.py:840} INFO - DAG(s) 'example_branch_labels' retrieved from /home/yohanes/Documents/10academy/week2_2/10ac_city_traffic_data_warehouse_week2/week2_env/lib/python3.8/site-packages/airflow/example_dags/example_branch_labels.py
[2024-05-01T12:45:14.732+0300] {logging_mixin.py:188} INFO - [2024-05-01T12:45:14.731+0300] {dag.py:3096} INFO - Sync 1 DAGs
[2024-05-01T12:45:14.763+0300] {logging_mixin.py:188} INFO - [2024-05-01T12:45:14.762+0300] {dag.py:3954} INFO - Setting next_dagrun for example_branch_labels to 2024-04-30 00:00:00+00:00, run_after=2024-05-01 00:00:00+00:00
[2024-05-01T12:45:14.910+0300] {processor.py:183} INFO - Processing /home/yohanes/Documents/10academy/week2_2/10ac_city_traffic_data_warehouse_week2/week2_env/lib/python3.8/site-packages/airflow/example_dags/example_branch_labels.py took 0.242 seconds
[2024-05-01T12:46:23.805+0300] {processor.py:161} INFO - Started process (PID=182576) to work on /home/yohanes/Documents/10academy/week2_2/10ac_city_traffic_data_warehouse_week2/week2_env/lib/python3.8/site-packages/airflow/example_dags/example_branch_labels.py
[2024-05-01T12:46:23.867+0300] {processor.py:830} INFO - Processing file /home/yohanes/Documents/10academy/week2_2/10ac_city_traffic_data_warehouse_week2/week2_env/lib/python3.8/site-packages/airflow/example_dags/example_branch_labels.py for tasks to queue
[2024-05-01T12:46:23.871+0300] {logging_mixin.py:188} INFO - [2024-05-01T12:46:23.870+0300] {dagbag.py:540} INFO - Filling up the DagBag from /home/yohanes/Documents/10academy/week2_2/10ac_city_traffic_data_warehouse_week2/week2_env/lib/python3.8/site-packages/airflow/example_dags/example_branch_labels.py
[2024-05-01T12:46:23.886+0300] {processor.py:840} INFO - DAG(s) 'example_branch_labels' retrieved from /home/yohanes/Documents/10academy/week2_2/10ac_city_traffic_data_warehouse_week2/week2_env/lib/python3.8/site-packages/airflow/example_dags/example_branch_labels.py
[2024-05-01T12:46:23.912+0300] {logging_mixin.py:188} INFO - [2024-05-01T12:46:23.911+0300] {dag.py:3096} INFO - Sync 1 DAGs
[2024-05-01T12:46:23.944+0300] {logging_mixin.py:188} INFO - [2024-05-01T12:46:23.944+0300] {dag.py:3954} INFO - Setting next_dagrun for example_branch_labels to 2024-04-30 00:00:00+00:00, run_after=2024-05-01 00:00:00+00:00
[2024-05-01T12:46:24.092+0300] {processor.py:183} INFO - Processing /home/yohanes/Documents/10academy/week2_2/10ac_city_traffic_data_warehouse_week2/week2_env/lib/python3.8/site-packages/airflow/example_dags/example_branch_labels.py took 0.299 seconds
[2024-05-01T12:47:37.666+0300] {processor.py:161} INFO - Started process (PID=183452) to work on /home/yohanes/Documents/10academy/week2_2/10ac_city_traffic_data_warehouse_week2/week2_env/lib/python3.8/site-packages/airflow/example_dags/example_branch_labels.py
[2024-05-01T12:47:37.677+0300] {processor.py:830} INFO - Processing file /home/yohanes/Documents/10academy/week2_2/10ac_city_traffic_data_warehouse_week2/week2_env/lib/python3.8/site-packages/airflow/example_dags/example_branch_labels.py for tasks to queue
[2024-05-01T12:47:37.679+0300] {logging_mixin.py:188} INFO - [2024-05-01T12:47:37.679+0300] {dagbag.py:540} INFO - Filling up the DagBag from /home/yohanes/Documents/10academy/week2_2/10ac_city_traffic_data_warehouse_week2/week2_env/lib/python3.8/site-packages/airflow/example_dags/example_branch_labels.py
[2024-05-01T12:47:37.695+0300] {processor.py:840} INFO - DAG(s) 'example_branch_labels' retrieved from /home/yohanes/Documents/10academy/week2_2/10ac_city_traffic_data_warehouse_week2/week2_env/lib/python3.8/site-packages/airflow/example_dags/example_branch_labels.py
[2024-05-01T12:47:37.721+0300] {logging_mixin.py:188} INFO - [2024-05-01T12:47:37.720+0300] {dag.py:3096} INFO - Sync 1 DAGs
[2024-05-01T12:47:37.756+0300] {logging_mixin.py:188} INFO - [2024-05-01T12:47:37.756+0300] {dag.py:3954} INFO - Setting next_dagrun for example_branch_labels to 2024-04-30 00:00:00+00:00, run_after=2024-05-01 00:00:00+00:00
[2024-05-01T12:47:37.897+0300] {processor.py:183} INFO - Processing /home/yohanes/Documents/10academy/week2_2/10ac_city_traffic_data_warehouse_week2/week2_env/lib/python3.8/site-packages/airflow/example_dags/example_branch_labels.py took 0.242 seconds
[2024-05-01T12:49:07.500+0300] {processor.py:161} INFO - Started process (PID=184306) to work on /home/yohanes/Documents/10academy/week2_2/10ac_city_traffic_data_warehouse_week2/week2_env/lib/python3.8/site-packages/airflow/example_dags/example_branch_labels.py
[2024-05-01T12:49:07.518+0300] {processor.py:830} INFO - Processing file /home/yohanes/Documents/10academy/week2_2/10ac_city_traffic_data_warehouse_week2/week2_env/lib/python3.8/site-packages/airflow/example_dags/example_branch_labels.py for tasks to queue
[2024-05-01T12:49:07.522+0300] {logging_mixin.py:188} INFO - [2024-05-01T12:49:07.521+0300] {dagbag.py:540} INFO - Filling up the DagBag from /home/yohanes/Documents/10academy/week2_2/10ac_city_traffic_data_warehouse_week2/week2_env/lib/python3.8/site-packages/airflow/example_dags/example_branch_labels.py
[2024-05-01T12:49:07.534+0300] {processor.py:840} INFO - DAG(s) 'example_branch_labels' retrieved from /home/yohanes/Documents/10academy/week2_2/10ac_city_traffic_data_warehouse_week2/week2_env/lib/python3.8/site-packages/airflow/example_dags/example_branch_labels.py
[2024-05-01T12:49:07.560+0300] {logging_mixin.py:188} INFO - [2024-05-01T12:49:07.560+0300] {dag.py:3096} INFO - Sync 1 DAGs
[2024-05-01T12:49:07.596+0300] {logging_mixin.py:188} INFO - [2024-05-01T12:49:07.595+0300] {dag.py:3954} INFO - Setting next_dagrun for example_branch_labels to 2024-04-30 00:00:00+00:00, run_after=2024-05-01 00:00:00+00:00
[2024-05-01T12:49:07.770+0300] {processor.py:183} INFO - Processing /home/yohanes/Documents/10academy/week2_2/10ac_city_traffic_data_warehouse_week2/week2_env/lib/python3.8/site-packages/airflow/example_dags/example_branch_labels.py took 0.280 seconds
[2024-05-01T12:50:40.772+0300] {processor.py:161} INFO - Started process (PID=185315) to work on /home/yohanes/Documents/10academy/week2_2/10ac_city_traffic_data_warehouse_week2/week2_env/lib/python3.8/site-packages/airflow/example_dags/example_branch_labels.py
[2024-05-01T12:50:40.790+0300] {processor.py:830} INFO - Processing file /home/yohanes/Documents/10academy/week2_2/10ac_city_traffic_data_warehouse_week2/week2_env/lib/python3.8/site-packages/airflow/example_dags/example_branch_labels.py for tasks to queue
[2024-05-01T12:50:40.792+0300] {logging_mixin.py:188} INFO - [2024-05-01T12:50:40.792+0300] {dagbag.py:540} INFO - Filling up the DagBag from /home/yohanes/Documents/10academy/week2_2/10ac_city_traffic_data_warehouse_week2/week2_env/lib/python3.8/site-packages/airflow/example_dags/example_branch_labels.py
[2024-05-01T12:50:40.805+0300] {processor.py:840} INFO - DAG(s) 'example_branch_labels' retrieved from /home/yohanes/Documents/10academy/week2_2/10ac_city_traffic_data_warehouse_week2/week2_env/lib/python3.8/site-packages/airflow/example_dags/example_branch_labels.py
[2024-05-01T12:50:40.829+0300] {logging_mixin.py:188} INFO - [2024-05-01T12:50:40.828+0300] {dag.py:3096} INFO - Sync 1 DAGs
[2024-05-01T12:50:40.862+0300] {logging_mixin.py:188} INFO - [2024-05-01T12:50:40.861+0300] {dag.py:3954} INFO - Setting next_dagrun for example_branch_labels to 2024-04-30 00:00:00+00:00, run_after=2024-05-01 00:00:00+00:00
[2024-05-01T12:50:41.042+0300] {processor.py:183} INFO - Processing /home/yohanes/Documents/10academy/week2_2/10ac_city_traffic_data_warehouse_week2/week2_env/lib/python3.8/site-packages/airflow/example_dags/example_branch_labels.py took 0.280 seconds
[2024-05-01T12:52:27.901+0300] {processor.py:161} INFO - Started process (PID=186667) to work on /home/yohanes/Documents/10academy/week2_2/10ac_city_traffic_data_warehouse_week2/week2_env/lib/python3.8/site-packages/airflow/example_dags/example_branch_labels.py
[2024-05-01T12:52:27.910+0300] {processor.py:830} INFO - Processing file /home/yohanes/Documents/10academy/week2_2/10ac_city_traffic_data_warehouse_week2/week2_env/lib/python3.8/site-packages/airflow/example_dags/example_branch_labels.py for tasks to queue
[2024-05-01T12:52:27.913+0300] {logging_mixin.py:188} INFO - [2024-05-01T12:52:27.912+0300] {dagbag.py:540} INFO - Filling up the DagBag from /home/yohanes/Documents/10academy/week2_2/10ac_city_traffic_data_warehouse_week2/week2_env/lib/python3.8/site-packages/airflow/example_dags/example_branch_labels.py
[2024-05-01T12:52:27.932+0300] {processor.py:840} INFO - DAG(s) 'example_branch_labels' retrieved from /home/yohanes/Documents/10academy/week2_2/10ac_city_traffic_data_warehouse_week2/week2_env/lib/python3.8/site-packages/airflow/example_dags/example_branch_labels.py
[2024-05-01T12:52:27.966+0300] {logging_mixin.py:188} INFO - [2024-05-01T12:52:27.966+0300] {dag.py:3096} INFO - Sync 1 DAGs
[2024-05-01T12:52:28.015+0300] {logging_mixin.py:188} INFO - [2024-05-01T12:52:28.015+0300] {dag.py:3954} INFO - Setting next_dagrun for example_branch_labels to 2024-04-30 00:00:00+00:00, run_after=2024-05-01 00:00:00+00:00
[2024-05-01T12:52:28.214+0300] {processor.py:183} INFO - Processing /home/yohanes/Documents/10academy/week2_2/10ac_city_traffic_data_warehouse_week2/week2_env/lib/python3.8/site-packages/airflow/example_dags/example_branch_labels.py took 0.326 seconds
[2024-05-01T12:53:59.169+0300] {processor.py:161} INFO - Started process (PID=187565) to work on /home/yohanes/Documents/10academy/week2_2/10ac_city_traffic_data_warehouse_week2/week2_env/lib/python3.8/site-packages/airflow/example_dags/example_branch_labels.py
[2024-05-01T12:53:59.197+0300] {processor.py:830} INFO - Processing file /home/yohanes/Documents/10academy/week2_2/10ac_city_traffic_data_warehouse_week2/week2_env/lib/python3.8/site-packages/airflow/example_dags/example_branch_labels.py for tasks to queue
[2024-05-01T12:53:59.202+0300] {logging_mixin.py:188} INFO - [2024-05-01T12:53:59.201+0300] {dagbag.py:540} INFO - Filling up the DagBag from /home/yohanes/Documents/10academy/week2_2/10ac_city_traffic_data_warehouse_week2/week2_env/lib/python3.8/site-packages/airflow/example_dags/example_branch_labels.py
[2024-05-01T12:53:59.219+0300] {processor.py:840} INFO - DAG(s) 'example_branch_labels' retrieved from /home/yohanes/Documents/10academy/week2_2/10ac_city_traffic_data_warehouse_week2/week2_env/lib/python3.8/site-packages/airflow/example_dags/example_branch_labels.py
[2024-05-01T12:53:59.254+0300] {logging_mixin.py:188} INFO - [2024-05-01T12:53:59.254+0300] {dag.py:3096} INFO - Sync 1 DAGs
[2024-05-01T12:53:59.298+0300] {logging_mixin.py:188} INFO - [2024-05-01T12:53:59.298+0300] {dag.py:3954} INFO - Setting next_dagrun for example_branch_labels to 2024-04-30 00:00:00+00:00, run_after=2024-05-01 00:00:00+00:00
[2024-05-01T12:53:59.458+0300] {processor.py:183} INFO - Processing /home/yohanes/Documents/10academy/week2_2/10ac_city_traffic_data_warehouse_week2/week2_env/lib/python3.8/site-packages/airflow/example_dags/example_branch_labels.py took 0.302 seconds
[2024-05-01T12:55:10.678+0300] {processor.py:161} INFO - Started process (PID=188182) to work on /home/yohanes/Documents/10academy/week2_2/10ac_city_traffic_data_warehouse_week2/week2_env/lib/python3.8/site-packages/airflow/example_dags/example_branch_labels.py
[2024-05-01T12:55:10.703+0300] {processor.py:830} INFO - Processing file /home/yohanes/Documents/10academy/week2_2/10ac_city_traffic_data_warehouse_week2/week2_env/lib/python3.8/site-packages/airflow/example_dags/example_branch_labels.py for tasks to queue
[2024-05-01T12:55:10.705+0300] {logging_mixin.py:188} INFO - [2024-05-01T12:55:10.705+0300] {dagbag.py:540} INFO - Filling up the DagBag from /home/yohanes/Documents/10academy/week2_2/10ac_city_traffic_data_warehouse_week2/week2_env/lib/python3.8/site-packages/airflow/example_dags/example_branch_labels.py
[2024-05-01T12:55:10.718+0300] {processor.py:840} INFO - DAG(s) 'example_branch_labels' retrieved from /home/yohanes/Documents/10academy/week2_2/10ac_city_traffic_data_warehouse_week2/week2_env/lib/python3.8/site-packages/airflow/example_dags/example_branch_labels.py
[2024-05-01T12:55:10.743+0300] {logging_mixin.py:188} INFO - [2024-05-01T12:55:10.743+0300] {dag.py:3096} INFO - Sync 1 DAGs
[2024-05-01T12:55:10.778+0300] {logging_mixin.py:188} INFO - [2024-05-01T12:55:10.778+0300] {dag.py:3954} INFO - Setting next_dagrun for example_branch_labels to 2024-04-30 00:00:00+00:00, run_after=2024-05-01 00:00:00+00:00
[2024-05-01T12:55:10.933+0300] {processor.py:183} INFO - Processing /home/yohanes/Documents/10academy/week2_2/10ac_city_traffic_data_warehouse_week2/week2_env/lib/python3.8/site-packages/airflow/example_dags/example_branch_labels.py took 0.264 seconds
[2024-05-01T12:56:23.225+0300] {processor.py:161} INFO - Started process (PID=188979) to work on /home/yohanes/Documents/10academy/week2_2/10ac_city_traffic_data_warehouse_week2/week2_env/lib/python3.8/site-packages/airflow/example_dags/example_branch_labels.py
[2024-05-01T12:56:23.253+0300] {processor.py:830} INFO - Processing file /home/yohanes/Documents/10academy/week2_2/10ac_city_traffic_data_warehouse_week2/week2_env/lib/python3.8/site-packages/airflow/example_dags/example_branch_labels.py for tasks to queue
[2024-05-01T12:56:23.255+0300] {logging_mixin.py:188} INFO - [2024-05-01T12:56:23.255+0300] {dagbag.py:540} INFO - Filling up the DagBag from /home/yohanes/Documents/10academy/week2_2/10ac_city_traffic_data_warehouse_week2/week2_env/lib/python3.8/site-packages/airflow/example_dags/example_branch_labels.py
[2024-05-01T12:56:23.267+0300] {processor.py:840} INFO - DAG(s) 'example_branch_labels' retrieved from /home/yohanes/Documents/10academy/week2_2/10ac_city_traffic_data_warehouse_week2/week2_env/lib/python3.8/site-packages/airflow/example_dags/example_branch_labels.py
[2024-05-01T12:56:23.295+0300] {logging_mixin.py:188} INFO - [2024-05-01T12:56:23.295+0300] {dag.py:3096} INFO - Sync 1 DAGs
[2024-05-01T12:56:23.328+0300] {logging_mixin.py:188} INFO - [2024-05-01T12:56:23.328+0300] {dag.py:3954} INFO - Setting next_dagrun for example_branch_labels to 2024-04-30 00:00:00+00:00, run_after=2024-05-01 00:00:00+00:00
[2024-05-01T12:56:23.499+0300] {processor.py:183} INFO - Processing /home/yohanes/Documents/10academy/week2_2/10ac_city_traffic_data_warehouse_week2/week2_env/lib/python3.8/site-packages/airflow/example_dags/example_branch_labels.py took 0.284 seconds
[2024-05-01T12:57:39.306+0300] {processor.py:161} INFO - Started process (PID=190410) to work on /home/yohanes/Documents/10academy/week2_2/10ac_city_traffic_data_warehouse_week2/week2_env/lib/python3.8/site-packages/airflow/example_dags/example_branch_labels.py
[2024-05-01T12:57:39.531+0300] {processor.py:830} INFO - Processing file /home/yohanes/Documents/10academy/week2_2/10ac_city_traffic_data_warehouse_week2/week2_env/lib/python3.8/site-packages/airflow/example_dags/example_branch_labels.py for tasks to queue
[2024-05-01T12:57:39.533+0300] {logging_mixin.py:188} INFO - [2024-05-01T12:57:39.533+0300] {dagbag.py:540} INFO - Filling up the DagBag from /home/yohanes/Documents/10academy/week2_2/10ac_city_traffic_data_warehouse_week2/week2_env/lib/python3.8/site-packages/airflow/example_dags/example_branch_labels.py
[2024-05-01T12:57:39.547+0300] {processor.py:840} INFO - DAG(s) 'example_branch_labels' retrieved from /home/yohanes/Documents/10academy/week2_2/10ac_city_traffic_data_warehouse_week2/week2_env/lib/python3.8/site-packages/airflow/example_dags/example_branch_labels.py
[2024-05-01T12:57:39.587+0300] {logging_mixin.py:188} INFO - [2024-05-01T12:57:39.586+0300] {dag.py:3096} INFO - Sync 1 DAGs
[2024-05-01T12:57:39.620+0300] {logging_mixin.py:188} INFO - [2024-05-01T12:57:39.619+0300] {dag.py:3954} INFO - Setting next_dagrun for example_branch_labels to 2024-04-30 00:00:00+00:00, run_after=2024-05-01 00:00:00+00:00
[2024-05-01T12:57:40.314+0300] {processor.py:183} INFO - Processing /home/yohanes/Documents/10academy/week2_2/10ac_city_traffic_data_warehouse_week2/week2_env/lib/python3.8/site-packages/airflow/example_dags/example_branch_labels.py took 1.023 seconds
[2024-05-01T13:00:25.122+0300] {processor.py:161} INFO - Started process (PID=192855) to work on /home/yohanes/Documents/10academy/week2_2/10ac_city_traffic_data_warehouse_week2/week2_env/lib/python3.8/site-packages/airflow/example_dags/example_branch_labels.py
[2024-05-01T13:00:25.344+0300] {processor.py:830} INFO - Processing file /home/yohanes/Documents/10academy/week2_2/10ac_city_traffic_data_warehouse_week2/week2_env/lib/python3.8/site-packages/airflow/example_dags/example_branch_labels.py for tasks to queue
[2024-05-01T13:00:25.347+0300] {logging_mixin.py:188} INFO - [2024-05-01T13:00:25.347+0300] {dagbag.py:540} INFO - Filling up the DagBag from /home/yohanes/Documents/10academy/week2_2/10ac_city_traffic_data_warehouse_week2/week2_env/lib/python3.8/site-packages/airflow/example_dags/example_branch_labels.py
[2024-05-01T13:00:25.420+0300] {processor.py:840} INFO - DAG(s) 'example_branch_labels' retrieved from /home/yohanes/Documents/10academy/week2_2/10ac_city_traffic_data_warehouse_week2/week2_env/lib/python3.8/site-packages/airflow/example_dags/example_branch_labels.py
[2024-05-01T13:00:25.593+0300] {logging_mixin.py:188} INFO - [2024-05-01T13:00:25.593+0300] {dag.py:3096} INFO - Sync 1 DAGs
[2024-05-01T13:00:25.625+0300] {logging_mixin.py:188} INFO - [2024-05-01T13:00:25.624+0300] {dag.py:3954} INFO - Setting next_dagrun for example_branch_labels to 2024-04-30 00:00:00+00:00, run_after=2024-05-01 00:00:00+00:00
[2024-05-01T13:00:26.543+0300] {processor.py:183} INFO - Processing /home/yohanes/Documents/10academy/week2_2/10ac_city_traffic_data_warehouse_week2/week2_env/lib/python3.8/site-packages/airflow/example_dags/example_branch_labels.py took 1.431 seconds
[2024-05-01T13:04:08.460+0300] {processor.py:161} INFO - Started process (PID=195177) to work on /home/yohanes/Documents/10academy/week2_2/10ac_city_traffic_data_warehouse_week2/week2_env/lib/python3.8/site-packages/airflow/example_dags/example_branch_labels.py
[2024-05-01T13:04:08.502+0300] {processor.py:830} INFO - Processing file /home/yohanes/Documents/10academy/week2_2/10ac_city_traffic_data_warehouse_week2/week2_env/lib/python3.8/site-packages/airflow/example_dags/example_branch_labels.py for tasks to queue
[2024-05-01T13:04:08.505+0300] {logging_mixin.py:188} INFO - [2024-05-01T13:04:08.504+0300] {dagbag.py:540} INFO - Filling up the DagBag from /home/yohanes/Documents/10academy/week2_2/10ac_city_traffic_data_warehouse_week2/week2_env/lib/python3.8/site-packages/airflow/example_dags/example_branch_labels.py
[2024-05-01T13:04:08.517+0300] {processor.py:840} INFO - DAG(s) 'example_branch_labels' retrieved from /home/yohanes/Documents/10academy/week2_2/10ac_city_traffic_data_warehouse_week2/week2_env/lib/python3.8/site-packages/airflow/example_dags/example_branch_labels.py
[2024-05-01T13:04:08.542+0300] {logging_mixin.py:188} INFO - [2024-05-01T13:04:08.542+0300] {dag.py:3096} INFO - Sync 1 DAGs
[2024-05-01T13:04:08.584+0300] {logging_mixin.py:188} INFO - [2024-05-01T13:04:08.583+0300] {dag.py:3954} INFO - Setting next_dagrun for example_branch_labels to 2024-04-30 00:00:00+00:00, run_after=2024-05-01 00:00:00+00:00
[2024-05-01T13:04:08.809+0300] {processor.py:183} INFO - Processing /home/yohanes/Documents/10academy/week2_2/10ac_city_traffic_data_warehouse_week2/week2_env/lib/python3.8/site-packages/airflow/example_dags/example_branch_labels.py took 0.359 seconds
[2024-05-01T13:05:26.155+0300] {processor.py:161} INFO - Started process (PID=196040) to work on /home/yohanes/Documents/10academy/week2_2/10ac_city_traffic_data_warehouse_week2/week2_env/lib/python3.8/site-packages/airflow/example_dags/example_branch_labels.py
[2024-05-01T13:05:26.275+0300] {processor.py:830} INFO - Processing file /home/yohanes/Documents/10academy/week2_2/10ac_city_traffic_data_warehouse_week2/week2_env/lib/python3.8/site-packages/airflow/example_dags/example_branch_labels.py for tasks to queue
[2024-05-01T13:05:26.279+0300] {logging_mixin.py:188} INFO - [2024-05-01T13:05:26.278+0300] {dagbag.py:540} INFO - Filling up the DagBag from /home/yohanes/Documents/10academy/week2_2/10ac_city_traffic_data_warehouse_week2/week2_env/lib/python3.8/site-packages/airflow/example_dags/example_branch_labels.py
[2024-05-01T13:05:26.302+0300] {processor.py:840} INFO - DAG(s) 'example_branch_labels' retrieved from /home/yohanes/Documents/10academy/week2_2/10ac_city_traffic_data_warehouse_week2/week2_env/lib/python3.8/site-packages/airflow/example_dags/example_branch_labels.py
[2024-05-01T13:05:26.352+0300] {logging_mixin.py:188} INFO - [2024-05-01T13:05:26.352+0300] {dag.py:3096} INFO - Sync 1 DAGs
[2024-05-01T13:05:26.456+0300] {logging_mixin.py:188} INFO - [2024-05-01T13:05:26.455+0300] {dag.py:3954} INFO - Setting next_dagrun for example_branch_labels to 2024-04-30 00:00:00+00:00, run_after=2024-05-01 00:00:00+00:00
[2024-05-01T13:05:26.878+0300] {processor.py:183} INFO - Processing /home/yohanes/Documents/10academy/week2_2/10ac_city_traffic_data_warehouse_week2/week2_env/lib/python3.8/site-packages/airflow/example_dags/example_branch_labels.py took 0.733 seconds
[2024-05-01T13:06:43.355+0300] {processor.py:161} INFO - Started process (PID=196702) to work on /home/yohanes/Documents/10academy/week2_2/10ac_city_traffic_data_warehouse_week2/week2_env/lib/python3.8/site-packages/airflow/example_dags/example_branch_labels.py
[2024-05-01T13:06:43.374+0300] {processor.py:830} INFO - Processing file /home/yohanes/Documents/10academy/week2_2/10ac_city_traffic_data_warehouse_week2/week2_env/lib/python3.8/site-packages/airflow/example_dags/example_branch_labels.py for tasks to queue
[2024-05-01T13:06:43.377+0300] {logging_mixin.py:188} INFO - [2024-05-01T13:06:43.376+0300] {dagbag.py:540} INFO - Filling up the DagBag from /home/yohanes/Documents/10academy/week2_2/10ac_city_traffic_data_warehouse_week2/week2_env/lib/python3.8/site-packages/airflow/example_dags/example_branch_labels.py
[2024-05-01T13:06:43.388+0300] {processor.py:840} INFO - DAG(s) 'example_branch_labels' retrieved from /home/yohanes/Documents/10academy/week2_2/10ac_city_traffic_data_warehouse_week2/week2_env/lib/python3.8/site-packages/airflow/example_dags/example_branch_labels.py
[2024-05-01T13:06:43.412+0300] {logging_mixin.py:188} INFO - [2024-05-01T13:06:43.412+0300] {dag.py:3096} INFO - Sync 1 DAGs
[2024-05-01T13:06:43.441+0300] {logging_mixin.py:188} INFO - [2024-05-01T13:06:43.441+0300] {dag.py:3954} INFO - Setting next_dagrun for example_branch_labels to 2024-04-30 00:00:00+00:00, run_after=2024-05-01 00:00:00+00:00
[2024-05-01T13:06:43.590+0300] {processor.py:183} INFO - Processing /home/yohanes/Documents/10academy/week2_2/10ac_city_traffic_data_warehouse_week2/week2_env/lib/python3.8/site-packages/airflow/example_dags/example_branch_labels.py took 0.244 seconds
[2024-05-01T13:07:51.482+0300] {processor.py:161} INFO - Started process (PID=197293) to work on /home/yohanes/Documents/10academy/week2_2/10ac_city_traffic_data_warehouse_week2/week2_env/lib/python3.8/site-packages/airflow/example_dags/example_branch_labels.py
[2024-05-01T13:07:51.506+0300] {processor.py:830} INFO - Processing file /home/yohanes/Documents/10academy/week2_2/10ac_city_traffic_data_warehouse_week2/week2_env/lib/python3.8/site-packages/airflow/example_dags/example_branch_labels.py for tasks to queue
[2024-05-01T13:07:51.508+0300] {logging_mixin.py:188} INFO - [2024-05-01T13:07:51.508+0300] {dagbag.py:540} INFO - Filling up the DagBag from /home/yohanes/Documents/10academy/week2_2/10ac_city_traffic_data_warehouse_week2/week2_env/lib/python3.8/site-packages/airflow/example_dags/example_branch_labels.py
[2024-05-01T13:07:51.520+0300] {processor.py:840} INFO - DAG(s) 'example_branch_labels' retrieved from /home/yohanes/Documents/10academy/week2_2/10ac_city_traffic_data_warehouse_week2/week2_env/lib/python3.8/site-packages/airflow/example_dags/example_branch_labels.py
[2024-05-01T13:07:51.545+0300] {logging_mixin.py:188} INFO - [2024-05-01T13:07:51.545+0300] {dag.py:3096} INFO - Sync 1 DAGs
[2024-05-01T13:07:51.574+0300] {logging_mixin.py:188} INFO - [2024-05-01T13:07:51.574+0300] {dag.py:3954} INFO - Setting next_dagrun for example_branch_labels to 2024-04-30 00:00:00+00:00, run_after=2024-05-01 00:00:00+00:00
[2024-05-01T13:07:51.726+0300] {processor.py:183} INFO - Processing /home/yohanes/Documents/10academy/week2_2/10ac_city_traffic_data_warehouse_week2/week2_env/lib/python3.8/site-packages/airflow/example_dags/example_branch_labels.py took 0.256 seconds
[2024-05-01T13:09:30.385+0300] {processor.py:161} INFO - Started process (PID=198124) to work on /home/yohanes/Documents/10academy/week2_2/10ac_city_traffic_data_warehouse_week2/week2_env/lib/python3.8/site-packages/airflow/example_dags/example_branch_labels.py
[2024-05-01T13:09:30.449+0300] {processor.py:830} INFO - Processing file /home/yohanes/Documents/10academy/week2_2/10ac_city_traffic_data_warehouse_week2/week2_env/lib/python3.8/site-packages/airflow/example_dags/example_branch_labels.py for tasks to queue
[2024-05-01T13:09:30.451+0300] {logging_mixin.py:188} INFO - [2024-05-01T13:09:30.451+0300] {dagbag.py:540} INFO - Filling up the DagBag from /home/yohanes/Documents/10academy/week2_2/10ac_city_traffic_data_warehouse_week2/week2_env/lib/python3.8/site-packages/airflow/example_dags/example_branch_labels.py
[2024-05-01T13:09:30.679+0300] {processor.py:840} INFO - DAG(s) 'example_branch_labels' retrieved from /home/yohanes/Documents/10academy/week2_2/10ac_city_traffic_data_warehouse_week2/week2_env/lib/python3.8/site-packages/airflow/example_dags/example_branch_labels.py
[2024-05-01T13:09:30.703+0300] {logging_mixin.py:188} INFO - [2024-05-01T13:09:30.702+0300] {dag.py:3096} INFO - Sync 1 DAGs
[2024-05-01T13:09:30.732+0300] {logging_mixin.py:188} INFO - [2024-05-01T13:09:30.732+0300] {dag.py:3954} INFO - Setting next_dagrun for example_branch_labels to 2024-04-30 00:00:00+00:00, run_after=2024-05-01 00:00:00+00:00
[2024-05-01T13:09:31.174+0300] {processor.py:183} INFO - Processing /home/yohanes/Documents/10academy/week2_2/10ac_city_traffic_data_warehouse_week2/week2_env/lib/python3.8/site-packages/airflow/example_dags/example_branch_labels.py took 0.803 seconds
[2024-05-01T13:13:40.686+0300] {processor.py:161} INFO - Started process (PID=200904) to work on /home/yohanes/Documents/10academy/week2_2/10ac_city_traffic_data_warehouse_week2/week2_env/lib/python3.8/site-packages/airflow/example_dags/example_branch_labels.py
[2024-05-01T13:13:40.687+0300] {processor.py:830} INFO - Processing file /home/yohanes/Documents/10academy/week2_2/10ac_city_traffic_data_warehouse_week2/week2_env/lib/python3.8/site-packages/airflow/example_dags/example_branch_labels.py for tasks to queue
[2024-05-01T13:13:40.690+0300] {logging_mixin.py:188} INFO - [2024-05-01T13:13:40.690+0300] {dagbag.py:540} INFO - Filling up the DagBag from /home/yohanes/Documents/10academy/week2_2/10ac_city_traffic_data_warehouse_week2/week2_env/lib/python3.8/site-packages/airflow/example_dags/example_branch_labels.py
[2024-05-01T13:13:40.706+0300] {processor.py:840} INFO - DAG(s) 'example_branch_labels' retrieved from /home/yohanes/Documents/10academy/week2_2/10ac_city_traffic_data_warehouse_week2/week2_env/lib/python3.8/site-packages/airflow/example_dags/example_branch_labels.py
[2024-05-01T13:13:40.917+0300] {logging_mixin.py:188} INFO - [2024-05-01T13:13:40.916+0300] {override.py:1829} INFO - Created Permission View: can delete on DAG:example_branch_labels
[2024-05-01T13:13:40.951+0300] {logging_mixin.py:188} INFO - [2024-05-01T13:13:40.950+0300] {override.py:1829} INFO - Created Permission View: can edit on DAG:example_branch_labels
[2024-05-01T13:13:40.973+0300] {logging_mixin.py:188} INFO - [2024-05-01T13:13:40.972+0300] {override.py:1829} INFO - Created Permission View: can read on DAG:example_branch_labels
[2024-05-01T13:13:40.973+0300] {logging_mixin.py:188} INFO - [2024-05-01T13:13:40.973+0300] {dag.py:3096} INFO - Sync 1 DAGs
[2024-05-01T13:13:40.992+0300] {logging_mixin.py:188} INFO - [2024-05-01T13:13:40.991+0300] {dag.py:3118} INFO - Creating ORM DAG for example_branch_labels
[2024-05-01T13:13:41.012+0300] {logging_mixin.py:188} INFO - [2024-05-01T13:13:41.011+0300] {dag.py:3954} INFO - Setting next_dagrun for example_branch_labels to 2024-04-30 00:00:00+00:00, run_after=2024-05-01 00:00:00+00:00
[2024-05-01T13:13:41.052+0300] {processor.py:183} INFO - Processing /home/yohanes/Documents/10academy/week2_2/10ac_city_traffic_data_warehouse_week2/week2_env/lib/python3.8/site-packages/airflow/example_dags/example_branch_labels.py took 0.379 seconds
[2024-05-01T13:14:11.304+0300] {processor.py:161} INFO - Started process (PID=201428) to work on /home/yohanes/Documents/10academy/week2_2/10ac_city_traffic_data_warehouse_week2/week2_env/lib/python3.8/site-packages/airflow/example_dags/example_branch_labels.py
[2024-05-01T13:14:11.305+0300] {processor.py:830} INFO - Processing file /home/yohanes/Documents/10academy/week2_2/10ac_city_traffic_data_warehouse_week2/week2_env/lib/python3.8/site-packages/airflow/example_dags/example_branch_labels.py for tasks to queue
[2024-05-01T13:14:11.308+0300] {logging_mixin.py:188} INFO - [2024-05-01T13:14:11.308+0300] {dagbag.py:540} INFO - Filling up the DagBag from /home/yohanes/Documents/10academy/week2_2/10ac_city_traffic_data_warehouse_week2/week2_env/lib/python3.8/site-packages/airflow/example_dags/example_branch_labels.py
[2024-05-01T13:14:11.377+0300] {processor.py:840} INFO - DAG(s) 'example_branch_labels' retrieved from /home/yohanes/Documents/10academy/week2_2/10ac_city_traffic_data_warehouse_week2/week2_env/lib/python3.8/site-packages/airflow/example_dags/example_branch_labels.py
[2024-05-01T13:14:11.509+0300] {logging_mixin.py:188} INFO - [2024-05-01T13:14:11.509+0300] {dag.py:3096} INFO - Sync 1 DAGs
[2024-05-01T13:14:11.708+0300] {logging_mixin.py:188} INFO - [2024-05-01T13:14:11.708+0300] {dag.py:3954} INFO - Setting next_dagrun for example_branch_labels to 2024-04-30 00:00:00+00:00, run_after=2024-05-01 00:00:00+00:00
[2024-05-01T13:14:11.955+0300] {processor.py:183} INFO - Processing /home/yohanes/Documents/10academy/week2_2/10ac_city_traffic_data_warehouse_week2/week2_env/lib/python3.8/site-packages/airflow/example_dags/example_branch_labels.py took 0.676 seconds
