[2024-05-01T11:48:26.259+0300] {processor.py:161} INFO - Started process (PID=152885) to work on /home/yohanes/Documents/10academy/week2_2/10ac_city_traffic_data_warehouse_week2/week2_env/lib/python3.8/site-packages/airflow/example_dags/example_complex.py
[2024-05-01T11:48:26.260+0300] {processor.py:830} INFO - Processing file /home/yohanes/Documents/10academy/week2_2/10ac_city_traffic_data_warehouse_week2/week2_env/lib/python3.8/site-packages/airflow/example_dags/example_complex.py for tasks to queue
[2024-05-01T11:48:26.262+0300] {logging_mixin.py:188} INFO - [2024-05-01T11:48:26.262+0300] {dagbag.py:540} INFO - Filling up the DagBag from /home/yohanes/Documents/10academy/week2_2/10ac_city_traffic_data_warehouse_week2/week2_env/lib/python3.8/site-packages/airflow/example_dags/example_complex.py
[2024-05-01T11:48:26.300+0300] {processor.py:840} INFO - DAG(s) 'example_complex' retrieved from /home/yohanes/Documents/10academy/week2_2/10ac_city_traffic_data_warehouse_week2/week2_env/lib/python3.8/site-packages/airflow/example_dags/example_complex.py
[2024-05-01T11:48:26.479+0300] {logging_mixin.py:188} INFO - [2024-05-01T11:48:26.478+0300] {dag.py:3096} INFO - Sync 1 DAGs
[2024-05-01T11:48:26.493+0300] {logging_mixin.py:188} INFO - [2024-05-01T11:48:26.493+0300] {dag.py:3954} INFO - Setting next_dagrun for example_complex to None, run_after=None
[2024-05-01T11:48:26.669+0300] {processor.py:183} INFO - Processing /home/yohanes/Documents/10academy/week2_2/10ac_city_traffic_data_warehouse_week2/week2_env/lib/python3.8/site-packages/airflow/example_dags/example_complex.py took 0.420 seconds
[2024-05-01T11:49:55.951+0300] {processor.py:161} INFO - Started process (PID=153610) to work on /home/yohanes/Documents/10academy/week2_2/10ac_city_traffic_data_warehouse_week2/week2_env/lib/python3.8/site-packages/airflow/example_dags/example_complex.py
[2024-05-01T11:49:56.020+0300] {processor.py:830} INFO - Processing file /home/yohanes/Documents/10academy/week2_2/10ac_city_traffic_data_warehouse_week2/week2_env/lib/python3.8/site-packages/airflow/example_dags/example_complex.py for tasks to queue
[2024-05-01T11:49:56.022+0300] {logging_mixin.py:188} INFO - [2024-05-01T11:49:56.021+0300] {dagbag.py:540} INFO - Filling up the DagBag from /home/yohanes/Documents/10academy/week2_2/10ac_city_traffic_data_warehouse_week2/week2_env/lib/python3.8/site-packages/airflow/example_dags/example_complex.py
[2024-05-01T11:49:56.039+0300] {processor.py:840} INFO - DAG(s) 'example_complex' retrieved from /home/yohanes/Documents/10academy/week2_2/10ac_city_traffic_data_warehouse_week2/week2_env/lib/python3.8/site-packages/airflow/example_dags/example_complex.py
[2024-05-01T11:49:56.084+0300] {logging_mixin.py:188} INFO - [2024-05-01T11:49:56.084+0300] {dag.py:3096} INFO - Sync 1 DAGs
[2024-05-01T11:49:56.104+0300] {logging_mixin.py:188} INFO - [2024-05-01T11:49:56.103+0300] {dag.py:3954} INFO - Setting next_dagrun for example_complex to None, run_after=None
[2024-05-01T11:49:56.377+0300] {processor.py:183} INFO - Processing /home/yohanes/Documents/10academy/week2_2/10ac_city_traffic_data_warehouse_week2/week2_env/lib/python3.8/site-packages/airflow/example_dags/example_complex.py took 0.434 seconds
[2024-05-01T11:51:07.987+0300] {processor.py:161} INFO - Started process (PID=154202) to work on /home/yohanes/Documents/10academy/week2_2/10ac_city_traffic_data_warehouse_week2/week2_env/lib/python3.8/site-packages/airflow/example_dags/example_complex.py
[2024-05-01T11:51:08.013+0300] {processor.py:830} INFO - Processing file /home/yohanes/Documents/10academy/week2_2/10ac_city_traffic_data_warehouse_week2/week2_env/lib/python3.8/site-packages/airflow/example_dags/example_complex.py for tasks to queue
[2024-05-01T11:51:08.018+0300] {logging_mixin.py:188} INFO - [2024-05-01T11:51:08.017+0300] {dagbag.py:540} INFO - Filling up the DagBag from /home/yohanes/Documents/10academy/week2_2/10ac_city_traffic_data_warehouse_week2/week2_env/lib/python3.8/site-packages/airflow/example_dags/example_complex.py
[2024-05-01T11:51:08.036+0300] {processor.py:840} INFO - DAG(s) 'example_complex' retrieved from /home/yohanes/Documents/10academy/week2_2/10ac_city_traffic_data_warehouse_week2/week2_env/lib/python3.8/site-packages/airflow/example_dags/example_complex.py
[2024-05-01T11:51:08.086+0300] {logging_mixin.py:188} INFO - [2024-05-01T11:51:08.086+0300] {dag.py:3096} INFO - Sync 1 DAGs
[2024-05-01T11:51:08.104+0300] {logging_mixin.py:188} INFO - [2024-05-01T11:51:08.104+0300] {dag.py:3954} INFO - Setting next_dagrun for example_complex to None, run_after=None
[2024-05-01T11:51:08.231+0300] {processor.py:183} INFO - Processing /home/yohanes/Documents/10academy/week2_2/10ac_city_traffic_data_warehouse_week2/week2_env/lib/python3.8/site-packages/airflow/example_dags/example_complex.py took 0.258 seconds
[2024-05-01T11:52:18.261+0300] {processor.py:161} INFO - Started process (PID=154768) to work on /home/yohanes/Documents/10academy/week2_2/10ac_city_traffic_data_warehouse_week2/week2_env/lib/python3.8/site-packages/airflow/example_dags/example_complex.py
[2024-05-01T11:52:18.277+0300] {processor.py:830} INFO - Processing file /home/yohanes/Documents/10academy/week2_2/10ac_city_traffic_data_warehouse_week2/week2_env/lib/python3.8/site-packages/airflow/example_dags/example_complex.py for tasks to queue
[2024-05-01T11:52:18.280+0300] {logging_mixin.py:188} INFO - [2024-05-01T11:52:18.279+0300] {dagbag.py:540} INFO - Filling up the DagBag from /home/yohanes/Documents/10academy/week2_2/10ac_city_traffic_data_warehouse_week2/week2_env/lib/python3.8/site-packages/airflow/example_dags/example_complex.py
[2024-05-01T11:52:18.296+0300] {processor.py:840} INFO - DAG(s) 'example_complex' retrieved from /home/yohanes/Documents/10academy/week2_2/10ac_city_traffic_data_warehouse_week2/week2_env/lib/python3.8/site-packages/airflow/example_dags/example_complex.py
[2024-05-01T11:52:18.336+0300] {logging_mixin.py:188} INFO - [2024-05-01T11:52:18.336+0300] {dag.py:3096} INFO - Sync 1 DAGs
[2024-05-01T11:52:18.353+0300] {logging_mixin.py:188} INFO - [2024-05-01T11:52:18.353+0300] {dag.py:3954} INFO - Setting next_dagrun for example_complex to None, run_after=None
[2024-05-01T11:52:18.485+0300] {processor.py:183} INFO - Processing /home/yohanes/Documents/10academy/week2_2/10ac_city_traffic_data_warehouse_week2/week2_env/lib/python3.8/site-packages/airflow/example_dags/example_complex.py took 0.235 seconds
[2024-05-01T11:53:25.957+0300] {processor.py:161} INFO - Started process (PID=155297) to work on /home/yohanes/Documents/10academy/week2_2/10ac_city_traffic_data_warehouse_week2/week2_env/lib/python3.8/site-packages/airflow/example_dags/example_complex.py
[2024-05-01T11:53:25.981+0300] {processor.py:830} INFO - Processing file /home/yohanes/Documents/10academy/week2_2/10ac_city_traffic_data_warehouse_week2/week2_env/lib/python3.8/site-packages/airflow/example_dags/example_complex.py for tasks to queue
[2024-05-01T11:53:25.984+0300] {logging_mixin.py:188} INFO - [2024-05-01T11:53:25.983+0300] {dagbag.py:540} INFO - Filling up the DagBag from /home/yohanes/Documents/10academy/week2_2/10ac_city_traffic_data_warehouse_week2/week2_env/lib/python3.8/site-packages/airflow/example_dags/example_complex.py
[2024-05-01T11:53:26.001+0300] {processor.py:840} INFO - DAG(s) 'example_complex' retrieved from /home/yohanes/Documents/10academy/week2_2/10ac_city_traffic_data_warehouse_week2/week2_env/lib/python3.8/site-packages/airflow/example_dags/example_complex.py
[2024-05-01T11:53:26.043+0300] {logging_mixin.py:188} INFO - [2024-05-01T11:53:26.042+0300] {dag.py:3096} INFO - Sync 1 DAGs
[2024-05-01T11:53:26.066+0300] {logging_mixin.py:188} INFO - [2024-05-01T11:53:26.065+0300] {dag.py:3954} INFO - Setting next_dagrun for example_complex to None, run_after=None
[2024-05-01T11:53:26.203+0300] {processor.py:183} INFO - Processing /home/yohanes/Documents/10academy/week2_2/10ac_city_traffic_data_warehouse_week2/week2_env/lib/python3.8/site-packages/airflow/example_dags/example_complex.py took 0.256 seconds
[2024-05-01T11:54:30.332+0300] {processor.py:161} INFO - Started process (PID=155806) to work on /home/yohanes/Documents/10academy/week2_2/10ac_city_traffic_data_warehouse_week2/week2_env/lib/python3.8/site-packages/airflow/example_dags/example_complex.py
[2024-05-01T11:54:30.352+0300] {processor.py:830} INFO - Processing file /home/yohanes/Documents/10academy/week2_2/10ac_city_traffic_data_warehouse_week2/week2_env/lib/python3.8/site-packages/airflow/example_dags/example_complex.py for tasks to queue
[2024-05-01T11:54:30.354+0300] {logging_mixin.py:188} INFO - [2024-05-01T11:54:30.353+0300] {dagbag.py:540} INFO - Filling up the DagBag from /home/yohanes/Documents/10academy/week2_2/10ac_city_traffic_data_warehouse_week2/week2_env/lib/python3.8/site-packages/airflow/example_dags/example_complex.py
[2024-05-01T11:54:30.370+0300] {processor.py:840} INFO - DAG(s) 'example_complex' retrieved from /home/yohanes/Documents/10academy/week2_2/10ac_city_traffic_data_warehouse_week2/week2_env/lib/python3.8/site-packages/airflow/example_dags/example_complex.py
[2024-05-01T11:54:30.410+0300] {logging_mixin.py:188} INFO - [2024-05-01T11:54:30.410+0300] {dag.py:3096} INFO - Sync 1 DAGs
[2024-05-01T11:54:30.427+0300] {logging_mixin.py:188} INFO - [2024-05-01T11:54:30.426+0300] {dag.py:3954} INFO - Setting next_dagrun for example_complex to None, run_after=None
[2024-05-01T11:54:30.536+0300] {processor.py:183} INFO - Processing /home/yohanes/Documents/10academy/week2_2/10ac_city_traffic_data_warehouse_week2/week2_env/lib/python3.8/site-packages/airflow/example_dags/example_complex.py took 0.215 seconds
[2024-05-01T11:55:40.560+0300] {processor.py:161} INFO - Started process (PID=156360) to work on /home/yohanes/Documents/10academy/week2_2/10ac_city_traffic_data_warehouse_week2/week2_env/lib/python3.8/site-packages/airflow/example_dags/example_complex.py
[2024-05-01T11:55:40.584+0300] {processor.py:830} INFO - Processing file /home/yohanes/Documents/10academy/week2_2/10ac_city_traffic_data_warehouse_week2/week2_env/lib/python3.8/site-packages/airflow/example_dags/example_complex.py for tasks to queue
[2024-05-01T11:55:40.587+0300] {logging_mixin.py:188} INFO - [2024-05-01T11:55:40.586+0300] {dagbag.py:540} INFO - Filling up the DagBag from /home/yohanes/Documents/10academy/week2_2/10ac_city_traffic_data_warehouse_week2/week2_env/lib/python3.8/site-packages/airflow/example_dags/example_complex.py
[2024-05-01T11:55:40.605+0300] {processor.py:840} INFO - DAG(s) 'example_complex' retrieved from /home/yohanes/Documents/10academy/week2_2/10ac_city_traffic_data_warehouse_week2/week2_env/lib/python3.8/site-packages/airflow/example_dags/example_complex.py
[2024-05-01T11:55:40.657+0300] {logging_mixin.py:188} INFO - [2024-05-01T11:55:40.657+0300] {dag.py:3096} INFO - Sync 1 DAGs
[2024-05-01T11:55:40.674+0300] {logging_mixin.py:188} INFO - [2024-05-01T11:55:40.674+0300] {dag.py:3954} INFO - Setting next_dagrun for example_complex to None, run_after=None
[2024-05-01T11:55:40.807+0300] {processor.py:183} INFO - Processing /home/yohanes/Documents/10academy/week2_2/10ac_city_traffic_data_warehouse_week2/week2_env/lib/python3.8/site-packages/airflow/example_dags/example_complex.py took 0.257 seconds
[2024-05-01T11:56:49.662+0300] {processor.py:161} INFO - Started process (PID=156945) to work on /home/yohanes/Documents/10academy/week2_2/10ac_city_traffic_data_warehouse_week2/week2_env/lib/python3.8/site-packages/airflow/example_dags/example_complex.py
[2024-05-01T11:56:49.689+0300] {processor.py:830} INFO - Processing file /home/yohanes/Documents/10academy/week2_2/10ac_city_traffic_data_warehouse_week2/week2_env/lib/python3.8/site-packages/airflow/example_dags/example_complex.py for tasks to queue
[2024-05-01T11:56:49.693+0300] {logging_mixin.py:188} INFO - [2024-05-01T11:56:49.692+0300] {dagbag.py:540} INFO - Filling up the DagBag from /home/yohanes/Documents/10academy/week2_2/10ac_city_traffic_data_warehouse_week2/week2_env/lib/python3.8/site-packages/airflow/example_dags/example_complex.py
[2024-05-01T11:56:49.712+0300] {processor.py:840} INFO - DAG(s) 'example_complex' retrieved from /home/yohanes/Documents/10academy/week2_2/10ac_city_traffic_data_warehouse_week2/week2_env/lib/python3.8/site-packages/airflow/example_dags/example_complex.py
[2024-05-01T11:56:49.754+0300] {logging_mixin.py:188} INFO - [2024-05-01T11:56:49.753+0300] {dag.py:3096} INFO - Sync 1 DAGs
[2024-05-01T11:56:49.773+0300] {logging_mixin.py:188} INFO - [2024-05-01T11:56:49.773+0300] {dag.py:3954} INFO - Setting next_dagrun for example_complex to None, run_after=None
[2024-05-01T11:56:49.901+0300] {processor.py:183} INFO - Processing /home/yohanes/Documents/10academy/week2_2/10ac_city_traffic_data_warehouse_week2/week2_env/lib/python3.8/site-packages/airflow/example_dags/example_complex.py took 0.248 seconds
[2024-05-01T11:57:51.459+0300] {processor.py:161} INFO - Started process (PID=157442) to work on /home/yohanes/Documents/10academy/week2_2/10ac_city_traffic_data_warehouse_week2/week2_env/lib/python3.8/site-packages/airflow/example_dags/example_complex.py
[2024-05-01T11:57:51.461+0300] {processor.py:830} INFO - Processing file /home/yohanes/Documents/10academy/week2_2/10ac_city_traffic_data_warehouse_week2/week2_env/lib/python3.8/site-packages/airflow/example_dags/example_complex.py for tasks to queue
[2024-05-01T11:57:51.463+0300] {logging_mixin.py:188} INFO - [2024-05-01T11:57:51.462+0300] {dagbag.py:540} INFO - Filling up the DagBag from /home/yohanes/Documents/10academy/week2_2/10ac_city_traffic_data_warehouse_week2/week2_env/lib/python3.8/site-packages/airflow/example_dags/example_complex.py
[2024-05-01T11:57:51.479+0300] {processor.py:840} INFO - DAG(s) 'example_complex' retrieved from /home/yohanes/Documents/10academy/week2_2/10ac_city_traffic_data_warehouse_week2/week2_env/lib/python3.8/site-packages/airflow/example_dags/example_complex.py
[2024-05-01T11:57:51.522+0300] {logging_mixin.py:188} INFO - [2024-05-01T11:57:51.521+0300] {dag.py:3096} INFO - Sync 1 DAGs
[2024-05-01T11:57:51.539+0300] {logging_mixin.py:188} INFO - [2024-05-01T11:57:51.539+0300] {dag.py:3954} INFO - Setting next_dagrun for example_complex to None, run_after=None
[2024-05-01T11:57:51.688+0300] {processor.py:183} INFO - Processing /home/yohanes/Documents/10academy/week2_2/10ac_city_traffic_data_warehouse_week2/week2_env/lib/python3.8/site-packages/airflow/example_dags/example_complex.py took 0.239 seconds
[2024-05-01T11:59:01.004+0300] {processor.py:161} INFO - Started process (PID=158007) to work on /home/yohanes/Documents/10academy/week2_2/10ac_city_traffic_data_warehouse_week2/week2_env/lib/python3.8/site-packages/airflow/example_dags/example_complex.py
[2024-05-01T11:59:01.049+0300] {processor.py:830} INFO - Processing file /home/yohanes/Documents/10academy/week2_2/10ac_city_traffic_data_warehouse_week2/week2_env/lib/python3.8/site-packages/airflow/example_dags/example_complex.py for tasks to queue
[2024-05-01T11:59:01.051+0300] {logging_mixin.py:188} INFO - [2024-05-01T11:59:01.050+0300] {dagbag.py:540} INFO - Filling up the DagBag from /home/yohanes/Documents/10academy/week2_2/10ac_city_traffic_data_warehouse_week2/week2_env/lib/python3.8/site-packages/airflow/example_dags/example_complex.py
[2024-05-01T11:59:01.069+0300] {processor.py:840} INFO - DAG(s) 'example_complex' retrieved from /home/yohanes/Documents/10academy/week2_2/10ac_city_traffic_data_warehouse_week2/week2_env/lib/python3.8/site-packages/airflow/example_dags/example_complex.py
[2024-05-01T11:59:01.114+0300] {logging_mixin.py:188} INFO - [2024-05-01T11:59:01.114+0300] {dag.py:3096} INFO - Sync 1 DAGs
[2024-05-01T11:59:01.131+0300] {logging_mixin.py:188} INFO - [2024-05-01T11:59:01.131+0300] {dag.py:3954} INFO - Setting next_dagrun for example_complex to None, run_after=None
[2024-05-01T11:59:01.248+0300] {processor.py:183} INFO - Processing /home/yohanes/Documents/10academy/week2_2/10ac_city_traffic_data_warehouse_week2/week2_env/lib/python3.8/site-packages/airflow/example_dags/example_complex.py took 0.254 seconds
[2024-05-01T12:00:08.906+0300] {processor.py:161} INFO - Started process (PID=158560) to work on /home/yohanes/Documents/10academy/week2_2/10ac_city_traffic_data_warehouse_week2/week2_env/lib/python3.8/site-packages/airflow/example_dags/example_complex.py
[2024-05-01T12:00:08.934+0300] {processor.py:830} INFO - Processing file /home/yohanes/Documents/10academy/week2_2/10ac_city_traffic_data_warehouse_week2/week2_env/lib/python3.8/site-packages/airflow/example_dags/example_complex.py for tasks to queue
[2024-05-01T12:00:08.937+0300] {logging_mixin.py:188} INFO - [2024-05-01T12:00:08.936+0300] {dagbag.py:540} INFO - Filling up the DagBag from /home/yohanes/Documents/10academy/week2_2/10ac_city_traffic_data_warehouse_week2/week2_env/lib/python3.8/site-packages/airflow/example_dags/example_complex.py
[2024-05-01T12:00:08.953+0300] {processor.py:840} INFO - DAG(s) 'example_complex' retrieved from /home/yohanes/Documents/10academy/week2_2/10ac_city_traffic_data_warehouse_week2/week2_env/lib/python3.8/site-packages/airflow/example_dags/example_complex.py
[2024-05-01T12:00:08.997+0300] {logging_mixin.py:188} INFO - [2024-05-01T12:00:08.996+0300] {dag.py:3096} INFO - Sync 1 DAGs
[2024-05-01T12:00:09.014+0300] {logging_mixin.py:188} INFO - [2024-05-01T12:00:09.014+0300] {dag.py:3954} INFO - Setting next_dagrun for example_complex to None, run_after=None
[2024-05-01T12:00:09.134+0300] {processor.py:183} INFO - Processing /home/yohanes/Documents/10academy/week2_2/10ac_city_traffic_data_warehouse_week2/week2_env/lib/python3.8/site-packages/airflow/example_dags/example_complex.py took 0.235 seconds
[2024-05-01T12:01:15.973+0300] {processor.py:161} INFO - Started process (PID=159108) to work on /home/yohanes/Documents/10academy/week2_2/10ac_city_traffic_data_warehouse_week2/week2_env/lib/python3.8/site-packages/airflow/example_dags/example_complex.py
[2024-05-01T12:01:15.994+0300] {processor.py:830} INFO - Processing file /home/yohanes/Documents/10academy/week2_2/10ac_city_traffic_data_warehouse_week2/week2_env/lib/python3.8/site-packages/airflow/example_dags/example_complex.py for tasks to queue
[2024-05-01T12:01:15.997+0300] {logging_mixin.py:188} INFO - [2024-05-01T12:01:15.996+0300] {dagbag.py:540} INFO - Filling up the DagBag from /home/yohanes/Documents/10academy/week2_2/10ac_city_traffic_data_warehouse_week2/week2_env/lib/python3.8/site-packages/airflow/example_dags/example_complex.py
[2024-05-01T12:01:16.013+0300] {processor.py:840} INFO - DAG(s) 'example_complex' retrieved from /home/yohanes/Documents/10academy/week2_2/10ac_city_traffic_data_warehouse_week2/week2_env/lib/python3.8/site-packages/airflow/example_dags/example_complex.py
[2024-05-01T12:01:16.056+0300] {logging_mixin.py:188} INFO - [2024-05-01T12:01:16.055+0300] {dag.py:3096} INFO - Sync 1 DAGs
[2024-05-01T12:01:16.075+0300] {logging_mixin.py:188} INFO - [2024-05-01T12:01:16.074+0300] {dag.py:3954} INFO - Setting next_dagrun for example_complex to None, run_after=None
[2024-05-01T12:01:16.196+0300] {processor.py:183} INFO - Processing /home/yohanes/Documents/10academy/week2_2/10ac_city_traffic_data_warehouse_week2/week2_env/lib/python3.8/site-packages/airflow/example_dags/example_complex.py took 0.232 seconds
[2024-05-01T12:02:17.207+0300] {processor.py:161} INFO - Started process (PID=159590) to work on /home/yohanes/Documents/10academy/week2_2/10ac_city_traffic_data_warehouse_week2/week2_env/lib/python3.8/site-packages/airflow/example_dags/example_complex.py
[2024-05-01T12:02:17.257+0300] {processor.py:830} INFO - Processing file /home/yohanes/Documents/10academy/week2_2/10ac_city_traffic_data_warehouse_week2/week2_env/lib/python3.8/site-packages/airflow/example_dags/example_complex.py for tasks to queue
[2024-05-01T12:02:17.259+0300] {logging_mixin.py:188} INFO - [2024-05-01T12:02:17.258+0300] {dagbag.py:540} INFO - Filling up the DagBag from /home/yohanes/Documents/10academy/week2_2/10ac_city_traffic_data_warehouse_week2/week2_env/lib/python3.8/site-packages/airflow/example_dags/example_complex.py
[2024-05-01T12:02:17.275+0300] {processor.py:840} INFO - DAG(s) 'example_complex' retrieved from /home/yohanes/Documents/10academy/week2_2/10ac_city_traffic_data_warehouse_week2/week2_env/lib/python3.8/site-packages/airflow/example_dags/example_complex.py
[2024-05-01T12:02:17.316+0300] {logging_mixin.py:188} INFO - [2024-05-01T12:02:17.316+0300] {dag.py:3096} INFO - Sync 1 DAGs
[2024-05-01T12:02:17.333+0300] {logging_mixin.py:188} INFO - [2024-05-01T12:02:17.332+0300] {dag.py:3954} INFO - Setting next_dagrun for example_complex to None, run_after=None
[2024-05-01T12:02:17.879+0300] {processor.py:183} INFO - Processing /home/yohanes/Documents/10academy/week2_2/10ac_city_traffic_data_warehouse_week2/week2_env/lib/python3.8/site-packages/airflow/example_dags/example_complex.py took 0.681 seconds
[2024-05-01T12:03:28.399+0300] {processor.py:161} INFO - Started process (PID=160147) to work on /home/yohanes/Documents/10academy/week2_2/10ac_city_traffic_data_warehouse_week2/week2_env/lib/python3.8/site-packages/airflow/example_dags/example_complex.py
[2024-05-01T12:03:28.429+0300] {processor.py:830} INFO - Processing file /home/yohanes/Documents/10academy/week2_2/10ac_city_traffic_data_warehouse_week2/week2_env/lib/python3.8/site-packages/airflow/example_dags/example_complex.py for tasks to queue
[2024-05-01T12:03:28.431+0300] {logging_mixin.py:188} INFO - [2024-05-01T12:03:28.431+0300] {dagbag.py:540} INFO - Filling up the DagBag from /home/yohanes/Documents/10academy/week2_2/10ac_city_traffic_data_warehouse_week2/week2_env/lib/python3.8/site-packages/airflow/example_dags/example_complex.py
[2024-05-01T12:03:28.447+0300] {processor.py:840} INFO - DAG(s) 'example_complex' retrieved from /home/yohanes/Documents/10academy/week2_2/10ac_city_traffic_data_warehouse_week2/week2_env/lib/python3.8/site-packages/airflow/example_dags/example_complex.py
[2024-05-01T12:03:28.488+0300] {logging_mixin.py:188} INFO - [2024-05-01T12:03:28.488+0300] {dag.py:3096} INFO - Sync 1 DAGs
[2024-05-01T12:03:28.505+0300] {logging_mixin.py:188} INFO - [2024-05-01T12:03:28.504+0300] {dag.py:3954} INFO - Setting next_dagrun for example_complex to None, run_after=None
[2024-05-01T12:03:28.621+0300] {processor.py:183} INFO - Processing /home/yohanes/Documents/10academy/week2_2/10ac_city_traffic_data_warehouse_week2/week2_env/lib/python3.8/site-packages/airflow/example_dags/example_complex.py took 0.230 seconds
[2024-05-01T12:04:40.137+0300] {processor.py:161} INFO - Started process (PID=160740) to work on /home/yohanes/Documents/10academy/week2_2/10ac_city_traffic_data_warehouse_week2/week2_env/lib/python3.8/site-packages/airflow/example_dags/example_complex.py
[2024-05-01T12:04:40.158+0300] {processor.py:830} INFO - Processing file /home/yohanes/Documents/10academy/week2_2/10ac_city_traffic_data_warehouse_week2/week2_env/lib/python3.8/site-packages/airflow/example_dags/example_complex.py for tasks to queue
[2024-05-01T12:04:40.160+0300] {logging_mixin.py:188} INFO - [2024-05-01T12:04:40.160+0300] {dagbag.py:540} INFO - Filling up the DagBag from /home/yohanes/Documents/10academy/week2_2/10ac_city_traffic_data_warehouse_week2/week2_env/lib/python3.8/site-packages/airflow/example_dags/example_complex.py
[2024-05-01T12:04:40.177+0300] {processor.py:840} INFO - DAG(s) 'example_complex' retrieved from /home/yohanes/Documents/10academy/week2_2/10ac_city_traffic_data_warehouse_week2/week2_env/lib/python3.8/site-packages/airflow/example_dags/example_complex.py
[2024-05-01T12:04:40.223+0300] {logging_mixin.py:188} INFO - [2024-05-01T12:04:40.222+0300] {dag.py:3096} INFO - Sync 1 DAGs
[2024-05-01T12:04:40.240+0300] {logging_mixin.py:188} INFO - [2024-05-01T12:04:40.240+0300] {dag.py:3954} INFO - Setting next_dagrun for example_complex to None, run_after=None
[2024-05-01T12:04:40.388+0300] {processor.py:183} INFO - Processing /home/yohanes/Documents/10academy/week2_2/10ac_city_traffic_data_warehouse_week2/week2_env/lib/python3.8/site-packages/airflow/example_dags/example_complex.py took 0.261 seconds
[2024-05-01T12:05:51.121+0300] {processor.py:161} INFO - Started process (PID=161415) to work on /home/yohanes/Documents/10academy/week2_2/10ac_city_traffic_data_warehouse_week2/week2_env/lib/python3.8/site-packages/airflow/example_dags/example_complex.py
[2024-05-01T12:05:51.132+0300] {processor.py:830} INFO - Processing file /home/yohanes/Documents/10academy/week2_2/10ac_city_traffic_data_warehouse_week2/week2_env/lib/python3.8/site-packages/airflow/example_dags/example_complex.py for tasks to queue
[2024-05-01T12:05:51.134+0300] {logging_mixin.py:188} INFO - [2024-05-01T12:05:51.133+0300] {dagbag.py:540} INFO - Filling up the DagBag from /home/yohanes/Documents/10academy/week2_2/10ac_city_traffic_data_warehouse_week2/week2_env/lib/python3.8/site-packages/airflow/example_dags/example_complex.py
[2024-05-01T12:05:51.152+0300] {processor.py:840} INFO - DAG(s) 'example_complex' retrieved from /home/yohanes/Documents/10academy/week2_2/10ac_city_traffic_data_warehouse_week2/week2_env/lib/python3.8/site-packages/airflow/example_dags/example_complex.py
[2024-05-01T12:05:51.197+0300] {logging_mixin.py:188} INFO - [2024-05-01T12:05:51.197+0300] {dag.py:3096} INFO - Sync 1 DAGs
[2024-05-01T12:05:51.217+0300] {logging_mixin.py:188} INFO - [2024-05-01T12:05:51.217+0300] {dag.py:3954} INFO - Setting next_dagrun for example_complex to None, run_after=None
[2024-05-01T12:05:51.435+0300] {processor.py:183} INFO - Processing /home/yohanes/Documents/10academy/week2_2/10ac_city_traffic_data_warehouse_week2/week2_env/lib/python3.8/site-packages/airflow/example_dags/example_complex.py took 0.323 seconds
[2024-05-01T12:07:08.199+0300] {processor.py:161} INFO - Started process (PID=162137) to work on /home/yohanes/Documents/10academy/week2_2/10ac_city_traffic_data_warehouse_week2/week2_env/lib/python3.8/site-packages/airflow/example_dags/example_complex.py
[2024-05-01T12:07:08.216+0300] {processor.py:830} INFO - Processing file /home/yohanes/Documents/10academy/week2_2/10ac_city_traffic_data_warehouse_week2/week2_env/lib/python3.8/site-packages/airflow/example_dags/example_complex.py for tasks to queue
[2024-05-01T12:07:08.218+0300] {logging_mixin.py:188} INFO - [2024-05-01T12:07:08.217+0300] {dagbag.py:540} INFO - Filling up the DagBag from /home/yohanes/Documents/10academy/week2_2/10ac_city_traffic_data_warehouse_week2/week2_env/lib/python3.8/site-packages/airflow/example_dags/example_complex.py
[2024-05-01T12:07:08.235+0300] {processor.py:840} INFO - DAG(s) 'example_complex' retrieved from /home/yohanes/Documents/10academy/week2_2/10ac_city_traffic_data_warehouse_week2/week2_env/lib/python3.8/site-packages/airflow/example_dags/example_complex.py
[2024-05-01T12:07:08.410+0300] {logging_mixin.py:188} INFO - [2024-05-01T12:07:08.410+0300] {dag.py:3096} INFO - Sync 1 DAGs
[2024-05-01T12:07:08.430+0300] {logging_mixin.py:188} INFO - [2024-05-01T12:07:08.429+0300] {dag.py:3954} INFO - Setting next_dagrun for example_complex to None, run_after=None
[2024-05-01T12:07:08.573+0300] {processor.py:183} INFO - Processing /home/yohanes/Documents/10academy/week2_2/10ac_city_traffic_data_warehouse_week2/week2_env/lib/python3.8/site-packages/airflow/example_dags/example_complex.py took 0.385 seconds
[2024-05-01T12:08:48.310+0300] {processor.py:161} INFO - Started process (PID=163037) to work on /home/yohanes/Documents/10academy/week2_2/10ac_city_traffic_data_warehouse_week2/week2_env/lib/python3.8/site-packages/airflow/example_dags/example_complex.py
[2024-05-01T12:08:48.336+0300] {processor.py:830} INFO - Processing file /home/yohanes/Documents/10academy/week2_2/10ac_city_traffic_data_warehouse_week2/week2_env/lib/python3.8/site-packages/airflow/example_dags/example_complex.py for tasks to queue
[2024-05-01T12:08:48.338+0300] {logging_mixin.py:188} INFO - [2024-05-01T12:08:48.337+0300] {dagbag.py:540} INFO - Filling up the DagBag from /home/yohanes/Documents/10academy/week2_2/10ac_city_traffic_data_warehouse_week2/week2_env/lib/python3.8/site-packages/airflow/example_dags/example_complex.py
[2024-05-01T12:08:48.363+0300] {processor.py:840} INFO - DAG(s) 'example_complex' retrieved from /home/yohanes/Documents/10academy/week2_2/10ac_city_traffic_data_warehouse_week2/week2_env/lib/python3.8/site-packages/airflow/example_dags/example_complex.py
[2024-05-01T12:08:48.409+0300] {logging_mixin.py:188} INFO - [2024-05-01T12:08:48.408+0300] {dag.py:3096} INFO - Sync 1 DAGs
[2024-05-01T12:08:48.427+0300] {logging_mixin.py:188} INFO - [2024-05-01T12:08:48.426+0300] {dag.py:3954} INFO - Setting next_dagrun for example_complex to None, run_after=None
[2024-05-01T12:08:48.606+0300] {processor.py:183} INFO - Processing /home/yohanes/Documents/10academy/week2_2/10ac_city_traffic_data_warehouse_week2/week2_env/lib/python3.8/site-packages/airflow/example_dags/example_complex.py took 0.306 seconds
[2024-05-01T12:09:58.898+0300] {processor.py:161} INFO - Started process (PID=163629) to work on /home/yohanes/Documents/10academy/week2_2/10ac_city_traffic_data_warehouse_week2/week2_env/lib/python3.8/site-packages/airflow/example_dags/example_complex.py
[2024-05-01T12:09:58.925+0300] {processor.py:830} INFO - Processing file /home/yohanes/Documents/10academy/week2_2/10ac_city_traffic_data_warehouse_week2/week2_env/lib/python3.8/site-packages/airflow/example_dags/example_complex.py for tasks to queue
[2024-05-01T12:09:58.927+0300] {logging_mixin.py:188} INFO - [2024-05-01T12:09:58.927+0300] {dagbag.py:540} INFO - Filling up the DagBag from /home/yohanes/Documents/10academy/week2_2/10ac_city_traffic_data_warehouse_week2/week2_env/lib/python3.8/site-packages/airflow/example_dags/example_complex.py
[2024-05-01T12:09:58.943+0300] {processor.py:840} INFO - DAG(s) 'example_complex' retrieved from /home/yohanes/Documents/10academy/week2_2/10ac_city_traffic_data_warehouse_week2/week2_env/lib/python3.8/site-packages/airflow/example_dags/example_complex.py
[2024-05-01T12:09:58.985+0300] {logging_mixin.py:188} INFO - [2024-05-01T12:09:58.985+0300] {dag.py:3096} INFO - Sync 1 DAGs
[2024-05-01T12:09:59.002+0300] {logging_mixin.py:188} INFO - [2024-05-01T12:09:59.001+0300] {dag.py:3954} INFO - Setting next_dagrun for example_complex to None, run_after=None
[2024-05-01T12:09:59.185+0300] {processor.py:183} INFO - Processing /home/yohanes/Documents/10academy/week2_2/10ac_city_traffic_data_warehouse_week2/week2_env/lib/python3.8/site-packages/airflow/example_dags/example_complex.py took 0.298 seconds
[2024-05-01T12:11:11.433+0300] {processor.py:161} INFO - Started process (PID=164245) to work on /home/yohanes/Documents/10academy/week2_2/10ac_city_traffic_data_warehouse_week2/week2_env/lib/python3.8/site-packages/airflow/example_dags/example_complex.py
[2024-05-01T12:11:11.497+0300] {processor.py:830} INFO - Processing file /home/yohanes/Documents/10academy/week2_2/10ac_city_traffic_data_warehouse_week2/week2_env/lib/python3.8/site-packages/airflow/example_dags/example_complex.py for tasks to queue
[2024-05-01T12:11:11.500+0300] {logging_mixin.py:188} INFO - [2024-05-01T12:11:11.499+0300] {dagbag.py:540} INFO - Filling up the DagBag from /home/yohanes/Documents/10academy/week2_2/10ac_city_traffic_data_warehouse_week2/week2_env/lib/python3.8/site-packages/airflow/example_dags/example_complex.py
[2024-05-01T12:11:11.516+0300] {processor.py:840} INFO - DAG(s) 'example_complex' retrieved from /home/yohanes/Documents/10academy/week2_2/10ac_city_traffic_data_warehouse_week2/week2_env/lib/python3.8/site-packages/airflow/example_dags/example_complex.py
[2024-05-01T12:11:11.556+0300] {logging_mixin.py:188} INFO - [2024-05-01T12:11:11.556+0300] {dag.py:3096} INFO - Sync 1 DAGs
[2024-05-01T12:11:11.573+0300] {logging_mixin.py:188} INFO - [2024-05-01T12:11:11.573+0300] {dag.py:3954} INFO - Setting next_dagrun for example_complex to None, run_after=None
[2024-05-01T12:11:11.685+0300] {processor.py:183} INFO - Processing /home/yohanes/Documents/10academy/week2_2/10ac_city_traffic_data_warehouse_week2/week2_env/lib/python3.8/site-packages/airflow/example_dags/example_complex.py took 0.263 seconds
[2024-05-01T12:12:20.488+0300] {processor.py:161} INFO - Started process (PID=164789) to work on /home/yohanes/Documents/10academy/week2_2/10ac_city_traffic_data_warehouse_week2/week2_env/lib/python3.8/site-packages/airflow/example_dags/example_complex.py
[2024-05-01T12:12:20.514+0300] {processor.py:830} INFO - Processing file /home/yohanes/Documents/10academy/week2_2/10ac_city_traffic_data_warehouse_week2/week2_env/lib/python3.8/site-packages/airflow/example_dags/example_complex.py for tasks to queue
[2024-05-01T12:12:20.517+0300] {logging_mixin.py:188} INFO - [2024-05-01T12:12:20.516+0300] {dagbag.py:540} INFO - Filling up the DagBag from /home/yohanes/Documents/10academy/week2_2/10ac_city_traffic_data_warehouse_week2/week2_env/lib/python3.8/site-packages/airflow/example_dags/example_complex.py
[2024-05-01T12:12:20.541+0300] {processor.py:840} INFO - DAG(s) 'example_complex' retrieved from /home/yohanes/Documents/10academy/week2_2/10ac_city_traffic_data_warehouse_week2/week2_env/lib/python3.8/site-packages/airflow/example_dags/example_complex.py
[2024-05-01T12:12:20.586+0300] {logging_mixin.py:188} INFO - [2024-05-01T12:12:20.586+0300] {dag.py:3096} INFO - Sync 1 DAGs
[2024-05-01T12:12:20.603+0300] {logging_mixin.py:188} INFO - [2024-05-01T12:12:20.602+0300] {dag.py:3954} INFO - Setting next_dagrun for example_complex to None, run_after=None
[2024-05-01T12:12:20.725+0300] {processor.py:183} INFO - Processing /home/yohanes/Documents/10academy/week2_2/10ac_city_traffic_data_warehouse_week2/week2_env/lib/python3.8/site-packages/airflow/example_dags/example_complex.py took 0.247 seconds
[2024-05-01T12:13:29.107+0300] {processor.py:161} INFO - Started process (PID=165333) to work on /home/yohanes/Documents/10academy/week2_2/10ac_city_traffic_data_warehouse_week2/week2_env/lib/python3.8/site-packages/airflow/example_dags/example_complex.py
[2024-05-01T12:13:29.149+0300] {processor.py:830} INFO - Processing file /home/yohanes/Documents/10academy/week2_2/10ac_city_traffic_data_warehouse_week2/week2_env/lib/python3.8/site-packages/airflow/example_dags/example_complex.py for tasks to queue
[2024-05-01T12:13:29.152+0300] {logging_mixin.py:188} INFO - [2024-05-01T12:13:29.151+0300] {dagbag.py:540} INFO - Filling up the DagBag from /home/yohanes/Documents/10academy/week2_2/10ac_city_traffic_data_warehouse_week2/week2_env/lib/python3.8/site-packages/airflow/example_dags/example_complex.py
[2024-05-01T12:13:29.173+0300] {processor.py:840} INFO - DAG(s) 'example_complex' retrieved from /home/yohanes/Documents/10academy/week2_2/10ac_city_traffic_data_warehouse_week2/week2_env/lib/python3.8/site-packages/airflow/example_dags/example_complex.py
[2024-05-01T12:13:29.216+0300] {logging_mixin.py:188} INFO - [2024-05-01T12:13:29.215+0300] {dag.py:3096} INFO - Sync 1 DAGs
[2024-05-01T12:13:29.233+0300] {logging_mixin.py:188} INFO - [2024-05-01T12:13:29.232+0300] {dag.py:3954} INFO - Setting next_dagrun for example_complex to None, run_after=None
[2024-05-01T12:13:29.352+0300] {processor.py:183} INFO - Processing /home/yohanes/Documents/10academy/week2_2/10ac_city_traffic_data_warehouse_week2/week2_env/lib/python3.8/site-packages/airflow/example_dags/example_complex.py took 0.252 seconds
[2024-05-01T12:14:37.478+0300] {processor.py:161} INFO - Started process (PID=165902) to work on /home/yohanes/Documents/10academy/week2_2/10ac_city_traffic_data_warehouse_week2/week2_env/lib/python3.8/site-packages/airflow/example_dags/example_complex.py
[2024-05-01T12:14:37.488+0300] {processor.py:830} INFO - Processing file /home/yohanes/Documents/10academy/week2_2/10ac_city_traffic_data_warehouse_week2/week2_env/lib/python3.8/site-packages/airflow/example_dags/example_complex.py for tasks to queue
[2024-05-01T12:14:37.492+0300] {logging_mixin.py:188} INFO - [2024-05-01T12:14:37.491+0300] {dagbag.py:540} INFO - Filling up the DagBag from /home/yohanes/Documents/10academy/week2_2/10ac_city_traffic_data_warehouse_week2/week2_env/lib/python3.8/site-packages/airflow/example_dags/example_complex.py
[2024-05-01T12:14:37.515+0300] {processor.py:840} INFO - DAG(s) 'example_complex' retrieved from /home/yohanes/Documents/10academy/week2_2/10ac_city_traffic_data_warehouse_week2/week2_env/lib/python3.8/site-packages/airflow/example_dags/example_complex.py
[2024-05-01T12:14:37.560+0300] {logging_mixin.py:188} INFO - [2024-05-01T12:14:37.559+0300] {dag.py:3096} INFO - Sync 1 DAGs
[2024-05-01T12:14:37.579+0300] {logging_mixin.py:188} INFO - [2024-05-01T12:14:37.578+0300] {dag.py:3954} INFO - Setting next_dagrun for example_complex to None, run_after=None
[2024-05-01T12:14:37.739+0300] {processor.py:183} INFO - Processing /home/yohanes/Documents/10academy/week2_2/10ac_city_traffic_data_warehouse_week2/week2_env/lib/python3.8/site-packages/airflow/example_dags/example_complex.py took 0.272 seconds
[2024-05-01T12:15:58.574+0300] {processor.py:161} INFO - Started process (PID=166535) to work on /home/yohanes/Documents/10academy/week2_2/10ac_city_traffic_data_warehouse_week2/week2_env/lib/python3.8/site-packages/airflow/example_dags/example_complex.py
[2024-05-01T12:15:58.588+0300] {processor.py:830} INFO - Processing file /home/yohanes/Documents/10academy/week2_2/10ac_city_traffic_data_warehouse_week2/week2_env/lib/python3.8/site-packages/airflow/example_dags/example_complex.py for tasks to queue
[2024-05-01T12:15:58.590+0300] {logging_mixin.py:188} INFO - [2024-05-01T12:15:58.589+0300] {dagbag.py:540} INFO - Filling up the DagBag from /home/yohanes/Documents/10academy/week2_2/10ac_city_traffic_data_warehouse_week2/week2_env/lib/python3.8/site-packages/airflow/example_dags/example_complex.py
[2024-05-01T12:15:58.607+0300] {processor.py:840} INFO - DAG(s) 'example_complex' retrieved from /home/yohanes/Documents/10academy/week2_2/10ac_city_traffic_data_warehouse_week2/week2_env/lib/python3.8/site-packages/airflow/example_dags/example_complex.py
[2024-05-01T12:15:58.654+0300] {logging_mixin.py:188} INFO - [2024-05-01T12:15:58.654+0300] {dag.py:3096} INFO - Sync 1 DAGs
[2024-05-01T12:15:58.672+0300] {logging_mixin.py:188} INFO - [2024-05-01T12:15:58.672+0300] {dag.py:3954} INFO - Setting next_dagrun for example_complex to None, run_after=None
[2024-05-01T12:15:58.785+0300] {processor.py:183} INFO - Processing /home/yohanes/Documents/10academy/week2_2/10ac_city_traffic_data_warehouse_week2/week2_env/lib/python3.8/site-packages/airflow/example_dags/example_complex.py took 0.222 seconds
[2024-05-01T12:17:11.832+0300] {processor.py:161} INFO - Started process (PID=167123) to work on /home/yohanes/Documents/10academy/week2_2/10ac_city_traffic_data_warehouse_week2/week2_env/lib/python3.8/site-packages/airflow/example_dags/example_complex.py
[2024-05-01T12:17:11.860+0300] {processor.py:830} INFO - Processing file /home/yohanes/Documents/10academy/week2_2/10ac_city_traffic_data_warehouse_week2/week2_env/lib/python3.8/site-packages/airflow/example_dags/example_complex.py for tasks to queue
[2024-05-01T12:17:11.862+0300] {logging_mixin.py:188} INFO - [2024-05-01T12:17:11.862+0300] {dagbag.py:540} INFO - Filling up the DagBag from /home/yohanes/Documents/10academy/week2_2/10ac_city_traffic_data_warehouse_week2/week2_env/lib/python3.8/site-packages/airflow/example_dags/example_complex.py
[2024-05-01T12:17:11.878+0300] {processor.py:840} INFO - DAG(s) 'example_complex' retrieved from /home/yohanes/Documents/10academy/week2_2/10ac_city_traffic_data_warehouse_week2/week2_env/lib/python3.8/site-packages/airflow/example_dags/example_complex.py
[2024-05-01T12:17:11.920+0300] {logging_mixin.py:188} INFO - [2024-05-01T12:17:11.919+0300] {dag.py:3096} INFO - Sync 1 DAGs
[2024-05-01T12:17:11.937+0300] {logging_mixin.py:188} INFO - [2024-05-01T12:17:11.936+0300] {dag.py:3954} INFO - Setting next_dagrun for example_complex to None, run_after=None
[2024-05-01T12:17:12.175+0300] {processor.py:183} INFO - Processing /home/yohanes/Documents/10academy/week2_2/10ac_city_traffic_data_warehouse_week2/week2_env/lib/python3.8/site-packages/airflow/example_dags/example_complex.py took 0.355 seconds
[2024-05-01T12:18:20.965+0300] {processor.py:161} INFO - Started process (PID=167689) to work on /home/yohanes/Documents/10academy/week2_2/10ac_city_traffic_data_warehouse_week2/week2_env/lib/python3.8/site-packages/airflow/example_dags/example_complex.py
[2024-05-01T12:18:21.043+0300] {processor.py:830} INFO - Processing file /home/yohanes/Documents/10academy/week2_2/10ac_city_traffic_data_warehouse_week2/week2_env/lib/python3.8/site-packages/airflow/example_dags/example_complex.py for tasks to queue
[2024-05-01T12:18:21.046+0300] {logging_mixin.py:188} INFO - [2024-05-01T12:18:21.046+0300] {dagbag.py:540} INFO - Filling up the DagBag from /home/yohanes/Documents/10academy/week2_2/10ac_city_traffic_data_warehouse_week2/week2_env/lib/python3.8/site-packages/airflow/example_dags/example_complex.py
[2024-05-01T12:18:21.063+0300] {processor.py:840} INFO - DAG(s) 'example_complex' retrieved from /home/yohanes/Documents/10academy/week2_2/10ac_city_traffic_data_warehouse_week2/week2_env/lib/python3.8/site-packages/airflow/example_dags/example_complex.py
[2024-05-01T12:18:21.103+0300] {logging_mixin.py:188} INFO - [2024-05-01T12:18:21.103+0300] {dag.py:3096} INFO - Sync 1 DAGs
[2024-05-01T12:18:21.121+0300] {logging_mixin.py:188} INFO - [2024-05-01T12:18:21.121+0300] {dag.py:3954} INFO - Setting next_dagrun for example_complex to None, run_after=None
[2024-05-01T12:18:21.241+0300] {processor.py:183} INFO - Processing /home/yohanes/Documents/10academy/week2_2/10ac_city_traffic_data_warehouse_week2/week2_env/lib/python3.8/site-packages/airflow/example_dags/example_complex.py took 0.287 seconds
[2024-05-01T12:19:29.102+0300] {processor.py:161} INFO - Started process (PID=168237) to work on /home/yohanes/Documents/10academy/week2_2/10ac_city_traffic_data_warehouse_week2/week2_env/lib/python3.8/site-packages/airflow/example_dags/example_complex.py
[2024-05-01T12:19:29.162+0300] {processor.py:830} INFO - Processing file /home/yohanes/Documents/10academy/week2_2/10ac_city_traffic_data_warehouse_week2/week2_env/lib/python3.8/site-packages/airflow/example_dags/example_complex.py for tasks to queue
[2024-05-01T12:19:29.166+0300] {logging_mixin.py:188} INFO - [2024-05-01T12:19:29.165+0300] {dagbag.py:540} INFO - Filling up the DagBag from /home/yohanes/Documents/10academy/week2_2/10ac_city_traffic_data_warehouse_week2/week2_env/lib/python3.8/site-packages/airflow/example_dags/example_complex.py
[2024-05-01T12:19:29.186+0300] {processor.py:840} INFO - DAG(s) 'example_complex' retrieved from /home/yohanes/Documents/10academy/week2_2/10ac_city_traffic_data_warehouse_week2/week2_env/lib/python3.8/site-packages/airflow/example_dags/example_complex.py
[2024-05-01T12:19:29.226+0300] {logging_mixin.py:188} INFO - [2024-05-01T12:19:29.226+0300] {dag.py:3096} INFO - Sync 1 DAGs
[2024-05-01T12:19:29.243+0300] {logging_mixin.py:188} INFO - [2024-05-01T12:19:29.243+0300] {dag.py:3954} INFO - Setting next_dagrun for example_complex to None, run_after=None
[2024-05-01T12:19:29.359+0300] {processor.py:183} INFO - Processing /home/yohanes/Documents/10academy/week2_2/10ac_city_traffic_data_warehouse_week2/week2_env/lib/python3.8/site-packages/airflow/example_dags/example_complex.py took 0.269 seconds
[2024-05-01T12:20:39.112+0300] {processor.py:161} INFO - Started process (PID=168786) to work on /home/yohanes/Documents/10academy/week2_2/10ac_city_traffic_data_warehouse_week2/week2_env/lib/python3.8/site-packages/airflow/example_dags/example_complex.py
[2024-05-01T12:20:39.133+0300] {processor.py:830} INFO - Processing file /home/yohanes/Documents/10academy/week2_2/10ac_city_traffic_data_warehouse_week2/week2_env/lib/python3.8/site-packages/airflow/example_dags/example_complex.py for tasks to queue
[2024-05-01T12:20:39.135+0300] {logging_mixin.py:188} INFO - [2024-05-01T12:20:39.135+0300] {dagbag.py:540} INFO - Filling up the DagBag from /home/yohanes/Documents/10academy/week2_2/10ac_city_traffic_data_warehouse_week2/week2_env/lib/python3.8/site-packages/airflow/example_dags/example_complex.py
[2024-05-01T12:20:39.152+0300] {processor.py:840} INFO - DAG(s) 'example_complex' retrieved from /home/yohanes/Documents/10academy/week2_2/10ac_city_traffic_data_warehouse_week2/week2_env/lib/python3.8/site-packages/airflow/example_dags/example_complex.py
[2024-05-01T12:20:39.194+0300] {logging_mixin.py:188} INFO - [2024-05-01T12:20:39.193+0300] {dag.py:3096} INFO - Sync 1 DAGs
[2024-05-01T12:20:39.211+0300] {logging_mixin.py:188} INFO - [2024-05-01T12:20:39.211+0300] {dag.py:3954} INFO - Setting next_dagrun for example_complex to None, run_after=None
[2024-05-01T12:20:39.318+0300] {processor.py:183} INFO - Processing /home/yohanes/Documents/10academy/week2_2/10ac_city_traffic_data_warehouse_week2/week2_env/lib/python3.8/site-packages/airflow/example_dags/example_complex.py took 0.215 seconds
[2024-05-01T12:21:59.445+0300] {processor.py:161} INFO - Started process (PID=169533) to work on /home/yohanes/Documents/10academy/week2_2/10ac_city_traffic_data_warehouse_week2/week2_env/lib/python3.8/site-packages/airflow/example_dags/example_complex.py
[2024-05-01T12:21:59.482+0300] {processor.py:830} INFO - Processing file /home/yohanes/Documents/10academy/week2_2/10ac_city_traffic_data_warehouse_week2/week2_env/lib/python3.8/site-packages/airflow/example_dags/example_complex.py for tasks to queue
[2024-05-01T12:21:59.484+0300] {logging_mixin.py:188} INFO - [2024-05-01T12:21:59.484+0300] {dagbag.py:540} INFO - Filling up the DagBag from /home/yohanes/Documents/10academy/week2_2/10ac_city_traffic_data_warehouse_week2/week2_env/lib/python3.8/site-packages/airflow/example_dags/example_complex.py
[2024-05-01T12:21:59.501+0300] {processor.py:840} INFO - DAG(s) 'example_complex' retrieved from /home/yohanes/Documents/10academy/week2_2/10ac_city_traffic_data_warehouse_week2/week2_env/lib/python3.8/site-packages/airflow/example_dags/example_complex.py
[2024-05-01T12:21:59.543+0300] {logging_mixin.py:188} INFO - [2024-05-01T12:21:59.543+0300] {dag.py:3096} INFO - Sync 1 DAGs
[2024-05-01T12:21:59.560+0300] {logging_mixin.py:188} INFO - [2024-05-01T12:21:59.560+0300] {dag.py:3954} INFO - Setting next_dagrun for example_complex to None, run_after=None
[2024-05-01T12:21:59.794+0300] {processor.py:183} INFO - Processing /home/yohanes/Documents/10academy/week2_2/10ac_city_traffic_data_warehouse_week2/week2_env/lib/python3.8/site-packages/airflow/example_dags/example_complex.py took 0.358 seconds
[2024-05-01T12:23:15.789+0300] {processor.py:161} INFO - Started process (PID=170164) to work on /home/yohanes/Documents/10academy/week2_2/10ac_city_traffic_data_warehouse_week2/week2_env/lib/python3.8/site-packages/airflow/example_dags/example_complex.py
[2024-05-01T12:23:15.831+0300] {processor.py:830} INFO - Processing file /home/yohanes/Documents/10academy/week2_2/10ac_city_traffic_data_warehouse_week2/week2_env/lib/python3.8/site-packages/airflow/example_dags/example_complex.py for tasks to queue
[2024-05-01T12:23:15.833+0300] {logging_mixin.py:188} INFO - [2024-05-01T12:23:15.833+0300] {dagbag.py:540} INFO - Filling up the DagBag from /home/yohanes/Documents/10academy/week2_2/10ac_city_traffic_data_warehouse_week2/week2_env/lib/python3.8/site-packages/airflow/example_dags/example_complex.py
[2024-05-01T12:23:15.850+0300] {processor.py:840} INFO - DAG(s) 'example_complex' retrieved from /home/yohanes/Documents/10academy/week2_2/10ac_city_traffic_data_warehouse_week2/week2_env/lib/python3.8/site-packages/airflow/example_dags/example_complex.py
[2024-05-01T12:23:15.893+0300] {logging_mixin.py:188} INFO - [2024-05-01T12:23:15.893+0300] {dag.py:3096} INFO - Sync 1 DAGs
[2024-05-01T12:23:15.911+0300] {logging_mixin.py:188} INFO - [2024-05-01T12:23:15.911+0300] {dag.py:3954} INFO - Setting next_dagrun for example_complex to None, run_after=None
[2024-05-01T12:23:16.037+0300] {processor.py:183} INFO - Processing /home/yohanes/Documents/10academy/week2_2/10ac_city_traffic_data_warehouse_week2/week2_env/lib/python3.8/site-packages/airflow/example_dags/example_complex.py took 0.259 seconds
[2024-05-01T12:25:14.856+0300] {processor.py:161} INFO - Started process (PID=171219) to work on /home/yohanes/Documents/10academy/week2_2/10ac_city_traffic_data_warehouse_week2/week2_env/lib/python3.8/site-packages/airflow/example_dags/example_complex.py
[2024-05-01T12:25:14.873+0300] {processor.py:830} INFO - Processing file /home/yohanes/Documents/10academy/week2_2/10ac_city_traffic_data_warehouse_week2/week2_env/lib/python3.8/site-packages/airflow/example_dags/example_complex.py for tasks to queue
[2024-05-01T12:25:14.876+0300] {logging_mixin.py:188} INFO - [2024-05-01T12:25:14.875+0300] {dagbag.py:540} INFO - Filling up the DagBag from /home/yohanes/Documents/10academy/week2_2/10ac_city_traffic_data_warehouse_week2/week2_env/lib/python3.8/site-packages/airflow/example_dags/example_complex.py
[2024-05-01T12:25:14.895+0300] {processor.py:840} INFO - DAG(s) 'example_complex' retrieved from /home/yohanes/Documents/10academy/week2_2/10ac_city_traffic_data_warehouse_week2/week2_env/lib/python3.8/site-packages/airflow/example_dags/example_complex.py
[2024-05-01T12:25:14.946+0300] {logging_mixin.py:188} INFO - [2024-05-01T12:25:14.946+0300] {dag.py:3096} INFO - Sync 1 DAGs
[2024-05-01T12:25:14.974+0300] {logging_mixin.py:188} INFO - [2024-05-01T12:25:14.974+0300] {dag.py:3954} INFO - Setting next_dagrun for example_complex to None, run_after=None
[2024-05-01T12:25:15.169+0300] {processor.py:183} INFO - Processing /home/yohanes/Documents/10academy/week2_2/10ac_city_traffic_data_warehouse_week2/week2_env/lib/python3.8/site-packages/airflow/example_dags/example_complex.py took 0.325 seconds
[2024-05-01T12:26:32.643+0300] {processor.py:161} INFO - Started process (PID=171922) to work on /home/yohanes/Documents/10academy/week2_2/10ac_city_traffic_data_warehouse_week2/week2_env/lib/python3.8/site-packages/airflow/example_dags/example_complex.py
[2024-05-01T12:26:32.659+0300] {processor.py:830} INFO - Processing file /home/yohanes/Documents/10academy/week2_2/10ac_city_traffic_data_warehouse_week2/week2_env/lib/python3.8/site-packages/airflow/example_dags/example_complex.py for tasks to queue
[2024-05-01T12:26:32.661+0300] {logging_mixin.py:188} INFO - [2024-05-01T12:26:32.660+0300] {dagbag.py:540} INFO - Filling up the DagBag from /home/yohanes/Documents/10academy/week2_2/10ac_city_traffic_data_warehouse_week2/week2_env/lib/python3.8/site-packages/airflow/example_dags/example_complex.py
[2024-05-01T12:26:32.677+0300] {processor.py:840} INFO - DAG(s) 'example_complex' retrieved from /home/yohanes/Documents/10academy/week2_2/10ac_city_traffic_data_warehouse_week2/week2_env/lib/python3.8/site-packages/airflow/example_dags/example_complex.py
[2024-05-01T12:26:32.726+0300] {logging_mixin.py:188} INFO - [2024-05-01T12:26:32.726+0300] {dag.py:3096} INFO - Sync 1 DAGs
[2024-05-01T12:26:32.744+0300] {logging_mixin.py:188} INFO - [2024-05-01T12:26:32.744+0300] {dag.py:3954} INFO - Setting next_dagrun for example_complex to None, run_after=None
[2024-05-01T12:26:32.870+0300] {processor.py:183} INFO - Processing /home/yohanes/Documents/10academy/week2_2/10ac_city_traffic_data_warehouse_week2/week2_env/lib/python3.8/site-packages/airflow/example_dags/example_complex.py took 0.237 seconds
[2024-05-01T12:30:39.871+0300] {processor.py:161} INFO - Started process (PID=173919) to work on /home/yohanes/Documents/10academy/week2_2/10ac_city_traffic_data_warehouse_week2/week2_env/lib/python3.8/site-packages/airflow/example_dags/example_complex.py
[2024-05-01T12:30:40.066+0300] {processor.py:830} INFO - Processing file /home/yohanes/Documents/10academy/week2_2/10ac_city_traffic_data_warehouse_week2/week2_env/lib/python3.8/site-packages/airflow/example_dags/example_complex.py for tasks to queue
[2024-05-01T12:30:40.068+0300] {logging_mixin.py:188} INFO - [2024-05-01T12:30:40.068+0300] {dagbag.py:540} INFO - Filling up the DagBag from /home/yohanes/Documents/10academy/week2_2/10ac_city_traffic_data_warehouse_week2/week2_env/lib/python3.8/site-packages/airflow/example_dags/example_complex.py
[2024-05-01T12:30:40.089+0300] {processor.py:840} INFO - DAG(s) 'example_complex' retrieved from /home/yohanes/Documents/10academy/week2_2/10ac_city_traffic_data_warehouse_week2/week2_env/lib/python3.8/site-packages/airflow/example_dags/example_complex.py
[2024-05-01T12:30:40.316+0300] {logging_mixin.py:188} INFO - [2024-05-01T12:30:40.316+0300] {dag.py:3096} INFO - Sync 1 DAGs
[2024-05-01T12:30:40.349+0300] {logging_mixin.py:188} INFO - [2024-05-01T12:30:40.349+0300] {dag.py:3954} INFO - Setting next_dagrun for example_complex to None, run_after=None
[2024-05-01T12:30:40.847+0300] {processor.py:183} INFO - Processing /home/yohanes/Documents/10academy/week2_2/10ac_city_traffic_data_warehouse_week2/week2_env/lib/python3.8/site-packages/airflow/example_dags/example_complex.py took 0.987 seconds
[2024-05-01T12:32:12.020+0300] {processor.py:161} INFO - Started process (PID=174669) to work on /home/yohanes/Documents/10academy/week2_2/10ac_city_traffic_data_warehouse_week2/week2_env/lib/python3.8/site-packages/airflow/example_dags/example_complex.py
[2024-05-01T12:32:12.040+0300] {processor.py:830} INFO - Processing file /home/yohanes/Documents/10academy/week2_2/10ac_city_traffic_data_warehouse_week2/week2_env/lib/python3.8/site-packages/airflow/example_dags/example_complex.py for tasks to queue
[2024-05-01T12:32:12.043+0300] {logging_mixin.py:188} INFO - [2024-05-01T12:32:12.042+0300] {dagbag.py:540} INFO - Filling up the DagBag from /home/yohanes/Documents/10academy/week2_2/10ac_city_traffic_data_warehouse_week2/week2_env/lib/python3.8/site-packages/airflow/example_dags/example_complex.py
[2024-05-01T12:32:12.062+0300] {processor.py:840} INFO - DAG(s) 'example_complex' retrieved from /home/yohanes/Documents/10academy/week2_2/10ac_city_traffic_data_warehouse_week2/week2_env/lib/python3.8/site-packages/airflow/example_dags/example_complex.py
[2024-05-01T12:32:12.107+0300] {logging_mixin.py:188} INFO - [2024-05-01T12:32:12.106+0300] {dag.py:3096} INFO - Sync 1 DAGs
[2024-05-01T12:32:12.125+0300] {logging_mixin.py:188} INFO - [2024-05-01T12:32:12.124+0300] {dag.py:3954} INFO - Setting next_dagrun for example_complex to None, run_after=None
[2024-05-01T12:32:12.260+0300] {processor.py:183} INFO - Processing /home/yohanes/Documents/10academy/week2_2/10ac_city_traffic_data_warehouse_week2/week2_env/lib/python3.8/site-packages/airflow/example_dags/example_complex.py took 0.251 seconds
[2024-05-01T12:33:21.890+0300] {processor.py:161} INFO - Started process (PID=175274) to work on /home/yohanes/Documents/10academy/week2_2/10ac_city_traffic_data_warehouse_week2/week2_env/lib/python3.8/site-packages/airflow/example_dags/example_complex.py
[2024-05-01T12:33:21.916+0300] {processor.py:830} INFO - Processing file /home/yohanes/Documents/10academy/week2_2/10ac_city_traffic_data_warehouse_week2/week2_env/lib/python3.8/site-packages/airflow/example_dags/example_complex.py for tasks to queue
[2024-05-01T12:33:21.921+0300] {logging_mixin.py:188} INFO - [2024-05-01T12:33:21.920+0300] {dagbag.py:540} INFO - Filling up the DagBag from /home/yohanes/Documents/10academy/week2_2/10ac_city_traffic_data_warehouse_week2/week2_env/lib/python3.8/site-packages/airflow/example_dags/example_complex.py
[2024-05-01T12:33:21.956+0300] {processor.py:840} INFO - DAG(s) 'example_complex' retrieved from /home/yohanes/Documents/10academy/week2_2/10ac_city_traffic_data_warehouse_week2/week2_env/lib/python3.8/site-packages/airflow/example_dags/example_complex.py
[2024-05-01T12:33:21.998+0300] {logging_mixin.py:188} INFO - [2024-05-01T12:33:21.998+0300] {dag.py:3096} INFO - Sync 1 DAGs
[2024-05-01T12:33:22.018+0300] {logging_mixin.py:188} INFO - [2024-05-01T12:33:22.017+0300] {dag.py:3954} INFO - Setting next_dagrun for example_complex to None, run_after=None
[2024-05-01T12:33:22.136+0300] {processor.py:183} INFO - Processing /home/yohanes/Documents/10academy/week2_2/10ac_city_traffic_data_warehouse_week2/week2_env/lib/python3.8/site-packages/airflow/example_dags/example_complex.py took 0.256 seconds
[2024-05-01T12:35:10.311+0300] {processor.py:161} INFO - Started process (PID=176290) to work on /home/yohanes/Documents/10academy/week2_2/10ac_city_traffic_data_warehouse_week2/week2_env/lib/python3.8/site-packages/airflow/example_dags/example_complex.py
[2024-05-01T12:35:10.349+0300] {processor.py:830} INFO - Processing file /home/yohanes/Documents/10academy/week2_2/10ac_city_traffic_data_warehouse_week2/week2_env/lib/python3.8/site-packages/airflow/example_dags/example_complex.py for tasks to queue
[2024-05-01T12:35:10.352+0300] {logging_mixin.py:188} INFO - [2024-05-01T12:35:10.351+0300] {dagbag.py:540} INFO - Filling up the DagBag from /home/yohanes/Documents/10academy/week2_2/10ac_city_traffic_data_warehouse_week2/week2_env/lib/python3.8/site-packages/airflow/example_dags/example_complex.py
[2024-05-01T12:35:10.369+0300] {processor.py:840} INFO - DAG(s) 'example_complex' retrieved from /home/yohanes/Documents/10academy/week2_2/10ac_city_traffic_data_warehouse_week2/week2_env/lib/python3.8/site-packages/airflow/example_dags/example_complex.py
[2024-05-01T12:35:10.414+0300] {logging_mixin.py:188} INFO - [2024-05-01T12:35:10.413+0300] {dag.py:3096} INFO - Sync 1 DAGs
[2024-05-01T12:35:10.433+0300] {logging_mixin.py:188} INFO - [2024-05-01T12:35:10.432+0300] {dag.py:3954} INFO - Setting next_dagrun for example_complex to None, run_after=None
[2024-05-01T12:35:10.868+0300] {processor.py:183} INFO - Processing /home/yohanes/Documents/10academy/week2_2/10ac_city_traffic_data_warehouse_week2/week2_env/lib/python3.8/site-packages/airflow/example_dags/example_complex.py took 0.566 seconds
[2024-05-01T12:38:02.647+0300] {processor.py:161} INFO - Started process (PID=177677) to work on /home/yohanes/Documents/10academy/week2_2/10ac_city_traffic_data_warehouse_week2/week2_env/lib/python3.8/site-packages/airflow/example_dags/example_complex.py
[2024-05-01T12:38:02.664+0300] {processor.py:830} INFO - Processing file /home/yohanes/Documents/10academy/week2_2/10ac_city_traffic_data_warehouse_week2/week2_env/lib/python3.8/site-packages/airflow/example_dags/example_complex.py for tasks to queue
[2024-05-01T12:38:02.667+0300] {logging_mixin.py:188} INFO - [2024-05-01T12:38:02.666+0300] {dagbag.py:540} INFO - Filling up the DagBag from /home/yohanes/Documents/10academy/week2_2/10ac_city_traffic_data_warehouse_week2/week2_env/lib/python3.8/site-packages/airflow/example_dags/example_complex.py
[2024-05-01T12:38:02.684+0300] {processor.py:840} INFO - DAG(s) 'example_complex' retrieved from /home/yohanes/Documents/10academy/week2_2/10ac_city_traffic_data_warehouse_week2/week2_env/lib/python3.8/site-packages/airflow/example_dags/example_complex.py
[2024-05-01T12:38:02.727+0300] {logging_mixin.py:188} INFO - [2024-05-01T12:38:02.727+0300] {dag.py:3096} INFO - Sync 1 DAGs
[2024-05-01T12:38:02.747+0300] {logging_mixin.py:188} INFO - [2024-05-01T12:38:02.747+0300] {dag.py:3954} INFO - Setting next_dagrun for example_complex to None, run_after=None
[2024-05-01T12:38:02.864+0300] {processor.py:183} INFO - Processing /home/yohanes/Documents/10academy/week2_2/10ac_city_traffic_data_warehouse_week2/week2_env/lib/python3.8/site-packages/airflow/example_dags/example_complex.py took 0.227 seconds
[2024-05-01T12:39:32.107+0300] {processor.py:161} INFO - Started process (PID=178446) to work on /home/yohanes/Documents/10academy/week2_2/10ac_city_traffic_data_warehouse_week2/week2_env/lib/python3.8/site-packages/airflow/example_dags/example_complex.py
[2024-05-01T12:39:32.150+0300] {processor.py:830} INFO - Processing file /home/yohanes/Documents/10academy/week2_2/10ac_city_traffic_data_warehouse_week2/week2_env/lib/python3.8/site-packages/airflow/example_dags/example_complex.py for tasks to queue
[2024-05-01T12:39:32.154+0300] {logging_mixin.py:188} INFO - [2024-05-01T12:39:32.153+0300] {dagbag.py:540} INFO - Filling up the DagBag from /home/yohanes/Documents/10academy/week2_2/10ac_city_traffic_data_warehouse_week2/week2_env/lib/python3.8/site-packages/airflow/example_dags/example_complex.py
[2024-05-01T12:39:32.184+0300] {processor.py:840} INFO - DAG(s) 'example_complex' retrieved from /home/yohanes/Documents/10academy/week2_2/10ac_city_traffic_data_warehouse_week2/week2_env/lib/python3.8/site-packages/airflow/example_dags/example_complex.py
[2024-05-01T12:39:32.236+0300] {logging_mixin.py:188} INFO - [2024-05-01T12:39:32.235+0300] {dag.py:3096} INFO - Sync 1 DAGs
[2024-05-01T12:39:32.256+0300] {logging_mixin.py:188} INFO - [2024-05-01T12:39:32.256+0300] {dag.py:3954} INFO - Setting next_dagrun for example_complex to None, run_after=None
[2024-05-01T12:39:32.401+0300] {processor.py:183} INFO - Processing /home/yohanes/Documents/10academy/week2_2/10ac_city_traffic_data_warehouse_week2/week2_env/lib/python3.8/site-packages/airflow/example_dags/example_complex.py took 0.303 seconds
[2024-05-01T12:40:58.100+0300] {processor.py:161} INFO - Started process (PID=179489) to work on /home/yohanes/Documents/10academy/week2_2/10ac_city_traffic_data_warehouse_week2/week2_env/lib/python3.8/site-packages/airflow/example_dags/example_complex.py
[2024-05-01T12:40:58.125+0300] {processor.py:830} INFO - Processing file /home/yohanes/Documents/10academy/week2_2/10ac_city_traffic_data_warehouse_week2/week2_env/lib/python3.8/site-packages/airflow/example_dags/example_complex.py for tasks to queue
[2024-05-01T12:40:58.129+0300] {logging_mixin.py:188} INFO - [2024-05-01T12:40:58.128+0300] {dagbag.py:540} INFO - Filling up the DagBag from /home/yohanes/Documents/10academy/week2_2/10ac_city_traffic_data_warehouse_week2/week2_env/lib/python3.8/site-packages/airflow/example_dags/example_complex.py
[2024-05-01T12:40:58.161+0300] {processor.py:840} INFO - DAG(s) 'example_complex' retrieved from /home/yohanes/Documents/10academy/week2_2/10ac_city_traffic_data_warehouse_week2/week2_env/lib/python3.8/site-packages/airflow/example_dags/example_complex.py
[2024-05-01T12:40:58.233+0300] {logging_mixin.py:188} INFO - [2024-05-01T12:40:58.232+0300] {dag.py:3096} INFO - Sync 1 DAGs
[2024-05-01T12:40:58.281+0300] {logging_mixin.py:188} INFO - [2024-05-01T12:40:58.280+0300] {dag.py:3954} INFO - Setting next_dagrun for example_complex to None, run_after=None
[2024-05-01T12:40:58.424+0300] {processor.py:183} INFO - Processing /home/yohanes/Documents/10academy/week2_2/10ac_city_traffic_data_warehouse_week2/week2_env/lib/python3.8/site-packages/airflow/example_dags/example_complex.py took 0.339 seconds
[2024-05-01T12:42:41.981+0300] {processor.py:161} INFO - Started process (PID=180334) to work on /home/yohanes/Documents/10academy/week2_2/10ac_city_traffic_data_warehouse_week2/week2_env/lib/python3.8/site-packages/airflow/example_dags/example_complex.py
[2024-05-01T12:42:41.996+0300] {processor.py:830} INFO - Processing file /home/yohanes/Documents/10academy/week2_2/10ac_city_traffic_data_warehouse_week2/week2_env/lib/python3.8/site-packages/airflow/example_dags/example_complex.py for tasks to queue
[2024-05-01T12:42:41.999+0300] {logging_mixin.py:188} INFO - [2024-05-01T12:42:41.999+0300] {dagbag.py:540} INFO - Filling up the DagBag from /home/yohanes/Documents/10academy/week2_2/10ac_city_traffic_data_warehouse_week2/week2_env/lib/python3.8/site-packages/airflow/example_dags/example_complex.py
[2024-05-01T12:42:42.019+0300] {processor.py:840} INFO - DAG(s) 'example_complex' retrieved from /home/yohanes/Documents/10academy/week2_2/10ac_city_traffic_data_warehouse_week2/week2_env/lib/python3.8/site-packages/airflow/example_dags/example_complex.py
[2024-05-01T12:42:42.066+0300] {logging_mixin.py:188} INFO - [2024-05-01T12:42:42.066+0300] {dag.py:3096} INFO - Sync 1 DAGs
[2024-05-01T12:42:42.085+0300] {logging_mixin.py:188} INFO - [2024-05-01T12:42:42.085+0300] {dag.py:3954} INFO - Setting next_dagrun for example_complex to None, run_after=None
[2024-05-01T12:42:42.268+0300] {processor.py:183} INFO - Processing /home/yohanes/Documents/10academy/week2_2/10ac_city_traffic_data_warehouse_week2/week2_env/lib/python3.8/site-packages/airflow/example_dags/example_complex.py took 0.299 seconds
[2024-05-01T12:44:01.871+0300] {processor.py:161} INFO - Started process (PID=181169) to work on /home/yohanes/Documents/10academy/week2_2/10ac_city_traffic_data_warehouse_week2/week2_env/lib/python3.8/site-packages/airflow/example_dags/example_complex.py
[2024-05-01T12:44:01.903+0300] {processor.py:830} INFO - Processing file /home/yohanes/Documents/10academy/week2_2/10ac_city_traffic_data_warehouse_week2/week2_env/lib/python3.8/site-packages/airflow/example_dags/example_complex.py for tasks to queue
[2024-05-01T12:44:01.906+0300] {logging_mixin.py:188} INFO - [2024-05-01T12:44:01.905+0300] {dagbag.py:540} INFO - Filling up the DagBag from /home/yohanes/Documents/10academy/week2_2/10ac_city_traffic_data_warehouse_week2/week2_env/lib/python3.8/site-packages/airflow/example_dags/example_complex.py
[2024-05-01T12:44:01.925+0300] {processor.py:840} INFO - DAG(s) 'example_complex' retrieved from /home/yohanes/Documents/10academy/week2_2/10ac_city_traffic_data_warehouse_week2/week2_env/lib/python3.8/site-packages/airflow/example_dags/example_complex.py
[2024-05-01T12:44:01.968+0300] {logging_mixin.py:188} INFO - [2024-05-01T12:44:01.968+0300] {dag.py:3096} INFO - Sync 1 DAGs
[2024-05-01T12:44:01.986+0300] {logging_mixin.py:188} INFO - [2024-05-01T12:44:01.986+0300] {dag.py:3954} INFO - Setting next_dagrun for example_complex to None, run_after=None
[2024-05-01T12:44:02.119+0300] {processor.py:183} INFO - Processing /home/yohanes/Documents/10academy/week2_2/10ac_city_traffic_data_warehouse_week2/week2_env/lib/python3.8/site-packages/airflow/example_dags/example_complex.py took 0.258 seconds
[2024-05-01T12:45:07.039+0300] {processor.py:161} INFO - Started process (PID=181702) to work on /home/yohanes/Documents/10academy/week2_2/10ac_city_traffic_data_warehouse_week2/week2_env/lib/python3.8/site-packages/airflow/example_dags/example_complex.py
[2024-05-01T12:45:07.045+0300] {processor.py:830} INFO - Processing file /home/yohanes/Documents/10academy/week2_2/10ac_city_traffic_data_warehouse_week2/week2_env/lib/python3.8/site-packages/airflow/example_dags/example_complex.py for tasks to queue
[2024-05-01T12:45:07.048+0300] {logging_mixin.py:188} INFO - [2024-05-01T12:45:07.048+0300] {dagbag.py:540} INFO - Filling up the DagBag from /home/yohanes/Documents/10academy/week2_2/10ac_city_traffic_data_warehouse_week2/week2_env/lib/python3.8/site-packages/airflow/example_dags/example_complex.py
[2024-05-01T12:45:07.066+0300] {processor.py:840} INFO - DAG(s) 'example_complex' retrieved from /home/yohanes/Documents/10academy/week2_2/10ac_city_traffic_data_warehouse_week2/week2_env/lib/python3.8/site-packages/airflow/example_dags/example_complex.py
[2024-05-01T12:45:07.115+0300] {logging_mixin.py:188} INFO - [2024-05-01T12:45:07.114+0300] {dag.py:3096} INFO - Sync 1 DAGs
[2024-05-01T12:45:07.134+0300] {logging_mixin.py:188} INFO - [2024-05-01T12:45:07.133+0300] {dag.py:3954} INFO - Setting next_dagrun for example_complex to None, run_after=None
[2024-05-01T12:45:07.392+0300] {processor.py:183} INFO - Processing /home/yohanes/Documents/10academy/week2_2/10ac_city_traffic_data_warehouse_week2/week2_env/lib/python3.8/site-packages/airflow/example_dags/example_complex.py took 0.363 seconds
[2024-05-01T12:46:15.450+0300] {processor.py:161} INFO - Started process (PID=182481) to work on /home/yohanes/Documents/10academy/week2_2/10ac_city_traffic_data_warehouse_week2/week2_env/lib/python3.8/site-packages/airflow/example_dags/example_complex.py
[2024-05-01T12:46:15.473+0300] {processor.py:830} INFO - Processing file /home/yohanes/Documents/10academy/week2_2/10ac_city_traffic_data_warehouse_week2/week2_env/lib/python3.8/site-packages/airflow/example_dags/example_complex.py for tasks to queue
[2024-05-01T12:46:15.476+0300] {logging_mixin.py:188} INFO - [2024-05-01T12:46:15.475+0300] {dagbag.py:540} INFO - Filling up the DagBag from /home/yohanes/Documents/10academy/week2_2/10ac_city_traffic_data_warehouse_week2/week2_env/lib/python3.8/site-packages/airflow/example_dags/example_complex.py
[2024-05-01T12:46:15.498+0300] {processor.py:840} INFO - DAG(s) 'example_complex' retrieved from /home/yohanes/Documents/10academy/week2_2/10ac_city_traffic_data_warehouse_week2/week2_env/lib/python3.8/site-packages/airflow/example_dags/example_complex.py
[2024-05-01T12:46:15.541+0300] {logging_mixin.py:188} INFO - [2024-05-01T12:46:15.540+0300] {dag.py:3096} INFO - Sync 1 DAGs
[2024-05-01T12:46:15.558+0300] {logging_mixin.py:188} INFO - [2024-05-01T12:46:15.557+0300] {dag.py:3954} INFO - Setting next_dagrun for example_complex to None, run_after=None
[2024-05-01T12:46:15.692+0300] {processor.py:183} INFO - Processing /home/yohanes/Documents/10academy/week2_2/10ac_city_traffic_data_warehouse_week2/week2_env/lib/python3.8/site-packages/airflow/example_dags/example_complex.py took 0.254 seconds
[2024-05-01T12:47:30.341+0300] {processor.py:161} INFO - Started process (PID=183353) to work on /home/yohanes/Documents/10academy/week2_2/10ac_city_traffic_data_warehouse_week2/week2_env/lib/python3.8/site-packages/airflow/example_dags/example_complex.py
[2024-05-01T12:47:30.369+0300] {processor.py:830} INFO - Processing file /home/yohanes/Documents/10academy/week2_2/10ac_city_traffic_data_warehouse_week2/week2_env/lib/python3.8/site-packages/airflow/example_dags/example_complex.py for tasks to queue
[2024-05-01T12:47:30.373+0300] {logging_mixin.py:188} INFO - [2024-05-01T12:47:30.372+0300] {dagbag.py:540} INFO - Filling up the DagBag from /home/yohanes/Documents/10academy/week2_2/10ac_city_traffic_data_warehouse_week2/week2_env/lib/python3.8/site-packages/airflow/example_dags/example_complex.py
[2024-05-01T12:47:30.401+0300] {processor.py:840} INFO - DAG(s) 'example_complex' retrieved from /home/yohanes/Documents/10academy/week2_2/10ac_city_traffic_data_warehouse_week2/week2_env/lib/python3.8/site-packages/airflow/example_dags/example_complex.py
[2024-05-01T12:47:30.458+0300] {logging_mixin.py:188} INFO - [2024-05-01T12:47:30.457+0300] {dag.py:3096} INFO - Sync 1 DAGs
[2024-05-01T12:47:30.480+0300] {logging_mixin.py:188} INFO - [2024-05-01T12:47:30.479+0300] {dag.py:3954} INFO - Setting next_dagrun for example_complex to None, run_after=None
[2024-05-01T12:47:30.609+0300] {processor.py:183} INFO - Processing /home/yohanes/Documents/10academy/week2_2/10ac_city_traffic_data_warehouse_week2/week2_env/lib/python3.8/site-packages/airflow/example_dags/example_complex.py took 0.280 seconds
[2024-05-01T12:48:59.189+0300] {processor.py:161} INFO - Started process (PID=184242) to work on /home/yohanes/Documents/10academy/week2_2/10ac_city_traffic_data_warehouse_week2/week2_env/lib/python3.8/site-packages/airflow/example_dags/example_complex.py
[2024-05-01T12:48:59.206+0300] {processor.py:830} INFO - Processing file /home/yohanes/Documents/10academy/week2_2/10ac_city_traffic_data_warehouse_week2/week2_env/lib/python3.8/site-packages/airflow/example_dags/example_complex.py for tasks to queue
[2024-05-01T12:48:59.209+0300] {logging_mixin.py:188} INFO - [2024-05-01T12:48:59.208+0300] {dagbag.py:540} INFO - Filling up the DagBag from /home/yohanes/Documents/10academy/week2_2/10ac_city_traffic_data_warehouse_week2/week2_env/lib/python3.8/site-packages/airflow/example_dags/example_complex.py
[2024-05-01T12:48:59.227+0300] {processor.py:840} INFO - DAG(s) 'example_complex' retrieved from /home/yohanes/Documents/10academy/week2_2/10ac_city_traffic_data_warehouse_week2/week2_env/lib/python3.8/site-packages/airflow/example_dags/example_complex.py
[2024-05-01T12:48:59.278+0300] {logging_mixin.py:188} INFO - [2024-05-01T12:48:59.277+0300] {dag.py:3096} INFO - Sync 1 DAGs
[2024-05-01T12:48:59.302+0300] {logging_mixin.py:188} INFO - [2024-05-01T12:48:59.301+0300] {dag.py:3954} INFO - Setting next_dagrun for example_complex to None, run_after=None
[2024-05-01T12:48:59.511+0300] {processor.py:183} INFO - Processing /home/yohanes/Documents/10academy/week2_2/10ac_city_traffic_data_warehouse_week2/week2_env/lib/python3.8/site-packages/airflow/example_dags/example_complex.py took 0.334 seconds
[2024-05-01T12:50:32.823+0300] {processor.py:161} INFO - Started process (PID=185223) to work on /home/yohanes/Documents/10academy/week2_2/10ac_city_traffic_data_warehouse_week2/week2_env/lib/python3.8/site-packages/airflow/example_dags/example_complex.py
[2024-05-01T12:50:32.869+0300] {processor.py:830} INFO - Processing file /home/yohanes/Documents/10academy/week2_2/10ac_city_traffic_data_warehouse_week2/week2_env/lib/python3.8/site-packages/airflow/example_dags/example_complex.py for tasks to queue
[2024-05-01T12:50:32.872+0300] {logging_mixin.py:188} INFO - [2024-05-01T12:50:32.871+0300] {dagbag.py:540} INFO - Filling up the DagBag from /home/yohanes/Documents/10academy/week2_2/10ac_city_traffic_data_warehouse_week2/week2_env/lib/python3.8/site-packages/airflow/example_dags/example_complex.py
[2024-05-01T12:50:32.891+0300] {processor.py:840} INFO - DAG(s) 'example_complex' retrieved from /home/yohanes/Documents/10academy/week2_2/10ac_city_traffic_data_warehouse_week2/week2_env/lib/python3.8/site-packages/airflow/example_dags/example_complex.py
[2024-05-01T12:50:32.943+0300] {logging_mixin.py:188} INFO - [2024-05-01T12:50:32.943+0300] {dag.py:3096} INFO - Sync 1 DAGs
[2024-05-01T12:50:32.962+0300] {logging_mixin.py:188} INFO - [2024-05-01T12:50:32.962+0300] {dag.py:3954} INFO - Setting next_dagrun for example_complex to None, run_after=None
[2024-05-01T12:50:33.151+0300] {processor.py:183} INFO - Processing /home/yohanes/Documents/10academy/week2_2/10ac_city_traffic_data_warehouse_week2/week2_env/lib/python3.8/site-packages/airflow/example_dags/example_complex.py took 0.340 seconds
[2024-05-01T12:52:17.208+0300] {processor.py:161} INFO - Started process (PID=186554) to work on /home/yohanes/Documents/10academy/week2_2/10ac_city_traffic_data_warehouse_week2/week2_env/lib/python3.8/site-packages/airflow/example_dags/example_complex.py
[2024-05-01T12:52:17.236+0300] {processor.py:830} INFO - Processing file /home/yohanes/Documents/10academy/week2_2/10ac_city_traffic_data_warehouse_week2/week2_env/lib/python3.8/site-packages/airflow/example_dags/example_complex.py for tasks to queue
[2024-05-01T12:52:17.239+0300] {logging_mixin.py:188} INFO - [2024-05-01T12:52:17.238+0300] {dagbag.py:540} INFO - Filling up the DagBag from /home/yohanes/Documents/10academy/week2_2/10ac_city_traffic_data_warehouse_week2/week2_env/lib/python3.8/site-packages/airflow/example_dags/example_complex.py
[2024-05-01T12:52:17.257+0300] {processor.py:840} INFO - DAG(s) 'example_complex' retrieved from /home/yohanes/Documents/10academy/week2_2/10ac_city_traffic_data_warehouse_week2/week2_env/lib/python3.8/site-packages/airflow/example_dags/example_complex.py
[2024-05-01T12:52:17.303+0300] {logging_mixin.py:188} INFO - [2024-05-01T12:52:17.302+0300] {dag.py:3096} INFO - Sync 1 DAGs
[2024-05-01T12:52:17.320+0300] {logging_mixin.py:188} INFO - [2024-05-01T12:52:17.320+0300] {dag.py:3954} INFO - Setting next_dagrun for example_complex to None, run_after=None
[2024-05-01T12:52:17.524+0300] {processor.py:183} INFO - Processing /home/yohanes/Documents/10academy/week2_2/10ac_city_traffic_data_warehouse_week2/week2_env/lib/python3.8/site-packages/airflow/example_dags/example_complex.py took 0.324 seconds
[2024-05-01T12:53:51.318+0300] {processor.py:161} INFO - Started process (PID=187482) to work on /home/yohanes/Documents/10academy/week2_2/10ac_city_traffic_data_warehouse_week2/week2_env/lib/python3.8/site-packages/airflow/example_dags/example_complex.py
[2024-05-01T12:53:51.344+0300] {processor.py:830} INFO - Processing file /home/yohanes/Documents/10academy/week2_2/10ac_city_traffic_data_warehouse_week2/week2_env/lib/python3.8/site-packages/airflow/example_dags/example_complex.py for tasks to queue
[2024-05-01T12:53:51.346+0300] {logging_mixin.py:188} INFO - [2024-05-01T12:53:51.346+0300] {dagbag.py:540} INFO - Filling up the DagBag from /home/yohanes/Documents/10academy/week2_2/10ac_city_traffic_data_warehouse_week2/week2_env/lib/python3.8/site-packages/airflow/example_dags/example_complex.py
[2024-05-01T12:53:51.365+0300] {processor.py:840} INFO - DAG(s) 'example_complex' retrieved from /home/yohanes/Documents/10academy/week2_2/10ac_city_traffic_data_warehouse_week2/week2_env/lib/python3.8/site-packages/airflow/example_dags/example_complex.py
[2024-05-01T12:53:51.406+0300] {logging_mixin.py:188} INFO - [2024-05-01T12:53:51.405+0300] {dag.py:3096} INFO - Sync 1 DAGs
[2024-05-01T12:53:51.423+0300] {logging_mixin.py:188} INFO - [2024-05-01T12:53:51.423+0300] {dag.py:3954} INFO - Setting next_dagrun for example_complex to None, run_after=None
[2024-05-01T12:53:51.548+0300] {processor.py:183} INFO - Processing /home/yohanes/Documents/10academy/week2_2/10ac_city_traffic_data_warehouse_week2/week2_env/lib/python3.8/site-packages/airflow/example_dags/example_complex.py took 0.240 seconds
[2024-05-01T12:55:03.010+0300] {processor.py:161} INFO - Started process (PID=188116) to work on /home/yohanes/Documents/10academy/week2_2/10ac_city_traffic_data_warehouse_week2/week2_env/lib/python3.8/site-packages/airflow/example_dags/example_complex.py
[2024-05-01T12:55:03.027+0300] {processor.py:830} INFO - Processing file /home/yohanes/Documents/10academy/week2_2/10ac_city_traffic_data_warehouse_week2/week2_env/lib/python3.8/site-packages/airflow/example_dags/example_complex.py for tasks to queue
[2024-05-01T12:55:03.030+0300] {logging_mixin.py:188} INFO - [2024-05-01T12:55:03.029+0300] {dagbag.py:540} INFO - Filling up the DagBag from /home/yohanes/Documents/10academy/week2_2/10ac_city_traffic_data_warehouse_week2/week2_env/lib/python3.8/site-packages/airflow/example_dags/example_complex.py
[2024-05-01T12:55:03.047+0300] {processor.py:840} INFO - DAG(s) 'example_complex' retrieved from /home/yohanes/Documents/10academy/week2_2/10ac_city_traffic_data_warehouse_week2/week2_env/lib/python3.8/site-packages/airflow/example_dags/example_complex.py
[2024-05-01T12:55:03.089+0300] {logging_mixin.py:188} INFO - [2024-05-01T12:55:03.088+0300] {dag.py:3096} INFO - Sync 1 DAGs
[2024-05-01T12:55:03.106+0300] {logging_mixin.py:188} INFO - [2024-05-01T12:55:03.106+0300] {dag.py:3954} INFO - Setting next_dagrun for example_complex to None, run_after=None
[2024-05-01T12:55:03.256+0300] {processor.py:183} INFO - Processing /home/yohanes/Documents/10academy/week2_2/10ac_city_traffic_data_warehouse_week2/week2_env/lib/python3.8/site-packages/airflow/example_dags/example_complex.py took 0.257 seconds
[2024-05-01T12:56:15.562+0300] {processor.py:161} INFO - Started process (PID=188884) to work on /home/yohanes/Documents/10academy/week2_2/10ac_city_traffic_data_warehouse_week2/week2_env/lib/python3.8/site-packages/airflow/example_dags/example_complex.py
[2024-05-01T12:56:15.576+0300] {processor.py:830} INFO - Processing file /home/yohanes/Documents/10academy/week2_2/10ac_city_traffic_data_warehouse_week2/week2_env/lib/python3.8/site-packages/airflow/example_dags/example_complex.py for tasks to queue
[2024-05-01T12:56:15.578+0300] {logging_mixin.py:188} INFO - [2024-05-01T12:56:15.578+0300] {dagbag.py:540} INFO - Filling up the DagBag from /home/yohanes/Documents/10academy/week2_2/10ac_city_traffic_data_warehouse_week2/week2_env/lib/python3.8/site-packages/airflow/example_dags/example_complex.py
[2024-05-01T12:56:15.595+0300] {processor.py:840} INFO - DAG(s) 'example_complex' retrieved from /home/yohanes/Documents/10academy/week2_2/10ac_city_traffic_data_warehouse_week2/week2_env/lib/python3.8/site-packages/airflow/example_dags/example_complex.py
[2024-05-01T12:56:15.642+0300] {logging_mixin.py:188} INFO - [2024-05-01T12:56:15.642+0300] {dag.py:3096} INFO - Sync 1 DAGs
[2024-05-01T12:56:15.663+0300] {logging_mixin.py:188} INFO - [2024-05-01T12:56:15.662+0300] {dag.py:3954} INFO - Setting next_dagrun for example_complex to None, run_after=None
[2024-05-01T12:56:15.813+0300] {processor.py:183} INFO - Processing /home/yohanes/Documents/10academy/week2_2/10ac_city_traffic_data_warehouse_week2/week2_env/lib/python3.8/site-packages/airflow/example_dags/example_complex.py took 0.264 seconds
[2024-05-01T12:57:30.111+0300] {processor.py:161} INFO - Started process (PID=189841) to work on /home/yohanes/Documents/10academy/week2_2/10ac_city_traffic_data_warehouse_week2/week2_env/lib/python3.8/site-packages/airflow/example_dags/example_complex.py
[2024-05-01T12:57:30.115+0300] {processor.py:830} INFO - Processing file /home/yohanes/Documents/10academy/week2_2/10ac_city_traffic_data_warehouse_week2/week2_env/lib/python3.8/site-packages/airflow/example_dags/example_complex.py for tasks to queue
[2024-05-01T12:57:30.117+0300] {logging_mixin.py:188} INFO - [2024-05-01T12:57:30.117+0300] {dagbag.py:540} INFO - Filling up the DagBag from /home/yohanes/Documents/10academy/week2_2/10ac_city_traffic_data_warehouse_week2/week2_env/lib/python3.8/site-packages/airflow/example_dags/example_complex.py
[2024-05-01T12:57:30.137+0300] {processor.py:840} INFO - DAG(s) 'example_complex' retrieved from /home/yohanes/Documents/10academy/week2_2/10ac_city_traffic_data_warehouse_week2/week2_env/lib/python3.8/site-packages/airflow/example_dags/example_complex.py
[2024-05-01T12:57:30.183+0300] {logging_mixin.py:188} INFO - [2024-05-01T12:57:30.182+0300] {dag.py:3096} INFO - Sync 1 DAGs
[2024-05-01T12:57:30.205+0300] {logging_mixin.py:188} INFO - [2024-05-01T12:57:30.205+0300] {dag.py:3954} INFO - Setting next_dagrun for example_complex to None, run_after=None
[2024-05-01T12:57:30.346+0300] {processor.py:183} INFO - Processing /home/yohanes/Documents/10academy/week2_2/10ac_city_traffic_data_warehouse_week2/week2_env/lib/python3.8/site-packages/airflow/example_dags/example_complex.py took 0.245 seconds
[2024-05-01T12:57:47.770+0300] {processor.py:161} INFO - Started process (PID=190759) to work on /home/yohanes/Documents/10academy/week2_2/10ac_city_traffic_data_warehouse_week2/week2_env/lib/python3.8/site-packages/airflow/example_dags/example_complex.py
[2024-05-01T12:57:47.771+0300] {processor.py:830} INFO - Processing file /home/yohanes/Documents/10academy/week2_2/10ac_city_traffic_data_warehouse_week2/week2_env/lib/python3.8/site-packages/airflow/example_dags/example_complex.py for tasks to queue
[2024-05-01T12:57:47.774+0300] {logging_mixin.py:188} INFO - [2024-05-01T12:57:47.773+0300] {dagbag.py:540} INFO - Filling up the DagBag from /home/yohanes/Documents/10academy/week2_2/10ac_city_traffic_data_warehouse_week2/week2_env/lib/python3.8/site-packages/airflow/example_dags/example_complex.py
[2024-05-01T12:57:47.789+0300] {processor.py:840} INFO - DAG(s) 'example_complex' retrieved from /home/yohanes/Documents/10academy/week2_2/10ac_city_traffic_data_warehouse_week2/week2_env/lib/python3.8/site-packages/airflow/example_dags/example_complex.py
[2024-05-01T12:57:48.065+0300] {logging_mixin.py:188} INFO - [2024-05-01T12:57:48.065+0300] {override.py:1829} INFO - Created Permission View: can read on DAG:example_complex
[2024-05-01T12:57:48.088+0300] {logging_mixin.py:188} INFO - [2024-05-01T12:57:48.087+0300] {override.py:1829} INFO - Created Permission View: can edit on DAG:example_complex
[2024-05-01T12:57:48.110+0300] {logging_mixin.py:188} INFO - [2024-05-01T12:57:48.109+0300] {override.py:1829} INFO - Created Permission View: can delete on DAG:example_complex
[2024-05-01T12:57:48.110+0300] {logging_mixin.py:188} INFO - [2024-05-01T12:57:48.110+0300] {dag.py:3096} INFO - Sync 1 DAGs
[2024-05-01T12:57:48.128+0300] {logging_mixin.py:188} INFO - [2024-05-01T12:57:48.127+0300] {dag.py:3118} INFO - Creating ORM DAG for example_complex
[2024-05-01T12:57:48.129+0300] {logging_mixin.py:188} INFO - [2024-05-01T12:57:48.128+0300] {dag.py:3954} INFO - Setting next_dagrun for example_complex to None, run_after=None
[2024-05-01T12:57:48.173+0300] {processor.py:183} INFO - Processing /home/yohanes/Documents/10academy/week2_2/10ac_city_traffic_data_warehouse_week2/week2_env/lib/python3.8/site-packages/airflow/example_dags/example_complex.py took 0.413 seconds
[2024-05-01T13:00:05.282+0300] {processor.py:161} INFO - Started process (PID=192696) to work on /home/yohanes/Documents/10academy/week2_2/10ac_city_traffic_data_warehouse_week2/week2_env/lib/python3.8/site-packages/airflow/example_dags/example_complex.py
[2024-05-01T13:00:05.348+0300] {processor.py:830} INFO - Processing file /home/yohanes/Documents/10academy/week2_2/10ac_city_traffic_data_warehouse_week2/week2_env/lib/python3.8/site-packages/airflow/example_dags/example_complex.py for tasks to queue
[2024-05-01T13:00:05.588+0300] {logging_mixin.py:188} INFO - [2024-05-01T13:00:05.466+0300] {dagbag.py:540} INFO - Filling up the DagBag from /home/yohanes/Documents/10academy/week2_2/10ac_city_traffic_data_warehouse_week2/week2_env/lib/python3.8/site-packages/airflow/example_dags/example_complex.py
[2024-05-01T13:00:07.103+0300] {processor.py:840} INFO - DAG(s) 'example_complex' retrieved from /home/yohanes/Documents/10academy/week2_2/10ac_city_traffic_data_warehouse_week2/week2_env/lib/python3.8/site-packages/airflow/example_dags/example_complex.py
[2024-05-01T13:00:07.205+0300] {logging_mixin.py:188} INFO - [2024-05-01T13:00:07.205+0300] {dag.py:3096} INFO - Sync 1 DAGs
[2024-05-01T13:00:07.242+0300] {logging_mixin.py:188} INFO - [2024-05-01T13:00:07.242+0300] {dag.py:3954} INFO - Setting next_dagrun for example_complex to None, run_after=None
[2024-05-01T13:00:07.431+0300] {processor.py:183} INFO - Processing /home/yohanes/Documents/10academy/week2_2/10ac_city_traffic_data_warehouse_week2/week2_env/lib/python3.8/site-packages/airflow/example_dags/example_complex.py took 2.980 seconds
[2024-05-01T13:03:59.489+0300] {processor.py:161} INFO - Started process (PID=195084) to work on /home/yohanes/Documents/10academy/week2_2/10ac_city_traffic_data_warehouse_week2/week2_env/lib/python3.8/site-packages/airflow/example_dags/example_complex.py
[2024-05-01T13:03:59.507+0300] {processor.py:830} INFO - Processing file /home/yohanes/Documents/10academy/week2_2/10ac_city_traffic_data_warehouse_week2/week2_env/lib/python3.8/site-packages/airflow/example_dags/example_complex.py for tasks to queue
[2024-05-01T13:03:59.510+0300] {logging_mixin.py:188} INFO - [2024-05-01T13:03:59.510+0300] {dagbag.py:540} INFO - Filling up the DagBag from /home/yohanes/Documents/10academy/week2_2/10ac_city_traffic_data_warehouse_week2/week2_env/lib/python3.8/site-packages/airflow/example_dags/example_complex.py
[2024-05-01T13:03:59.539+0300] {processor.py:840} INFO - DAG(s) 'example_complex' retrieved from /home/yohanes/Documents/10academy/week2_2/10ac_city_traffic_data_warehouse_week2/week2_env/lib/python3.8/site-packages/airflow/example_dags/example_complex.py
[2024-05-01T13:03:59.695+0300] {logging_mixin.py:188} INFO - [2024-05-01T13:03:59.694+0300] {dag.py:3096} INFO - Sync 1 DAGs
[2024-05-01T13:03:59.729+0300] {logging_mixin.py:188} INFO - [2024-05-01T13:03:59.728+0300] {dag.py:3954} INFO - Setting next_dagrun for example_complex to None, run_after=None
[2024-05-01T13:04:00.088+0300] {processor.py:183} INFO - Processing /home/yohanes/Documents/10academy/week2_2/10ac_city_traffic_data_warehouse_week2/week2_env/lib/python3.8/site-packages/airflow/example_dags/example_complex.py took 0.623 seconds
[2024-05-01T13:05:18.092+0300] {processor.py:161} INFO - Started process (PID=195981) to work on /home/yohanes/Documents/10academy/week2_2/10ac_city_traffic_data_warehouse_week2/week2_env/lib/python3.8/site-packages/airflow/example_dags/example_complex.py
[2024-05-01T13:05:18.168+0300] {processor.py:830} INFO - Processing file /home/yohanes/Documents/10academy/week2_2/10ac_city_traffic_data_warehouse_week2/week2_env/lib/python3.8/site-packages/airflow/example_dags/example_complex.py for tasks to queue
[2024-05-01T13:05:18.171+0300] {logging_mixin.py:188} INFO - [2024-05-01T13:05:18.170+0300] {dagbag.py:540} INFO - Filling up the DagBag from /home/yohanes/Documents/10academy/week2_2/10ac_city_traffic_data_warehouse_week2/week2_env/lib/python3.8/site-packages/airflow/example_dags/example_complex.py
[2024-05-01T13:05:18.187+0300] {processor.py:840} INFO - DAG(s) 'example_complex' retrieved from /home/yohanes/Documents/10academy/week2_2/10ac_city_traffic_data_warehouse_week2/week2_env/lib/python3.8/site-packages/airflow/example_dags/example_complex.py
[2024-05-01T13:05:18.229+0300] {logging_mixin.py:188} INFO - [2024-05-01T13:05:18.228+0300] {dag.py:3096} INFO - Sync 1 DAGs
[2024-05-01T13:05:18.248+0300] {logging_mixin.py:188} INFO - [2024-05-01T13:05:18.248+0300] {dag.py:3954} INFO - Setting next_dagrun for example_complex to None, run_after=None
[2024-05-01T13:05:18.669+0300] {processor.py:183} INFO - Processing /home/yohanes/Documents/10academy/week2_2/10ac_city_traffic_data_warehouse_week2/week2_env/lib/python3.8/site-packages/airflow/example_dags/example_complex.py took 0.587 seconds
[2024-05-01T13:06:35.028+0300] {processor.py:161} INFO - Started process (PID=196634) to work on /home/yohanes/Documents/10academy/week2_2/10ac_city_traffic_data_warehouse_week2/week2_env/lib/python3.8/site-packages/airflow/example_dags/example_complex.py
[2024-05-01T13:06:35.057+0300] {processor.py:830} INFO - Processing file /home/yohanes/Documents/10academy/week2_2/10ac_city_traffic_data_warehouse_week2/week2_env/lib/python3.8/site-packages/airflow/example_dags/example_complex.py for tasks to queue
[2024-05-01T13:06:35.061+0300] {logging_mixin.py:188} INFO - [2024-05-01T13:06:35.060+0300] {dagbag.py:540} INFO - Filling up the DagBag from /home/yohanes/Documents/10academy/week2_2/10ac_city_traffic_data_warehouse_week2/week2_env/lib/python3.8/site-packages/airflow/example_dags/example_complex.py
[2024-05-01T13:06:35.077+0300] {processor.py:840} INFO - DAG(s) 'example_complex' retrieved from /home/yohanes/Documents/10academy/week2_2/10ac_city_traffic_data_warehouse_week2/week2_env/lib/python3.8/site-packages/airflow/example_dags/example_complex.py
[2024-05-01T13:06:35.117+0300] {logging_mixin.py:188} INFO - [2024-05-01T13:06:35.117+0300] {dag.py:3096} INFO - Sync 1 DAGs
[2024-05-01T13:06:35.134+0300] {logging_mixin.py:188} INFO - [2024-05-01T13:06:35.133+0300] {dag.py:3954} INFO - Setting next_dagrun for example_complex to None, run_after=None
[2024-05-01T13:06:35.255+0300] {processor.py:183} INFO - Processing /home/yohanes/Documents/10academy/week2_2/10ac_city_traffic_data_warehouse_week2/week2_env/lib/python3.8/site-packages/airflow/example_dags/example_complex.py took 0.235 seconds
[2024-05-01T13:07:43.670+0300] {processor.py:161} INFO - Started process (PID=197225) to work on /home/yohanes/Documents/10academy/week2_2/10ac_city_traffic_data_warehouse_week2/week2_env/lib/python3.8/site-packages/airflow/example_dags/example_complex.py
[2024-05-01T13:07:43.687+0300] {processor.py:830} INFO - Processing file /home/yohanes/Documents/10academy/week2_2/10ac_city_traffic_data_warehouse_week2/week2_env/lib/python3.8/site-packages/airflow/example_dags/example_complex.py for tasks to queue
[2024-05-01T13:07:43.691+0300] {logging_mixin.py:188} INFO - [2024-05-01T13:07:43.691+0300] {dagbag.py:540} INFO - Filling up the DagBag from /home/yohanes/Documents/10academy/week2_2/10ac_city_traffic_data_warehouse_week2/week2_env/lib/python3.8/site-packages/airflow/example_dags/example_complex.py
[2024-05-01T13:07:43.721+0300] {processor.py:840} INFO - DAG(s) 'example_complex' retrieved from /home/yohanes/Documents/10academy/week2_2/10ac_city_traffic_data_warehouse_week2/week2_env/lib/python3.8/site-packages/airflow/example_dags/example_complex.py
[2024-05-01T13:07:43.786+0300] {logging_mixin.py:188} INFO - [2024-05-01T13:07:43.786+0300] {dag.py:3096} INFO - Sync 1 DAGs
[2024-05-01T13:07:43.808+0300] {logging_mixin.py:188} INFO - [2024-05-01T13:07:43.808+0300] {dag.py:3954} INFO - Setting next_dagrun for example_complex to None, run_after=None
[2024-05-01T13:07:43.983+0300] {processor.py:183} INFO - Processing /home/yohanes/Documents/10academy/week2_2/10ac_city_traffic_data_warehouse_week2/week2_env/lib/python3.8/site-packages/airflow/example_dags/example_complex.py took 0.322 seconds
[2024-05-01T13:09:21.697+0300] {processor.py:161} INFO - Started process (PID=198035) to work on /home/yohanes/Documents/10academy/week2_2/10ac_city_traffic_data_warehouse_week2/week2_env/lib/python3.8/site-packages/airflow/example_dags/example_complex.py
[2024-05-01T13:09:21.719+0300] {processor.py:830} INFO - Processing file /home/yohanes/Documents/10academy/week2_2/10ac_city_traffic_data_warehouse_week2/week2_env/lib/python3.8/site-packages/airflow/example_dags/example_complex.py for tasks to queue
[2024-05-01T13:09:21.721+0300] {logging_mixin.py:188} INFO - [2024-05-01T13:09:21.721+0300] {dagbag.py:540} INFO - Filling up the DagBag from /home/yohanes/Documents/10academy/week2_2/10ac_city_traffic_data_warehouse_week2/week2_env/lib/python3.8/site-packages/airflow/example_dags/example_complex.py
[2024-05-01T13:09:21.739+0300] {processor.py:840} INFO - DAG(s) 'example_complex' retrieved from /home/yohanes/Documents/10academy/week2_2/10ac_city_traffic_data_warehouse_week2/week2_env/lib/python3.8/site-packages/airflow/example_dags/example_complex.py
[2024-05-01T13:09:21.797+0300] {logging_mixin.py:188} INFO - [2024-05-01T13:09:21.797+0300] {dag.py:3096} INFO - Sync 1 DAGs
[2024-05-01T13:09:21.815+0300] {logging_mixin.py:188} INFO - [2024-05-01T13:09:21.814+0300] {dag.py:3954} INFO - Setting next_dagrun for example_complex to None, run_after=None
[2024-05-01T13:09:21.942+0300] {processor.py:183} INFO - Processing /home/yohanes/Documents/10academy/week2_2/10ac_city_traffic_data_warehouse_week2/week2_env/lib/python3.8/site-packages/airflow/example_dags/example_complex.py took 0.254 seconds
[2024-05-01T13:13:38.560+0300] {processor.py:161} INFO - Started process (PID=200835) to work on /home/yohanes/Documents/10academy/week2_2/10ac_city_traffic_data_warehouse_week2/week2_env/lib/python3.8/site-packages/airflow/example_dags/example_complex.py
[2024-05-01T13:13:38.594+0300] {processor.py:830} INFO - Processing file /home/yohanes/Documents/10academy/week2_2/10ac_city_traffic_data_warehouse_week2/week2_env/lib/python3.8/site-packages/airflow/example_dags/example_complex.py for tasks to queue
[2024-05-01T13:13:38.597+0300] {logging_mixin.py:188} INFO - [2024-05-01T13:13:38.596+0300] {dagbag.py:540} INFO - Filling up the DagBag from /home/yohanes/Documents/10academy/week2_2/10ac_city_traffic_data_warehouse_week2/week2_env/lib/python3.8/site-packages/airflow/example_dags/example_complex.py
[2024-05-01T13:13:38.615+0300] {processor.py:840} INFO - DAG(s) 'example_complex' retrieved from /home/yohanes/Documents/10academy/week2_2/10ac_city_traffic_data_warehouse_week2/week2_env/lib/python3.8/site-packages/airflow/example_dags/example_complex.py
[2024-05-01T13:13:38.839+0300] {logging_mixin.py:188} INFO - [2024-05-01T13:13:38.838+0300] {override.py:1829} INFO - Created Permission View: can delete on DAG:example_complex
[2024-05-01T13:13:38.861+0300] {logging_mixin.py:188} INFO - [2024-05-01T13:13:38.860+0300] {override.py:1829} INFO - Created Permission View: can edit on DAG:example_complex
[2024-05-01T13:13:38.883+0300] {logging_mixin.py:188} INFO - [2024-05-01T13:13:38.882+0300] {override.py:1829} INFO - Created Permission View: can read on DAG:example_complex
[2024-05-01T13:13:38.884+0300] {logging_mixin.py:188} INFO - [2024-05-01T13:13:38.883+0300] {dag.py:3096} INFO - Sync 1 DAGs
[2024-05-01T13:13:38.901+0300] {logging_mixin.py:188} INFO - [2024-05-01T13:13:38.901+0300] {dag.py:3118} INFO - Creating ORM DAG for example_complex
[2024-05-01T13:13:38.902+0300] {logging_mixin.py:188} INFO - [2024-05-01T13:13:38.902+0300] {dag.py:3954} INFO - Setting next_dagrun for example_complex to None, run_after=None
[2024-05-01T13:13:38.942+0300] {processor.py:183} INFO - Processing /home/yohanes/Documents/10academy/week2_2/10ac_city_traffic_data_warehouse_week2/week2_env/lib/python3.8/site-packages/airflow/example_dags/example_complex.py took 0.391 seconds
[2024-05-01T13:14:09.001+0300] {processor.py:161} INFO - Started process (PID=201358) to work on /home/yohanes/Documents/10academy/week2_2/10ac_city_traffic_data_warehouse_week2/week2_env/lib/python3.8/site-packages/airflow/example_dags/example_complex.py
[2024-05-01T13:14:09.002+0300] {processor.py:830} INFO - Processing file /home/yohanes/Documents/10academy/week2_2/10ac_city_traffic_data_warehouse_week2/week2_env/lib/python3.8/site-packages/airflow/example_dags/example_complex.py for tasks to queue
[2024-05-01T13:14:09.004+0300] {logging_mixin.py:188} INFO - [2024-05-01T13:14:09.004+0300] {dagbag.py:540} INFO - Filling up the DagBag from /home/yohanes/Documents/10academy/week2_2/10ac_city_traffic_data_warehouse_week2/week2_env/lib/python3.8/site-packages/airflow/example_dags/example_complex.py
[2024-05-01T13:14:09.023+0300] {processor.py:840} INFO - DAG(s) 'example_complex' retrieved from /home/yohanes/Documents/10academy/week2_2/10ac_city_traffic_data_warehouse_week2/week2_env/lib/python3.8/site-packages/airflow/example_dags/example_complex.py
[2024-05-01T13:14:09.093+0300] {logging_mixin.py:188} INFO - [2024-05-01T13:14:09.093+0300] {dag.py:3096} INFO - Sync 1 DAGs
[2024-05-01T13:14:09.113+0300] {logging_mixin.py:188} INFO - [2024-05-01T13:14:09.113+0300] {dag.py:3954} INFO - Setting next_dagrun for example_complex to None, run_after=None
[2024-05-01T13:14:09.173+0300] {processor.py:183} INFO - Processing /home/yohanes/Documents/10academy/week2_2/10ac_city_traffic_data_warehouse_week2/week2_env/lib/python3.8/site-packages/airflow/example_dags/example_complex.py took 0.181 seconds
