[2024-05-01T11:48:41.137+0300] {processor.py:161} INFO - Started process (PID=152984) to work on /home/yohanes/Documents/10academy/week2_2/10ac_city_traffic_data_warehouse_week2/week2_env/lib/python3.8/site-packages/airflow/example_dags/example_bash_decorator.py
[2024-05-01T11:48:41.138+0300] {processor.py:830} INFO - Processing file /home/yohanes/Documents/10academy/week2_2/10ac_city_traffic_data_warehouse_week2/week2_env/lib/python3.8/site-packages/airflow/example_dags/example_bash_decorator.py for tasks to queue
[2024-05-01T11:48:41.140+0300] {logging_mixin.py:188} INFO - [2024-05-01T11:48:41.140+0300] {dagbag.py:540} INFO - Filling up the DagBag from /home/yohanes/Documents/10academy/week2_2/10ac_city_traffic_data_warehouse_week2/week2_env/lib/python3.8/site-packages/airflow/example_dags/example_bash_decorator.py
[2024-05-01T11:48:41.180+0300] {processor.py:840} INFO - DAG(s) 'example_bash_decorator' retrieved from /home/yohanes/Documents/10academy/week2_2/10ac_city_traffic_data_warehouse_week2/week2_env/lib/python3.8/site-packages/airflow/example_dags/example_bash_decorator.py
[2024-05-01T11:48:41.338+0300] {logging_mixin.py:188} INFO - [2024-05-01T11:48:41.338+0300] {dag.py:3096} INFO - Sync 1 DAGs
[2024-05-01T11:48:41.352+0300] {logging_mixin.py:188} INFO - [2024-05-01T11:48:41.352+0300] {dag.py:3954} INFO - Setting next_dagrun for example_bash_decorator to None, run_after=None
[2024-05-01T11:48:41.522+0300] {processor.py:183} INFO - Processing /home/yohanes/Documents/10academy/week2_2/10ac_city_traffic_data_warehouse_week2/week2_env/lib/python3.8/site-packages/airflow/example_dags/example_bash_decorator.py took 0.396 seconds
[2024-05-01T11:50:09.104+0300] {processor.py:161} INFO - Started process (PID=153718) to work on /home/yohanes/Documents/10academy/week2_2/10ac_city_traffic_data_warehouse_week2/week2_env/lib/python3.8/site-packages/airflow/example_dags/example_bash_decorator.py
[2024-05-01T11:50:09.132+0300] {processor.py:830} INFO - Processing file /home/yohanes/Documents/10academy/week2_2/10ac_city_traffic_data_warehouse_week2/week2_env/lib/python3.8/site-packages/airflow/example_dags/example_bash_decorator.py for tasks to queue
[2024-05-01T11:50:09.136+0300] {logging_mixin.py:188} INFO - [2024-05-01T11:50:09.135+0300] {dagbag.py:540} INFO - Filling up the DagBag from /home/yohanes/Documents/10academy/week2_2/10ac_city_traffic_data_warehouse_week2/week2_env/lib/python3.8/site-packages/airflow/example_dags/example_bash_decorator.py
[2024-05-01T11:50:09.167+0300] {processor.py:840} INFO - DAG(s) 'example_bash_decorator' retrieved from /home/yohanes/Documents/10academy/week2_2/10ac_city_traffic_data_warehouse_week2/week2_env/lib/python3.8/site-packages/airflow/example_dags/example_bash_decorator.py
[2024-05-01T11:50:09.208+0300] {logging_mixin.py:188} INFO - [2024-05-01T11:50:09.207+0300] {dag.py:3096} INFO - Sync 1 DAGs
[2024-05-01T11:50:09.228+0300] {logging_mixin.py:188} INFO - [2024-05-01T11:50:09.227+0300] {dag.py:3954} INFO - Setting next_dagrun for example_bash_decorator to None, run_after=None
[2024-05-01T11:50:09.358+0300] {processor.py:183} INFO - Processing /home/yohanes/Documents/10academy/week2_2/10ac_city_traffic_data_warehouse_week2/week2_env/lib/python3.8/site-packages/airflow/example_dags/example_bash_decorator.py took 0.263 seconds
[2024-05-01T11:51:20.844+0300] {processor.py:161} INFO - Started process (PID=154309) to work on /home/yohanes/Documents/10academy/week2_2/10ac_city_traffic_data_warehouse_week2/week2_env/lib/python3.8/site-packages/airflow/example_dags/example_bash_decorator.py
[2024-05-01T11:51:20.859+0300] {processor.py:830} INFO - Processing file /home/yohanes/Documents/10academy/week2_2/10ac_city_traffic_data_warehouse_week2/week2_env/lib/python3.8/site-packages/airflow/example_dags/example_bash_decorator.py for tasks to queue
[2024-05-01T11:51:20.862+0300] {logging_mixin.py:188} INFO - [2024-05-01T11:51:20.861+0300] {dagbag.py:540} INFO - Filling up the DagBag from /home/yohanes/Documents/10academy/week2_2/10ac_city_traffic_data_warehouse_week2/week2_env/lib/python3.8/site-packages/airflow/example_dags/example_bash_decorator.py
[2024-05-01T11:51:20.885+0300] {processor.py:840} INFO - DAG(s) 'example_bash_decorator' retrieved from /home/yohanes/Documents/10academy/week2_2/10ac_city_traffic_data_warehouse_week2/week2_env/lib/python3.8/site-packages/airflow/example_dags/example_bash_decorator.py
[2024-05-01T11:51:20.915+0300] {logging_mixin.py:188} INFO - [2024-05-01T11:51:20.915+0300] {dag.py:3096} INFO - Sync 1 DAGs
[2024-05-01T11:51:20.932+0300] {logging_mixin.py:188} INFO - [2024-05-01T11:51:20.932+0300] {dag.py:3954} INFO - Setting next_dagrun for example_bash_decorator to None, run_after=None
[2024-05-01T11:51:21.083+0300] {processor.py:183} INFO - Processing /home/yohanes/Documents/10academy/week2_2/10ac_city_traffic_data_warehouse_week2/week2_env/lib/python3.8/site-packages/airflow/example_dags/example_bash_decorator.py took 0.249 seconds
[2024-05-01T11:52:30.412+0300] {processor.py:161} INFO - Started process (PID=154867) to work on /home/yohanes/Documents/10academy/week2_2/10ac_city_traffic_data_warehouse_week2/week2_env/lib/python3.8/site-packages/airflow/example_dags/example_bash_decorator.py
[2024-05-01T11:52:30.439+0300] {processor.py:830} INFO - Processing file /home/yohanes/Documents/10academy/week2_2/10ac_city_traffic_data_warehouse_week2/week2_env/lib/python3.8/site-packages/airflow/example_dags/example_bash_decorator.py for tasks to queue
[2024-05-01T11:52:30.441+0300] {logging_mixin.py:188} INFO - [2024-05-01T11:52:30.440+0300] {dagbag.py:540} INFO - Filling up the DagBag from /home/yohanes/Documents/10academy/week2_2/10ac_city_traffic_data_warehouse_week2/week2_env/lib/python3.8/site-packages/airflow/example_dags/example_bash_decorator.py
[2024-05-01T11:52:30.461+0300] {processor.py:840} INFO - DAG(s) 'example_bash_decorator' retrieved from /home/yohanes/Documents/10academy/week2_2/10ac_city_traffic_data_warehouse_week2/week2_env/lib/python3.8/site-packages/airflow/example_dags/example_bash_decorator.py
[2024-05-01T11:52:30.488+0300] {logging_mixin.py:188} INFO - [2024-05-01T11:52:30.488+0300] {dag.py:3096} INFO - Sync 1 DAGs
[2024-05-01T11:52:30.505+0300] {logging_mixin.py:188} INFO - [2024-05-01T11:52:30.504+0300] {dag.py:3954} INFO - Setting next_dagrun for example_bash_decorator to None, run_after=None
[2024-05-01T11:52:30.621+0300] {processor.py:183} INFO - Processing /home/yohanes/Documents/10academy/week2_2/10ac_city_traffic_data_warehouse_week2/week2_env/lib/python3.8/site-packages/airflow/example_dags/example_bash_decorator.py took 0.219 seconds
[2024-05-01T11:53:39.652+0300] {processor.py:161} INFO - Started process (PID=155412) to work on /home/yohanes/Documents/10academy/week2_2/10ac_city_traffic_data_warehouse_week2/week2_env/lib/python3.8/site-packages/airflow/example_dags/example_bash_decorator.py
[2024-05-01T11:53:39.665+0300] {processor.py:830} INFO - Processing file /home/yohanes/Documents/10academy/week2_2/10ac_city_traffic_data_warehouse_week2/week2_env/lib/python3.8/site-packages/airflow/example_dags/example_bash_decorator.py for tasks to queue
[2024-05-01T11:53:39.667+0300] {logging_mixin.py:188} INFO - [2024-05-01T11:53:39.667+0300] {dagbag.py:540} INFO - Filling up the DagBag from /home/yohanes/Documents/10academy/week2_2/10ac_city_traffic_data_warehouse_week2/week2_env/lib/python3.8/site-packages/airflow/example_dags/example_bash_decorator.py
[2024-05-01T11:53:39.690+0300] {processor.py:840} INFO - DAG(s) 'example_bash_decorator' retrieved from /home/yohanes/Documents/10academy/week2_2/10ac_city_traffic_data_warehouse_week2/week2_env/lib/python3.8/site-packages/airflow/example_dags/example_bash_decorator.py
[2024-05-01T11:53:39.720+0300] {logging_mixin.py:188} INFO - [2024-05-01T11:53:39.719+0300] {dag.py:3096} INFO - Sync 1 DAGs
[2024-05-01T11:53:39.737+0300] {logging_mixin.py:188} INFO - [2024-05-01T11:53:39.736+0300] {dag.py:3954} INFO - Setting next_dagrun for example_bash_decorator to None, run_after=None
[2024-05-01T11:53:40.015+0300] {processor.py:183} INFO - Processing /home/yohanes/Documents/10academy/week2_2/10ac_city_traffic_data_warehouse_week2/week2_env/lib/python3.8/site-packages/airflow/example_dags/example_bash_decorator.py took 0.373 seconds
[2024-05-01T11:54:43.466+0300] {processor.py:161} INFO - Started process (PID=155904) to work on /home/yohanes/Documents/10academy/week2_2/10ac_city_traffic_data_warehouse_week2/week2_env/lib/python3.8/site-packages/airflow/example_dags/example_bash_decorator.py
[2024-05-01T11:54:43.487+0300] {processor.py:830} INFO - Processing file /home/yohanes/Documents/10academy/week2_2/10ac_city_traffic_data_warehouse_week2/week2_env/lib/python3.8/site-packages/airflow/example_dags/example_bash_decorator.py for tasks to queue
[2024-05-01T11:54:43.489+0300] {logging_mixin.py:188} INFO - [2024-05-01T11:54:43.488+0300] {dagbag.py:540} INFO - Filling up the DagBag from /home/yohanes/Documents/10academy/week2_2/10ac_city_traffic_data_warehouse_week2/week2_env/lib/python3.8/site-packages/airflow/example_dags/example_bash_decorator.py
[2024-05-01T11:54:43.508+0300] {processor.py:840} INFO - DAG(s) 'example_bash_decorator' retrieved from /home/yohanes/Documents/10academy/week2_2/10ac_city_traffic_data_warehouse_week2/week2_env/lib/python3.8/site-packages/airflow/example_dags/example_bash_decorator.py
[2024-05-01T11:54:43.534+0300] {logging_mixin.py:188} INFO - [2024-05-01T11:54:43.534+0300] {dag.py:3096} INFO - Sync 1 DAGs
[2024-05-01T11:54:43.553+0300] {logging_mixin.py:188} INFO - [2024-05-01T11:54:43.553+0300] {dag.py:3954} INFO - Setting next_dagrun for example_bash_decorator to None, run_after=None
[2024-05-01T11:54:43.682+0300] {processor.py:183} INFO - Processing /home/yohanes/Documents/10academy/week2_2/10ac_city_traffic_data_warehouse_week2/week2_env/lib/python3.8/site-packages/airflow/example_dags/example_bash_decorator.py took 0.225 seconds
[2024-05-01T11:55:53.865+0300] {processor.py:161} INFO - Started process (PID=156495) to work on /home/yohanes/Documents/10academy/week2_2/10ac_city_traffic_data_warehouse_week2/week2_env/lib/python3.8/site-packages/airflow/example_dags/example_bash_decorator.py
[2024-05-01T11:55:53.880+0300] {processor.py:830} INFO - Processing file /home/yohanes/Documents/10academy/week2_2/10ac_city_traffic_data_warehouse_week2/week2_env/lib/python3.8/site-packages/airflow/example_dags/example_bash_decorator.py for tasks to queue
[2024-05-01T11:55:53.882+0300] {logging_mixin.py:188} INFO - [2024-05-01T11:55:53.882+0300] {dagbag.py:540} INFO - Filling up the DagBag from /home/yohanes/Documents/10academy/week2_2/10ac_city_traffic_data_warehouse_week2/week2_env/lib/python3.8/site-packages/airflow/example_dags/example_bash_decorator.py
[2024-05-01T11:55:53.901+0300] {processor.py:840} INFO - DAG(s) 'example_bash_decorator' retrieved from /home/yohanes/Documents/10academy/week2_2/10ac_city_traffic_data_warehouse_week2/week2_env/lib/python3.8/site-packages/airflow/example_dags/example_bash_decorator.py
[2024-05-01T11:55:53.928+0300] {logging_mixin.py:188} INFO - [2024-05-01T11:55:53.927+0300] {dag.py:3096} INFO - Sync 1 DAGs
[2024-05-01T11:55:53.944+0300] {logging_mixin.py:188} INFO - [2024-05-01T11:55:53.944+0300] {dag.py:3954} INFO - Setting next_dagrun for example_bash_decorator to None, run_after=None
[2024-05-01T11:55:54.088+0300] {processor.py:183} INFO - Processing /home/yohanes/Documents/10academy/week2_2/10ac_city_traffic_data_warehouse_week2/week2_env/lib/python3.8/site-packages/airflow/example_dags/example_bash_decorator.py took 0.235 seconds
[2024-05-01T11:57:01.584+0300] {processor.py:161} INFO - Started process (PID=157037) to work on /home/yohanes/Documents/10academy/week2_2/10ac_city_traffic_data_warehouse_week2/week2_env/lib/python3.8/site-packages/airflow/example_dags/example_bash_decorator.py
[2024-05-01T11:57:01.639+0300] {processor.py:830} INFO - Processing file /home/yohanes/Documents/10academy/week2_2/10ac_city_traffic_data_warehouse_week2/week2_env/lib/python3.8/site-packages/airflow/example_dags/example_bash_decorator.py for tasks to queue
[2024-05-01T11:57:01.643+0300] {logging_mixin.py:188} INFO - [2024-05-01T11:57:01.642+0300] {dagbag.py:540} INFO - Filling up the DagBag from /home/yohanes/Documents/10academy/week2_2/10ac_city_traffic_data_warehouse_week2/week2_env/lib/python3.8/site-packages/airflow/example_dags/example_bash_decorator.py
[2024-05-01T11:57:01.664+0300] {processor.py:840} INFO - DAG(s) 'example_bash_decorator' retrieved from /home/yohanes/Documents/10academy/week2_2/10ac_city_traffic_data_warehouse_week2/week2_env/lib/python3.8/site-packages/airflow/example_dags/example_bash_decorator.py
[2024-05-01T11:57:01.697+0300] {logging_mixin.py:188} INFO - [2024-05-01T11:57:01.697+0300] {dag.py:3096} INFO - Sync 1 DAGs
[2024-05-01T11:57:01.715+0300] {logging_mixin.py:188} INFO - [2024-05-01T11:57:01.714+0300] {dag.py:3954} INFO - Setting next_dagrun for example_bash_decorator to None, run_after=None
[2024-05-01T11:57:01.833+0300] {processor.py:183} INFO - Processing /home/yohanes/Documents/10academy/week2_2/10ac_city_traffic_data_warehouse_week2/week2_env/lib/python3.8/site-packages/airflow/example_dags/example_bash_decorator.py took 0.259 seconds
[2024-05-01T11:58:04.846+0300] {processor.py:161} INFO - Started process (PID=157544) to work on /home/yohanes/Documents/10academy/week2_2/10ac_city_traffic_data_warehouse_week2/week2_env/lib/python3.8/site-packages/airflow/example_dags/example_bash_decorator.py
[2024-05-01T11:58:04.875+0300] {processor.py:830} INFO - Processing file /home/yohanes/Documents/10academy/week2_2/10ac_city_traffic_data_warehouse_week2/week2_env/lib/python3.8/site-packages/airflow/example_dags/example_bash_decorator.py for tasks to queue
[2024-05-01T11:58:04.878+0300] {logging_mixin.py:188} INFO - [2024-05-01T11:58:04.877+0300] {dagbag.py:540} INFO - Filling up the DagBag from /home/yohanes/Documents/10academy/week2_2/10ac_city_traffic_data_warehouse_week2/week2_env/lib/python3.8/site-packages/airflow/example_dags/example_bash_decorator.py
[2024-05-01T11:58:04.902+0300] {processor.py:840} INFO - DAG(s) 'example_bash_decorator' retrieved from /home/yohanes/Documents/10academy/week2_2/10ac_city_traffic_data_warehouse_week2/week2_env/lib/python3.8/site-packages/airflow/example_dags/example_bash_decorator.py
[2024-05-01T11:58:04.932+0300] {logging_mixin.py:188} INFO - [2024-05-01T11:58:04.932+0300] {dag.py:3096} INFO - Sync 1 DAGs
[2024-05-01T11:58:04.958+0300] {logging_mixin.py:188} INFO - [2024-05-01T11:58:04.958+0300] {dag.py:3954} INFO - Setting next_dagrun for example_bash_decorator to None, run_after=None
[2024-05-01T11:58:05.096+0300] {processor.py:183} INFO - Processing /home/yohanes/Documents/10academy/week2_2/10ac_city_traffic_data_warehouse_week2/week2_env/lib/python3.8/site-packages/airflow/example_dags/example_bash_decorator.py took 0.260 seconds
[2024-05-01T11:59:12.466+0300] {processor.py:161} INFO - Started process (PID=158107) to work on /home/yohanes/Documents/10academy/week2_2/10ac_city_traffic_data_warehouse_week2/week2_env/lib/python3.8/site-packages/airflow/example_dags/example_bash_decorator.py
[2024-05-01T11:59:12.495+0300] {processor.py:830} INFO - Processing file /home/yohanes/Documents/10academy/week2_2/10ac_city_traffic_data_warehouse_week2/week2_env/lib/python3.8/site-packages/airflow/example_dags/example_bash_decorator.py for tasks to queue
[2024-05-01T11:59:12.498+0300] {logging_mixin.py:188} INFO - [2024-05-01T11:59:12.497+0300] {dagbag.py:540} INFO - Filling up the DagBag from /home/yohanes/Documents/10academy/week2_2/10ac_city_traffic_data_warehouse_week2/week2_env/lib/python3.8/site-packages/airflow/example_dags/example_bash_decorator.py
[2024-05-01T11:59:12.518+0300] {processor.py:840} INFO - DAG(s) 'example_bash_decorator' retrieved from /home/yohanes/Documents/10academy/week2_2/10ac_city_traffic_data_warehouse_week2/week2_env/lib/python3.8/site-packages/airflow/example_dags/example_bash_decorator.py
[2024-05-01T11:59:12.543+0300] {logging_mixin.py:188} INFO - [2024-05-01T11:59:12.543+0300] {dag.py:3096} INFO - Sync 1 DAGs
[2024-05-01T11:59:12.565+0300] {logging_mixin.py:188} INFO - [2024-05-01T11:59:12.564+0300] {dag.py:3954} INFO - Setting next_dagrun for example_bash_decorator to None, run_after=None
[2024-05-01T11:59:12.692+0300] {processor.py:183} INFO - Processing /home/yohanes/Documents/10academy/week2_2/10ac_city_traffic_data_warehouse_week2/week2_env/lib/python3.8/site-packages/airflow/example_dags/example_bash_decorator.py took 0.235 seconds
[2024-05-01T12:00:20.707+0300] {processor.py:161} INFO - Started process (PID=158644) to work on /home/yohanes/Documents/10academy/week2_2/10ac_city_traffic_data_warehouse_week2/week2_env/lib/python3.8/site-packages/airflow/example_dags/example_bash_decorator.py
[2024-05-01T12:00:20.723+0300] {processor.py:830} INFO - Processing file /home/yohanes/Documents/10academy/week2_2/10ac_city_traffic_data_warehouse_week2/week2_env/lib/python3.8/site-packages/airflow/example_dags/example_bash_decorator.py for tasks to queue
[2024-05-01T12:00:20.726+0300] {logging_mixin.py:188} INFO - [2024-05-01T12:00:20.725+0300] {dagbag.py:540} INFO - Filling up the DagBag from /home/yohanes/Documents/10academy/week2_2/10ac_city_traffic_data_warehouse_week2/week2_env/lib/python3.8/site-packages/airflow/example_dags/example_bash_decorator.py
[2024-05-01T12:00:20.746+0300] {processor.py:840} INFO - DAG(s) 'example_bash_decorator' retrieved from /home/yohanes/Documents/10academy/week2_2/10ac_city_traffic_data_warehouse_week2/week2_env/lib/python3.8/site-packages/airflow/example_dags/example_bash_decorator.py
[2024-05-01T12:00:20.774+0300] {logging_mixin.py:188} INFO - [2024-05-01T12:00:20.774+0300] {dag.py:3096} INFO - Sync 1 DAGs
[2024-05-01T12:00:20.792+0300] {logging_mixin.py:188} INFO - [2024-05-01T12:00:20.791+0300] {dag.py:3954} INFO - Setting next_dagrun for example_bash_decorator to None, run_after=None
[2024-05-01T12:00:20.914+0300] {processor.py:183} INFO - Processing /home/yohanes/Documents/10academy/week2_2/10ac_city_traffic_data_warehouse_week2/week2_env/lib/python3.8/site-packages/airflow/example_dags/example_bash_decorator.py took 0.218 seconds
[2024-05-01T12:01:27.468+0300] {processor.py:161} INFO - Started process (PID=159210) to work on /home/yohanes/Documents/10academy/week2_2/10ac_city_traffic_data_warehouse_week2/week2_env/lib/python3.8/site-packages/airflow/example_dags/example_bash_decorator.py
[2024-05-01T12:01:27.469+0300] {processor.py:830} INFO - Processing file /home/yohanes/Documents/10academy/week2_2/10ac_city_traffic_data_warehouse_week2/week2_env/lib/python3.8/site-packages/airflow/example_dags/example_bash_decorator.py for tasks to queue
[2024-05-01T12:01:27.471+0300] {logging_mixin.py:188} INFO - [2024-05-01T12:01:27.471+0300] {dagbag.py:540} INFO - Filling up the DagBag from /home/yohanes/Documents/10academy/week2_2/10ac_city_traffic_data_warehouse_week2/week2_env/lib/python3.8/site-packages/airflow/example_dags/example_bash_decorator.py
[2024-05-01T12:01:27.492+0300] {processor.py:840} INFO - DAG(s) 'example_bash_decorator' retrieved from /home/yohanes/Documents/10academy/week2_2/10ac_city_traffic_data_warehouse_week2/week2_env/lib/python3.8/site-packages/airflow/example_dags/example_bash_decorator.py
[2024-05-01T12:01:27.520+0300] {logging_mixin.py:188} INFO - [2024-05-01T12:01:27.519+0300] {dag.py:3096} INFO - Sync 1 DAGs
[2024-05-01T12:01:27.537+0300] {logging_mixin.py:188} INFO - [2024-05-01T12:01:27.537+0300] {dag.py:3954} INFO - Setting next_dagrun for example_bash_decorator to None, run_after=None
[2024-05-01T12:01:27.690+0300] {processor.py:183} INFO - Processing /home/yohanes/Documents/10academy/week2_2/10ac_city_traffic_data_warehouse_week2/week2_env/lib/python3.8/site-packages/airflow/example_dags/example_bash_decorator.py took 0.232 seconds
[2024-05-01T12:02:31.330+0300] {processor.py:161} INFO - Started process (PID=159706) to work on /home/yohanes/Documents/10academy/week2_2/10ac_city_traffic_data_warehouse_week2/week2_env/lib/python3.8/site-packages/airflow/example_dags/example_bash_decorator.py
[2024-05-01T12:02:31.360+0300] {processor.py:830} INFO - Processing file /home/yohanes/Documents/10academy/week2_2/10ac_city_traffic_data_warehouse_week2/week2_env/lib/python3.8/site-packages/airflow/example_dags/example_bash_decorator.py for tasks to queue
[2024-05-01T12:02:31.362+0300] {logging_mixin.py:188} INFO - [2024-05-01T12:02:31.361+0300] {dagbag.py:540} INFO - Filling up the DagBag from /home/yohanes/Documents/10academy/week2_2/10ac_city_traffic_data_warehouse_week2/week2_env/lib/python3.8/site-packages/airflow/example_dags/example_bash_decorator.py
[2024-05-01T12:02:31.381+0300] {processor.py:840} INFO - DAG(s) 'example_bash_decorator' retrieved from /home/yohanes/Documents/10academy/week2_2/10ac_city_traffic_data_warehouse_week2/week2_env/lib/python3.8/site-packages/airflow/example_dags/example_bash_decorator.py
[2024-05-01T12:02:31.408+0300] {logging_mixin.py:188} INFO - [2024-05-01T12:02:31.408+0300] {dag.py:3096} INFO - Sync 1 DAGs
[2024-05-01T12:02:31.425+0300] {logging_mixin.py:188} INFO - [2024-05-01T12:02:31.424+0300] {dag.py:3954} INFO - Setting next_dagrun for example_bash_decorator to None, run_after=None
[2024-05-01T12:02:31.536+0300] {processor.py:183} INFO - Processing /home/yohanes/Documents/10academy/week2_2/10ac_city_traffic_data_warehouse_week2/week2_env/lib/python3.8/site-packages/airflow/example_dags/example_bash_decorator.py took 0.214 seconds
[2024-05-01T12:03:40.932+0300] {processor.py:161} INFO - Started process (PID=160246) to work on /home/yohanes/Documents/10academy/week2_2/10ac_city_traffic_data_warehouse_week2/week2_env/lib/python3.8/site-packages/airflow/example_dags/example_bash_decorator.py
[2024-05-01T12:03:40.953+0300] {processor.py:830} INFO - Processing file /home/yohanes/Documents/10academy/week2_2/10ac_city_traffic_data_warehouse_week2/week2_env/lib/python3.8/site-packages/airflow/example_dags/example_bash_decorator.py for tasks to queue
[2024-05-01T12:03:40.955+0300] {logging_mixin.py:188} INFO - [2024-05-01T12:03:40.955+0300] {dagbag.py:540} INFO - Filling up the DagBag from /home/yohanes/Documents/10academy/week2_2/10ac_city_traffic_data_warehouse_week2/week2_env/lib/python3.8/site-packages/airflow/example_dags/example_bash_decorator.py
[2024-05-01T12:03:40.975+0300] {processor.py:840} INFO - DAG(s) 'example_bash_decorator' retrieved from /home/yohanes/Documents/10academy/week2_2/10ac_city_traffic_data_warehouse_week2/week2_env/lib/python3.8/site-packages/airflow/example_dags/example_bash_decorator.py
[2024-05-01T12:03:41.002+0300] {logging_mixin.py:188} INFO - [2024-05-01T12:03:41.002+0300] {dag.py:3096} INFO - Sync 1 DAGs
[2024-05-01T12:03:41.018+0300] {logging_mixin.py:188} INFO - [2024-05-01T12:03:41.018+0300] {dag.py:3954} INFO - Setting next_dagrun for example_bash_decorator to None, run_after=None
[2024-05-01T12:03:41.154+0300] {processor.py:183} INFO - Processing /home/yohanes/Documents/10academy/week2_2/10ac_city_traffic_data_warehouse_week2/week2_env/lib/python3.8/site-packages/airflow/example_dags/example_bash_decorator.py took 0.233 seconds
[2024-05-01T12:04:53.607+0300] {processor.py:161} INFO - Started process (PID=160854) to work on /home/yohanes/Documents/10academy/week2_2/10ac_city_traffic_data_warehouse_week2/week2_env/lib/python3.8/site-packages/airflow/example_dags/example_bash_decorator.py
[2024-05-01T12:04:53.627+0300] {processor.py:830} INFO - Processing file /home/yohanes/Documents/10academy/week2_2/10ac_city_traffic_data_warehouse_week2/week2_env/lib/python3.8/site-packages/airflow/example_dags/example_bash_decorator.py for tasks to queue
[2024-05-01T12:04:53.629+0300] {logging_mixin.py:188} INFO - [2024-05-01T12:04:53.629+0300] {dagbag.py:540} INFO - Filling up the DagBag from /home/yohanes/Documents/10academy/week2_2/10ac_city_traffic_data_warehouse_week2/week2_env/lib/python3.8/site-packages/airflow/example_dags/example_bash_decorator.py
[2024-05-01T12:04:53.649+0300] {processor.py:840} INFO - DAG(s) 'example_bash_decorator' retrieved from /home/yohanes/Documents/10academy/week2_2/10ac_city_traffic_data_warehouse_week2/week2_env/lib/python3.8/site-packages/airflow/example_dags/example_bash_decorator.py
[2024-05-01T12:04:53.675+0300] {logging_mixin.py:188} INFO - [2024-05-01T12:04:53.675+0300] {dag.py:3096} INFO - Sync 1 DAGs
[2024-05-01T12:04:53.691+0300] {logging_mixin.py:188} INFO - [2024-05-01T12:04:53.691+0300] {dag.py:3954} INFO - Setting next_dagrun for example_bash_decorator to None, run_after=None
[2024-05-01T12:04:53.820+0300] {processor.py:183} INFO - Processing /home/yohanes/Documents/10academy/week2_2/10ac_city_traffic_data_warehouse_week2/week2_env/lib/python3.8/site-packages/airflow/example_dags/example_bash_decorator.py took 0.224 seconds
[2024-05-01T12:06:04.236+0300] {processor.py:161} INFO - Started process (PID=161553) to work on /home/yohanes/Documents/10academy/week2_2/10ac_city_traffic_data_warehouse_week2/week2_env/lib/python3.8/site-packages/airflow/example_dags/example_bash_decorator.py
[2024-05-01T12:06:04.261+0300] {processor.py:830} INFO - Processing file /home/yohanes/Documents/10academy/week2_2/10ac_city_traffic_data_warehouse_week2/week2_env/lib/python3.8/site-packages/airflow/example_dags/example_bash_decorator.py for tasks to queue
[2024-05-01T12:06:04.263+0300] {logging_mixin.py:188} INFO - [2024-05-01T12:06:04.263+0300] {dagbag.py:540} INFO - Filling up the DagBag from /home/yohanes/Documents/10academy/week2_2/10ac_city_traffic_data_warehouse_week2/week2_env/lib/python3.8/site-packages/airflow/example_dags/example_bash_decorator.py
[2024-05-01T12:06:04.286+0300] {processor.py:840} INFO - DAG(s) 'example_bash_decorator' retrieved from /home/yohanes/Documents/10academy/week2_2/10ac_city_traffic_data_warehouse_week2/week2_env/lib/python3.8/site-packages/airflow/example_dags/example_bash_decorator.py
[2024-05-01T12:06:04.314+0300] {logging_mixin.py:188} INFO - [2024-05-01T12:06:04.313+0300] {dag.py:3096} INFO - Sync 1 DAGs
[2024-05-01T12:06:04.330+0300] {logging_mixin.py:188} INFO - [2024-05-01T12:06:04.330+0300] {dag.py:3954} INFO - Setting next_dagrun for example_bash_decorator to None, run_after=None
[2024-05-01T12:06:04.526+0300] {processor.py:183} INFO - Processing /home/yohanes/Documents/10academy/week2_2/10ac_city_traffic_data_warehouse_week2/week2_env/lib/python3.8/site-packages/airflow/example_dags/example_bash_decorator.py took 0.297 seconds
[2024-05-01T12:07:21.962+0300] {processor.py:161} INFO - Started process (PID=162267) to work on /home/yohanes/Documents/10academy/week2_2/10ac_city_traffic_data_warehouse_week2/week2_env/lib/python3.8/site-packages/airflow/example_dags/example_bash_decorator.py
[2024-05-01T12:07:21.990+0300] {processor.py:830} INFO - Processing file /home/yohanes/Documents/10academy/week2_2/10ac_city_traffic_data_warehouse_week2/week2_env/lib/python3.8/site-packages/airflow/example_dags/example_bash_decorator.py for tasks to queue
[2024-05-01T12:07:21.994+0300] {logging_mixin.py:188} INFO - [2024-05-01T12:07:21.993+0300] {dagbag.py:540} INFO - Filling up the DagBag from /home/yohanes/Documents/10academy/week2_2/10ac_city_traffic_data_warehouse_week2/week2_env/lib/python3.8/site-packages/airflow/example_dags/example_bash_decorator.py
[2024-05-01T12:07:22.022+0300] {processor.py:840} INFO - DAG(s) 'example_bash_decorator' retrieved from /home/yohanes/Documents/10academy/week2_2/10ac_city_traffic_data_warehouse_week2/week2_env/lib/python3.8/site-packages/airflow/example_dags/example_bash_decorator.py
[2024-05-01T12:07:22.262+0300] {logging_mixin.py:188} INFO - [2024-05-01T12:07:22.261+0300] {dag.py:3096} INFO - Sync 1 DAGs
[2024-05-01T12:07:22.285+0300] {logging_mixin.py:188} INFO - [2024-05-01T12:07:22.284+0300] {dag.py:3954} INFO - Setting next_dagrun for example_bash_decorator to None, run_after=None
[2024-05-01T12:07:22.452+0300] {processor.py:183} INFO - Processing /home/yohanes/Documents/10academy/week2_2/10ac_city_traffic_data_warehouse_week2/week2_env/lib/python3.8/site-packages/airflow/example_dags/example_bash_decorator.py took 0.498 seconds
[2024-05-01T12:09:02.409+0300] {processor.py:161} INFO - Started process (PID=163157) to work on /home/yohanes/Documents/10academy/week2_2/10ac_city_traffic_data_warehouse_week2/week2_env/lib/python3.8/site-packages/airflow/example_dags/example_bash_decorator.py
[2024-05-01T12:09:02.455+0300] {processor.py:830} INFO - Processing file /home/yohanes/Documents/10academy/week2_2/10ac_city_traffic_data_warehouse_week2/week2_env/lib/python3.8/site-packages/airflow/example_dags/example_bash_decorator.py for tasks to queue
[2024-05-01T12:09:02.457+0300] {logging_mixin.py:188} INFO - [2024-05-01T12:09:02.456+0300] {dagbag.py:540} INFO - Filling up the DagBag from /home/yohanes/Documents/10academy/week2_2/10ac_city_traffic_data_warehouse_week2/week2_env/lib/python3.8/site-packages/airflow/example_dags/example_bash_decorator.py
[2024-05-01T12:09:02.483+0300] {processor.py:840} INFO - DAG(s) 'example_bash_decorator' retrieved from /home/yohanes/Documents/10academy/week2_2/10ac_city_traffic_data_warehouse_week2/week2_env/lib/python3.8/site-packages/airflow/example_dags/example_bash_decorator.py
[2024-05-01T12:09:02.515+0300] {logging_mixin.py:188} INFO - [2024-05-01T12:09:02.514+0300] {dag.py:3096} INFO - Sync 1 DAGs
[2024-05-01T12:09:02.535+0300] {logging_mixin.py:188} INFO - [2024-05-01T12:09:02.535+0300] {dag.py:3954} INFO - Setting next_dagrun for example_bash_decorator to None, run_after=None
[2024-05-01T12:09:02.678+0300] {processor.py:183} INFO - Processing /home/yohanes/Documents/10academy/week2_2/10ac_city_traffic_data_warehouse_week2/week2_env/lib/python3.8/site-packages/airflow/example_dags/example_bash_decorator.py took 0.279 seconds
[2024-05-01T12:10:11.977+0300] {processor.py:161} INFO - Started process (PID=163730) to work on /home/yohanes/Documents/10academy/week2_2/10ac_city_traffic_data_warehouse_week2/week2_env/lib/python3.8/site-packages/airflow/example_dags/example_bash_decorator.py
[2024-05-01T12:10:11.993+0300] {processor.py:830} INFO - Processing file /home/yohanes/Documents/10academy/week2_2/10ac_city_traffic_data_warehouse_week2/week2_env/lib/python3.8/site-packages/airflow/example_dags/example_bash_decorator.py for tasks to queue
[2024-05-01T12:10:11.996+0300] {logging_mixin.py:188} INFO - [2024-05-01T12:10:11.995+0300] {dagbag.py:540} INFO - Filling up the DagBag from /home/yohanes/Documents/10academy/week2_2/10ac_city_traffic_data_warehouse_week2/week2_env/lib/python3.8/site-packages/airflow/example_dags/example_bash_decorator.py
[2024-05-01T12:10:12.015+0300] {processor.py:840} INFO - DAG(s) 'example_bash_decorator' retrieved from /home/yohanes/Documents/10academy/week2_2/10ac_city_traffic_data_warehouse_week2/week2_env/lib/python3.8/site-packages/airflow/example_dags/example_bash_decorator.py
[2024-05-01T12:10:12.047+0300] {logging_mixin.py:188} INFO - [2024-05-01T12:10:12.046+0300] {dag.py:3096} INFO - Sync 1 DAGs
[2024-05-01T12:10:12.065+0300] {logging_mixin.py:188} INFO - [2024-05-01T12:10:12.065+0300] {dag.py:3954} INFO - Setting next_dagrun for example_bash_decorator to None, run_after=None
[2024-05-01T12:10:12.224+0300] {processor.py:183} INFO - Processing /home/yohanes/Documents/10academy/week2_2/10ac_city_traffic_data_warehouse_week2/week2_env/lib/python3.8/site-packages/airflow/example_dags/example_bash_decorator.py took 0.256 seconds
[2024-05-01T12:11:22.984+0300] {processor.py:161} INFO - Started process (PID=164344) to work on /home/yohanes/Documents/10academy/week2_2/10ac_city_traffic_data_warehouse_week2/week2_env/lib/python3.8/site-packages/airflow/example_dags/example_bash_decorator.py
[2024-05-01T12:11:22.999+0300] {processor.py:830} INFO - Processing file /home/yohanes/Documents/10academy/week2_2/10ac_city_traffic_data_warehouse_week2/week2_env/lib/python3.8/site-packages/airflow/example_dags/example_bash_decorator.py for tasks to queue
[2024-05-01T12:11:23.002+0300] {logging_mixin.py:188} INFO - [2024-05-01T12:11:23.001+0300] {dagbag.py:540} INFO - Filling up the DagBag from /home/yohanes/Documents/10academy/week2_2/10ac_city_traffic_data_warehouse_week2/week2_env/lib/python3.8/site-packages/airflow/example_dags/example_bash_decorator.py
[2024-05-01T12:11:23.021+0300] {processor.py:840} INFO - DAG(s) 'example_bash_decorator' retrieved from /home/yohanes/Documents/10academy/week2_2/10ac_city_traffic_data_warehouse_week2/week2_env/lib/python3.8/site-packages/airflow/example_dags/example_bash_decorator.py
[2024-05-01T12:11:23.048+0300] {logging_mixin.py:188} INFO - [2024-05-01T12:11:23.047+0300] {dag.py:3096} INFO - Sync 1 DAGs
[2024-05-01T12:11:23.064+0300] {logging_mixin.py:188} INFO - [2024-05-01T12:11:23.064+0300] {dag.py:3954} INFO - Setting next_dagrun for example_bash_decorator to None, run_after=None
[2024-05-01T12:11:23.197+0300] {processor.py:183} INFO - Processing /home/yohanes/Documents/10academy/week2_2/10ac_city_traffic_data_warehouse_week2/week2_env/lib/python3.8/site-packages/airflow/example_dags/example_bash_decorator.py took 0.222 seconds
[2024-05-01T12:12:33.455+0300] {processor.py:161} INFO - Started process (PID=164904) to work on /home/yohanes/Documents/10academy/week2_2/10ac_city_traffic_data_warehouse_week2/week2_env/lib/python3.8/site-packages/airflow/example_dags/example_bash_decorator.py
[2024-05-01T12:12:33.476+0300] {processor.py:830} INFO - Processing file /home/yohanes/Documents/10academy/week2_2/10ac_city_traffic_data_warehouse_week2/week2_env/lib/python3.8/site-packages/airflow/example_dags/example_bash_decorator.py for tasks to queue
[2024-05-01T12:12:33.480+0300] {logging_mixin.py:188} INFO - [2024-05-01T12:12:33.479+0300] {dagbag.py:540} INFO - Filling up the DagBag from /home/yohanes/Documents/10academy/week2_2/10ac_city_traffic_data_warehouse_week2/week2_env/lib/python3.8/site-packages/airflow/example_dags/example_bash_decorator.py
[2024-05-01T12:12:33.500+0300] {processor.py:840} INFO - DAG(s) 'example_bash_decorator' retrieved from /home/yohanes/Documents/10academy/week2_2/10ac_city_traffic_data_warehouse_week2/week2_env/lib/python3.8/site-packages/airflow/example_dags/example_bash_decorator.py
[2024-05-01T12:12:33.528+0300] {logging_mixin.py:188} INFO - [2024-05-01T12:12:33.527+0300] {dag.py:3096} INFO - Sync 1 DAGs
[2024-05-01T12:12:33.545+0300] {logging_mixin.py:188} INFO - [2024-05-01T12:12:33.545+0300] {dag.py:3954} INFO - Setting next_dagrun for example_bash_decorator to None, run_after=None
[2024-05-01T12:12:33.680+0300] {processor.py:183} INFO - Processing /home/yohanes/Documents/10academy/week2_2/10ac_city_traffic_data_warehouse_week2/week2_env/lib/python3.8/site-packages/airflow/example_dags/example_bash_decorator.py took 0.233 seconds
[2024-05-01T12:13:41.416+0300] {processor.py:161} INFO - Started process (PID=165433) to work on /home/yohanes/Documents/10academy/week2_2/10ac_city_traffic_data_warehouse_week2/week2_env/lib/python3.8/site-packages/airflow/example_dags/example_bash_decorator.py
[2024-05-01T12:13:41.436+0300] {processor.py:830} INFO - Processing file /home/yohanes/Documents/10academy/week2_2/10ac_city_traffic_data_warehouse_week2/week2_env/lib/python3.8/site-packages/airflow/example_dags/example_bash_decorator.py for tasks to queue
[2024-05-01T12:13:41.439+0300] {logging_mixin.py:188} INFO - [2024-05-01T12:13:41.438+0300] {dagbag.py:540} INFO - Filling up the DagBag from /home/yohanes/Documents/10academy/week2_2/10ac_city_traffic_data_warehouse_week2/week2_env/lib/python3.8/site-packages/airflow/example_dags/example_bash_decorator.py
[2024-05-01T12:13:41.457+0300] {processor.py:840} INFO - DAG(s) 'example_bash_decorator' retrieved from /home/yohanes/Documents/10academy/week2_2/10ac_city_traffic_data_warehouse_week2/week2_env/lib/python3.8/site-packages/airflow/example_dags/example_bash_decorator.py
[2024-05-01T12:13:41.485+0300] {logging_mixin.py:188} INFO - [2024-05-01T12:13:41.485+0300] {dag.py:3096} INFO - Sync 1 DAGs
[2024-05-01T12:13:41.502+0300] {logging_mixin.py:188} INFO - [2024-05-01T12:13:41.502+0300] {dag.py:3954} INFO - Setting next_dagrun for example_bash_decorator to None, run_after=None
[2024-05-01T12:13:41.640+0300] {processor.py:183} INFO - Processing /home/yohanes/Documents/10academy/week2_2/10ac_city_traffic_data_warehouse_week2/week2_env/lib/python3.8/site-packages/airflow/example_dags/example_bash_decorator.py took 0.233 seconds
[2024-05-01T12:14:58.976+0300] {processor.py:161} INFO - Started process (PID=166045) to work on /home/yohanes/Documents/10academy/week2_2/10ac_city_traffic_data_warehouse_week2/week2_env/lib/python3.8/site-packages/airflow/example_dags/example_bash_decorator.py
[2024-05-01T12:14:59.220+0300] {processor.py:830} INFO - Processing file /home/yohanes/Documents/10academy/week2_2/10ac_city_traffic_data_warehouse_week2/week2_env/lib/python3.8/site-packages/airflow/example_dags/example_bash_decorator.py for tasks to queue
[2024-05-01T12:14:59.222+0300] {logging_mixin.py:188} INFO - [2024-05-01T12:14:59.222+0300] {dagbag.py:540} INFO - Filling up the DagBag from /home/yohanes/Documents/10academy/week2_2/10ac_city_traffic_data_warehouse_week2/week2_env/lib/python3.8/site-packages/airflow/example_dags/example_bash_decorator.py
[2024-05-01T12:14:59.242+0300] {processor.py:840} INFO - DAG(s) 'example_bash_decorator' retrieved from /home/yohanes/Documents/10academy/week2_2/10ac_city_traffic_data_warehouse_week2/week2_env/lib/python3.8/site-packages/airflow/example_dags/example_bash_decorator.py
[2024-05-01T12:14:59.269+0300] {logging_mixin.py:188} INFO - [2024-05-01T12:14:59.268+0300] {dag.py:3096} INFO - Sync 1 DAGs
[2024-05-01T12:14:59.289+0300] {logging_mixin.py:188} INFO - [2024-05-01T12:14:59.289+0300] {dag.py:3954} INFO - Setting next_dagrun for example_bash_decorator to None, run_after=None
[2024-05-01T12:15:01.013+0300] {processor.py:183} INFO - Processing /home/yohanes/Documents/10academy/week2_2/10ac_city_traffic_data_warehouse_week2/week2_env/lib/python3.8/site-packages/airflow/example_dags/example_bash_decorator.py took 2.045 seconds
[2024-05-01T12:16:34.742+0300] {processor.py:161} INFO - Started process (PID=166835) to work on /home/yohanes/Documents/10academy/week2_2/10ac_city_traffic_data_warehouse_week2/week2_env/lib/python3.8/site-packages/airflow/example_dags/example_bash_decorator.py
[2024-05-01T12:16:34.816+0300] {processor.py:830} INFO - Processing file /home/yohanes/Documents/10academy/week2_2/10ac_city_traffic_data_warehouse_week2/week2_env/lib/python3.8/site-packages/airflow/example_dags/example_bash_decorator.py for tasks to queue
[2024-05-01T12:16:34.818+0300] {logging_mixin.py:188} INFO - [2024-05-01T12:16:34.818+0300] {dagbag.py:540} INFO - Filling up the DagBag from /home/yohanes/Documents/10academy/week2_2/10ac_city_traffic_data_warehouse_week2/week2_env/lib/python3.8/site-packages/airflow/example_dags/example_bash_decorator.py
[2024-05-01T12:16:34.838+0300] {processor.py:840} INFO - DAG(s) 'example_bash_decorator' retrieved from /home/yohanes/Documents/10academy/week2_2/10ac_city_traffic_data_warehouse_week2/week2_env/lib/python3.8/site-packages/airflow/example_dags/example_bash_decorator.py
[2024-05-01T12:16:34.864+0300] {logging_mixin.py:188} INFO - [2024-05-01T12:16:34.864+0300] {dag.py:3096} INFO - Sync 1 DAGs
[2024-05-01T12:16:34.881+0300] {logging_mixin.py:188} INFO - [2024-05-01T12:16:34.881+0300] {dag.py:3954} INFO - Setting next_dagrun for example_bash_decorator to None, run_after=None
[2024-05-01T12:16:34.999+0300] {processor.py:183} INFO - Processing /home/yohanes/Documents/10academy/week2_2/10ac_city_traffic_data_warehouse_week2/week2_env/lib/python3.8/site-packages/airflow/example_dags/example_bash_decorator.py took 0.265 seconds
[2024-05-01T12:17:44.739+0300] {processor.py:161} INFO - Started process (PID=167388) to work on /home/yohanes/Documents/10academy/week2_2/10ac_city_traffic_data_warehouse_week2/week2_env/lib/python3.8/site-packages/airflow/example_dags/example_bash_decorator.py
[2024-05-01T12:17:44.810+0300] {processor.py:830} INFO - Processing file /home/yohanes/Documents/10academy/week2_2/10ac_city_traffic_data_warehouse_week2/week2_env/lib/python3.8/site-packages/airflow/example_dags/example_bash_decorator.py for tasks to queue
[2024-05-01T12:17:44.813+0300] {logging_mixin.py:188} INFO - [2024-05-01T12:17:44.812+0300] {dagbag.py:540} INFO - Filling up the DagBag from /home/yohanes/Documents/10academy/week2_2/10ac_city_traffic_data_warehouse_week2/week2_env/lib/python3.8/site-packages/airflow/example_dags/example_bash_decorator.py
[2024-05-01T12:17:44.832+0300] {processor.py:840} INFO - DAG(s) 'example_bash_decorator' retrieved from /home/yohanes/Documents/10academy/week2_2/10ac_city_traffic_data_warehouse_week2/week2_env/lib/python3.8/site-packages/airflow/example_dags/example_bash_decorator.py
[2024-05-01T12:17:44.858+0300] {logging_mixin.py:188} INFO - [2024-05-01T12:17:44.857+0300] {dag.py:3096} INFO - Sync 1 DAGs
[2024-05-01T12:17:44.874+0300] {logging_mixin.py:188} INFO - [2024-05-01T12:17:44.874+0300] {dag.py:3954} INFO - Setting next_dagrun for example_bash_decorator to None, run_after=None
[2024-05-01T12:17:44.993+0300] {processor.py:183} INFO - Processing /home/yohanes/Documents/10academy/week2_2/10ac_city_traffic_data_warehouse_week2/week2_env/lib/python3.8/site-packages/airflow/example_dags/example_bash_decorator.py took 0.263 seconds
[2024-05-01T12:18:53.580+0300] {processor.py:161} INFO - Started process (PID=167955) to work on /home/yohanes/Documents/10academy/week2_2/10ac_city_traffic_data_warehouse_week2/week2_env/lib/python3.8/site-packages/airflow/example_dags/example_bash_decorator.py
[2024-05-01T12:18:53.604+0300] {processor.py:830} INFO - Processing file /home/yohanes/Documents/10academy/week2_2/10ac_city_traffic_data_warehouse_week2/week2_env/lib/python3.8/site-packages/airflow/example_dags/example_bash_decorator.py for tasks to queue
[2024-05-01T12:18:53.606+0300] {logging_mixin.py:188} INFO - [2024-05-01T12:18:53.605+0300] {dagbag.py:540} INFO - Filling up the DagBag from /home/yohanes/Documents/10academy/week2_2/10ac_city_traffic_data_warehouse_week2/week2_env/lib/python3.8/site-packages/airflow/example_dags/example_bash_decorator.py
[2024-05-01T12:18:53.626+0300] {processor.py:840} INFO - DAG(s) 'example_bash_decorator' retrieved from /home/yohanes/Documents/10academy/week2_2/10ac_city_traffic_data_warehouse_week2/week2_env/lib/python3.8/site-packages/airflow/example_dags/example_bash_decorator.py
[2024-05-01T12:18:53.656+0300] {logging_mixin.py:188} INFO - [2024-05-01T12:18:53.656+0300] {dag.py:3096} INFO - Sync 1 DAGs
[2024-05-01T12:18:53.674+0300] {logging_mixin.py:188} INFO - [2024-05-01T12:18:53.673+0300] {dag.py:3954} INFO - Setting next_dagrun for example_bash_decorator to None, run_after=None
[2024-05-01T12:18:53.811+0300] {processor.py:183} INFO - Processing /home/yohanes/Documents/10academy/week2_2/10ac_city_traffic_data_warehouse_week2/week2_env/lib/python3.8/site-packages/airflow/example_dags/example_bash_decorator.py took 0.240 seconds
[2024-05-01T12:20:01.964+0300] {processor.py:161} INFO - Started process (PID=168494) to work on /home/yohanes/Documents/10academy/week2_2/10ac_city_traffic_data_warehouse_week2/week2_env/lib/python3.8/site-packages/airflow/example_dags/example_bash_decorator.py
[2024-05-01T12:20:01.987+0300] {processor.py:830} INFO - Processing file /home/yohanes/Documents/10academy/week2_2/10ac_city_traffic_data_warehouse_week2/week2_env/lib/python3.8/site-packages/airflow/example_dags/example_bash_decorator.py for tasks to queue
[2024-05-01T12:20:01.989+0300] {logging_mixin.py:188} INFO - [2024-05-01T12:20:01.989+0300] {dagbag.py:540} INFO - Filling up the DagBag from /home/yohanes/Documents/10academy/week2_2/10ac_city_traffic_data_warehouse_week2/week2_env/lib/python3.8/site-packages/airflow/example_dags/example_bash_decorator.py
[2024-05-01T12:20:02.013+0300] {processor.py:840} INFO - DAG(s) 'example_bash_decorator' retrieved from /home/yohanes/Documents/10academy/week2_2/10ac_city_traffic_data_warehouse_week2/week2_env/lib/python3.8/site-packages/airflow/example_dags/example_bash_decorator.py
[2024-05-01T12:20:02.042+0300] {logging_mixin.py:188} INFO - [2024-05-01T12:20:02.041+0300] {dag.py:3096} INFO - Sync 1 DAGs
[2024-05-01T12:20:02.059+0300] {logging_mixin.py:188} INFO - [2024-05-01T12:20:02.059+0300] {dag.py:3954} INFO - Setting next_dagrun for example_bash_decorator to None, run_after=None
[2024-05-01T12:20:02.251+0300] {processor.py:183} INFO - Processing /home/yohanes/Documents/10academy/week2_2/10ac_city_traffic_data_warehouse_week2/week2_env/lib/python3.8/site-packages/airflow/example_dags/example_bash_decorator.py took 0.300 seconds
[2024-05-01T12:21:13.258+0300] {processor.py:161} INFO - Started process (PID=169104) to work on /home/yohanes/Documents/10academy/week2_2/10ac_city_traffic_data_warehouse_week2/week2_env/lib/python3.8/site-packages/airflow/example_dags/example_bash_decorator.py
[2024-05-01T12:21:13.270+0300] {processor.py:830} INFO - Processing file /home/yohanes/Documents/10academy/week2_2/10ac_city_traffic_data_warehouse_week2/week2_env/lib/python3.8/site-packages/airflow/example_dags/example_bash_decorator.py for tasks to queue
[2024-05-01T12:21:13.272+0300] {logging_mixin.py:188} INFO - [2024-05-01T12:21:13.272+0300] {dagbag.py:540} INFO - Filling up the DagBag from /home/yohanes/Documents/10academy/week2_2/10ac_city_traffic_data_warehouse_week2/week2_env/lib/python3.8/site-packages/airflow/example_dags/example_bash_decorator.py
[2024-05-01T12:21:13.298+0300] {processor.py:840} INFO - DAG(s) 'example_bash_decorator' retrieved from /home/yohanes/Documents/10academy/week2_2/10ac_city_traffic_data_warehouse_week2/week2_env/lib/python3.8/site-packages/airflow/example_dags/example_bash_decorator.py
[2024-05-01T12:21:13.330+0300] {logging_mixin.py:188} INFO - [2024-05-01T12:21:13.329+0300] {dag.py:3096} INFO - Sync 1 DAGs
[2024-05-01T12:21:13.347+0300] {logging_mixin.py:188} INFO - [2024-05-01T12:21:13.347+0300] {dag.py:3954} INFO - Setting next_dagrun for example_bash_decorator to None, run_after=None
[2024-05-01T12:21:13.500+0300] {processor.py:183} INFO - Processing /home/yohanes/Documents/10academy/week2_2/10ac_city_traffic_data_warehouse_week2/week2_env/lib/python3.8/site-packages/airflow/example_dags/example_bash_decorator.py took 0.252 seconds
[2024-05-01T12:22:40.403+0300] {processor.py:161} INFO - Started process (PID=169868) to work on /home/yohanes/Documents/10academy/week2_2/10ac_city_traffic_data_warehouse_week2/week2_env/lib/python3.8/site-packages/airflow/example_dags/example_bash_decorator.py
[2024-05-01T12:22:40.475+0300] {processor.py:830} INFO - Processing file /home/yohanes/Documents/10academy/week2_2/10ac_city_traffic_data_warehouse_week2/week2_env/lib/python3.8/site-packages/airflow/example_dags/example_bash_decorator.py for tasks to queue
[2024-05-01T12:22:40.477+0300] {logging_mixin.py:188} INFO - [2024-05-01T12:22:40.477+0300] {dagbag.py:540} INFO - Filling up the DagBag from /home/yohanes/Documents/10academy/week2_2/10ac_city_traffic_data_warehouse_week2/week2_env/lib/python3.8/site-packages/airflow/example_dags/example_bash_decorator.py
[2024-05-01T12:22:40.497+0300] {processor.py:840} INFO - DAG(s) 'example_bash_decorator' retrieved from /home/yohanes/Documents/10academy/week2_2/10ac_city_traffic_data_warehouse_week2/week2_env/lib/python3.8/site-packages/airflow/example_dags/example_bash_decorator.py
[2024-05-01T12:22:40.523+0300] {logging_mixin.py:188} INFO - [2024-05-01T12:22:40.523+0300] {dag.py:3096} INFO - Sync 1 DAGs
[2024-05-01T12:22:40.540+0300] {logging_mixin.py:188} INFO - [2024-05-01T12:22:40.539+0300] {dag.py:3954} INFO - Setting next_dagrun for example_bash_decorator to None, run_after=None
[2024-05-01T12:22:40.682+0300] {processor.py:183} INFO - Processing /home/yohanes/Documents/10academy/week2_2/10ac_city_traffic_data_warehouse_week2/week2_env/lib/python3.8/site-packages/airflow/example_dags/example_bash_decorator.py took 0.288 seconds
[2024-05-01T12:24:17.676+0300] {processor.py:161} INFO - Started process (PID=170717) to work on /home/yohanes/Documents/10academy/week2_2/10ac_city_traffic_data_warehouse_week2/week2_env/lib/python3.8/site-packages/airflow/example_dags/example_bash_decorator.py
[2024-05-01T12:24:17.738+0300] {processor.py:830} INFO - Processing file /home/yohanes/Documents/10academy/week2_2/10ac_city_traffic_data_warehouse_week2/week2_env/lib/python3.8/site-packages/airflow/example_dags/example_bash_decorator.py for tasks to queue
[2024-05-01T12:24:17.741+0300] {logging_mixin.py:188} INFO - [2024-05-01T12:24:17.740+0300] {dagbag.py:540} INFO - Filling up the DagBag from /home/yohanes/Documents/10academy/week2_2/10ac_city_traffic_data_warehouse_week2/week2_env/lib/python3.8/site-packages/airflow/example_dags/example_bash_decorator.py
[2024-05-01T12:24:17.767+0300] {processor.py:840} INFO - DAG(s) 'example_bash_decorator' retrieved from /home/yohanes/Documents/10academy/week2_2/10ac_city_traffic_data_warehouse_week2/week2_env/lib/python3.8/site-packages/airflow/example_dags/example_bash_decorator.py
[2024-05-01T12:24:17.794+0300] {logging_mixin.py:188} INFO - [2024-05-01T12:24:17.794+0300] {dag.py:3096} INFO - Sync 1 DAGs
[2024-05-01T12:24:17.811+0300] {logging_mixin.py:188} INFO - [2024-05-01T12:24:17.810+0300] {dag.py:3954} INFO - Setting next_dagrun for example_bash_decorator to None, run_after=None
[2024-05-01T12:24:18.785+0300] {processor.py:183} INFO - Processing /home/yohanes/Documents/10academy/week2_2/10ac_city_traffic_data_warehouse_week2/week2_env/lib/python3.8/site-packages/airflow/example_dags/example_bash_decorator.py took 1.118 seconds
[2024-05-01T12:25:51.501+0300] {processor.py:161} INFO - Started process (PID=171578) to work on /home/yohanes/Documents/10academy/week2_2/10ac_city_traffic_data_warehouse_week2/week2_env/lib/python3.8/site-packages/airflow/example_dags/example_bash_decorator.py
[2024-05-01T12:25:51.533+0300] {processor.py:830} INFO - Processing file /home/yohanes/Documents/10academy/week2_2/10ac_city_traffic_data_warehouse_week2/week2_env/lib/python3.8/site-packages/airflow/example_dags/example_bash_decorator.py for tasks to queue
[2024-05-01T12:25:51.538+0300] {logging_mixin.py:188} INFO - [2024-05-01T12:25:51.537+0300] {dagbag.py:540} INFO - Filling up the DagBag from /home/yohanes/Documents/10academy/week2_2/10ac_city_traffic_data_warehouse_week2/week2_env/lib/python3.8/site-packages/airflow/example_dags/example_bash_decorator.py
[2024-05-01T12:25:51.603+0300] {processor.py:840} INFO - DAG(s) 'example_bash_decorator' retrieved from /home/yohanes/Documents/10academy/week2_2/10ac_city_traffic_data_warehouse_week2/week2_env/lib/python3.8/site-packages/airflow/example_dags/example_bash_decorator.py
[2024-05-01T12:25:51.708+0300] {logging_mixin.py:188} INFO - [2024-05-01T12:25:51.707+0300] {dag.py:3096} INFO - Sync 1 DAGs
[2024-05-01T12:25:51.752+0300] {logging_mixin.py:188} INFO - [2024-05-01T12:25:51.751+0300] {dag.py:3954} INFO - Setting next_dagrun for example_bash_decorator to None, run_after=None
[2024-05-01T12:25:52.248+0300] {processor.py:183} INFO - Processing /home/yohanes/Documents/10academy/week2_2/10ac_city_traffic_data_warehouse_week2/week2_env/lib/python3.8/site-packages/airflow/example_dags/example_bash_decorator.py took 0.757 seconds
[2024-05-01T12:27:38.744+0300] {processor.py:161} INFO - Started process (PID=172515) to work on /home/yohanes/Documents/10academy/week2_2/10ac_city_traffic_data_warehouse_week2/week2_env/lib/python3.8/site-packages/airflow/example_dags/example_bash_decorator.py
[2024-05-01T12:27:38.807+0300] {processor.py:830} INFO - Processing file /home/yohanes/Documents/10academy/week2_2/10ac_city_traffic_data_warehouse_week2/week2_env/lib/python3.8/site-packages/airflow/example_dags/example_bash_decorator.py for tasks to queue
[2024-05-01T12:27:38.812+0300] {logging_mixin.py:188} INFO - [2024-05-01T12:27:38.811+0300] {dagbag.py:540} INFO - Filling up the DagBag from /home/yohanes/Documents/10academy/week2_2/10ac_city_traffic_data_warehouse_week2/week2_env/lib/python3.8/site-packages/airflow/example_dags/example_bash_decorator.py
[2024-05-01T12:27:39.236+0300] {processor.py:840} INFO - DAG(s) 'example_bash_decorator' retrieved from /home/yohanes/Documents/10academy/week2_2/10ac_city_traffic_data_warehouse_week2/week2_env/lib/python3.8/site-packages/airflow/example_dags/example_bash_decorator.py
[2024-05-01T12:27:39.266+0300] {logging_mixin.py:188} INFO - [2024-05-01T12:27:39.266+0300] {dag.py:3096} INFO - Sync 1 DAGs
[2024-05-01T12:27:39.291+0300] {logging_mixin.py:188} INFO - [2024-05-01T12:27:39.290+0300] {dag.py:3954} INFO - Setting next_dagrun for example_bash_decorator to None, run_after=None
[2024-05-01T12:27:40.107+0300] {processor.py:183} INFO - Processing /home/yohanes/Documents/10academy/week2_2/10ac_city_traffic_data_warehouse_week2/week2_env/lib/python3.8/site-packages/airflow/example_dags/example_bash_decorator.py took 1.374 seconds
[2024-05-01T12:32:21.544+0300] {processor.py:161} INFO - Started process (PID=174756) to work on /home/yohanes/Documents/10academy/week2_2/10ac_city_traffic_data_warehouse_week2/week2_env/lib/python3.8/site-packages/airflow/example_dags/example_bash_decorator.py
[2024-05-01T12:32:21.608+0300] {processor.py:830} INFO - Processing file /home/yohanes/Documents/10academy/week2_2/10ac_city_traffic_data_warehouse_week2/week2_env/lib/python3.8/site-packages/airflow/example_dags/example_bash_decorator.py for tasks to queue
[2024-05-01T12:32:21.611+0300] {logging_mixin.py:188} INFO - [2024-05-01T12:32:21.610+0300] {dagbag.py:540} INFO - Filling up the DagBag from /home/yohanes/Documents/10academy/week2_2/10ac_city_traffic_data_warehouse_week2/week2_env/lib/python3.8/site-packages/airflow/example_dags/example_bash_decorator.py
[2024-05-01T12:32:21.647+0300] {processor.py:840} INFO - DAG(s) 'example_bash_decorator' retrieved from /home/yohanes/Documents/10academy/week2_2/10ac_city_traffic_data_warehouse_week2/week2_env/lib/python3.8/site-packages/airflow/example_dags/example_bash_decorator.py
[2024-05-01T12:32:21.695+0300] {logging_mixin.py:188} INFO - [2024-05-01T12:32:21.695+0300] {dag.py:3096} INFO - Sync 1 DAGs
[2024-05-01T12:32:21.725+0300] {logging_mixin.py:188} INFO - [2024-05-01T12:32:21.724+0300] {dag.py:3954} INFO - Setting next_dagrun for example_bash_decorator to None, run_after=None
[2024-05-01T12:32:21.894+0300] {processor.py:183} INFO - Processing /home/yohanes/Documents/10academy/week2_2/10ac_city_traffic_data_warehouse_week2/week2_env/lib/python3.8/site-packages/airflow/example_dags/example_bash_decorator.py took 0.364 seconds
[2024-05-01T12:33:31.672+0300] {processor.py:161} INFO - Started process (PID=175378) to work on /home/yohanes/Documents/10academy/week2_2/10ac_city_traffic_data_warehouse_week2/week2_env/lib/python3.8/site-packages/airflow/example_dags/example_bash_decorator.py
[2024-05-01T12:33:31.709+0300] {processor.py:830} INFO - Processing file /home/yohanes/Documents/10academy/week2_2/10ac_city_traffic_data_warehouse_week2/week2_env/lib/python3.8/site-packages/airflow/example_dags/example_bash_decorator.py for tasks to queue
[2024-05-01T12:33:31.712+0300] {logging_mixin.py:188} INFO - [2024-05-01T12:33:31.711+0300] {dagbag.py:540} INFO - Filling up the DagBag from /home/yohanes/Documents/10academy/week2_2/10ac_city_traffic_data_warehouse_week2/week2_env/lib/python3.8/site-packages/airflow/example_dags/example_bash_decorator.py
[2024-05-01T12:33:31.732+0300] {processor.py:840} INFO - DAG(s) 'example_bash_decorator' retrieved from /home/yohanes/Documents/10academy/week2_2/10ac_city_traffic_data_warehouse_week2/week2_env/lib/python3.8/site-packages/airflow/example_dags/example_bash_decorator.py
[2024-05-01T12:33:31.761+0300] {logging_mixin.py:188} INFO - [2024-05-01T12:33:31.760+0300] {dag.py:3096} INFO - Sync 1 DAGs
[2024-05-01T12:33:31.779+0300] {logging_mixin.py:188} INFO - [2024-05-01T12:33:31.779+0300] {dag.py:3954} INFO - Setting next_dagrun for example_bash_decorator to None, run_after=None
[2024-05-01T12:33:32.133+0300] {processor.py:183} INFO - Processing /home/yohanes/Documents/10academy/week2_2/10ac_city_traffic_data_warehouse_week2/week2_env/lib/python3.8/site-packages/airflow/example_dags/example_bash_decorator.py took 0.474 seconds
[2024-05-01T12:35:25.255+0300] {processor.py:161} INFO - Started process (PID=176399) to work on /home/yohanes/Documents/10academy/week2_2/10ac_city_traffic_data_warehouse_week2/week2_env/lib/python3.8/site-packages/airflow/example_dags/example_bash_decorator.py
[2024-05-01T12:35:25.277+0300] {processor.py:830} INFO - Processing file /home/yohanes/Documents/10academy/week2_2/10ac_city_traffic_data_warehouse_week2/week2_env/lib/python3.8/site-packages/airflow/example_dags/example_bash_decorator.py for tasks to queue
[2024-05-01T12:35:25.279+0300] {logging_mixin.py:188} INFO - [2024-05-01T12:35:25.279+0300] {dagbag.py:540} INFO - Filling up the DagBag from /home/yohanes/Documents/10academy/week2_2/10ac_city_traffic_data_warehouse_week2/week2_env/lib/python3.8/site-packages/airflow/example_dags/example_bash_decorator.py
[2024-05-01T12:35:25.303+0300] {processor.py:840} INFO - DAG(s) 'example_bash_decorator' retrieved from /home/yohanes/Documents/10academy/week2_2/10ac_city_traffic_data_warehouse_week2/week2_env/lib/python3.8/site-packages/airflow/example_dags/example_bash_decorator.py
[2024-05-01T12:35:25.331+0300] {logging_mixin.py:188} INFO - [2024-05-01T12:35:25.330+0300] {dag.py:3096} INFO - Sync 1 DAGs
[2024-05-01T12:35:25.349+0300] {logging_mixin.py:188} INFO - [2024-05-01T12:35:25.349+0300] {dag.py:3954} INFO - Setting next_dagrun for example_bash_decorator to None, run_after=None
[2024-05-01T12:35:25.781+0300] {processor.py:183} INFO - Processing /home/yohanes/Documents/10academy/week2_2/10ac_city_traffic_data_warehouse_week2/week2_env/lib/python3.8/site-packages/airflow/example_dags/example_bash_decorator.py took 0.536 seconds
[2024-05-01T12:38:11.525+0300] {processor.py:161} INFO - Started process (PID=177758) to work on /home/yohanes/Documents/10academy/week2_2/10ac_city_traffic_data_warehouse_week2/week2_env/lib/python3.8/site-packages/airflow/example_dags/example_bash_decorator.py
[2024-05-01T12:38:11.536+0300] {processor.py:830} INFO - Processing file /home/yohanes/Documents/10academy/week2_2/10ac_city_traffic_data_warehouse_week2/week2_env/lib/python3.8/site-packages/airflow/example_dags/example_bash_decorator.py for tasks to queue
[2024-05-01T12:38:11.538+0300] {logging_mixin.py:188} INFO - [2024-05-01T12:38:11.538+0300] {dagbag.py:540} INFO - Filling up the DagBag from /home/yohanes/Documents/10academy/week2_2/10ac_city_traffic_data_warehouse_week2/week2_env/lib/python3.8/site-packages/airflow/example_dags/example_bash_decorator.py
[2024-05-01T12:38:11.562+0300] {processor.py:840} INFO - DAG(s) 'example_bash_decorator' retrieved from /home/yohanes/Documents/10academy/week2_2/10ac_city_traffic_data_warehouse_week2/week2_env/lib/python3.8/site-packages/airflow/example_dags/example_bash_decorator.py
[2024-05-01T12:38:11.590+0300] {logging_mixin.py:188} INFO - [2024-05-01T12:38:11.589+0300] {dag.py:3096} INFO - Sync 1 DAGs
[2024-05-01T12:38:11.607+0300] {logging_mixin.py:188} INFO - [2024-05-01T12:38:11.607+0300] {dag.py:3954} INFO - Setting next_dagrun for example_bash_decorator to None, run_after=None
[2024-05-01T12:38:11.841+0300] {processor.py:183} INFO - Processing /home/yohanes/Documents/10academy/week2_2/10ac_city_traffic_data_warehouse_week2/week2_env/lib/python3.8/site-packages/airflow/example_dags/example_bash_decorator.py took 0.328 seconds
[2024-05-01T12:39:40.127+0300] {processor.py:161} INFO - Started process (PID=178551) to work on /home/yohanes/Documents/10academy/week2_2/10ac_city_traffic_data_warehouse_week2/week2_env/lib/python3.8/site-packages/airflow/example_dags/example_bash_decorator.py
[2024-05-01T12:39:40.155+0300] {processor.py:830} INFO - Processing file /home/yohanes/Documents/10academy/week2_2/10ac_city_traffic_data_warehouse_week2/week2_env/lib/python3.8/site-packages/airflow/example_dags/example_bash_decorator.py for tasks to queue
[2024-05-01T12:39:40.158+0300] {logging_mixin.py:188} INFO - [2024-05-01T12:39:40.157+0300] {dagbag.py:540} INFO - Filling up the DagBag from /home/yohanes/Documents/10academy/week2_2/10ac_city_traffic_data_warehouse_week2/week2_env/lib/python3.8/site-packages/airflow/example_dags/example_bash_decorator.py
[2024-05-01T12:39:40.182+0300] {processor.py:840} INFO - DAG(s) 'example_bash_decorator' retrieved from /home/yohanes/Documents/10academy/week2_2/10ac_city_traffic_data_warehouse_week2/week2_env/lib/python3.8/site-packages/airflow/example_dags/example_bash_decorator.py
[2024-05-01T12:39:40.211+0300] {logging_mixin.py:188} INFO - [2024-05-01T12:39:40.210+0300] {dag.py:3096} INFO - Sync 1 DAGs
[2024-05-01T12:39:40.230+0300] {logging_mixin.py:188} INFO - [2024-05-01T12:39:40.229+0300] {dag.py:3954} INFO - Setting next_dagrun for example_bash_decorator to None, run_after=None
[2024-05-01T12:39:40.352+0300] {processor.py:183} INFO - Processing /home/yohanes/Documents/10academy/week2_2/10ac_city_traffic_data_warehouse_week2/week2_env/lib/python3.8/site-packages/airflow/example_dags/example_bash_decorator.py took 0.236 seconds
[2024-05-01T12:41:07.745+0300] {processor.py:161} INFO - Started process (PID=179562) to work on /home/yohanes/Documents/10academy/week2_2/10ac_city_traffic_data_warehouse_week2/week2_env/lib/python3.8/site-packages/airflow/example_dags/example_bash_decorator.py
[2024-05-01T12:41:07.756+0300] {processor.py:830} INFO - Processing file /home/yohanes/Documents/10academy/week2_2/10ac_city_traffic_data_warehouse_week2/week2_env/lib/python3.8/site-packages/airflow/example_dags/example_bash_decorator.py for tasks to queue
[2024-05-01T12:41:07.759+0300] {logging_mixin.py:188} INFO - [2024-05-01T12:41:07.758+0300] {dagbag.py:540} INFO - Filling up the DagBag from /home/yohanes/Documents/10academy/week2_2/10ac_city_traffic_data_warehouse_week2/week2_env/lib/python3.8/site-packages/airflow/example_dags/example_bash_decorator.py
[2024-05-01T12:41:07.781+0300] {processor.py:840} INFO - DAG(s) 'example_bash_decorator' retrieved from /home/yohanes/Documents/10academy/week2_2/10ac_city_traffic_data_warehouse_week2/week2_env/lib/python3.8/site-packages/airflow/example_dags/example_bash_decorator.py
[2024-05-01T12:41:07.808+0300] {logging_mixin.py:188} INFO - [2024-05-01T12:41:07.808+0300] {dag.py:3096} INFO - Sync 1 DAGs
[2024-05-01T12:41:07.826+0300] {logging_mixin.py:188} INFO - [2024-05-01T12:41:07.825+0300] {dag.py:3954} INFO - Setting next_dagrun for example_bash_decorator to None, run_after=None
[2024-05-01T12:41:07.971+0300] {processor.py:183} INFO - Processing /home/yohanes/Documents/10academy/week2_2/10ac_city_traffic_data_warehouse_week2/week2_env/lib/python3.8/site-packages/airflow/example_dags/example_bash_decorator.py took 0.237 seconds
[2024-05-01T12:42:52.767+0300] {processor.py:161} INFO - Started process (PID=180466) to work on /home/yohanes/Documents/10academy/week2_2/10ac_city_traffic_data_warehouse_week2/week2_env/lib/python3.8/site-packages/airflow/example_dags/example_bash_decorator.py
[2024-05-01T12:42:52.821+0300] {processor.py:830} INFO - Processing file /home/yohanes/Documents/10academy/week2_2/10ac_city_traffic_data_warehouse_week2/week2_env/lib/python3.8/site-packages/airflow/example_dags/example_bash_decorator.py for tasks to queue
[2024-05-01T12:42:52.825+0300] {logging_mixin.py:188} INFO - [2024-05-01T12:42:52.824+0300] {dagbag.py:540} INFO - Filling up the DagBag from /home/yohanes/Documents/10academy/week2_2/10ac_city_traffic_data_warehouse_week2/week2_env/lib/python3.8/site-packages/airflow/example_dags/example_bash_decorator.py
[2024-05-01T12:42:52.849+0300] {processor.py:840} INFO - DAG(s) 'example_bash_decorator' retrieved from /home/yohanes/Documents/10academy/week2_2/10ac_city_traffic_data_warehouse_week2/week2_env/lib/python3.8/site-packages/airflow/example_dags/example_bash_decorator.py
[2024-05-01T12:42:52.876+0300] {logging_mixin.py:188} INFO - [2024-05-01T12:42:52.876+0300] {dag.py:3096} INFO - Sync 1 DAGs
[2024-05-01T12:42:52.894+0300] {logging_mixin.py:188} INFO - [2024-05-01T12:42:52.894+0300] {dag.py:3954} INFO - Setting next_dagrun for example_bash_decorator to None, run_after=None
[2024-05-01T12:42:53.208+0300] {processor.py:183} INFO - Processing /home/yohanes/Documents/10academy/week2_2/10ac_city_traffic_data_warehouse_week2/week2_env/lib/python3.8/site-packages/airflow/example_dags/example_bash_decorator.py took 0.450 seconds
[2024-05-01T12:44:09.996+0300] {processor.py:161} INFO - Started process (PID=181234) to work on /home/yohanes/Documents/10academy/week2_2/10ac_city_traffic_data_warehouse_week2/week2_env/lib/python3.8/site-packages/airflow/example_dags/example_bash_decorator.py
[2024-05-01T12:44:10.016+0300] {processor.py:830} INFO - Processing file /home/yohanes/Documents/10academy/week2_2/10ac_city_traffic_data_warehouse_week2/week2_env/lib/python3.8/site-packages/airflow/example_dags/example_bash_decorator.py for tasks to queue
[2024-05-01T12:44:10.019+0300] {logging_mixin.py:188} INFO - [2024-05-01T12:44:10.018+0300] {dagbag.py:540} INFO - Filling up the DagBag from /home/yohanes/Documents/10academy/week2_2/10ac_city_traffic_data_warehouse_week2/week2_env/lib/python3.8/site-packages/airflow/example_dags/example_bash_decorator.py
[2024-05-01T12:44:10.045+0300] {processor.py:840} INFO - DAG(s) 'example_bash_decorator' retrieved from /home/yohanes/Documents/10academy/week2_2/10ac_city_traffic_data_warehouse_week2/week2_env/lib/python3.8/site-packages/airflow/example_dags/example_bash_decorator.py
[2024-05-01T12:44:10.073+0300] {logging_mixin.py:188} INFO - [2024-05-01T12:44:10.073+0300] {dag.py:3096} INFO - Sync 1 DAGs
[2024-05-01T12:44:10.091+0300] {logging_mixin.py:188} INFO - [2024-05-01T12:44:10.091+0300] {dag.py:3954} INFO - Setting next_dagrun for example_bash_decorator to None, run_after=None
[2024-05-01T12:44:10.208+0300] {processor.py:183} INFO - Processing /home/yohanes/Documents/10academy/week2_2/10ac_city_traffic_data_warehouse_week2/week2_env/lib/python3.8/site-packages/airflow/example_dags/example_bash_decorator.py took 0.222 seconds
[2024-05-01T12:45:15.578+0300] {processor.py:161} INFO - Started process (PID=181783) to work on /home/yohanes/Documents/10academy/week2_2/10ac_city_traffic_data_warehouse_week2/week2_env/lib/python3.8/site-packages/airflow/example_dags/example_bash_decorator.py
[2024-05-01T12:45:15.596+0300] {processor.py:830} INFO - Processing file /home/yohanes/Documents/10academy/week2_2/10ac_city_traffic_data_warehouse_week2/week2_env/lib/python3.8/site-packages/airflow/example_dags/example_bash_decorator.py for tasks to queue
[2024-05-01T12:45:15.599+0300] {logging_mixin.py:188} INFO - [2024-05-01T12:45:15.599+0300] {dagbag.py:540} INFO - Filling up the DagBag from /home/yohanes/Documents/10academy/week2_2/10ac_city_traffic_data_warehouse_week2/week2_env/lib/python3.8/site-packages/airflow/example_dags/example_bash_decorator.py
[2024-05-01T12:45:15.620+0300] {processor.py:840} INFO - DAG(s) 'example_bash_decorator' retrieved from /home/yohanes/Documents/10academy/week2_2/10ac_city_traffic_data_warehouse_week2/week2_env/lib/python3.8/site-packages/airflow/example_dags/example_bash_decorator.py
[2024-05-01T12:45:15.647+0300] {logging_mixin.py:188} INFO - [2024-05-01T12:45:15.647+0300] {dag.py:3096} INFO - Sync 1 DAGs
[2024-05-01T12:45:15.665+0300] {logging_mixin.py:188} INFO - [2024-05-01T12:45:15.664+0300] {dag.py:3954} INFO - Setting next_dagrun for example_bash_decorator to None, run_after=None
[2024-05-01T12:45:15.855+0300] {processor.py:183} INFO - Processing /home/yohanes/Documents/10academy/week2_2/10ac_city_traffic_data_warehouse_week2/week2_env/lib/python3.8/site-packages/airflow/example_dags/example_bash_decorator.py took 0.288 seconds
[2024-05-01T12:46:25.268+0300] {processor.py:161} INFO - Started process (PID=182586) to work on /home/yohanes/Documents/10academy/week2_2/10ac_city_traffic_data_warehouse_week2/week2_env/lib/python3.8/site-packages/airflow/example_dags/example_bash_decorator.py
[2024-05-01T12:46:25.302+0300] {processor.py:830} INFO - Processing file /home/yohanes/Documents/10academy/week2_2/10ac_city_traffic_data_warehouse_week2/week2_env/lib/python3.8/site-packages/airflow/example_dags/example_bash_decorator.py for tasks to queue
[2024-05-01T12:46:25.305+0300] {logging_mixin.py:188} INFO - [2024-05-01T12:46:25.305+0300] {dagbag.py:540} INFO - Filling up the DagBag from /home/yohanes/Documents/10academy/week2_2/10ac_city_traffic_data_warehouse_week2/week2_env/lib/python3.8/site-packages/airflow/example_dags/example_bash_decorator.py
[2024-05-01T12:46:25.327+0300] {processor.py:840} INFO - DAG(s) 'example_bash_decorator' retrieved from /home/yohanes/Documents/10academy/week2_2/10ac_city_traffic_data_warehouse_week2/week2_env/lib/python3.8/site-packages/airflow/example_dags/example_bash_decorator.py
[2024-05-01T12:46:25.359+0300] {logging_mixin.py:188} INFO - [2024-05-01T12:46:25.359+0300] {dag.py:3096} INFO - Sync 1 DAGs
[2024-05-01T12:46:25.377+0300] {logging_mixin.py:188} INFO - [2024-05-01T12:46:25.376+0300] {dag.py:3954} INFO - Setting next_dagrun for example_bash_decorator to None, run_after=None
[2024-05-01T12:46:25.521+0300] {processor.py:183} INFO - Processing /home/yohanes/Documents/10academy/week2_2/10ac_city_traffic_data_warehouse_week2/week2_env/lib/python3.8/site-packages/airflow/example_dags/example_bash_decorator.py took 0.264 seconds
[2024-05-01T12:47:39.180+0300] {processor.py:161} INFO - Started process (PID=183471) to work on /home/yohanes/Documents/10academy/week2_2/10ac_city_traffic_data_warehouse_week2/week2_env/lib/python3.8/site-packages/airflow/example_dags/example_bash_decorator.py
[2024-05-01T12:47:39.199+0300] {processor.py:830} INFO - Processing file /home/yohanes/Documents/10academy/week2_2/10ac_city_traffic_data_warehouse_week2/week2_env/lib/python3.8/site-packages/airflow/example_dags/example_bash_decorator.py for tasks to queue
[2024-05-01T12:47:39.203+0300] {logging_mixin.py:188} INFO - [2024-05-01T12:47:39.202+0300] {dagbag.py:540} INFO - Filling up the DagBag from /home/yohanes/Documents/10academy/week2_2/10ac_city_traffic_data_warehouse_week2/week2_env/lib/python3.8/site-packages/airflow/example_dags/example_bash_decorator.py
[2024-05-01T12:47:39.224+0300] {processor.py:840} INFO - DAG(s) 'example_bash_decorator' retrieved from /home/yohanes/Documents/10academy/week2_2/10ac_city_traffic_data_warehouse_week2/week2_env/lib/python3.8/site-packages/airflow/example_dags/example_bash_decorator.py
[2024-05-01T12:47:39.253+0300] {logging_mixin.py:188} INFO - [2024-05-01T12:47:39.253+0300] {dag.py:3096} INFO - Sync 1 DAGs
[2024-05-01T12:47:39.273+0300] {logging_mixin.py:188} INFO - [2024-05-01T12:47:39.273+0300] {dag.py:3954} INFO - Setting next_dagrun for example_bash_decorator to None, run_after=None
[2024-05-01T12:47:39.668+0300] {processor.py:183} INFO - Processing /home/yohanes/Documents/10academy/week2_2/10ac_city_traffic_data_warehouse_week2/week2_env/lib/python3.8/site-packages/airflow/example_dags/example_bash_decorator.py took 0.498 seconds
[2024-05-01T12:49:08.853+0300] {processor.py:161} INFO - Started process (PID=184323) to work on /home/yohanes/Documents/10academy/week2_2/10ac_city_traffic_data_warehouse_week2/week2_env/lib/python3.8/site-packages/airflow/example_dags/example_bash_decorator.py
[2024-05-01T12:49:08.929+0300] {processor.py:830} INFO - Processing file /home/yohanes/Documents/10academy/week2_2/10ac_city_traffic_data_warehouse_week2/week2_env/lib/python3.8/site-packages/airflow/example_dags/example_bash_decorator.py for tasks to queue
[2024-05-01T12:49:08.931+0300] {logging_mixin.py:188} INFO - [2024-05-01T12:49:08.931+0300] {dagbag.py:540} INFO - Filling up the DagBag from /home/yohanes/Documents/10academy/week2_2/10ac_city_traffic_data_warehouse_week2/week2_env/lib/python3.8/site-packages/airflow/example_dags/example_bash_decorator.py
[2024-05-01T12:49:08.954+0300] {processor.py:840} INFO - DAG(s) 'example_bash_decorator' retrieved from /home/yohanes/Documents/10academy/week2_2/10ac_city_traffic_data_warehouse_week2/week2_env/lib/python3.8/site-packages/airflow/example_dags/example_bash_decorator.py
[2024-05-01T12:49:08.987+0300] {logging_mixin.py:188} INFO - [2024-05-01T12:49:08.987+0300] {dag.py:3096} INFO - Sync 1 DAGs
[2024-05-01T12:49:09.005+0300] {logging_mixin.py:188} INFO - [2024-05-01T12:49:09.004+0300] {dag.py:3954} INFO - Setting next_dagrun for example_bash_decorator to None, run_after=None
[2024-05-01T12:49:09.389+0300] {processor.py:183} INFO - Processing /home/yohanes/Documents/10academy/week2_2/10ac_city_traffic_data_warehouse_week2/week2_env/lib/python3.8/site-packages/airflow/example_dags/example_bash_decorator.py took 0.546 seconds
[2024-05-01T12:50:41.819+0300] {processor.py:161} INFO - Started process (PID=185331) to work on /home/yohanes/Documents/10academy/week2_2/10ac_city_traffic_data_warehouse_week2/week2_env/lib/python3.8/site-packages/airflow/example_dags/example_bash_decorator.py
[2024-05-01T12:50:41.859+0300] {processor.py:830} INFO - Processing file /home/yohanes/Documents/10academy/week2_2/10ac_city_traffic_data_warehouse_week2/week2_env/lib/python3.8/site-packages/airflow/example_dags/example_bash_decorator.py for tasks to queue
[2024-05-01T12:50:41.861+0300] {logging_mixin.py:188} INFO - [2024-05-01T12:50:41.860+0300] {dagbag.py:540} INFO - Filling up the DagBag from /home/yohanes/Documents/10academy/week2_2/10ac_city_traffic_data_warehouse_week2/week2_env/lib/python3.8/site-packages/airflow/example_dags/example_bash_decorator.py
[2024-05-01T12:50:41.882+0300] {processor.py:840} INFO - DAG(s) 'example_bash_decorator' retrieved from /home/yohanes/Documents/10academy/week2_2/10ac_city_traffic_data_warehouse_week2/week2_env/lib/python3.8/site-packages/airflow/example_dags/example_bash_decorator.py
[2024-05-01T12:50:41.910+0300] {logging_mixin.py:188} INFO - [2024-05-01T12:50:41.910+0300] {dag.py:3096} INFO - Sync 1 DAGs
[2024-05-01T12:50:41.929+0300] {logging_mixin.py:188} INFO - [2024-05-01T12:50:41.929+0300] {dag.py:3954} INFO - Setting next_dagrun for example_bash_decorator to None, run_after=None
[2024-05-01T12:50:42.076+0300] {processor.py:183} INFO - Processing /home/yohanes/Documents/10academy/week2_2/10ac_city_traffic_data_warehouse_week2/week2_env/lib/python3.8/site-packages/airflow/example_dags/example_bash_decorator.py took 0.267 seconds
[2024-05-01T12:52:29.681+0300] {processor.py:161} INFO - Started process (PID=186684) to work on /home/yohanes/Documents/10academy/week2_2/10ac_city_traffic_data_warehouse_week2/week2_env/lib/python3.8/site-packages/airflow/example_dags/example_bash_decorator.py
[2024-05-01T12:52:29.693+0300] {processor.py:830} INFO - Processing file /home/yohanes/Documents/10academy/week2_2/10ac_city_traffic_data_warehouse_week2/week2_env/lib/python3.8/site-packages/airflow/example_dags/example_bash_decorator.py for tasks to queue
[2024-05-01T12:52:29.695+0300] {logging_mixin.py:188} INFO - [2024-05-01T12:52:29.695+0300] {dagbag.py:540} INFO - Filling up the DagBag from /home/yohanes/Documents/10academy/week2_2/10ac_city_traffic_data_warehouse_week2/week2_env/lib/python3.8/site-packages/airflow/example_dags/example_bash_decorator.py
[2024-05-01T12:52:29.743+0300] {processor.py:840} INFO - DAG(s) 'example_bash_decorator' retrieved from /home/yohanes/Documents/10academy/week2_2/10ac_city_traffic_data_warehouse_week2/week2_env/lib/python3.8/site-packages/airflow/example_dags/example_bash_decorator.py
[2024-05-01T12:52:29.773+0300] {logging_mixin.py:188} INFO - [2024-05-01T12:52:29.773+0300] {dag.py:3096} INFO - Sync 1 DAGs
[2024-05-01T12:52:29.798+0300] {logging_mixin.py:188} INFO - [2024-05-01T12:52:29.797+0300] {dag.py:3954} INFO - Setting next_dagrun for example_bash_decorator to None, run_after=None
[2024-05-01T12:52:30.008+0300] {processor.py:183} INFO - Processing /home/yohanes/Documents/10academy/week2_2/10ac_city_traffic_data_warehouse_week2/week2_env/lib/python3.8/site-packages/airflow/example_dags/example_bash_decorator.py took 0.342 seconds
[2024-05-01T12:54:00.403+0300] {processor.py:161} INFO - Started process (PID=187581) to work on /home/yohanes/Documents/10academy/week2_2/10ac_city_traffic_data_warehouse_week2/week2_env/lib/python3.8/site-packages/airflow/example_dags/example_bash_decorator.py
[2024-05-01T12:54:00.467+0300] {processor.py:830} INFO - Processing file /home/yohanes/Documents/10academy/week2_2/10ac_city_traffic_data_warehouse_week2/week2_env/lib/python3.8/site-packages/airflow/example_dags/example_bash_decorator.py for tasks to queue
[2024-05-01T12:54:00.469+0300] {logging_mixin.py:188} INFO - [2024-05-01T12:54:00.469+0300] {dagbag.py:540} INFO - Filling up the DagBag from /home/yohanes/Documents/10academy/week2_2/10ac_city_traffic_data_warehouse_week2/week2_env/lib/python3.8/site-packages/airflow/example_dags/example_bash_decorator.py
[2024-05-01T12:54:00.491+0300] {processor.py:840} INFO - DAG(s) 'example_bash_decorator' retrieved from /home/yohanes/Documents/10academy/week2_2/10ac_city_traffic_data_warehouse_week2/week2_env/lib/python3.8/site-packages/airflow/example_dags/example_bash_decorator.py
[2024-05-01T12:54:00.519+0300] {logging_mixin.py:188} INFO - [2024-05-01T12:54:00.519+0300] {dag.py:3096} INFO - Sync 1 DAGs
[2024-05-01T12:54:00.536+0300] {logging_mixin.py:188} INFO - [2024-05-01T12:54:00.536+0300] {dag.py:3954} INFO - Setting next_dagrun for example_bash_decorator to None, run_after=None
[2024-05-01T12:54:00.676+0300] {processor.py:183} INFO - Processing /home/yohanes/Documents/10academy/week2_2/10ac_city_traffic_data_warehouse_week2/week2_env/lib/python3.8/site-packages/airflow/example_dags/example_bash_decorator.py took 0.286 seconds
[2024-05-01T12:55:12.183+0300] {processor.py:161} INFO - Started process (PID=188183) to work on /home/yohanes/Documents/10academy/week2_2/10ac_city_traffic_data_warehouse_week2/week2_env/lib/python3.8/site-packages/airflow/example_dags/example_bash_decorator.py
[2024-05-01T12:55:12.261+0300] {processor.py:830} INFO - Processing file /home/yohanes/Documents/10academy/week2_2/10ac_city_traffic_data_warehouse_week2/week2_env/lib/python3.8/site-packages/airflow/example_dags/example_bash_decorator.py for tasks to queue
[2024-05-01T12:55:12.264+0300] {logging_mixin.py:188} INFO - [2024-05-01T12:55:12.263+0300] {dagbag.py:540} INFO - Filling up the DagBag from /home/yohanes/Documents/10academy/week2_2/10ac_city_traffic_data_warehouse_week2/week2_env/lib/python3.8/site-packages/airflow/example_dags/example_bash_decorator.py
[2024-05-01T12:55:12.285+0300] {processor.py:840} INFO - DAG(s) 'example_bash_decorator' retrieved from /home/yohanes/Documents/10academy/week2_2/10ac_city_traffic_data_warehouse_week2/week2_env/lib/python3.8/site-packages/airflow/example_dags/example_bash_decorator.py
[2024-05-01T12:55:12.312+0300] {logging_mixin.py:188} INFO - [2024-05-01T12:55:12.312+0300] {dag.py:3096} INFO - Sync 1 DAGs
[2024-05-01T12:55:12.330+0300] {logging_mixin.py:188} INFO - [2024-05-01T12:55:12.330+0300] {dag.py:3954} INFO - Setting next_dagrun for example_bash_decorator to None, run_after=None
[2024-05-01T12:55:12.473+0300] {processor.py:183} INFO - Processing /home/yohanes/Documents/10academy/week2_2/10ac_city_traffic_data_warehouse_week2/week2_env/lib/python3.8/site-packages/airflow/example_dags/example_bash_decorator.py took 0.301 seconds
[2024-05-01T12:56:24.584+0300] {processor.py:161} INFO - Started process (PID=189005) to work on /home/yohanes/Documents/10academy/week2_2/10ac_city_traffic_data_warehouse_week2/week2_env/lib/python3.8/site-packages/airflow/example_dags/example_bash_decorator.py
[2024-05-01T12:56:24.585+0300] {processor.py:830} INFO - Processing file /home/yohanes/Documents/10academy/week2_2/10ac_city_traffic_data_warehouse_week2/week2_env/lib/python3.8/site-packages/airflow/example_dags/example_bash_decorator.py for tasks to queue
[2024-05-01T12:56:24.587+0300] {logging_mixin.py:188} INFO - [2024-05-01T12:56:24.587+0300] {dagbag.py:540} INFO - Filling up the DagBag from /home/yohanes/Documents/10academy/week2_2/10ac_city_traffic_data_warehouse_week2/week2_env/lib/python3.8/site-packages/airflow/example_dags/example_bash_decorator.py
[2024-05-01T12:56:24.610+0300] {processor.py:840} INFO - DAG(s) 'example_bash_decorator' retrieved from /home/yohanes/Documents/10academy/week2_2/10ac_city_traffic_data_warehouse_week2/week2_env/lib/python3.8/site-packages/airflow/example_dags/example_bash_decorator.py
[2024-05-01T12:56:24.636+0300] {logging_mixin.py:188} INFO - [2024-05-01T12:56:24.636+0300] {dag.py:3096} INFO - Sync 1 DAGs
[2024-05-01T12:56:24.655+0300] {logging_mixin.py:188} INFO - [2024-05-01T12:56:24.655+0300] {dag.py:3954} INFO - Setting next_dagrun for example_bash_decorator to None, run_after=None
[2024-05-01T12:56:24.792+0300] {processor.py:183} INFO - Processing /home/yohanes/Documents/10academy/week2_2/10ac_city_traffic_data_warehouse_week2/week2_env/lib/python3.8/site-packages/airflow/example_dags/example_bash_decorator.py took 0.219 seconds
[2024-05-01T12:57:41.249+0300] {processor.py:161} INFO - Started process (PID=190467) to work on /home/yohanes/Documents/10academy/week2_2/10ac_city_traffic_data_warehouse_week2/week2_env/lib/python3.8/site-packages/airflow/example_dags/example_bash_decorator.py
[2024-05-01T12:57:41.262+0300] {processor.py:830} INFO - Processing file /home/yohanes/Documents/10academy/week2_2/10ac_city_traffic_data_warehouse_week2/week2_env/lib/python3.8/site-packages/airflow/example_dags/example_bash_decorator.py for tasks to queue
[2024-05-01T12:57:41.266+0300] {logging_mixin.py:188} INFO - [2024-05-01T12:57:41.265+0300] {dagbag.py:540} INFO - Filling up the DagBag from /home/yohanes/Documents/10academy/week2_2/10ac_city_traffic_data_warehouse_week2/week2_env/lib/python3.8/site-packages/airflow/example_dags/example_bash_decorator.py
[2024-05-01T12:57:41.358+0300] {processor.py:840} INFO - DAG(s) 'example_bash_decorator' retrieved from /home/yohanes/Documents/10academy/week2_2/10ac_city_traffic_data_warehouse_week2/week2_env/lib/python3.8/site-packages/airflow/example_dags/example_bash_decorator.py
[2024-05-01T12:57:41.429+0300] {logging_mixin.py:188} INFO - [2024-05-01T12:57:41.428+0300] {dag.py:3096} INFO - Sync 1 DAGs
[2024-05-01T12:57:41.475+0300] {logging_mixin.py:188} INFO - [2024-05-01T12:57:41.474+0300] {dag.py:3954} INFO - Setting next_dagrun for example_bash_decorator to None, run_after=None
[2024-05-01T12:57:42.166+0300] {processor.py:183} INFO - Processing /home/yohanes/Documents/10academy/week2_2/10ac_city_traffic_data_warehouse_week2/week2_env/lib/python3.8/site-packages/airflow/example_dags/example_bash_decorator.py took 0.932 seconds
[2024-05-01T13:00:26.923+0300] {processor.py:161} INFO - Started process (PID=192870) to work on /home/yohanes/Documents/10academy/week2_2/10ac_city_traffic_data_warehouse_week2/week2_env/lib/python3.8/site-packages/airflow/example_dags/example_bash_decorator.py
[2024-05-01T13:00:27.074+0300] {processor.py:830} INFO - Processing file /home/yohanes/Documents/10academy/week2_2/10ac_city_traffic_data_warehouse_week2/week2_env/lib/python3.8/site-packages/airflow/example_dags/example_bash_decorator.py for tasks to queue
[2024-05-01T13:00:27.076+0300] {logging_mixin.py:188} INFO - [2024-05-01T13:00:27.076+0300] {dagbag.py:540} INFO - Filling up the DagBag from /home/yohanes/Documents/10academy/week2_2/10ac_city_traffic_data_warehouse_week2/week2_env/lib/python3.8/site-packages/airflow/example_dags/example_bash_decorator.py
[2024-05-01T13:00:27.457+0300] {processor.py:840} INFO - DAG(s) 'example_bash_decorator' retrieved from /home/yohanes/Documents/10academy/week2_2/10ac_city_traffic_data_warehouse_week2/week2_env/lib/python3.8/site-packages/airflow/example_dags/example_bash_decorator.py
[2024-05-01T13:00:27.581+0300] {logging_mixin.py:188} INFO - [2024-05-01T13:00:27.581+0300] {dag.py:3096} INFO - Sync 1 DAGs
[2024-05-01T13:00:27.600+0300] {logging_mixin.py:188} INFO - [2024-05-01T13:00:27.600+0300] {dag.py:3954} INFO - Setting next_dagrun for example_bash_decorator to None, run_after=None
[2024-05-01T13:00:28.010+0300] {processor.py:183} INFO - Processing /home/yohanes/Documents/10academy/week2_2/10ac_city_traffic_data_warehouse_week2/week2_env/lib/python3.8/site-packages/airflow/example_dags/example_bash_decorator.py took 1.097 seconds
[2024-05-01T13:04:09.266+0300] {processor.py:161} INFO - Started process (PID=195186) to work on /home/yohanes/Documents/10academy/week2_2/10ac_city_traffic_data_warehouse_week2/week2_env/lib/python3.8/site-packages/airflow/example_dags/example_bash_decorator.py
[2024-05-01T13:04:09.291+0300] {processor.py:830} INFO - Processing file /home/yohanes/Documents/10academy/week2_2/10ac_city_traffic_data_warehouse_week2/week2_env/lib/python3.8/site-packages/airflow/example_dags/example_bash_decorator.py for tasks to queue
[2024-05-01T13:04:09.294+0300] {logging_mixin.py:188} INFO - [2024-05-01T13:04:09.293+0300] {dagbag.py:540} INFO - Filling up the DagBag from /home/yohanes/Documents/10academy/week2_2/10ac_city_traffic_data_warehouse_week2/week2_env/lib/python3.8/site-packages/airflow/example_dags/example_bash_decorator.py
[2024-05-01T13:04:09.316+0300] {processor.py:840} INFO - DAG(s) 'example_bash_decorator' retrieved from /home/yohanes/Documents/10academy/week2_2/10ac_city_traffic_data_warehouse_week2/week2_env/lib/python3.8/site-packages/airflow/example_dags/example_bash_decorator.py
[2024-05-01T13:04:09.345+0300] {logging_mixin.py:188} INFO - [2024-05-01T13:04:09.344+0300] {dag.py:3096} INFO - Sync 1 DAGs
[2024-05-01T13:04:09.362+0300] {logging_mixin.py:188} INFO - [2024-05-01T13:04:09.361+0300] {dag.py:3954} INFO - Setting next_dagrun for example_bash_decorator to None, run_after=None
[2024-05-01T13:04:09.592+0300] {processor.py:183} INFO - Processing /home/yohanes/Documents/10academy/week2_2/10ac_city_traffic_data_warehouse_week2/week2_env/lib/python3.8/site-packages/airflow/example_dags/example_bash_decorator.py took 0.336 seconds
[2024-05-01T13:05:27.464+0300] {processor.py:161} INFO - Started process (PID=196056) to work on /home/yohanes/Documents/10academy/week2_2/10ac_city_traffic_data_warehouse_week2/week2_env/lib/python3.8/site-packages/airflow/example_dags/example_bash_decorator.py
[2024-05-01T13:05:27.484+0300] {processor.py:830} INFO - Processing file /home/yohanes/Documents/10academy/week2_2/10ac_city_traffic_data_warehouse_week2/week2_env/lib/python3.8/site-packages/airflow/example_dags/example_bash_decorator.py for tasks to queue
[2024-05-01T13:05:27.490+0300] {logging_mixin.py:188} INFO - [2024-05-01T13:05:27.488+0300] {dagbag.py:540} INFO - Filling up the DagBag from /home/yohanes/Documents/10academy/week2_2/10ac_city_traffic_data_warehouse_week2/week2_env/lib/python3.8/site-packages/airflow/example_dags/example_bash_decorator.py
[2024-05-01T13:05:27.559+0300] {processor.py:840} INFO - DAG(s) 'example_bash_decorator' retrieved from /home/yohanes/Documents/10academy/week2_2/10ac_city_traffic_data_warehouse_week2/week2_env/lib/python3.8/site-packages/airflow/example_dags/example_bash_decorator.py
[2024-05-01T13:05:27.619+0300] {logging_mixin.py:188} INFO - [2024-05-01T13:05:27.618+0300] {dag.py:3096} INFO - Sync 1 DAGs
[2024-05-01T13:05:27.655+0300] {logging_mixin.py:188} INFO - [2024-05-01T13:05:27.653+0300] {dag.py:3954} INFO - Setting next_dagrun for example_bash_decorator to None, run_after=None
[2024-05-01T13:05:27.988+0300] {processor.py:183} INFO - Processing /home/yohanes/Documents/10academy/week2_2/10ac_city_traffic_data_warehouse_week2/week2_env/lib/python3.8/site-packages/airflow/example_dags/example_bash_decorator.py took 0.540 seconds
[2024-05-01T13:06:44.060+0300] {processor.py:161} INFO - Started process (PID=196718) to work on /home/yohanes/Documents/10academy/week2_2/10ac_city_traffic_data_warehouse_week2/week2_env/lib/python3.8/site-packages/airflow/example_dags/example_bash_decorator.py
[2024-05-01T13:06:44.101+0300] {processor.py:830} INFO - Processing file /home/yohanes/Documents/10academy/week2_2/10ac_city_traffic_data_warehouse_week2/week2_env/lib/python3.8/site-packages/airflow/example_dags/example_bash_decorator.py for tasks to queue
[2024-05-01T13:06:44.105+0300] {logging_mixin.py:188} INFO - [2024-05-01T13:06:44.104+0300] {dagbag.py:540} INFO - Filling up the DagBag from /home/yohanes/Documents/10academy/week2_2/10ac_city_traffic_data_warehouse_week2/week2_env/lib/python3.8/site-packages/airflow/example_dags/example_bash_decorator.py
[2024-05-01T13:06:44.129+0300] {processor.py:840} INFO - DAG(s) 'example_bash_decorator' retrieved from /home/yohanes/Documents/10academy/week2_2/10ac_city_traffic_data_warehouse_week2/week2_env/lib/python3.8/site-packages/airflow/example_dags/example_bash_decorator.py
[2024-05-01T13:06:44.155+0300] {logging_mixin.py:188} INFO - [2024-05-01T13:06:44.155+0300] {dag.py:3096} INFO - Sync 1 DAGs
[2024-05-01T13:06:44.172+0300] {logging_mixin.py:188} INFO - [2024-05-01T13:06:44.172+0300] {dag.py:3954} INFO - Setting next_dagrun for example_bash_decorator to None, run_after=None
[2024-05-01T13:06:44.311+0300] {processor.py:183} INFO - Processing /home/yohanes/Documents/10academy/week2_2/10ac_city_traffic_data_warehouse_week2/week2_env/lib/python3.8/site-packages/airflow/example_dags/example_bash_decorator.py took 0.262 seconds
[2024-05-01T13:07:52.836+0300] {processor.py:161} INFO - Started process (PID=197294) to work on /home/yohanes/Documents/10academy/week2_2/10ac_city_traffic_data_warehouse_week2/week2_env/lib/python3.8/site-packages/airflow/example_dags/example_bash_decorator.py
[2024-05-01T13:07:52.843+0300] {processor.py:830} INFO - Processing file /home/yohanes/Documents/10academy/week2_2/10ac_city_traffic_data_warehouse_week2/week2_env/lib/python3.8/site-packages/airflow/example_dags/example_bash_decorator.py for tasks to queue
[2024-05-01T13:07:52.846+0300] {logging_mixin.py:188} INFO - [2024-05-01T13:07:52.845+0300] {dagbag.py:540} INFO - Filling up the DagBag from /home/yohanes/Documents/10academy/week2_2/10ac_city_traffic_data_warehouse_week2/week2_env/lib/python3.8/site-packages/airflow/example_dags/example_bash_decorator.py
[2024-05-01T13:07:52.869+0300] {processor.py:840} INFO - DAG(s) 'example_bash_decorator' retrieved from /home/yohanes/Documents/10academy/week2_2/10ac_city_traffic_data_warehouse_week2/week2_env/lib/python3.8/site-packages/airflow/example_dags/example_bash_decorator.py
[2024-05-01T13:07:52.901+0300] {logging_mixin.py:188} INFO - [2024-05-01T13:07:52.900+0300] {dag.py:3096} INFO - Sync 1 DAGs
[2024-05-01T13:07:52.921+0300] {logging_mixin.py:188} INFO - [2024-05-01T13:07:52.921+0300] {dag.py:3954} INFO - Setting next_dagrun for example_bash_decorator to None, run_after=None
[2024-05-01T13:07:53.049+0300] {processor.py:183} INFO - Processing /home/yohanes/Documents/10academy/week2_2/10ac_city_traffic_data_warehouse_week2/week2_env/lib/python3.8/site-packages/airflow/example_dags/example_bash_decorator.py took 0.224 seconds
[2024-05-01T13:09:32.058+0300] {processor.py:161} INFO - Started process (PID=198140) to work on /home/yohanes/Documents/10academy/week2_2/10ac_city_traffic_data_warehouse_week2/week2_env/lib/python3.8/site-packages/airflow/example_dags/example_bash_decorator.py
[2024-05-01T13:09:32.093+0300] {processor.py:830} INFO - Processing file /home/yohanes/Documents/10academy/week2_2/10ac_city_traffic_data_warehouse_week2/week2_env/lib/python3.8/site-packages/airflow/example_dags/example_bash_decorator.py for tasks to queue
[2024-05-01T13:09:32.095+0300] {logging_mixin.py:188} INFO - [2024-05-01T13:09:32.095+0300] {dagbag.py:540} INFO - Filling up the DagBag from /home/yohanes/Documents/10academy/week2_2/10ac_city_traffic_data_warehouse_week2/week2_env/lib/python3.8/site-packages/airflow/example_dags/example_bash_decorator.py
[2024-05-01T13:09:32.117+0300] {processor.py:840} INFO - DAG(s) 'example_bash_decorator' retrieved from /home/yohanes/Documents/10academy/week2_2/10ac_city_traffic_data_warehouse_week2/week2_env/lib/python3.8/site-packages/airflow/example_dags/example_bash_decorator.py
[2024-05-01T13:09:32.144+0300] {logging_mixin.py:188} INFO - [2024-05-01T13:09:32.144+0300] {dag.py:3096} INFO - Sync 1 DAGs
[2024-05-01T13:09:32.161+0300] {logging_mixin.py:188} INFO - [2024-05-01T13:09:32.160+0300] {dag.py:3954} INFO - Setting next_dagrun for example_bash_decorator to None, run_after=None
[2024-05-01T13:09:32.380+0300] {processor.py:183} INFO - Processing /home/yohanes/Documents/10academy/week2_2/10ac_city_traffic_data_warehouse_week2/week2_env/lib/python3.8/site-packages/airflow/example_dags/example_bash_decorator.py took 0.333 seconds
[2024-05-01T13:13:40.967+0300] {processor.py:161} INFO - Started process (PID=200910) to work on /home/yohanes/Documents/10academy/week2_2/10ac_city_traffic_data_warehouse_week2/week2_env/lib/python3.8/site-packages/airflow/example_dags/example_bash_decorator.py
[2024-05-01T13:13:40.972+0300] {processor.py:830} INFO - Processing file /home/yohanes/Documents/10academy/week2_2/10ac_city_traffic_data_warehouse_week2/week2_env/lib/python3.8/site-packages/airflow/example_dags/example_bash_decorator.py for tasks to queue
[2024-05-01T13:13:40.974+0300] {logging_mixin.py:188} INFO - [2024-05-01T13:13:40.974+0300] {dagbag.py:540} INFO - Filling up the DagBag from /home/yohanes/Documents/10academy/week2_2/10ac_city_traffic_data_warehouse_week2/week2_env/lib/python3.8/site-packages/airflow/example_dags/example_bash_decorator.py
[2024-05-01T13:13:40.993+0300] {processor.py:840} INFO - DAG(s) 'example_bash_decorator' retrieved from /home/yohanes/Documents/10academy/week2_2/10ac_city_traffic_data_warehouse_week2/week2_env/lib/python3.8/site-packages/airflow/example_dags/example_bash_decorator.py
[2024-05-01T13:13:41.206+0300] {logging_mixin.py:188} INFO - [2024-05-01T13:13:41.205+0300] {override.py:1829} INFO - Created Permission View: can delete on DAG:example_bash_decorator
[2024-05-01T13:13:41.228+0300] {logging_mixin.py:188} INFO - [2024-05-01T13:13:41.228+0300] {override.py:1829} INFO - Created Permission View: can edit on DAG:example_bash_decorator
[2024-05-01T13:13:41.251+0300] {logging_mixin.py:188} INFO - [2024-05-01T13:13:41.250+0300] {override.py:1829} INFO - Created Permission View: can read on DAG:example_bash_decorator
[2024-05-01T13:13:41.251+0300] {logging_mixin.py:188} INFO - [2024-05-01T13:13:41.251+0300] {dag.py:3096} INFO - Sync 1 DAGs
[2024-05-01T13:13:41.275+0300] {logging_mixin.py:188} INFO - [2024-05-01T13:13:41.274+0300] {dag.py:3118} INFO - Creating ORM DAG for example_bash_decorator
[2024-05-01T13:13:41.276+0300] {logging_mixin.py:188} INFO - [2024-05-01T13:13:41.275+0300] {dag.py:3954} INFO - Setting next_dagrun for example_bash_decorator to None, run_after=None
[2024-05-01T13:13:41.309+0300] {processor.py:183} INFO - Processing /home/yohanes/Documents/10academy/week2_2/10ac_city_traffic_data_warehouse_week2/week2_env/lib/python3.8/site-packages/airflow/example_dags/example_bash_decorator.py took 0.355 seconds
[2024-05-01T13:14:11.955+0300] {processor.py:161} INFO - Started process (PID=201449) to work on /home/yohanes/Documents/10academy/week2_2/10ac_city_traffic_data_warehouse_week2/week2_env/lib/python3.8/site-packages/airflow/example_dags/example_bash_decorator.py
[2024-05-01T13:14:11.956+0300] {processor.py:830} INFO - Processing file /home/yohanes/Documents/10academy/week2_2/10ac_city_traffic_data_warehouse_week2/week2_env/lib/python3.8/site-packages/airflow/example_dags/example_bash_decorator.py for tasks to queue
[2024-05-01T13:14:11.962+0300] {logging_mixin.py:188} INFO - [2024-05-01T13:14:11.960+0300] {dagbag.py:540} INFO - Filling up the DagBag from /home/yohanes/Documents/10academy/week2_2/10ac_city_traffic_data_warehouse_week2/week2_env/lib/python3.8/site-packages/airflow/example_dags/example_bash_decorator.py
[2024-05-01T13:14:11.998+0300] {processor.py:840} INFO - DAG(s) 'example_bash_decorator' retrieved from /home/yohanes/Documents/10academy/week2_2/10ac_city_traffic_data_warehouse_week2/week2_env/lib/python3.8/site-packages/airflow/example_dags/example_bash_decorator.py
[2024-05-01T13:14:12.075+0300] {logging_mixin.py:188} INFO - [2024-05-01T13:14:12.074+0300] {dag.py:3096} INFO - Sync 1 DAGs
[2024-05-01T13:14:12.101+0300] {logging_mixin.py:188} INFO - [2024-05-01T13:14:12.101+0300] {dag.py:3954} INFO - Setting next_dagrun for example_bash_decorator to None, run_after=None
[2024-05-01T13:14:12.248+0300] {processor.py:183} INFO - Processing /home/yohanes/Documents/10academy/week2_2/10ac_city_traffic_data_warehouse_week2/week2_env/lib/python3.8/site-packages/airflow/example_dags/example_bash_decorator.py took 0.310 seconds
