[2024-05-01T11:48:45.223+0300] {processor.py:161} INFO - Started process (PID=153019) to work on /home/yohanes/Documents/10academy/week2_2/10ac_city_traffic_data_warehouse_week2/week2_env/lib/python3.8/site-packages/airflow/example_dags/example_branch_operator.py
[2024-05-01T11:48:45.224+0300] {processor.py:830} INFO - Processing file /home/yohanes/Documents/10academy/week2_2/10ac_city_traffic_data_warehouse_week2/week2_env/lib/python3.8/site-packages/airflow/example_dags/example_branch_operator.py for tasks to queue
[2024-05-01T11:48:45.228+0300] {logging_mixin.py:188} INFO - [2024-05-01T11:48:45.227+0300] {dagbag.py:540} INFO - Filling up the DagBag from /home/yohanes/Documents/10academy/week2_2/10ac_city_traffic_data_warehouse_week2/week2_env/lib/python3.8/site-packages/airflow/example_dags/example_branch_operator.py
[2024-05-01T11:48:45.280+0300] {processor.py:840} INFO - DAG(s) 'example_branch_operator' retrieved from /home/yohanes/Documents/10academy/week2_2/10ac_city_traffic_data_warehouse_week2/week2_env/lib/python3.8/site-packages/airflow/example_dags/example_branch_operator.py
[2024-05-01T11:48:45.437+0300] {logging_mixin.py:188} INFO - [2024-05-01T11:48:45.437+0300] {dag.py:3096} INFO - Sync 1 DAGs
[2024-05-01T11:48:45.466+0300] {logging_mixin.py:188} INFO - [2024-05-01T11:48:45.465+0300] {dag.py:3954} INFO - Setting next_dagrun for example_branch_operator to 2024-04-30 00:00:00+00:00, run_after=2024-05-01 00:00:00+00:00
[2024-05-01T11:48:45.650+0300] {processor.py:183} INFO - Processing /home/yohanes/Documents/10academy/week2_2/10ac_city_traffic_data_warehouse_week2/week2_env/lib/python3.8/site-packages/airflow/example_dags/example_branch_operator.py took 0.435 seconds
[2024-05-01T11:50:13.091+0300] {processor.py:161} INFO - Started process (PID=153749) to work on /home/yohanes/Documents/10academy/week2_2/10ac_city_traffic_data_warehouse_week2/week2_env/lib/python3.8/site-packages/airflow/example_dags/example_branch_operator.py
[2024-05-01T11:50:13.121+0300] {processor.py:830} INFO - Processing file /home/yohanes/Documents/10academy/week2_2/10ac_city_traffic_data_warehouse_week2/week2_env/lib/python3.8/site-packages/airflow/example_dags/example_branch_operator.py for tasks to queue
[2024-05-01T11:50:13.124+0300] {logging_mixin.py:188} INFO - [2024-05-01T11:50:13.123+0300] {dagbag.py:540} INFO - Filling up the DagBag from /home/yohanes/Documents/10academy/week2_2/10ac_city_traffic_data_warehouse_week2/week2_env/lib/python3.8/site-packages/airflow/example_dags/example_branch_operator.py
[2024-05-01T11:50:13.153+0300] {processor.py:840} INFO - DAG(s) 'example_branch_operator' retrieved from /home/yohanes/Documents/10academy/week2_2/10ac_city_traffic_data_warehouse_week2/week2_env/lib/python3.8/site-packages/airflow/example_dags/example_branch_operator.py
[2024-05-01T11:50:13.217+0300] {logging_mixin.py:188} INFO - [2024-05-01T11:50:13.216+0300] {dag.py:3096} INFO - Sync 1 DAGs
[2024-05-01T11:50:13.252+0300] {logging_mixin.py:188} INFO - [2024-05-01T11:50:13.252+0300] {dag.py:3954} INFO - Setting next_dagrun for example_branch_operator to 2024-04-30 00:00:00+00:00, run_after=2024-05-01 00:00:00+00:00
[2024-05-01T11:50:13.471+0300] {processor.py:183} INFO - Processing /home/yohanes/Documents/10academy/week2_2/10ac_city_traffic_data_warehouse_week2/week2_env/lib/python3.8/site-packages/airflow/example_dags/example_branch_operator.py took 0.390 seconds
[2024-05-01T11:51:24.643+0300] {processor.py:161} INFO - Started process (PID=154341) to work on /home/yohanes/Documents/10academy/week2_2/10ac_city_traffic_data_warehouse_week2/week2_env/lib/python3.8/site-packages/airflow/example_dags/example_branch_operator.py
[2024-05-01T11:51:24.658+0300] {processor.py:830} INFO - Processing file /home/yohanes/Documents/10academy/week2_2/10ac_city_traffic_data_warehouse_week2/week2_env/lib/python3.8/site-packages/airflow/example_dags/example_branch_operator.py for tasks to queue
[2024-05-01T11:51:24.660+0300] {logging_mixin.py:188} INFO - [2024-05-01T11:51:24.660+0300] {dagbag.py:540} INFO - Filling up the DagBag from /home/yohanes/Documents/10academy/week2_2/10ac_city_traffic_data_warehouse_week2/week2_env/lib/python3.8/site-packages/airflow/example_dags/example_branch_operator.py
[2024-05-01T11:51:24.700+0300] {processor.py:840} INFO - DAG(s) 'example_branch_operator' retrieved from /home/yohanes/Documents/10academy/week2_2/10ac_city_traffic_data_warehouse_week2/week2_env/lib/python3.8/site-packages/airflow/example_dags/example_branch_operator.py
[2024-05-01T11:51:24.735+0300] {logging_mixin.py:188} INFO - [2024-05-01T11:51:24.735+0300] {dag.py:3096} INFO - Sync 1 DAGs
[2024-05-01T11:51:24.768+0300] {logging_mixin.py:188} INFO - [2024-05-01T11:51:24.768+0300] {dag.py:3954} INFO - Setting next_dagrun for example_branch_operator to 2024-04-30 00:00:00+00:00, run_after=2024-05-01 00:00:00+00:00
[2024-05-01T11:51:24.892+0300] {processor.py:183} INFO - Processing /home/yohanes/Documents/10academy/week2_2/10ac_city_traffic_data_warehouse_week2/week2_env/lib/python3.8/site-packages/airflow/example_dags/example_branch_operator.py took 0.259 seconds
[2024-05-01T11:52:34.772+0300] {processor.py:161} INFO - Started process (PID=154899) to work on /home/yohanes/Documents/10academy/week2_2/10ac_city_traffic_data_warehouse_week2/week2_env/lib/python3.8/site-packages/airflow/example_dags/example_branch_operator.py
[2024-05-01T11:52:34.812+0300] {processor.py:830} INFO - Processing file /home/yohanes/Documents/10academy/week2_2/10ac_city_traffic_data_warehouse_week2/week2_env/lib/python3.8/site-packages/airflow/example_dags/example_branch_operator.py for tasks to queue
[2024-05-01T11:52:34.814+0300] {logging_mixin.py:188} INFO - [2024-05-01T11:52:34.813+0300] {dagbag.py:540} INFO - Filling up the DagBag from /home/yohanes/Documents/10academy/week2_2/10ac_city_traffic_data_warehouse_week2/week2_env/lib/python3.8/site-packages/airflow/example_dags/example_branch_operator.py
[2024-05-01T11:52:34.840+0300] {processor.py:840} INFO - DAG(s) 'example_branch_operator' retrieved from /home/yohanes/Documents/10academy/week2_2/10ac_city_traffic_data_warehouse_week2/week2_env/lib/python3.8/site-packages/airflow/example_dags/example_branch_operator.py
[2024-05-01T11:52:34.875+0300] {logging_mixin.py:188} INFO - [2024-05-01T11:52:34.875+0300] {dag.py:3096} INFO - Sync 1 DAGs
[2024-05-01T11:52:34.905+0300] {logging_mixin.py:188} INFO - [2024-05-01T11:52:34.905+0300] {dag.py:3954} INFO - Setting next_dagrun for example_branch_operator to 2024-04-30 00:00:00+00:00, run_after=2024-05-01 00:00:00+00:00
[2024-05-01T11:52:35.041+0300] {processor.py:183} INFO - Processing /home/yohanes/Documents/10academy/week2_2/10ac_city_traffic_data_warehouse_week2/week2_env/lib/python3.8/site-packages/airflow/example_dags/example_branch_operator.py took 0.279 seconds
[2024-05-01T11:53:42.961+0300] {processor.py:161} INFO - Started process (PID=155430) to work on /home/yohanes/Documents/10academy/week2_2/10ac_city_traffic_data_warehouse_week2/week2_env/lib/python3.8/site-packages/airflow/example_dags/example_branch_operator.py
[2024-05-01T11:53:42.982+0300] {processor.py:830} INFO - Processing file /home/yohanes/Documents/10academy/week2_2/10ac_city_traffic_data_warehouse_week2/week2_env/lib/python3.8/site-packages/airflow/example_dags/example_branch_operator.py for tasks to queue
[2024-05-01T11:53:42.984+0300] {logging_mixin.py:188} INFO - [2024-05-01T11:53:42.984+0300] {dagbag.py:540} INFO - Filling up the DagBag from /home/yohanes/Documents/10academy/week2_2/10ac_city_traffic_data_warehouse_week2/week2_env/lib/python3.8/site-packages/airflow/example_dags/example_branch_operator.py
[2024-05-01T11:53:43.013+0300] {processor.py:840} INFO - DAG(s) 'example_branch_operator' retrieved from /home/yohanes/Documents/10academy/week2_2/10ac_city_traffic_data_warehouse_week2/week2_env/lib/python3.8/site-packages/airflow/example_dags/example_branch_operator.py
[2024-05-01T11:53:43.048+0300] {logging_mixin.py:188} INFO - [2024-05-01T11:53:43.048+0300] {dag.py:3096} INFO - Sync 1 DAGs
[2024-05-01T11:53:43.079+0300] {logging_mixin.py:188} INFO - [2024-05-01T11:53:43.079+0300] {dag.py:3954} INFO - Setting next_dagrun for example_branch_operator to 2024-04-30 00:00:00+00:00, run_after=2024-05-01 00:00:00+00:00
[2024-05-01T11:53:43.222+0300] {processor.py:183} INFO - Processing /home/yohanes/Documents/10academy/week2_2/10ac_city_traffic_data_warehouse_week2/week2_env/lib/python3.8/site-packages/airflow/example_dags/example_branch_operator.py took 0.273 seconds
[2024-05-01T11:54:47.543+0300] {processor.py:161} INFO - Started process (PID=155937) to work on /home/yohanes/Documents/10academy/week2_2/10ac_city_traffic_data_warehouse_week2/week2_env/lib/python3.8/site-packages/airflow/example_dags/example_branch_operator.py
[2024-05-01T11:54:47.564+0300] {processor.py:830} INFO - Processing file /home/yohanes/Documents/10academy/week2_2/10ac_city_traffic_data_warehouse_week2/week2_env/lib/python3.8/site-packages/airflow/example_dags/example_branch_operator.py for tasks to queue
[2024-05-01T11:54:47.567+0300] {logging_mixin.py:188} INFO - [2024-05-01T11:54:47.566+0300] {dagbag.py:540} INFO - Filling up the DagBag from /home/yohanes/Documents/10academy/week2_2/10ac_city_traffic_data_warehouse_week2/week2_env/lib/python3.8/site-packages/airflow/example_dags/example_branch_operator.py
[2024-05-01T11:54:47.593+0300] {processor.py:840} INFO - DAG(s) 'example_branch_operator' retrieved from /home/yohanes/Documents/10academy/week2_2/10ac_city_traffic_data_warehouse_week2/week2_env/lib/python3.8/site-packages/airflow/example_dags/example_branch_operator.py
[2024-05-01T11:54:47.628+0300] {logging_mixin.py:188} INFO - [2024-05-01T11:54:47.628+0300] {dag.py:3096} INFO - Sync 1 DAGs
[2024-05-01T11:54:47.659+0300] {logging_mixin.py:188} INFO - [2024-05-01T11:54:47.659+0300] {dag.py:3954} INFO - Setting next_dagrun for example_branch_operator to 2024-04-30 00:00:00+00:00, run_after=2024-05-01 00:00:00+00:00
[2024-05-01T11:54:47.794+0300] {processor.py:183} INFO - Processing /home/yohanes/Documents/10academy/week2_2/10ac_city_traffic_data_warehouse_week2/week2_env/lib/python3.8/site-packages/airflow/example_dags/example_branch_operator.py took 0.263 seconds
[2024-05-01T11:55:57.142+0300] {processor.py:161} INFO - Started process (PID=156515) to work on /home/yohanes/Documents/10academy/week2_2/10ac_city_traffic_data_warehouse_week2/week2_env/lib/python3.8/site-packages/airflow/example_dags/example_branch_operator.py
[2024-05-01T11:55:57.168+0300] {processor.py:830} INFO - Processing file /home/yohanes/Documents/10academy/week2_2/10ac_city_traffic_data_warehouse_week2/week2_env/lib/python3.8/site-packages/airflow/example_dags/example_branch_operator.py for tasks to queue
[2024-05-01T11:55:57.170+0300] {logging_mixin.py:188} INFO - [2024-05-01T11:55:57.169+0300] {dagbag.py:540} INFO - Filling up the DagBag from /home/yohanes/Documents/10academy/week2_2/10ac_city_traffic_data_warehouse_week2/week2_env/lib/python3.8/site-packages/airflow/example_dags/example_branch_operator.py
[2024-05-01T11:55:57.198+0300] {processor.py:840} INFO - DAG(s) 'example_branch_operator' retrieved from /home/yohanes/Documents/10academy/week2_2/10ac_city_traffic_data_warehouse_week2/week2_env/lib/python3.8/site-packages/airflow/example_dags/example_branch_operator.py
[2024-05-01T11:55:57.235+0300] {logging_mixin.py:188} INFO - [2024-05-01T11:55:57.235+0300] {dag.py:3096} INFO - Sync 1 DAGs
[2024-05-01T11:55:57.266+0300] {logging_mixin.py:188} INFO - [2024-05-01T11:55:57.265+0300] {dag.py:3954} INFO - Setting next_dagrun for example_branch_operator to 2024-04-30 00:00:00+00:00, run_after=2024-05-01 00:00:00+00:00
[2024-05-01T11:55:57.400+0300] {processor.py:183} INFO - Processing /home/yohanes/Documents/10academy/week2_2/10ac_city_traffic_data_warehouse_week2/week2_env/lib/python3.8/site-packages/airflow/example_dags/example_branch_operator.py took 0.268 seconds
[2024-05-01T11:57:05.729+0300] {processor.py:161} INFO - Started process (PID=157071) to work on /home/yohanes/Documents/10academy/week2_2/10ac_city_traffic_data_warehouse_week2/week2_env/lib/python3.8/site-packages/airflow/example_dags/example_branch_operator.py
[2024-05-01T11:57:05.738+0300] {processor.py:830} INFO - Processing file /home/yohanes/Documents/10academy/week2_2/10ac_city_traffic_data_warehouse_week2/week2_env/lib/python3.8/site-packages/airflow/example_dags/example_branch_operator.py for tasks to queue
[2024-05-01T11:57:05.740+0300] {logging_mixin.py:188} INFO - [2024-05-01T11:57:05.740+0300] {dagbag.py:540} INFO - Filling up the DagBag from /home/yohanes/Documents/10academy/week2_2/10ac_city_traffic_data_warehouse_week2/week2_env/lib/python3.8/site-packages/airflow/example_dags/example_branch_operator.py
[2024-05-01T11:57:05.769+0300] {processor.py:840} INFO - DAG(s) 'example_branch_operator' retrieved from /home/yohanes/Documents/10academy/week2_2/10ac_city_traffic_data_warehouse_week2/week2_env/lib/python3.8/site-packages/airflow/example_dags/example_branch_operator.py
[2024-05-01T11:57:05.804+0300] {logging_mixin.py:188} INFO - [2024-05-01T11:57:05.804+0300] {dag.py:3096} INFO - Sync 1 DAGs
[2024-05-01T11:57:05.833+0300] {logging_mixin.py:188} INFO - [2024-05-01T11:57:05.833+0300] {dag.py:3954} INFO - Setting next_dagrun for example_branch_operator to 2024-04-30 00:00:00+00:00, run_after=2024-05-01 00:00:00+00:00
[2024-05-01T11:57:05.968+0300] {processor.py:183} INFO - Processing /home/yohanes/Documents/10academy/week2_2/10ac_city_traffic_data_warehouse_week2/week2_env/lib/python3.8/site-packages/airflow/example_dags/example_branch_operator.py took 0.248 seconds
[2024-05-01T11:58:09.210+0300] {processor.py:161} INFO - Started process (PID=157602) to work on /home/yohanes/Documents/10academy/week2_2/10ac_city_traffic_data_warehouse_week2/week2_env/lib/python3.8/site-packages/airflow/example_dags/example_branch_operator.py
[2024-05-01T11:58:09.254+0300] {processor.py:830} INFO - Processing file /home/yohanes/Documents/10academy/week2_2/10ac_city_traffic_data_warehouse_week2/week2_env/lib/python3.8/site-packages/airflow/example_dags/example_branch_operator.py for tasks to queue
[2024-05-01T11:58:09.258+0300] {logging_mixin.py:188} INFO - [2024-05-01T11:58:09.257+0300] {dagbag.py:540} INFO - Filling up the DagBag from /home/yohanes/Documents/10academy/week2_2/10ac_city_traffic_data_warehouse_week2/week2_env/lib/python3.8/site-packages/airflow/example_dags/example_branch_operator.py
[2024-05-01T11:58:09.285+0300] {processor.py:840} INFO - DAG(s) 'example_branch_operator' retrieved from /home/yohanes/Documents/10academy/week2_2/10ac_city_traffic_data_warehouse_week2/week2_env/lib/python3.8/site-packages/airflow/example_dags/example_branch_operator.py
[2024-05-01T11:58:09.324+0300] {logging_mixin.py:188} INFO - [2024-05-01T11:58:09.324+0300] {dag.py:3096} INFO - Sync 1 DAGs
[2024-05-01T11:58:09.354+0300] {logging_mixin.py:188} INFO - [2024-05-01T11:58:09.354+0300] {dag.py:3954} INFO - Setting next_dagrun for example_branch_operator to 2024-04-30 00:00:00+00:00, run_after=2024-05-01 00:00:00+00:00
[2024-05-01T11:58:09.757+0300] {processor.py:183} INFO - Processing /home/yohanes/Documents/10academy/week2_2/10ac_city_traffic_data_warehouse_week2/week2_env/lib/python3.8/site-packages/airflow/example_dags/example_branch_operator.py took 0.557 seconds
[2024-05-01T11:59:16.468+0300] {processor.py:161} INFO - Started process (PID=158140) to work on /home/yohanes/Documents/10academy/week2_2/10ac_city_traffic_data_warehouse_week2/week2_env/lib/python3.8/site-packages/airflow/example_dags/example_branch_operator.py
[2024-05-01T11:59:16.496+0300] {processor.py:830} INFO - Processing file /home/yohanes/Documents/10academy/week2_2/10ac_city_traffic_data_warehouse_week2/week2_env/lib/python3.8/site-packages/airflow/example_dags/example_branch_operator.py for tasks to queue
[2024-05-01T11:59:16.500+0300] {logging_mixin.py:188} INFO - [2024-05-01T11:59:16.499+0300] {dagbag.py:540} INFO - Filling up the DagBag from /home/yohanes/Documents/10academy/week2_2/10ac_city_traffic_data_warehouse_week2/week2_env/lib/python3.8/site-packages/airflow/example_dags/example_branch_operator.py
[2024-05-01T11:59:16.529+0300] {processor.py:840} INFO - DAG(s) 'example_branch_operator' retrieved from /home/yohanes/Documents/10academy/week2_2/10ac_city_traffic_data_warehouse_week2/week2_env/lib/python3.8/site-packages/airflow/example_dags/example_branch_operator.py
[2024-05-01T11:59:16.566+0300] {logging_mixin.py:188} INFO - [2024-05-01T11:59:16.566+0300] {dag.py:3096} INFO - Sync 1 DAGs
[2024-05-01T11:59:16.596+0300] {logging_mixin.py:188} INFO - [2024-05-01T11:59:16.596+0300] {dag.py:3954} INFO - Setting next_dagrun for example_branch_operator to 2024-04-30 00:00:00+00:00, run_after=2024-05-01 00:00:00+00:00
[2024-05-01T11:59:16.716+0300] {processor.py:183} INFO - Processing /home/yohanes/Documents/10academy/week2_2/10ac_city_traffic_data_warehouse_week2/week2_env/lib/python3.8/site-packages/airflow/example_dags/example_branch_operator.py took 0.259 seconds
[2024-05-01T12:00:24.634+0300] {processor.py:161} INFO - Started process (PID=158676) to work on /home/yohanes/Documents/10academy/week2_2/10ac_city_traffic_data_warehouse_week2/week2_env/lib/python3.8/site-packages/airflow/example_dags/example_branch_operator.py
[2024-05-01T12:00:24.657+0300] {processor.py:830} INFO - Processing file /home/yohanes/Documents/10academy/week2_2/10ac_city_traffic_data_warehouse_week2/week2_env/lib/python3.8/site-packages/airflow/example_dags/example_branch_operator.py for tasks to queue
[2024-05-01T12:00:24.660+0300] {logging_mixin.py:188} INFO - [2024-05-01T12:00:24.659+0300] {dagbag.py:540} INFO - Filling up the DagBag from /home/yohanes/Documents/10academy/week2_2/10ac_city_traffic_data_warehouse_week2/week2_env/lib/python3.8/site-packages/airflow/example_dags/example_branch_operator.py
[2024-05-01T12:00:24.684+0300] {processor.py:840} INFO - DAG(s) 'example_branch_operator' retrieved from /home/yohanes/Documents/10academy/week2_2/10ac_city_traffic_data_warehouse_week2/week2_env/lib/python3.8/site-packages/airflow/example_dags/example_branch_operator.py
[2024-05-01T12:00:24.720+0300] {logging_mixin.py:188} INFO - [2024-05-01T12:00:24.720+0300] {dag.py:3096} INFO - Sync 1 DAGs
[2024-05-01T12:00:24.749+0300] {logging_mixin.py:188} INFO - [2024-05-01T12:00:24.749+0300] {dag.py:3954} INFO - Setting next_dagrun for example_branch_operator to 2024-04-30 00:00:00+00:00, run_after=2024-05-01 00:00:00+00:00
[2024-05-01T12:00:24.891+0300] {processor.py:183} INFO - Processing /home/yohanes/Documents/10academy/week2_2/10ac_city_traffic_data_warehouse_week2/week2_env/lib/python3.8/site-packages/airflow/example_dags/example_branch_operator.py took 0.267 seconds
[2024-05-01T12:01:31.334+0300] {processor.py:161} INFO - Started process (PID=159243) to work on /home/yohanes/Documents/10academy/week2_2/10ac_city_traffic_data_warehouse_week2/week2_env/lib/python3.8/site-packages/airflow/example_dags/example_branch_operator.py
[2024-05-01T12:01:31.335+0300] {processor.py:830} INFO - Processing file /home/yohanes/Documents/10academy/week2_2/10ac_city_traffic_data_warehouse_week2/week2_env/lib/python3.8/site-packages/airflow/example_dags/example_branch_operator.py for tasks to queue
[2024-05-01T12:01:31.338+0300] {logging_mixin.py:188} INFO - [2024-05-01T12:01:31.338+0300] {dagbag.py:540} INFO - Filling up the DagBag from /home/yohanes/Documents/10academy/week2_2/10ac_city_traffic_data_warehouse_week2/week2_env/lib/python3.8/site-packages/airflow/example_dags/example_branch_operator.py
[2024-05-01T12:01:31.366+0300] {processor.py:840} INFO - DAG(s) 'example_branch_operator' retrieved from /home/yohanes/Documents/10academy/week2_2/10ac_city_traffic_data_warehouse_week2/week2_env/lib/python3.8/site-packages/airflow/example_dags/example_branch_operator.py
[2024-05-01T12:01:31.401+0300] {logging_mixin.py:188} INFO - [2024-05-01T12:01:31.401+0300] {dag.py:3096} INFO - Sync 1 DAGs
[2024-05-01T12:01:31.430+0300] {logging_mixin.py:188} INFO - [2024-05-01T12:01:31.430+0300] {dag.py:3954} INFO - Setting next_dagrun for example_branch_operator to 2024-04-30 00:00:00+00:00, run_after=2024-05-01 00:00:00+00:00
[2024-05-01T12:01:31.576+0300] {processor.py:183} INFO - Processing /home/yohanes/Documents/10academy/week2_2/10ac_city_traffic_data_warehouse_week2/week2_env/lib/python3.8/site-packages/airflow/example_dags/example_branch_operator.py took 0.253 seconds
[2024-05-01T12:02:35.663+0300] {processor.py:161} INFO - Started process (PID=159739) to work on /home/yohanes/Documents/10academy/week2_2/10ac_city_traffic_data_warehouse_week2/week2_env/lib/python3.8/site-packages/airflow/example_dags/example_branch_operator.py
[2024-05-01T12:02:35.743+0300] {processor.py:830} INFO - Processing file /home/yohanes/Documents/10academy/week2_2/10ac_city_traffic_data_warehouse_week2/week2_env/lib/python3.8/site-packages/airflow/example_dags/example_branch_operator.py for tasks to queue
[2024-05-01T12:02:35.746+0300] {logging_mixin.py:188} INFO - [2024-05-01T12:02:35.745+0300] {dagbag.py:540} INFO - Filling up the DagBag from /home/yohanes/Documents/10academy/week2_2/10ac_city_traffic_data_warehouse_week2/week2_env/lib/python3.8/site-packages/airflow/example_dags/example_branch_operator.py
[2024-05-01T12:02:35.771+0300] {processor.py:840} INFO - DAG(s) 'example_branch_operator' retrieved from /home/yohanes/Documents/10academy/week2_2/10ac_city_traffic_data_warehouse_week2/week2_env/lib/python3.8/site-packages/airflow/example_dags/example_branch_operator.py
[2024-05-01T12:02:35.806+0300] {logging_mixin.py:188} INFO - [2024-05-01T12:02:35.806+0300] {dag.py:3096} INFO - Sync 1 DAGs
[2024-05-01T12:02:35.835+0300] {logging_mixin.py:188} INFO - [2024-05-01T12:02:35.834+0300] {dag.py:3954} INFO - Setting next_dagrun for example_branch_operator to 2024-04-30 00:00:00+00:00, run_after=2024-05-01 00:00:00+00:00
[2024-05-01T12:02:35.994+0300] {processor.py:183} INFO - Processing /home/yohanes/Documents/10academy/week2_2/10ac_city_traffic_data_warehouse_week2/week2_env/lib/python3.8/site-packages/airflow/example_dags/example_branch_operator.py took 0.342 seconds
[2024-05-01T12:03:44.741+0300] {processor.py:161} INFO - Started process (PID=160277) to work on /home/yohanes/Documents/10academy/week2_2/10ac_city_traffic_data_warehouse_week2/week2_env/lib/python3.8/site-packages/airflow/example_dags/example_branch_operator.py
[2024-05-01T12:03:44.742+0300] {processor.py:830} INFO - Processing file /home/yohanes/Documents/10academy/week2_2/10ac_city_traffic_data_warehouse_week2/week2_env/lib/python3.8/site-packages/airflow/example_dags/example_branch_operator.py for tasks to queue
[2024-05-01T12:03:44.745+0300] {logging_mixin.py:188} INFO - [2024-05-01T12:03:44.745+0300] {dagbag.py:540} INFO - Filling up the DagBag from /home/yohanes/Documents/10academy/week2_2/10ac_city_traffic_data_warehouse_week2/week2_env/lib/python3.8/site-packages/airflow/example_dags/example_branch_operator.py
[2024-05-01T12:03:44.775+0300] {processor.py:840} INFO - DAG(s) 'example_branch_operator' retrieved from /home/yohanes/Documents/10academy/week2_2/10ac_city_traffic_data_warehouse_week2/week2_env/lib/python3.8/site-packages/airflow/example_dags/example_branch_operator.py
[2024-05-01T12:03:44.813+0300] {logging_mixin.py:188} INFO - [2024-05-01T12:03:44.813+0300] {dag.py:3096} INFO - Sync 1 DAGs
[2024-05-01T12:03:44.845+0300] {logging_mixin.py:188} INFO - [2024-05-01T12:03:44.845+0300] {dag.py:3954} INFO - Setting next_dagrun for example_branch_operator to 2024-04-30 00:00:00+00:00, run_after=2024-05-01 00:00:00+00:00
[2024-05-01T12:03:45.102+0300] {processor.py:183} INFO - Processing /home/yohanes/Documents/10academy/week2_2/10ac_city_traffic_data_warehouse_week2/week2_env/lib/python3.8/site-packages/airflow/example_dags/example_branch_operator.py took 0.369 seconds
[2024-05-01T12:04:58.203+0300] {processor.py:161} INFO - Started process (PID=160889) to work on /home/yohanes/Documents/10academy/week2_2/10ac_city_traffic_data_warehouse_week2/week2_env/lib/python3.8/site-packages/airflow/example_dags/example_branch_operator.py
[2024-05-01T12:04:58.213+0300] {processor.py:830} INFO - Processing file /home/yohanes/Documents/10academy/week2_2/10ac_city_traffic_data_warehouse_week2/week2_env/lib/python3.8/site-packages/airflow/example_dags/example_branch_operator.py for tasks to queue
[2024-05-01T12:04:58.215+0300] {logging_mixin.py:188} INFO - [2024-05-01T12:04:58.215+0300] {dagbag.py:540} INFO - Filling up the DagBag from /home/yohanes/Documents/10academy/week2_2/10ac_city_traffic_data_warehouse_week2/week2_env/lib/python3.8/site-packages/airflow/example_dags/example_branch_operator.py
[2024-05-01T12:04:58.245+0300] {processor.py:840} INFO - DAG(s) 'example_branch_operator' retrieved from /home/yohanes/Documents/10academy/week2_2/10ac_city_traffic_data_warehouse_week2/week2_env/lib/python3.8/site-packages/airflow/example_dags/example_branch_operator.py
[2024-05-01T12:04:58.280+0300] {logging_mixin.py:188} INFO - [2024-05-01T12:04:58.280+0300] {dag.py:3096} INFO - Sync 1 DAGs
[2024-05-01T12:04:58.310+0300] {logging_mixin.py:188} INFO - [2024-05-01T12:04:58.310+0300] {dag.py:3954} INFO - Setting next_dagrun for example_branch_operator to 2024-04-30 00:00:00+00:00, run_after=2024-05-01 00:00:00+00:00
[2024-05-01T12:04:58.619+0300] {processor.py:183} INFO - Processing /home/yohanes/Documents/10academy/week2_2/10ac_city_traffic_data_warehouse_week2/week2_env/lib/python3.8/site-packages/airflow/example_dags/example_branch_operator.py took 0.426 seconds
[2024-05-01T12:06:08.038+0300] {processor.py:161} INFO - Started process (PID=161601) to work on /home/yohanes/Documents/10academy/week2_2/10ac_city_traffic_data_warehouse_week2/week2_env/lib/python3.8/site-packages/airflow/example_dags/example_branch_operator.py
[2024-05-01T12:06:08.061+0300] {processor.py:830} INFO - Processing file /home/yohanes/Documents/10academy/week2_2/10ac_city_traffic_data_warehouse_week2/week2_env/lib/python3.8/site-packages/airflow/example_dags/example_branch_operator.py for tasks to queue
[2024-05-01T12:06:08.065+0300] {logging_mixin.py:188} INFO - [2024-05-01T12:06:08.064+0300] {dagbag.py:540} INFO - Filling up the DagBag from /home/yohanes/Documents/10academy/week2_2/10ac_city_traffic_data_warehouse_week2/week2_env/lib/python3.8/site-packages/airflow/example_dags/example_branch_operator.py
[2024-05-01T12:06:08.120+0300] {processor.py:840} INFO - DAG(s) 'example_branch_operator' retrieved from /home/yohanes/Documents/10academy/week2_2/10ac_city_traffic_data_warehouse_week2/week2_env/lib/python3.8/site-packages/airflow/example_dags/example_branch_operator.py
[2024-05-01T12:06:08.160+0300] {logging_mixin.py:188} INFO - [2024-05-01T12:06:08.160+0300] {dag.py:3096} INFO - Sync 1 DAGs
[2024-05-01T12:06:08.194+0300] {logging_mixin.py:188} INFO - [2024-05-01T12:06:08.194+0300] {dag.py:3954} INFO - Setting next_dagrun for example_branch_operator to 2024-04-30 00:00:00+00:00, run_after=2024-05-01 00:00:00+00:00
[2024-05-01T12:06:08.370+0300] {processor.py:183} INFO - Processing /home/yohanes/Documents/10academy/week2_2/10ac_city_traffic_data_warehouse_week2/week2_env/lib/python3.8/site-packages/airflow/example_dags/example_branch_operator.py took 0.342 seconds
[2024-05-01T12:07:26.986+0300] {processor.py:161} INFO - Started process (PID=162345) to work on /home/yohanes/Documents/10academy/week2_2/10ac_city_traffic_data_warehouse_week2/week2_env/lib/python3.8/site-packages/airflow/example_dags/example_branch_operator.py
[2024-05-01T12:07:27.002+0300] {processor.py:830} INFO - Processing file /home/yohanes/Documents/10academy/week2_2/10ac_city_traffic_data_warehouse_week2/week2_env/lib/python3.8/site-packages/airflow/example_dags/example_branch_operator.py for tasks to queue
[2024-05-01T12:07:27.005+0300] {logging_mixin.py:188} INFO - [2024-05-01T12:07:27.005+0300] {dagbag.py:540} INFO - Filling up the DagBag from /home/yohanes/Documents/10academy/week2_2/10ac_city_traffic_data_warehouse_week2/week2_env/lib/python3.8/site-packages/airflow/example_dags/example_branch_operator.py
[2024-05-01T12:07:27.034+0300] {processor.py:840} INFO - DAG(s) 'example_branch_operator' retrieved from /home/yohanes/Documents/10academy/week2_2/10ac_city_traffic_data_warehouse_week2/week2_env/lib/python3.8/site-packages/airflow/example_dags/example_branch_operator.py
[2024-05-01T12:07:27.208+0300] {logging_mixin.py:188} INFO - [2024-05-01T12:07:27.208+0300] {dag.py:3096} INFO - Sync 1 DAGs
[2024-05-01T12:07:27.239+0300] {logging_mixin.py:188} INFO - [2024-05-01T12:07:27.239+0300] {dag.py:3954} INFO - Setting next_dagrun for example_branch_operator to 2024-04-30 00:00:00+00:00, run_after=2024-05-01 00:00:00+00:00
[2024-05-01T12:07:27.391+0300] {processor.py:183} INFO - Processing /home/yohanes/Documents/10academy/week2_2/10ac_city_traffic_data_warehouse_week2/week2_env/lib/python3.8/site-packages/airflow/example_dags/example_branch_operator.py took 0.415 seconds
[2024-05-01T12:09:06.002+0300] {processor.py:161} INFO - Started process (PID=163178) to work on /home/yohanes/Documents/10academy/week2_2/10ac_city_traffic_data_warehouse_week2/week2_env/lib/python3.8/site-packages/airflow/example_dags/example_branch_operator.py
[2024-05-01T12:09:06.014+0300] {processor.py:830} INFO - Processing file /home/yohanes/Documents/10academy/week2_2/10ac_city_traffic_data_warehouse_week2/week2_env/lib/python3.8/site-packages/airflow/example_dags/example_branch_operator.py for tasks to queue
[2024-05-01T12:09:06.017+0300] {logging_mixin.py:188} INFO - [2024-05-01T12:09:06.016+0300] {dagbag.py:540} INFO - Filling up the DagBag from /home/yohanes/Documents/10academy/week2_2/10ac_city_traffic_data_warehouse_week2/week2_env/lib/python3.8/site-packages/airflow/example_dags/example_branch_operator.py
[2024-05-01T12:09:06.057+0300] {processor.py:840} INFO - DAG(s) 'example_branch_operator' retrieved from /home/yohanes/Documents/10academy/week2_2/10ac_city_traffic_data_warehouse_week2/week2_env/lib/python3.8/site-packages/airflow/example_dags/example_branch_operator.py
[2024-05-01T12:09:06.109+0300] {logging_mixin.py:188} INFO - [2024-05-01T12:09:06.109+0300] {dag.py:3096} INFO - Sync 1 DAGs
[2024-05-01T12:09:06.153+0300] {logging_mixin.py:188} INFO - [2024-05-01T12:09:06.153+0300] {dag.py:3954} INFO - Setting next_dagrun for example_branch_operator to 2024-04-30 00:00:00+00:00, run_after=2024-05-01 00:00:00+00:00
[2024-05-01T12:09:06.299+0300] {processor.py:183} INFO - Processing /home/yohanes/Documents/10academy/week2_2/10ac_city_traffic_data_warehouse_week2/week2_env/lib/python3.8/site-packages/airflow/example_dags/example_branch_operator.py took 0.311 seconds
[2024-05-01T12:10:14.812+0300] {processor.py:161} INFO - Started process (PID=163747) to work on /home/yohanes/Documents/10academy/week2_2/10ac_city_traffic_data_warehouse_week2/week2_env/lib/python3.8/site-packages/airflow/example_dags/example_branch_operator.py
[2024-05-01T12:10:14.814+0300] {processor.py:830} INFO - Processing file /home/yohanes/Documents/10academy/week2_2/10ac_city_traffic_data_warehouse_week2/week2_env/lib/python3.8/site-packages/airflow/example_dags/example_branch_operator.py for tasks to queue
[2024-05-01T12:10:14.817+0300] {logging_mixin.py:188} INFO - [2024-05-01T12:10:14.816+0300] {dagbag.py:540} INFO - Filling up the DagBag from /home/yohanes/Documents/10academy/week2_2/10ac_city_traffic_data_warehouse_week2/week2_env/lib/python3.8/site-packages/airflow/example_dags/example_branch_operator.py
[2024-05-01T12:10:14.841+0300] {processor.py:840} INFO - DAG(s) 'example_branch_operator' retrieved from /home/yohanes/Documents/10academy/week2_2/10ac_city_traffic_data_warehouse_week2/week2_env/lib/python3.8/site-packages/airflow/example_dags/example_branch_operator.py
[2024-05-01T12:10:14.876+0300] {logging_mixin.py:188} INFO - [2024-05-01T12:10:14.876+0300] {dag.py:3096} INFO - Sync 1 DAGs
[2024-05-01T12:10:14.905+0300] {logging_mixin.py:188} INFO - [2024-05-01T12:10:14.905+0300] {dag.py:3954} INFO - Setting next_dagrun for example_branch_operator to 2024-04-30 00:00:00+00:00, run_after=2024-05-01 00:00:00+00:00
[2024-05-01T12:10:15.060+0300] {processor.py:183} INFO - Processing /home/yohanes/Documents/10academy/week2_2/10ac_city_traffic_data_warehouse_week2/week2_env/lib/python3.8/site-packages/airflow/example_dags/example_branch_operator.py took 0.257 seconds
[2024-05-01T12:11:26.881+0300] {processor.py:161} INFO - Started process (PID=164376) to work on /home/yohanes/Documents/10academy/week2_2/10ac_city_traffic_data_warehouse_week2/week2_env/lib/python3.8/site-packages/airflow/example_dags/example_branch_operator.py
[2024-05-01T12:11:26.904+0300] {processor.py:830} INFO - Processing file /home/yohanes/Documents/10academy/week2_2/10ac_city_traffic_data_warehouse_week2/week2_env/lib/python3.8/site-packages/airflow/example_dags/example_branch_operator.py for tasks to queue
[2024-05-01T12:11:26.906+0300] {logging_mixin.py:188} INFO - [2024-05-01T12:11:26.906+0300] {dagbag.py:540} INFO - Filling up the DagBag from /home/yohanes/Documents/10academy/week2_2/10ac_city_traffic_data_warehouse_week2/week2_env/lib/python3.8/site-packages/airflow/example_dags/example_branch_operator.py
[2024-05-01T12:11:26.931+0300] {processor.py:840} INFO - DAG(s) 'example_branch_operator' retrieved from /home/yohanes/Documents/10academy/week2_2/10ac_city_traffic_data_warehouse_week2/week2_env/lib/python3.8/site-packages/airflow/example_dags/example_branch_operator.py
[2024-05-01T12:11:26.966+0300] {logging_mixin.py:188} INFO - [2024-05-01T12:11:26.966+0300] {dag.py:3096} INFO - Sync 1 DAGs
[2024-05-01T12:11:26.996+0300] {logging_mixin.py:188} INFO - [2024-05-01T12:11:26.996+0300] {dag.py:3954} INFO - Setting next_dagrun for example_branch_operator to 2024-04-30 00:00:00+00:00, run_after=2024-05-01 00:00:00+00:00
[2024-05-01T12:11:27.131+0300] {processor.py:183} INFO - Processing /home/yohanes/Documents/10academy/week2_2/10ac_city_traffic_data_warehouse_week2/week2_env/lib/python3.8/site-packages/airflow/example_dags/example_branch_operator.py took 0.261 seconds
[2024-05-01T12:12:37.019+0300] {processor.py:161} INFO - Started process (PID=164923) to work on /home/yohanes/Documents/10academy/week2_2/10ac_city_traffic_data_warehouse_week2/week2_env/lib/python3.8/site-packages/airflow/example_dags/example_branch_operator.py
[2024-05-01T12:12:37.044+0300] {processor.py:830} INFO - Processing file /home/yohanes/Documents/10academy/week2_2/10ac_city_traffic_data_warehouse_week2/week2_env/lib/python3.8/site-packages/airflow/example_dags/example_branch_operator.py for tasks to queue
[2024-05-01T12:12:37.046+0300] {logging_mixin.py:188} INFO - [2024-05-01T12:12:37.045+0300] {dagbag.py:540} INFO - Filling up the DagBag from /home/yohanes/Documents/10academy/week2_2/10ac_city_traffic_data_warehouse_week2/week2_env/lib/python3.8/site-packages/airflow/example_dags/example_branch_operator.py
[2024-05-01T12:12:37.073+0300] {processor.py:840} INFO - DAG(s) 'example_branch_operator' retrieved from /home/yohanes/Documents/10academy/week2_2/10ac_city_traffic_data_warehouse_week2/week2_env/lib/python3.8/site-packages/airflow/example_dags/example_branch_operator.py
[2024-05-01T12:12:37.111+0300] {logging_mixin.py:188} INFO - [2024-05-01T12:12:37.110+0300] {dag.py:3096} INFO - Sync 1 DAGs
[2024-05-01T12:12:37.144+0300] {logging_mixin.py:188} INFO - [2024-05-01T12:12:37.144+0300] {dag.py:3954} INFO - Setting next_dagrun for example_branch_operator to 2024-04-30 00:00:00+00:00, run_after=2024-05-01 00:00:00+00:00
[2024-05-01T12:12:37.281+0300] {processor.py:183} INFO - Processing /home/yohanes/Documents/10academy/week2_2/10ac_city_traffic_data_warehouse_week2/week2_env/lib/python3.8/site-packages/airflow/example_dags/example_branch_operator.py took 0.273 seconds
[2024-05-01T12:13:45.519+0300] {processor.py:161} INFO - Started process (PID=165465) to work on /home/yohanes/Documents/10academy/week2_2/10ac_city_traffic_data_warehouse_week2/week2_env/lib/python3.8/site-packages/airflow/example_dags/example_branch_operator.py
[2024-05-01T12:13:45.527+0300] {processor.py:830} INFO - Processing file /home/yohanes/Documents/10academy/week2_2/10ac_city_traffic_data_warehouse_week2/week2_env/lib/python3.8/site-packages/airflow/example_dags/example_branch_operator.py for tasks to queue
[2024-05-01T12:13:45.530+0300] {logging_mixin.py:188} INFO - [2024-05-01T12:13:45.530+0300] {dagbag.py:540} INFO - Filling up the DagBag from /home/yohanes/Documents/10academy/week2_2/10ac_city_traffic_data_warehouse_week2/week2_env/lib/python3.8/site-packages/airflow/example_dags/example_branch_operator.py
[2024-05-01T12:13:45.559+0300] {processor.py:840} INFO - DAG(s) 'example_branch_operator' retrieved from /home/yohanes/Documents/10academy/week2_2/10ac_city_traffic_data_warehouse_week2/week2_env/lib/python3.8/site-packages/airflow/example_dags/example_branch_operator.py
[2024-05-01T12:13:45.605+0300] {logging_mixin.py:188} INFO - [2024-05-01T12:13:45.604+0300] {dag.py:3096} INFO - Sync 1 DAGs
[2024-05-01T12:13:45.644+0300] {logging_mixin.py:188} INFO - [2024-05-01T12:13:45.644+0300] {dag.py:3954} INFO - Setting next_dagrun for example_branch_operator to 2024-04-30 00:00:00+00:00, run_after=2024-05-01 00:00:00+00:00
[2024-05-01T12:13:45.800+0300] {processor.py:183} INFO - Processing /home/yohanes/Documents/10academy/week2_2/10ac_city_traffic_data_warehouse_week2/week2_env/lib/python3.8/site-packages/airflow/example_dags/example_branch_operator.py took 0.292 seconds
[2024-05-01T12:15:09.901+0300] {processor.py:161} INFO - Started process (PID=166132) to work on /home/yohanes/Documents/10academy/week2_2/10ac_city_traffic_data_warehouse_week2/week2_env/lib/python3.8/site-packages/airflow/example_dags/example_branch_operator.py
[2024-05-01T12:15:09.927+0300] {processor.py:830} INFO - Processing file /home/yohanes/Documents/10academy/week2_2/10ac_city_traffic_data_warehouse_week2/week2_env/lib/python3.8/site-packages/airflow/example_dags/example_branch_operator.py for tasks to queue
[2024-05-01T12:15:09.929+0300] {logging_mixin.py:188} INFO - [2024-05-01T12:15:09.929+0300] {dagbag.py:540} INFO - Filling up the DagBag from /home/yohanes/Documents/10academy/week2_2/10ac_city_traffic_data_warehouse_week2/week2_env/lib/python3.8/site-packages/airflow/example_dags/example_branch_operator.py
[2024-05-01T12:15:09.954+0300] {processor.py:840} INFO - DAG(s) 'example_branch_operator' retrieved from /home/yohanes/Documents/10academy/week2_2/10ac_city_traffic_data_warehouse_week2/week2_env/lib/python3.8/site-packages/airflow/example_dags/example_branch_operator.py
[2024-05-01T12:15:09.989+0300] {logging_mixin.py:188} INFO - [2024-05-01T12:15:09.989+0300] {dag.py:3096} INFO - Sync 1 DAGs
[2024-05-01T12:15:10.023+0300] {logging_mixin.py:188} INFO - [2024-05-01T12:15:10.023+0300] {dag.py:3954} INFO - Setting next_dagrun for example_branch_operator to 2024-04-30 00:00:00+00:00, run_after=2024-05-01 00:00:00+00:00
[2024-05-01T12:15:10.178+0300] {processor.py:183} INFO - Processing /home/yohanes/Documents/10academy/week2_2/10ac_city_traffic_data_warehouse_week2/week2_env/lib/python3.8/site-packages/airflow/example_dags/example_branch_operator.py took 0.289 seconds
[2024-05-01T12:16:37.386+0300] {processor.py:161} INFO - Started process (PID=166853) to work on /home/yohanes/Documents/10academy/week2_2/10ac_city_traffic_data_warehouse_week2/week2_env/lib/python3.8/site-packages/airflow/example_dags/example_branch_operator.py
[2024-05-01T12:16:37.411+0300] {processor.py:830} INFO - Processing file /home/yohanes/Documents/10academy/week2_2/10ac_city_traffic_data_warehouse_week2/week2_env/lib/python3.8/site-packages/airflow/example_dags/example_branch_operator.py for tasks to queue
[2024-05-01T12:16:37.414+0300] {logging_mixin.py:188} INFO - [2024-05-01T12:16:37.413+0300] {dagbag.py:540} INFO - Filling up the DagBag from /home/yohanes/Documents/10academy/week2_2/10ac_city_traffic_data_warehouse_week2/week2_env/lib/python3.8/site-packages/airflow/example_dags/example_branch_operator.py
[2024-05-01T12:16:37.440+0300] {processor.py:840} INFO - DAG(s) 'example_branch_operator' retrieved from /home/yohanes/Documents/10academy/week2_2/10ac_city_traffic_data_warehouse_week2/week2_env/lib/python3.8/site-packages/airflow/example_dags/example_branch_operator.py
[2024-05-01T12:16:37.477+0300] {logging_mixin.py:188} INFO - [2024-05-01T12:16:37.477+0300] {dag.py:3096} INFO - Sync 1 DAGs
[2024-05-01T12:16:37.507+0300] {logging_mixin.py:188} INFO - [2024-05-01T12:16:37.506+0300] {dag.py:3954} INFO - Setting next_dagrun for example_branch_operator to 2024-04-30 00:00:00+00:00, run_after=2024-05-01 00:00:00+00:00
[2024-05-01T12:16:37.681+0300] {processor.py:183} INFO - Processing /home/yohanes/Documents/10academy/week2_2/10ac_city_traffic_data_warehouse_week2/week2_env/lib/python3.8/site-packages/airflow/example_dags/example_branch_operator.py took 0.304 seconds
[2024-05-01T12:17:48.804+0300] {processor.py:161} INFO - Started process (PID=167420) to work on /home/yohanes/Documents/10academy/week2_2/10ac_city_traffic_data_warehouse_week2/week2_env/lib/python3.8/site-packages/airflow/example_dags/example_branch_operator.py
[2024-05-01T12:17:48.830+0300] {processor.py:830} INFO - Processing file /home/yohanes/Documents/10academy/week2_2/10ac_city_traffic_data_warehouse_week2/week2_env/lib/python3.8/site-packages/airflow/example_dags/example_branch_operator.py for tasks to queue
[2024-05-01T12:17:48.832+0300] {logging_mixin.py:188} INFO - [2024-05-01T12:17:48.832+0300] {dagbag.py:540} INFO - Filling up the DagBag from /home/yohanes/Documents/10academy/week2_2/10ac_city_traffic_data_warehouse_week2/week2_env/lib/python3.8/site-packages/airflow/example_dags/example_branch_operator.py
[2024-05-01T12:17:48.859+0300] {processor.py:840} INFO - DAG(s) 'example_branch_operator' retrieved from /home/yohanes/Documents/10academy/week2_2/10ac_city_traffic_data_warehouse_week2/week2_env/lib/python3.8/site-packages/airflow/example_dags/example_branch_operator.py
[2024-05-01T12:17:48.897+0300] {logging_mixin.py:188} INFO - [2024-05-01T12:17:48.896+0300] {dag.py:3096} INFO - Sync 1 DAGs
[2024-05-01T12:17:48.927+0300] {logging_mixin.py:188} INFO - [2024-05-01T12:17:48.927+0300] {dag.py:3954} INFO - Setting next_dagrun for example_branch_operator to 2024-04-30 00:00:00+00:00, run_after=2024-05-01 00:00:00+00:00
[2024-05-01T12:17:49.074+0300] {processor.py:183} INFO - Processing /home/yohanes/Documents/10academy/week2_2/10ac_city_traffic_data_warehouse_week2/week2_env/lib/python3.8/site-packages/airflow/example_dags/example_branch_operator.py took 0.280 seconds
[2024-05-01T12:18:57.829+0300] {processor.py:161} INFO - Started process (PID=167986) to work on /home/yohanes/Documents/10academy/week2_2/10ac_city_traffic_data_warehouse_week2/week2_env/lib/python3.8/site-packages/airflow/example_dags/example_branch_operator.py
[2024-05-01T12:18:57.902+0300] {processor.py:830} INFO - Processing file /home/yohanes/Documents/10academy/week2_2/10ac_city_traffic_data_warehouse_week2/week2_env/lib/python3.8/site-packages/airflow/example_dags/example_branch_operator.py for tasks to queue
[2024-05-01T12:18:57.905+0300] {logging_mixin.py:188} INFO - [2024-05-01T12:18:57.904+0300] {dagbag.py:540} INFO - Filling up the DagBag from /home/yohanes/Documents/10academy/week2_2/10ac_city_traffic_data_warehouse_week2/week2_env/lib/python3.8/site-packages/airflow/example_dags/example_branch_operator.py
[2024-05-01T12:18:57.930+0300] {processor.py:840} INFO - DAG(s) 'example_branch_operator' retrieved from /home/yohanes/Documents/10academy/week2_2/10ac_city_traffic_data_warehouse_week2/week2_env/lib/python3.8/site-packages/airflow/example_dags/example_branch_operator.py
[2024-05-01T12:18:57.978+0300] {logging_mixin.py:188} INFO - [2024-05-01T12:18:57.978+0300] {dag.py:3096} INFO - Sync 1 DAGs
[2024-05-01T12:18:58.012+0300] {logging_mixin.py:188} INFO - [2024-05-01T12:18:58.012+0300] {dag.py:3954} INFO - Setting next_dagrun for example_branch_operator to 2024-04-30 00:00:00+00:00, run_after=2024-05-01 00:00:00+00:00
[2024-05-01T12:18:58.159+0300] {processor.py:183} INFO - Processing /home/yohanes/Documents/10academy/week2_2/10ac_city_traffic_data_warehouse_week2/week2_env/lib/python3.8/site-packages/airflow/example_dags/example_branch_operator.py took 0.339 seconds
[2024-05-01T12:20:06.090+0300] {processor.py:161} INFO - Started process (PID=168521) to work on /home/yohanes/Documents/10academy/week2_2/10ac_city_traffic_data_warehouse_week2/week2_env/lib/python3.8/site-packages/airflow/example_dags/example_branch_operator.py
[2024-05-01T12:20:06.163+0300] {processor.py:830} INFO - Processing file /home/yohanes/Documents/10academy/week2_2/10ac_city_traffic_data_warehouse_week2/week2_env/lib/python3.8/site-packages/airflow/example_dags/example_branch_operator.py for tasks to queue
[2024-05-01T12:20:06.165+0300] {logging_mixin.py:188} INFO - [2024-05-01T12:20:06.165+0300] {dagbag.py:540} INFO - Filling up the DagBag from /home/yohanes/Documents/10academy/week2_2/10ac_city_traffic_data_warehouse_week2/week2_env/lib/python3.8/site-packages/airflow/example_dags/example_branch_operator.py
[2024-05-01T12:20:06.193+0300] {processor.py:840} INFO - DAG(s) 'example_branch_operator' retrieved from /home/yohanes/Documents/10academy/week2_2/10ac_city_traffic_data_warehouse_week2/week2_env/lib/python3.8/site-packages/airflow/example_dags/example_branch_operator.py
[2024-05-01T12:20:06.230+0300] {logging_mixin.py:188} INFO - [2024-05-01T12:20:06.230+0300] {dag.py:3096} INFO - Sync 1 DAGs
[2024-05-01T12:20:06.264+0300] {logging_mixin.py:188} INFO - [2024-05-01T12:20:06.263+0300] {dag.py:3954} INFO - Setting next_dagrun for example_branch_operator to 2024-04-30 00:00:00+00:00, run_after=2024-05-01 00:00:00+00:00
[2024-05-01T12:20:06.428+0300] {processor.py:183} INFO - Processing /home/yohanes/Documents/10academy/week2_2/10ac_city_traffic_data_warehouse_week2/week2_env/lib/python3.8/site-packages/airflow/example_dags/example_branch_operator.py took 0.348 seconds
[2024-05-01T12:21:17.067+0300] {processor.py:161} INFO - Started process (PID=169144) to work on /home/yohanes/Documents/10academy/week2_2/10ac_city_traffic_data_warehouse_week2/week2_env/lib/python3.8/site-packages/airflow/example_dags/example_branch_operator.py
[2024-05-01T12:21:17.085+0300] {processor.py:830} INFO - Processing file /home/yohanes/Documents/10academy/week2_2/10ac_city_traffic_data_warehouse_week2/week2_env/lib/python3.8/site-packages/airflow/example_dags/example_branch_operator.py for tasks to queue
[2024-05-01T12:21:17.088+0300] {logging_mixin.py:188} INFO - [2024-05-01T12:21:17.087+0300] {dagbag.py:540} INFO - Filling up the DagBag from /home/yohanes/Documents/10academy/week2_2/10ac_city_traffic_data_warehouse_week2/week2_env/lib/python3.8/site-packages/airflow/example_dags/example_branch_operator.py
[2024-05-01T12:21:17.119+0300] {processor.py:840} INFO - DAG(s) 'example_branch_operator' retrieved from /home/yohanes/Documents/10academy/week2_2/10ac_city_traffic_data_warehouse_week2/week2_env/lib/python3.8/site-packages/airflow/example_dags/example_branch_operator.py
[2024-05-01T12:21:17.159+0300] {logging_mixin.py:188} INFO - [2024-05-01T12:21:17.159+0300] {dag.py:3096} INFO - Sync 1 DAGs
[2024-05-01T12:21:17.199+0300] {logging_mixin.py:188} INFO - [2024-05-01T12:21:17.199+0300] {dag.py:3954} INFO - Setting next_dagrun for example_branch_operator to 2024-04-30 00:00:00+00:00, run_after=2024-05-01 00:00:00+00:00
[2024-05-01T12:21:17.360+0300] {processor.py:183} INFO - Processing /home/yohanes/Documents/10academy/week2_2/10ac_city_traffic_data_warehouse_week2/week2_env/lib/python3.8/site-packages/airflow/example_dags/example_branch_operator.py took 0.308 seconds
[2024-05-01T12:22:43.726+0300] {processor.py:161} INFO - Started process (PID=169893) to work on /home/yohanes/Documents/10academy/week2_2/10ac_city_traffic_data_warehouse_week2/week2_env/lib/python3.8/site-packages/airflow/example_dags/example_branch_operator.py
[2024-05-01T12:22:43.758+0300] {processor.py:830} INFO - Processing file /home/yohanes/Documents/10academy/week2_2/10ac_city_traffic_data_warehouse_week2/week2_env/lib/python3.8/site-packages/airflow/example_dags/example_branch_operator.py for tasks to queue
[2024-05-01T12:22:43.760+0300] {logging_mixin.py:188} INFO - [2024-05-01T12:22:43.760+0300] {dagbag.py:540} INFO - Filling up the DagBag from /home/yohanes/Documents/10academy/week2_2/10ac_city_traffic_data_warehouse_week2/week2_env/lib/python3.8/site-packages/airflow/example_dags/example_branch_operator.py
[2024-05-01T12:22:43.786+0300] {processor.py:840} INFO - DAG(s) 'example_branch_operator' retrieved from /home/yohanes/Documents/10academy/week2_2/10ac_city_traffic_data_warehouse_week2/week2_env/lib/python3.8/site-packages/airflow/example_dags/example_branch_operator.py
[2024-05-01T12:22:43.822+0300] {logging_mixin.py:188} INFO - [2024-05-01T12:22:43.821+0300] {dag.py:3096} INFO - Sync 1 DAGs
[2024-05-01T12:22:43.851+0300] {logging_mixin.py:188} INFO - [2024-05-01T12:22:43.850+0300] {dag.py:3954} INFO - Setting next_dagrun for example_branch_operator to 2024-04-30 00:00:00+00:00, run_after=2024-05-01 00:00:00+00:00
[2024-05-01T12:22:44.040+0300] {processor.py:183} INFO - Processing /home/yohanes/Documents/10academy/week2_2/10ac_city_traffic_data_warehouse_week2/week2_env/lib/python3.8/site-packages/airflow/example_dags/example_branch_operator.py took 0.324 seconds
[2024-05-01T12:24:24.685+0300] {processor.py:161} INFO - Started process (PID=170788) to work on /home/yohanes/Documents/10academy/week2_2/10ac_city_traffic_data_warehouse_week2/week2_env/lib/python3.8/site-packages/airflow/example_dags/example_branch_operator.py
[2024-05-01T12:24:24.727+0300] {processor.py:830} INFO - Processing file /home/yohanes/Documents/10academy/week2_2/10ac_city_traffic_data_warehouse_week2/week2_env/lib/python3.8/site-packages/airflow/example_dags/example_branch_operator.py for tasks to queue
[2024-05-01T12:24:24.730+0300] {logging_mixin.py:188} INFO - [2024-05-01T12:24:24.730+0300] {dagbag.py:540} INFO - Filling up the DagBag from /home/yohanes/Documents/10academy/week2_2/10ac_city_traffic_data_warehouse_week2/week2_env/lib/python3.8/site-packages/airflow/example_dags/example_branch_operator.py
[2024-05-01T12:24:24.769+0300] {processor.py:840} INFO - DAG(s) 'example_branch_operator' retrieved from /home/yohanes/Documents/10academy/week2_2/10ac_city_traffic_data_warehouse_week2/week2_env/lib/python3.8/site-packages/airflow/example_dags/example_branch_operator.py
[2024-05-01T12:24:24.825+0300] {logging_mixin.py:188} INFO - [2024-05-01T12:24:24.825+0300] {dag.py:3096} INFO - Sync 1 DAGs
[2024-05-01T12:24:24.865+0300] {logging_mixin.py:188} INFO - [2024-05-01T12:24:24.864+0300] {dag.py:3954} INFO - Setting next_dagrun for example_branch_operator to 2024-04-30 00:00:00+00:00, run_after=2024-05-01 00:00:00+00:00
[2024-05-01T12:24:25.273+0300] {processor.py:183} INFO - Processing /home/yohanes/Documents/10academy/week2_2/10ac_city_traffic_data_warehouse_week2/week2_env/lib/python3.8/site-packages/airflow/example_dags/example_branch_operator.py took 0.599 seconds
[2024-05-01T12:25:56.365+0300] {processor.py:161} INFO - Started process (PID=171620) to work on /home/yohanes/Documents/10academy/week2_2/10ac_city_traffic_data_warehouse_week2/week2_env/lib/python3.8/site-packages/airflow/example_dags/example_branch_operator.py
[2024-05-01T12:25:56.412+0300] {processor.py:830} INFO - Processing file /home/yohanes/Documents/10academy/week2_2/10ac_city_traffic_data_warehouse_week2/week2_env/lib/python3.8/site-packages/airflow/example_dags/example_branch_operator.py for tasks to queue
[2024-05-01T12:25:56.414+0300] {logging_mixin.py:188} INFO - [2024-05-01T12:25:56.413+0300] {dagbag.py:540} INFO - Filling up the DagBag from /home/yohanes/Documents/10academy/week2_2/10ac_city_traffic_data_warehouse_week2/week2_env/lib/python3.8/site-packages/airflow/example_dags/example_branch_operator.py
[2024-05-01T12:25:56.439+0300] {processor.py:840} INFO - DAG(s) 'example_branch_operator' retrieved from /home/yohanes/Documents/10academy/week2_2/10ac_city_traffic_data_warehouse_week2/week2_env/lib/python3.8/site-packages/airflow/example_dags/example_branch_operator.py
[2024-05-01T12:25:56.476+0300] {logging_mixin.py:188} INFO - [2024-05-01T12:25:56.476+0300] {dag.py:3096} INFO - Sync 1 DAGs
[2024-05-01T12:25:56.512+0300] {logging_mixin.py:188} INFO - [2024-05-01T12:25:56.512+0300] {dag.py:3954} INFO - Setting next_dagrun for example_branch_operator to 2024-04-30 00:00:00+00:00, run_after=2024-05-01 00:00:00+00:00
[2024-05-01T12:25:56.652+0300] {processor.py:183} INFO - Processing /home/yohanes/Documents/10academy/week2_2/10ac_city_traffic_data_warehouse_week2/week2_env/lib/python3.8/site-packages/airflow/example_dags/example_branch_operator.py took 0.296 seconds
[2024-05-01T12:27:46.793+0300] {processor.py:161} INFO - Started process (PID=172576) to work on /home/yohanes/Documents/10academy/week2_2/10ac_city_traffic_data_warehouse_week2/week2_env/lib/python3.8/site-packages/airflow/example_dags/example_branch_operator.py
[2024-05-01T12:27:46.821+0300] {processor.py:830} INFO - Processing file /home/yohanes/Documents/10academy/week2_2/10ac_city_traffic_data_warehouse_week2/week2_env/lib/python3.8/site-packages/airflow/example_dags/example_branch_operator.py for tasks to queue
[2024-05-01T12:27:46.824+0300] {logging_mixin.py:188} INFO - [2024-05-01T12:27:46.823+0300] {dagbag.py:540} INFO - Filling up the DagBag from /home/yohanes/Documents/10academy/week2_2/10ac_city_traffic_data_warehouse_week2/week2_env/lib/python3.8/site-packages/airflow/example_dags/example_branch_operator.py
[2024-05-01T12:27:46.924+0300] {processor.py:840} INFO - DAG(s) 'example_branch_operator' retrieved from /home/yohanes/Documents/10academy/week2_2/10ac_city_traffic_data_warehouse_week2/week2_env/lib/python3.8/site-packages/airflow/example_dags/example_branch_operator.py
[2024-05-01T12:27:46.968+0300] {logging_mixin.py:188} INFO - [2024-05-01T12:27:46.968+0300] {dag.py:3096} INFO - Sync 1 DAGs
[2024-05-01T12:27:47.005+0300] {logging_mixin.py:188} INFO - [2024-05-01T12:27:47.005+0300] {dag.py:3954} INFO - Setting next_dagrun for example_branch_operator to 2024-04-30 00:00:00+00:00, run_after=2024-05-01 00:00:00+00:00
[2024-05-01T12:27:47.616+0300] {processor.py:183} INFO - Processing /home/yohanes/Documents/10academy/week2_2/10ac_city_traffic_data_warehouse_week2/week2_env/lib/python3.8/site-packages/airflow/example_dags/example_branch_operator.py took 0.833 seconds
[2024-05-01T12:32:26.118+0300] {processor.py:161} INFO - Started process (PID=174790) to work on /home/yohanes/Documents/10academy/week2_2/10ac_city_traffic_data_warehouse_week2/week2_env/lib/python3.8/site-packages/airflow/example_dags/example_branch_operator.py
[2024-05-01T12:32:26.158+0300] {processor.py:830} INFO - Processing file /home/yohanes/Documents/10academy/week2_2/10ac_city_traffic_data_warehouse_week2/week2_env/lib/python3.8/site-packages/airflow/example_dags/example_branch_operator.py for tasks to queue
[2024-05-01T12:32:26.161+0300] {logging_mixin.py:188} INFO - [2024-05-01T12:32:26.160+0300] {dagbag.py:540} INFO - Filling up the DagBag from /home/yohanes/Documents/10academy/week2_2/10ac_city_traffic_data_warehouse_week2/week2_env/lib/python3.8/site-packages/airflow/example_dags/example_branch_operator.py
[2024-05-01T12:32:26.200+0300] {processor.py:840} INFO - DAG(s) 'example_branch_operator' retrieved from /home/yohanes/Documents/10academy/week2_2/10ac_city_traffic_data_warehouse_week2/week2_env/lib/python3.8/site-packages/airflow/example_dags/example_branch_operator.py
[2024-05-01T12:32:26.279+0300] {logging_mixin.py:188} INFO - [2024-05-01T12:32:26.279+0300] {dag.py:3096} INFO - Sync 1 DAGs
[2024-05-01T12:32:26.323+0300] {logging_mixin.py:188} INFO - [2024-05-01T12:32:26.322+0300] {dag.py:3954} INFO - Setting next_dagrun for example_branch_operator to 2024-04-30 00:00:00+00:00, run_after=2024-05-01 00:00:00+00:00
[2024-05-01T12:32:26.484+0300] {processor.py:183} INFO - Processing /home/yohanes/Documents/10academy/week2_2/10ac_city_traffic_data_warehouse_week2/week2_env/lib/python3.8/site-packages/airflow/example_dags/example_branch_operator.py took 0.384 seconds
[2024-05-01T12:33:35.746+0300] {processor.py:161} INFO - Started process (PID=175410) to work on /home/yohanes/Documents/10academy/week2_2/10ac_city_traffic_data_warehouse_week2/week2_env/lib/python3.8/site-packages/airflow/example_dags/example_branch_operator.py
[2024-05-01T12:33:35.810+0300] {processor.py:830} INFO - Processing file /home/yohanes/Documents/10academy/week2_2/10ac_city_traffic_data_warehouse_week2/week2_env/lib/python3.8/site-packages/airflow/example_dags/example_branch_operator.py for tasks to queue
[2024-05-01T12:33:35.812+0300] {logging_mixin.py:188} INFO - [2024-05-01T12:33:35.812+0300] {dagbag.py:540} INFO - Filling up the DagBag from /home/yohanes/Documents/10academy/week2_2/10ac_city_traffic_data_warehouse_week2/week2_env/lib/python3.8/site-packages/airflow/example_dags/example_branch_operator.py
[2024-05-01T12:33:35.840+0300] {processor.py:840} INFO - DAG(s) 'example_branch_operator' retrieved from /home/yohanes/Documents/10academy/week2_2/10ac_city_traffic_data_warehouse_week2/week2_env/lib/python3.8/site-packages/airflow/example_dags/example_branch_operator.py
[2024-05-01T12:33:35.878+0300] {logging_mixin.py:188} INFO - [2024-05-01T12:33:35.878+0300] {dag.py:3096} INFO - Sync 1 DAGs
[2024-05-01T12:33:35.912+0300] {logging_mixin.py:188} INFO - [2024-05-01T12:33:35.912+0300] {dag.py:3954} INFO - Setting next_dagrun for example_branch_operator to 2024-04-30 00:00:00+00:00, run_after=2024-05-01 00:00:00+00:00
[2024-05-01T12:33:36.214+0300] {processor.py:183} INFO - Processing /home/yohanes/Documents/10academy/week2_2/10ac_city_traffic_data_warehouse_week2/week2_env/lib/python3.8/site-packages/airflow/example_dags/example_branch_operator.py took 0.478 seconds
[2024-05-01T12:35:30.509+0300] {processor.py:161} INFO - Started process (PID=176432) to work on /home/yohanes/Documents/10academy/week2_2/10ac_city_traffic_data_warehouse_week2/week2_env/lib/python3.8/site-packages/airflow/example_dags/example_branch_operator.py
[2024-05-01T12:35:30.528+0300] {processor.py:830} INFO - Processing file /home/yohanes/Documents/10academy/week2_2/10ac_city_traffic_data_warehouse_week2/week2_env/lib/python3.8/site-packages/airflow/example_dags/example_branch_operator.py for tasks to queue
[2024-05-01T12:35:30.530+0300] {logging_mixin.py:188} INFO - [2024-05-01T12:35:30.530+0300] {dagbag.py:540} INFO - Filling up the DagBag from /home/yohanes/Documents/10academy/week2_2/10ac_city_traffic_data_warehouse_week2/week2_env/lib/python3.8/site-packages/airflow/example_dags/example_branch_operator.py
[2024-05-01T12:35:30.559+0300] {processor.py:840} INFO - DAG(s) 'example_branch_operator' retrieved from /home/yohanes/Documents/10academy/week2_2/10ac_city_traffic_data_warehouse_week2/week2_env/lib/python3.8/site-packages/airflow/example_dags/example_branch_operator.py
[2024-05-01T12:35:30.596+0300] {logging_mixin.py:188} INFO - [2024-05-01T12:35:30.595+0300] {dag.py:3096} INFO - Sync 1 DAGs
[2024-05-01T12:35:30.627+0300] {logging_mixin.py:188} INFO - [2024-05-01T12:35:30.626+0300] {dag.py:3954} INFO - Setting next_dagrun for example_branch_operator to 2024-04-30 00:00:00+00:00, run_after=2024-05-01 00:00:00+00:00
[2024-05-01T12:35:30.894+0300] {processor.py:183} INFO - Processing /home/yohanes/Documents/10academy/week2_2/10ac_city_traffic_data_warehouse_week2/week2_env/lib/python3.8/site-packages/airflow/example_dags/example_branch_operator.py took 0.396 seconds
[2024-05-01T12:38:22.782+0300] {processor.py:161} INFO - Started process (PID=177850) to work on /home/yohanes/Documents/10academy/week2_2/10ac_city_traffic_data_warehouse_week2/week2_env/lib/python3.8/site-packages/airflow/example_dags/example_branch_operator.py
[2024-05-01T12:38:22.806+0300] {processor.py:830} INFO - Processing file /home/yohanes/Documents/10academy/week2_2/10ac_city_traffic_data_warehouse_week2/week2_env/lib/python3.8/site-packages/airflow/example_dags/example_branch_operator.py for tasks to queue
[2024-05-01T12:38:22.810+0300] {logging_mixin.py:188} INFO - [2024-05-01T12:38:22.809+0300] {dagbag.py:540} INFO - Filling up the DagBag from /home/yohanes/Documents/10academy/week2_2/10ac_city_traffic_data_warehouse_week2/week2_env/lib/python3.8/site-packages/airflow/example_dags/example_branch_operator.py
[2024-05-01T12:38:22.867+0300] {processor.py:840} INFO - DAG(s) 'example_branch_operator' retrieved from /home/yohanes/Documents/10academy/week2_2/10ac_city_traffic_data_warehouse_week2/week2_env/lib/python3.8/site-packages/airflow/example_dags/example_branch_operator.py
[2024-05-01T12:38:22.929+0300] {logging_mixin.py:188} INFO - [2024-05-01T12:38:22.929+0300] {dag.py:3096} INFO - Sync 1 DAGs
[2024-05-01T12:38:22.984+0300] {logging_mixin.py:188} INFO - [2024-05-01T12:38:22.984+0300] {dag.py:3954} INFO - Setting next_dagrun for example_branch_operator to 2024-04-30 00:00:00+00:00, run_after=2024-05-01 00:00:00+00:00
[2024-05-01T12:38:23.159+0300] {processor.py:183} INFO - Processing /home/yohanes/Documents/10academy/week2_2/10ac_city_traffic_data_warehouse_week2/week2_env/lib/python3.8/site-packages/airflow/example_dags/example_branch_operator.py took 0.387 seconds
[2024-05-01T12:39:44.125+0300] {processor.py:161} INFO - Started process (PID=178596) to work on /home/yohanes/Documents/10academy/week2_2/10ac_city_traffic_data_warehouse_week2/week2_env/lib/python3.8/site-packages/airflow/example_dags/example_branch_operator.py
[2024-05-01T12:39:44.150+0300] {processor.py:830} INFO - Processing file /home/yohanes/Documents/10academy/week2_2/10ac_city_traffic_data_warehouse_week2/week2_env/lib/python3.8/site-packages/airflow/example_dags/example_branch_operator.py for tasks to queue
[2024-05-01T12:39:44.153+0300] {logging_mixin.py:188} INFO - [2024-05-01T12:39:44.153+0300] {dagbag.py:540} INFO - Filling up the DagBag from /home/yohanes/Documents/10academy/week2_2/10ac_city_traffic_data_warehouse_week2/week2_env/lib/python3.8/site-packages/airflow/example_dags/example_branch_operator.py
[2024-05-01T12:39:44.232+0300] {processor.py:840} INFO - DAG(s) 'example_branch_operator' retrieved from /home/yohanes/Documents/10academy/week2_2/10ac_city_traffic_data_warehouse_week2/week2_env/lib/python3.8/site-packages/airflow/example_dags/example_branch_operator.py
[2024-05-01T12:39:44.285+0300] {logging_mixin.py:188} INFO - [2024-05-01T12:39:44.284+0300] {dag.py:3096} INFO - Sync 1 DAGs
[2024-05-01T12:39:44.341+0300] {logging_mixin.py:188} INFO - [2024-05-01T12:39:44.340+0300] {dag.py:3954} INFO - Setting next_dagrun for example_branch_operator to 2024-04-30 00:00:00+00:00, run_after=2024-05-01 00:00:00+00:00
[2024-05-01T12:39:44.595+0300] {processor.py:183} INFO - Processing /home/yohanes/Documents/10academy/week2_2/10ac_city_traffic_data_warehouse_week2/week2_env/lib/python3.8/site-packages/airflow/example_dags/example_branch_operator.py took 0.480 seconds
[2024-05-01T12:41:10.709+0300] {processor.py:161} INFO - Started process (PID=179597) to work on /home/yohanes/Documents/10academy/week2_2/10ac_city_traffic_data_warehouse_week2/week2_env/lib/python3.8/site-packages/airflow/example_dags/example_branch_operator.py
[2024-05-01T12:41:10.724+0300] {processor.py:830} INFO - Processing file /home/yohanes/Documents/10academy/week2_2/10ac_city_traffic_data_warehouse_week2/week2_env/lib/python3.8/site-packages/airflow/example_dags/example_branch_operator.py for tasks to queue
[2024-05-01T12:41:10.727+0300] {logging_mixin.py:188} INFO - [2024-05-01T12:41:10.727+0300] {dagbag.py:540} INFO - Filling up the DagBag from /home/yohanes/Documents/10academy/week2_2/10ac_city_traffic_data_warehouse_week2/week2_env/lib/python3.8/site-packages/airflow/example_dags/example_branch_operator.py
[2024-05-01T12:41:10.768+0300] {processor.py:840} INFO - DAG(s) 'example_branch_operator' retrieved from /home/yohanes/Documents/10academy/week2_2/10ac_city_traffic_data_warehouse_week2/week2_env/lib/python3.8/site-packages/airflow/example_dags/example_branch_operator.py
[2024-05-01T12:41:10.807+0300] {logging_mixin.py:188} INFO - [2024-05-01T12:41:10.807+0300] {dag.py:3096} INFO - Sync 1 DAGs
[2024-05-01T12:41:10.837+0300] {logging_mixin.py:188} INFO - [2024-05-01T12:41:10.836+0300] {dag.py:3954} INFO - Setting next_dagrun for example_branch_operator to 2024-04-30 00:00:00+00:00, run_after=2024-05-01 00:00:00+00:00
[2024-05-01T12:41:10.978+0300] {processor.py:183} INFO - Processing /home/yohanes/Documents/10academy/week2_2/10ac_city_traffic_data_warehouse_week2/week2_env/lib/python3.8/site-packages/airflow/example_dags/example_branch_operator.py took 0.281 seconds
[2024-05-01T12:42:57.609+0300] {processor.py:161} INFO - Started process (PID=180500) to work on /home/yohanes/Documents/10academy/week2_2/10ac_city_traffic_data_warehouse_week2/week2_env/lib/python3.8/site-packages/airflow/example_dags/example_branch_operator.py
[2024-05-01T12:42:57.645+0300] {processor.py:830} INFO - Processing file /home/yohanes/Documents/10academy/week2_2/10ac_city_traffic_data_warehouse_week2/week2_env/lib/python3.8/site-packages/airflow/example_dags/example_branch_operator.py for tasks to queue
[2024-05-01T12:42:57.647+0300] {logging_mixin.py:188} INFO - [2024-05-01T12:42:57.647+0300] {dagbag.py:540} INFO - Filling up the DagBag from /home/yohanes/Documents/10academy/week2_2/10ac_city_traffic_data_warehouse_week2/week2_env/lib/python3.8/site-packages/airflow/example_dags/example_branch_operator.py
[2024-05-01T12:42:57.676+0300] {processor.py:840} INFO - DAG(s) 'example_branch_operator' retrieved from /home/yohanes/Documents/10academy/week2_2/10ac_city_traffic_data_warehouse_week2/week2_env/lib/python3.8/site-packages/airflow/example_dags/example_branch_operator.py
[2024-05-01T12:42:57.720+0300] {logging_mixin.py:188} INFO - [2024-05-01T12:42:57.720+0300] {dag.py:3096} INFO - Sync 1 DAGs
[2024-05-01T12:42:57.774+0300] {logging_mixin.py:188} INFO - [2024-05-01T12:42:57.773+0300] {dag.py:3954} INFO - Setting next_dagrun for example_branch_operator to 2024-04-30 00:00:00+00:00, run_after=2024-05-01 00:00:00+00:00
[2024-05-01T12:42:58.038+0300] {processor.py:183} INFO - Processing /home/yohanes/Documents/10academy/week2_2/10ac_city_traffic_data_warehouse_week2/week2_env/lib/python3.8/site-packages/airflow/example_dags/example_branch_operator.py took 0.440 seconds
[2024-05-01T12:44:13.834+0300] {processor.py:161} INFO - Started process (PID=181268) to work on /home/yohanes/Documents/10academy/week2_2/10ac_city_traffic_data_warehouse_week2/week2_env/lib/python3.8/site-packages/airflow/example_dags/example_branch_operator.py
[2024-05-01T12:44:13.858+0300] {processor.py:830} INFO - Processing file /home/yohanes/Documents/10academy/week2_2/10ac_city_traffic_data_warehouse_week2/week2_env/lib/python3.8/site-packages/airflow/example_dags/example_branch_operator.py for tasks to queue
[2024-05-01T12:44:13.861+0300] {logging_mixin.py:188} INFO - [2024-05-01T12:44:13.861+0300] {dagbag.py:540} INFO - Filling up the DagBag from /home/yohanes/Documents/10academy/week2_2/10ac_city_traffic_data_warehouse_week2/week2_env/lib/python3.8/site-packages/airflow/example_dags/example_branch_operator.py
[2024-05-01T12:44:13.888+0300] {processor.py:840} INFO - DAG(s) 'example_branch_operator' retrieved from /home/yohanes/Documents/10academy/week2_2/10ac_city_traffic_data_warehouse_week2/week2_env/lib/python3.8/site-packages/airflow/example_dags/example_branch_operator.py
[2024-05-01T12:44:13.924+0300] {logging_mixin.py:188} INFO - [2024-05-01T12:44:13.924+0300] {dag.py:3096} INFO - Sync 1 DAGs
[2024-05-01T12:44:13.956+0300] {logging_mixin.py:188} INFO - [2024-05-01T12:44:13.956+0300] {dag.py:3954} INFO - Setting next_dagrun for example_branch_operator to 2024-04-30 00:00:00+00:00, run_after=2024-05-01 00:00:00+00:00
[2024-05-01T12:44:14.099+0300] {processor.py:183} INFO - Processing /home/yohanes/Documents/10academy/week2_2/10ac_city_traffic_data_warehouse_week2/week2_env/lib/python3.8/site-packages/airflow/example_dags/example_branch_operator.py took 0.278 seconds
[2024-05-01T12:45:19.665+0300] {processor.py:161} INFO - Started process (PID=181831) to work on /home/yohanes/Documents/10academy/week2_2/10ac_city_traffic_data_warehouse_week2/week2_env/lib/python3.8/site-packages/airflow/example_dags/example_branch_operator.py
[2024-05-01T12:45:19.685+0300] {processor.py:830} INFO - Processing file /home/yohanes/Documents/10academy/week2_2/10ac_city_traffic_data_warehouse_week2/week2_env/lib/python3.8/site-packages/airflow/example_dags/example_branch_operator.py for tasks to queue
[2024-05-01T12:45:19.688+0300] {logging_mixin.py:188} INFO - [2024-05-01T12:45:19.687+0300] {dagbag.py:540} INFO - Filling up the DagBag from /home/yohanes/Documents/10academy/week2_2/10ac_city_traffic_data_warehouse_week2/week2_env/lib/python3.8/site-packages/airflow/example_dags/example_branch_operator.py
[2024-05-01T12:45:19.715+0300] {processor.py:840} INFO - DAG(s) 'example_branch_operator' retrieved from /home/yohanes/Documents/10academy/week2_2/10ac_city_traffic_data_warehouse_week2/week2_env/lib/python3.8/site-packages/airflow/example_dags/example_branch_operator.py
[2024-05-01T12:45:19.750+0300] {logging_mixin.py:188} INFO - [2024-05-01T12:45:19.750+0300] {dag.py:3096} INFO - Sync 1 DAGs
[2024-05-01T12:45:19.780+0300] {logging_mixin.py:188} INFO - [2024-05-01T12:45:19.780+0300] {dag.py:3954} INFO - Setting next_dagrun for example_branch_operator to 2024-04-30 00:00:00+00:00, run_after=2024-05-01 00:00:00+00:00
[2024-05-01T12:45:19.916+0300] {processor.py:183} INFO - Processing /home/yohanes/Documents/10academy/week2_2/10ac_city_traffic_data_warehouse_week2/week2_env/lib/python3.8/site-packages/airflow/example_dags/example_branch_operator.py took 0.262 seconds
[2024-05-01T12:46:28.573+0300] {processor.py:161} INFO - Started process (PID=182641) to work on /home/yohanes/Documents/10academy/week2_2/10ac_city_traffic_data_warehouse_week2/week2_env/lib/python3.8/site-packages/airflow/example_dags/example_branch_operator.py
[2024-05-01T12:46:28.605+0300] {processor.py:830} INFO - Processing file /home/yohanes/Documents/10academy/week2_2/10ac_city_traffic_data_warehouse_week2/week2_env/lib/python3.8/site-packages/airflow/example_dags/example_branch_operator.py for tasks to queue
[2024-05-01T12:46:28.608+0300] {logging_mixin.py:188} INFO - [2024-05-01T12:46:28.607+0300] {dagbag.py:540} INFO - Filling up the DagBag from /home/yohanes/Documents/10academy/week2_2/10ac_city_traffic_data_warehouse_week2/week2_env/lib/python3.8/site-packages/airflow/example_dags/example_branch_operator.py
[2024-05-01T12:46:28.635+0300] {processor.py:840} INFO - DAG(s) 'example_branch_operator' retrieved from /home/yohanes/Documents/10academy/week2_2/10ac_city_traffic_data_warehouse_week2/week2_env/lib/python3.8/site-packages/airflow/example_dags/example_branch_operator.py
[2024-05-01T12:46:28.670+0300] {logging_mixin.py:188} INFO - [2024-05-01T12:46:28.669+0300] {dag.py:3096} INFO - Sync 1 DAGs
[2024-05-01T12:46:28.700+0300] {logging_mixin.py:188} INFO - [2024-05-01T12:46:28.700+0300] {dag.py:3954} INFO - Setting next_dagrun for example_branch_operator to 2024-04-30 00:00:00+00:00, run_after=2024-05-01 00:00:00+00:00
[2024-05-01T12:46:28.837+0300] {processor.py:183} INFO - Processing /home/yohanes/Documents/10academy/week2_2/10ac_city_traffic_data_warehouse_week2/week2_env/lib/python3.8/site-packages/airflow/example_dags/example_branch_operator.py took 0.275 seconds
[2024-05-01T12:47:43.176+0300] {processor.py:161} INFO - Started process (PID=183505) to work on /home/yohanes/Documents/10academy/week2_2/10ac_city_traffic_data_warehouse_week2/week2_env/lib/python3.8/site-packages/airflow/example_dags/example_branch_operator.py
[2024-05-01T12:47:43.234+0300] {processor.py:830} INFO - Processing file /home/yohanes/Documents/10academy/week2_2/10ac_city_traffic_data_warehouse_week2/week2_env/lib/python3.8/site-packages/airflow/example_dags/example_branch_operator.py for tasks to queue
[2024-05-01T12:47:43.237+0300] {logging_mixin.py:188} INFO - [2024-05-01T12:47:43.236+0300] {dagbag.py:540} INFO - Filling up the DagBag from /home/yohanes/Documents/10academy/week2_2/10ac_city_traffic_data_warehouse_week2/week2_env/lib/python3.8/site-packages/airflow/example_dags/example_branch_operator.py
[2024-05-01T12:47:43.269+0300] {processor.py:840} INFO - DAG(s) 'example_branch_operator' retrieved from /home/yohanes/Documents/10academy/week2_2/10ac_city_traffic_data_warehouse_week2/week2_env/lib/python3.8/site-packages/airflow/example_dags/example_branch_operator.py
[2024-05-01T12:47:43.324+0300] {logging_mixin.py:188} INFO - [2024-05-01T12:47:43.323+0300] {dag.py:3096} INFO - Sync 1 DAGs
[2024-05-01T12:47:43.361+0300] {logging_mixin.py:188} INFO - [2024-05-01T12:47:43.361+0300] {dag.py:3954} INFO - Setting next_dagrun for example_branch_operator to 2024-04-30 00:00:00+00:00, run_after=2024-05-01 00:00:00+00:00
[2024-05-01T12:47:43.745+0300] {processor.py:183} INFO - Processing /home/yohanes/Documents/10academy/week2_2/10ac_city_traffic_data_warehouse_week2/week2_env/lib/python3.8/site-packages/airflow/example_dags/example_branch_operator.py took 0.579 seconds
[2024-05-01T12:49:18.980+0300] {processor.py:161} INFO - Started process (PID=184419) to work on /home/yohanes/Documents/10academy/week2_2/10ac_city_traffic_data_warehouse_week2/week2_env/lib/python3.8/site-packages/airflow/example_dags/example_branch_operator.py
[2024-05-01T12:49:18.997+0300] {processor.py:830} INFO - Processing file /home/yohanes/Documents/10academy/week2_2/10ac_city_traffic_data_warehouse_week2/week2_env/lib/python3.8/site-packages/airflow/example_dags/example_branch_operator.py for tasks to queue
[2024-05-01T12:49:19.001+0300] {logging_mixin.py:188} INFO - [2024-05-01T12:49:19.000+0300] {dagbag.py:540} INFO - Filling up the DagBag from /home/yohanes/Documents/10academy/week2_2/10ac_city_traffic_data_warehouse_week2/week2_env/lib/python3.8/site-packages/airflow/example_dags/example_branch_operator.py
[2024-05-01T12:49:19.059+0300] {processor.py:840} INFO - DAG(s) 'example_branch_operator' retrieved from /home/yohanes/Documents/10academy/week2_2/10ac_city_traffic_data_warehouse_week2/week2_env/lib/python3.8/site-packages/airflow/example_dags/example_branch_operator.py
[2024-05-01T12:49:19.132+0300] {logging_mixin.py:188} INFO - [2024-05-01T12:49:19.132+0300] {dag.py:3096} INFO - Sync 1 DAGs
[2024-05-01T12:49:19.199+0300] {logging_mixin.py:188} INFO - [2024-05-01T12:49:19.198+0300] {dag.py:3954} INFO - Setting next_dagrun for example_branch_operator to 2024-04-30 00:00:00+00:00, run_after=2024-05-01 00:00:00+00:00
[2024-05-01T12:49:19.381+0300] {processor.py:183} INFO - Processing /home/yohanes/Documents/10academy/week2_2/10ac_city_traffic_data_warehouse_week2/week2_env/lib/python3.8/site-packages/airflow/example_dags/example_branch_operator.py took 0.421 seconds
[2024-05-01T12:50:46.135+0300] {processor.py:161} INFO - Started process (PID=185393) to work on /home/yohanes/Documents/10academy/week2_2/10ac_city_traffic_data_warehouse_week2/week2_env/lib/python3.8/site-packages/airflow/example_dags/example_branch_operator.py
[2024-05-01T12:50:46.202+0300] {processor.py:830} INFO - Processing file /home/yohanes/Documents/10academy/week2_2/10ac_city_traffic_data_warehouse_week2/week2_env/lib/python3.8/site-packages/airflow/example_dags/example_branch_operator.py for tasks to queue
[2024-05-01T12:50:46.206+0300] {logging_mixin.py:188} INFO - [2024-05-01T12:50:46.205+0300] {dagbag.py:540} INFO - Filling up the DagBag from /home/yohanes/Documents/10academy/week2_2/10ac_city_traffic_data_warehouse_week2/week2_env/lib/python3.8/site-packages/airflow/example_dags/example_branch_operator.py
[2024-05-01T12:50:46.236+0300] {processor.py:840} INFO - DAG(s) 'example_branch_operator' retrieved from /home/yohanes/Documents/10academy/week2_2/10ac_city_traffic_data_warehouse_week2/week2_env/lib/python3.8/site-packages/airflow/example_dags/example_branch_operator.py
[2024-05-01T12:50:46.273+0300] {logging_mixin.py:188} INFO - [2024-05-01T12:50:46.272+0300] {dag.py:3096} INFO - Sync 1 DAGs
[2024-05-01T12:50:46.303+0300] {logging_mixin.py:188} INFO - [2024-05-01T12:50:46.303+0300] {dag.py:3954} INFO - Setting next_dagrun for example_branch_operator to 2024-04-30 00:00:00+00:00, run_after=2024-05-01 00:00:00+00:00
[2024-05-01T12:50:46.457+0300] {processor.py:183} INFO - Processing /home/yohanes/Documents/10academy/week2_2/10ac_city_traffic_data_warehouse_week2/week2_env/lib/python3.8/site-packages/airflow/example_dags/example_branch_operator.py took 0.332 seconds
[2024-05-01T12:52:33.433+0300] {processor.py:161} INFO - Started process (PID=186712) to work on /home/yohanes/Documents/10academy/week2_2/10ac_city_traffic_data_warehouse_week2/week2_env/lib/python3.8/site-packages/airflow/example_dags/example_branch_operator.py
[2024-05-01T12:52:33.455+0300] {processor.py:830} INFO - Processing file /home/yohanes/Documents/10academy/week2_2/10ac_city_traffic_data_warehouse_week2/week2_env/lib/python3.8/site-packages/airflow/example_dags/example_branch_operator.py for tasks to queue
[2024-05-01T12:52:33.458+0300] {logging_mixin.py:188} INFO - [2024-05-01T12:52:33.458+0300] {dagbag.py:540} INFO - Filling up the DagBag from /home/yohanes/Documents/10academy/week2_2/10ac_city_traffic_data_warehouse_week2/week2_env/lib/python3.8/site-packages/airflow/example_dags/example_branch_operator.py
[2024-05-01T12:52:33.492+0300] {processor.py:840} INFO - DAG(s) 'example_branch_operator' retrieved from /home/yohanes/Documents/10academy/week2_2/10ac_city_traffic_data_warehouse_week2/week2_env/lib/python3.8/site-packages/airflow/example_dags/example_branch_operator.py
[2024-05-01T12:52:33.532+0300] {logging_mixin.py:188} INFO - [2024-05-01T12:52:33.531+0300] {dag.py:3096} INFO - Sync 1 DAGs
[2024-05-01T12:52:33.562+0300] {logging_mixin.py:188} INFO - [2024-05-01T12:52:33.562+0300] {dag.py:3954} INFO - Setting next_dagrun for example_branch_operator to 2024-04-30 00:00:00+00:00, run_after=2024-05-01 00:00:00+00:00
[2024-05-01T12:52:33.803+0300] {processor.py:183} INFO - Processing /home/yohanes/Documents/10academy/week2_2/10ac_city_traffic_data_warehouse_week2/week2_env/lib/python3.8/site-packages/airflow/example_dags/example_branch_operator.py took 0.381 seconds
[2024-05-01T12:54:04.628+0300] {processor.py:161} INFO - Started process (PID=187626) to work on /home/yohanes/Documents/10academy/week2_2/10ac_city_traffic_data_warehouse_week2/week2_env/lib/python3.8/site-packages/airflow/example_dags/example_branch_operator.py
[2024-05-01T12:54:04.653+0300] {processor.py:830} INFO - Processing file /home/yohanes/Documents/10academy/week2_2/10ac_city_traffic_data_warehouse_week2/week2_env/lib/python3.8/site-packages/airflow/example_dags/example_branch_operator.py for tasks to queue
[2024-05-01T12:54:04.656+0300] {logging_mixin.py:188} INFO - [2024-05-01T12:54:04.655+0300] {dagbag.py:540} INFO - Filling up the DagBag from /home/yohanes/Documents/10academy/week2_2/10ac_city_traffic_data_warehouse_week2/week2_env/lib/python3.8/site-packages/airflow/example_dags/example_branch_operator.py
[2024-05-01T12:54:04.686+0300] {processor.py:840} INFO - DAG(s) 'example_branch_operator' retrieved from /home/yohanes/Documents/10academy/week2_2/10ac_city_traffic_data_warehouse_week2/week2_env/lib/python3.8/site-packages/airflow/example_dags/example_branch_operator.py
[2024-05-01T12:54:04.722+0300] {logging_mixin.py:188} INFO - [2024-05-01T12:54:04.721+0300] {dag.py:3096} INFO - Sync 1 DAGs
[2024-05-01T12:54:04.753+0300] {logging_mixin.py:188} INFO - [2024-05-01T12:54:04.752+0300] {dag.py:3954} INFO - Setting next_dagrun for example_branch_operator to 2024-04-30 00:00:00+00:00, run_after=2024-05-01 00:00:00+00:00
[2024-05-01T12:54:04.891+0300] {processor.py:183} INFO - Processing /home/yohanes/Documents/10academy/week2_2/10ac_city_traffic_data_warehouse_week2/week2_env/lib/python3.8/site-packages/airflow/example_dags/example_branch_operator.py took 0.273 seconds
[2024-05-01T12:55:16.183+0300] {processor.py:161} INFO - Started process (PID=188216) to work on /home/yohanes/Documents/10academy/week2_2/10ac_city_traffic_data_warehouse_week2/week2_env/lib/python3.8/site-packages/airflow/example_dags/example_branch_operator.py
[2024-05-01T12:55:16.215+0300] {processor.py:830} INFO - Processing file /home/yohanes/Documents/10academy/week2_2/10ac_city_traffic_data_warehouse_week2/week2_env/lib/python3.8/site-packages/airflow/example_dags/example_branch_operator.py for tasks to queue
[2024-05-01T12:55:16.218+0300] {logging_mixin.py:188} INFO - [2024-05-01T12:55:16.217+0300] {dagbag.py:540} INFO - Filling up the DagBag from /home/yohanes/Documents/10academy/week2_2/10ac_city_traffic_data_warehouse_week2/week2_env/lib/python3.8/site-packages/airflow/example_dags/example_branch_operator.py
[2024-05-01T12:55:16.247+0300] {processor.py:840} INFO - DAG(s) 'example_branch_operator' retrieved from /home/yohanes/Documents/10academy/week2_2/10ac_city_traffic_data_warehouse_week2/week2_env/lib/python3.8/site-packages/airflow/example_dags/example_branch_operator.py
[2024-05-01T12:55:16.291+0300] {logging_mixin.py:188} INFO - [2024-05-01T12:55:16.291+0300] {dag.py:3096} INFO - Sync 1 DAGs
[2024-05-01T12:55:16.331+0300] {logging_mixin.py:188} INFO - [2024-05-01T12:55:16.331+0300] {dag.py:3954} INFO - Setting next_dagrun for example_branch_operator to 2024-04-30 00:00:00+00:00, run_after=2024-05-01 00:00:00+00:00
[2024-05-01T12:55:16.465+0300] {processor.py:183} INFO - Processing /home/yohanes/Documents/10academy/week2_2/10ac_city_traffic_data_warehouse_week2/week2_env/lib/python3.8/site-packages/airflow/example_dags/example_branch_operator.py took 0.293 seconds
[2024-05-01T12:56:28.442+0300] {processor.py:161} INFO - Started process (PID=189048) to work on /home/yohanes/Documents/10academy/week2_2/10ac_city_traffic_data_warehouse_week2/week2_env/lib/python3.8/site-packages/airflow/example_dags/example_branch_operator.py
[2024-05-01T12:56:28.456+0300] {processor.py:830} INFO - Processing file /home/yohanes/Documents/10academy/week2_2/10ac_city_traffic_data_warehouse_week2/week2_env/lib/python3.8/site-packages/airflow/example_dags/example_branch_operator.py for tasks to queue
[2024-05-01T12:56:28.458+0300] {logging_mixin.py:188} INFO - [2024-05-01T12:56:28.458+0300] {dagbag.py:540} INFO - Filling up the DagBag from /home/yohanes/Documents/10academy/week2_2/10ac_city_traffic_data_warehouse_week2/week2_env/lib/python3.8/site-packages/airflow/example_dags/example_branch_operator.py
[2024-05-01T12:56:28.486+0300] {processor.py:840} INFO - DAG(s) 'example_branch_operator' retrieved from /home/yohanes/Documents/10academy/week2_2/10ac_city_traffic_data_warehouse_week2/week2_env/lib/python3.8/site-packages/airflow/example_dags/example_branch_operator.py
[2024-05-01T12:56:28.524+0300] {logging_mixin.py:188} INFO - [2024-05-01T12:56:28.523+0300] {dag.py:3096} INFO - Sync 1 DAGs
[2024-05-01T12:56:28.554+0300] {logging_mixin.py:188} INFO - [2024-05-01T12:56:28.554+0300] {dag.py:3954} INFO - Setting next_dagrun for example_branch_operator to 2024-04-30 00:00:00+00:00, run_after=2024-05-01 00:00:00+00:00
[2024-05-01T12:56:28.698+0300] {processor.py:183} INFO - Processing /home/yohanes/Documents/10academy/week2_2/10ac_city_traffic_data_warehouse_week2/week2_env/lib/python3.8/site-packages/airflow/example_dags/example_branch_operator.py took 0.268 seconds
[2024-05-01T12:57:46.776+0300] {processor.py:161} INFO - Started process (PID=190719) to work on /home/yohanes/Documents/10academy/week2_2/10ac_city_traffic_data_warehouse_week2/week2_env/lib/python3.8/site-packages/airflow/example_dags/example_branch_operator.py
[2024-05-01T12:57:46.794+0300] {processor.py:830} INFO - Processing file /home/yohanes/Documents/10academy/week2_2/10ac_city_traffic_data_warehouse_week2/week2_env/lib/python3.8/site-packages/airflow/example_dags/example_branch_operator.py for tasks to queue
[2024-05-01T12:57:46.798+0300] {logging_mixin.py:188} INFO - [2024-05-01T12:57:46.797+0300] {dagbag.py:540} INFO - Filling up the DagBag from /home/yohanes/Documents/10academy/week2_2/10ac_city_traffic_data_warehouse_week2/week2_env/lib/python3.8/site-packages/airflow/example_dags/example_branch_operator.py
[2024-05-01T12:57:46.860+0300] {processor.py:840} INFO - DAG(s) 'example_branch_operator' retrieved from /home/yohanes/Documents/10academy/week2_2/10ac_city_traffic_data_warehouse_week2/week2_env/lib/python3.8/site-packages/airflow/example_dags/example_branch_operator.py
[2024-05-01T12:57:46.943+0300] {logging_mixin.py:188} INFO - [2024-05-01T12:57:46.942+0300] {dag.py:3096} INFO - Sync 1 DAGs
[2024-05-01T12:57:47.008+0300] {logging_mixin.py:188} INFO - [2024-05-01T12:57:47.007+0300] {dag.py:3954} INFO - Setting next_dagrun for example_branch_operator to 2024-04-30 00:00:00+00:00, run_after=2024-05-01 00:00:00+00:00
[2024-05-01T12:57:47.162+0300] {processor.py:183} INFO - Processing /home/yohanes/Documents/10academy/week2_2/10ac_city_traffic_data_warehouse_week2/week2_env/lib/python3.8/site-packages/airflow/example_dags/example_branch_operator.py took 0.400 seconds
[2024-05-01T13:00:32.960+0300] {processor.py:161} INFO - Started process (PID=192918) to work on /home/yohanes/Documents/10academy/week2_2/10ac_city_traffic_data_warehouse_week2/week2_env/lib/python3.8/site-packages/airflow/example_dags/example_branch_operator.py
[2024-05-01T13:00:32.996+0300] {processor.py:830} INFO - Processing file /home/yohanes/Documents/10academy/week2_2/10ac_city_traffic_data_warehouse_week2/week2_env/lib/python3.8/site-packages/airflow/example_dags/example_branch_operator.py for tasks to queue
[2024-05-01T13:00:33.000+0300] {logging_mixin.py:188} INFO - [2024-05-01T13:00:32.999+0300] {dagbag.py:540} INFO - Filling up the DagBag from /home/yohanes/Documents/10academy/week2_2/10ac_city_traffic_data_warehouse_week2/week2_env/lib/python3.8/site-packages/airflow/example_dags/example_branch_operator.py
[2024-05-01T13:00:33.050+0300] {processor.py:840} INFO - DAG(s) 'example_branch_operator' retrieved from /home/yohanes/Documents/10academy/week2_2/10ac_city_traffic_data_warehouse_week2/week2_env/lib/python3.8/site-packages/airflow/example_dags/example_branch_operator.py
[2024-05-01T13:00:33.139+0300] {logging_mixin.py:188} INFO - [2024-05-01T13:00:33.139+0300] {dag.py:3096} INFO - Sync 1 DAGs
[2024-05-01T13:00:33.176+0300] {logging_mixin.py:188} INFO - [2024-05-01T13:00:33.176+0300] {dag.py:3954} INFO - Setting next_dagrun for example_branch_operator to 2024-04-30 00:00:00+00:00, run_after=2024-05-01 00:00:00+00:00
[2024-05-01T13:00:33.599+0300] {processor.py:183} INFO - Processing /home/yohanes/Documents/10academy/week2_2/10ac_city_traffic_data_warehouse_week2/week2_env/lib/python3.8/site-packages/airflow/example_dags/example_branch_operator.py took 0.650 seconds
[2024-05-01T13:04:13.394+0300] {processor.py:161} INFO - Started process (PID=195246) to work on /home/yohanes/Documents/10academy/week2_2/10ac_city_traffic_data_warehouse_week2/week2_env/lib/python3.8/site-packages/airflow/example_dags/example_branch_operator.py
[2024-05-01T13:04:13.414+0300] {processor.py:830} INFO - Processing file /home/yohanes/Documents/10academy/week2_2/10ac_city_traffic_data_warehouse_week2/week2_env/lib/python3.8/site-packages/airflow/example_dags/example_branch_operator.py for tasks to queue
[2024-05-01T13:04:13.417+0300] {logging_mixin.py:188} INFO - [2024-05-01T13:04:13.416+0300] {dagbag.py:540} INFO - Filling up the DagBag from /home/yohanes/Documents/10academy/week2_2/10ac_city_traffic_data_warehouse_week2/week2_env/lib/python3.8/site-packages/airflow/example_dags/example_branch_operator.py
[2024-05-01T13:04:13.454+0300] {processor.py:840} INFO - DAG(s) 'example_branch_operator' retrieved from /home/yohanes/Documents/10academy/week2_2/10ac_city_traffic_data_warehouse_week2/week2_env/lib/python3.8/site-packages/airflow/example_dags/example_branch_operator.py
[2024-05-01T13:04:13.518+0300] {logging_mixin.py:188} INFO - [2024-05-01T13:04:13.517+0300] {dag.py:3096} INFO - Sync 1 DAGs
[2024-05-01T13:04:13.570+0300] {logging_mixin.py:188} INFO - [2024-05-01T13:04:13.569+0300] {dag.py:3954} INFO - Setting next_dagrun for example_branch_operator to 2024-04-30 00:00:00+00:00, run_after=2024-05-01 00:00:00+00:00
[2024-05-01T13:04:13.778+0300] {processor.py:183} INFO - Processing /home/yohanes/Documents/10academy/week2_2/10ac_city_traffic_data_warehouse_week2/week2_env/lib/python3.8/site-packages/airflow/example_dags/example_branch_operator.py took 0.398 seconds
[2024-05-01T13:05:32.731+0300] {processor.py:161} INFO - Started process (PID=196103) to work on /home/yohanes/Documents/10academy/week2_2/10ac_city_traffic_data_warehouse_week2/week2_env/lib/python3.8/site-packages/airflow/example_dags/example_branch_operator.py
[2024-05-01T13:05:32.753+0300] {processor.py:830} INFO - Processing file /home/yohanes/Documents/10academy/week2_2/10ac_city_traffic_data_warehouse_week2/week2_env/lib/python3.8/site-packages/airflow/example_dags/example_branch_operator.py for tasks to queue
[2024-05-01T13:05:32.756+0300] {logging_mixin.py:188} INFO - [2024-05-01T13:05:32.755+0300] {dagbag.py:540} INFO - Filling up the DagBag from /home/yohanes/Documents/10academy/week2_2/10ac_city_traffic_data_warehouse_week2/week2_env/lib/python3.8/site-packages/airflow/example_dags/example_branch_operator.py
[2024-05-01T13:05:32.781+0300] {processor.py:840} INFO - DAG(s) 'example_branch_operator' retrieved from /home/yohanes/Documents/10academy/week2_2/10ac_city_traffic_data_warehouse_week2/week2_env/lib/python3.8/site-packages/airflow/example_dags/example_branch_operator.py
[2024-05-01T13:05:32.815+0300] {logging_mixin.py:188} INFO - [2024-05-01T13:05:32.815+0300] {dag.py:3096} INFO - Sync 1 DAGs
[2024-05-01T13:05:32.845+0300] {logging_mixin.py:188} INFO - [2024-05-01T13:05:32.844+0300] {dag.py:3954} INFO - Setting next_dagrun for example_branch_operator to 2024-04-30 00:00:00+00:00, run_after=2024-05-01 00:00:00+00:00
[2024-05-01T13:05:32.981+0300] {processor.py:183} INFO - Processing /home/yohanes/Documents/10academy/week2_2/10ac_city_traffic_data_warehouse_week2/week2_env/lib/python3.8/site-packages/airflow/example_dags/example_branch_operator.py took 0.261 seconds
[2024-05-01T13:06:46.545+0300] {processor.py:161} INFO - Started process (PID=196736) to work on /home/yohanes/Documents/10academy/week2_2/10ac_city_traffic_data_warehouse_week2/week2_env/lib/python3.8/site-packages/airflow/example_dags/example_branch_operator.py
[2024-05-01T13:06:46.570+0300] {processor.py:830} INFO - Processing file /home/yohanes/Documents/10academy/week2_2/10ac_city_traffic_data_warehouse_week2/week2_env/lib/python3.8/site-packages/airflow/example_dags/example_branch_operator.py for tasks to queue
[2024-05-01T13:06:46.572+0300] {logging_mixin.py:188} INFO - [2024-05-01T13:06:46.571+0300] {dagbag.py:540} INFO - Filling up the DagBag from /home/yohanes/Documents/10academy/week2_2/10ac_city_traffic_data_warehouse_week2/week2_env/lib/python3.8/site-packages/airflow/example_dags/example_branch_operator.py
[2024-05-01T13:06:46.599+0300] {processor.py:840} INFO - DAG(s) 'example_branch_operator' retrieved from /home/yohanes/Documents/10academy/week2_2/10ac_city_traffic_data_warehouse_week2/week2_env/lib/python3.8/site-packages/airflow/example_dags/example_branch_operator.py
[2024-05-01T13:06:46.635+0300] {logging_mixin.py:188} INFO - [2024-05-01T13:06:46.635+0300] {dag.py:3096} INFO - Sync 1 DAGs
[2024-05-01T13:06:46.668+0300] {logging_mixin.py:188} INFO - [2024-05-01T13:06:46.668+0300] {dag.py:3954} INFO - Setting next_dagrun for example_branch_operator to 2024-04-30 00:00:00+00:00, run_after=2024-05-01 00:00:00+00:00
[2024-05-01T13:06:46.798+0300] {processor.py:183} INFO - Processing /home/yohanes/Documents/10academy/week2_2/10ac_city_traffic_data_warehouse_week2/week2_env/lib/python3.8/site-packages/airflow/example_dags/example_branch_operator.py took 0.267 seconds
[2024-05-01T13:07:56.959+0300] {processor.py:161} INFO - Started process (PID=197329) to work on /home/yohanes/Documents/10academy/week2_2/10ac_city_traffic_data_warehouse_week2/week2_env/lib/python3.8/site-packages/airflow/example_dags/example_branch_operator.py
[2024-05-01T13:07:57.045+0300] {processor.py:830} INFO - Processing file /home/yohanes/Documents/10academy/week2_2/10ac_city_traffic_data_warehouse_week2/week2_env/lib/python3.8/site-packages/airflow/example_dags/example_branch_operator.py for tasks to queue
[2024-05-01T13:07:57.048+0300] {logging_mixin.py:188} INFO - [2024-05-01T13:07:57.047+0300] {dagbag.py:540} INFO - Filling up the DagBag from /home/yohanes/Documents/10academy/week2_2/10ac_city_traffic_data_warehouse_week2/week2_env/lib/python3.8/site-packages/airflow/example_dags/example_branch_operator.py
[2024-05-01T13:07:57.081+0300] {processor.py:840} INFO - DAG(s) 'example_branch_operator' retrieved from /home/yohanes/Documents/10academy/week2_2/10ac_city_traffic_data_warehouse_week2/week2_env/lib/python3.8/site-packages/airflow/example_dags/example_branch_operator.py
[2024-05-01T13:07:57.129+0300] {logging_mixin.py:188} INFO - [2024-05-01T13:07:57.129+0300] {dag.py:3096} INFO - Sync 1 DAGs
[2024-05-01T13:07:57.175+0300] {logging_mixin.py:188} INFO - [2024-05-01T13:07:57.174+0300] {dag.py:3954} INFO - Setting next_dagrun for example_branch_operator to 2024-04-30 00:00:00+00:00, run_after=2024-05-01 00:00:00+00:00
[2024-05-01T13:07:57.310+0300] {processor.py:183} INFO - Processing /home/yohanes/Documents/10academy/week2_2/10ac_city_traffic_data_warehouse_week2/week2_env/lib/python3.8/site-packages/airflow/example_dags/example_branch_operator.py took 0.361 seconds
[2024-05-01T13:09:36.249+0300] {processor.py:161} INFO - Started process (PID=198174) to work on /home/yohanes/Documents/10academy/week2_2/10ac_city_traffic_data_warehouse_week2/week2_env/lib/python3.8/site-packages/airflow/example_dags/example_branch_operator.py
[2024-05-01T13:09:36.321+0300] {processor.py:830} INFO - Processing file /home/yohanes/Documents/10academy/week2_2/10ac_city_traffic_data_warehouse_week2/week2_env/lib/python3.8/site-packages/airflow/example_dags/example_branch_operator.py for tasks to queue
[2024-05-01T13:09:36.323+0300] {logging_mixin.py:188} INFO - [2024-05-01T13:09:36.323+0300] {dagbag.py:540} INFO - Filling up the DagBag from /home/yohanes/Documents/10academy/week2_2/10ac_city_traffic_data_warehouse_week2/week2_env/lib/python3.8/site-packages/airflow/example_dags/example_branch_operator.py
[2024-05-01T13:09:36.352+0300] {processor.py:840} INFO - DAG(s) 'example_branch_operator' retrieved from /home/yohanes/Documents/10academy/week2_2/10ac_city_traffic_data_warehouse_week2/week2_env/lib/python3.8/site-packages/airflow/example_dags/example_branch_operator.py
[2024-05-01T13:09:36.389+0300] {logging_mixin.py:188} INFO - [2024-05-01T13:09:36.389+0300] {dag.py:3096} INFO - Sync 1 DAGs
[2024-05-01T13:09:36.421+0300] {logging_mixin.py:188} INFO - [2024-05-01T13:09:36.421+0300] {dag.py:3954} INFO - Setting next_dagrun for example_branch_operator to 2024-04-30 00:00:00+00:00, run_after=2024-05-01 00:00:00+00:00
[2024-05-01T13:09:36.582+0300] {processor.py:183} INFO - Processing /home/yohanes/Documents/10academy/week2_2/10ac_city_traffic_data_warehouse_week2/week2_env/lib/python3.8/site-packages/airflow/example_dags/example_branch_operator.py took 0.362 seconds
[2024-05-01T13:13:41.533+0300] {processor.py:161} INFO - Started process (PID=200928) to work on /home/yohanes/Documents/10academy/week2_2/10ac_city_traffic_data_warehouse_week2/week2_env/lib/python3.8/site-packages/airflow/example_dags/example_branch_operator.py
[2024-05-01T13:13:41.556+0300] {processor.py:830} INFO - Processing file /home/yohanes/Documents/10academy/week2_2/10ac_city_traffic_data_warehouse_week2/week2_env/lib/python3.8/site-packages/airflow/example_dags/example_branch_operator.py for tasks to queue
[2024-05-01T13:13:41.558+0300] {logging_mixin.py:188} INFO - [2024-05-01T13:13:41.558+0300] {dagbag.py:540} INFO - Filling up the DagBag from /home/yohanes/Documents/10academy/week2_2/10ac_city_traffic_data_warehouse_week2/week2_env/lib/python3.8/site-packages/airflow/example_dags/example_branch_operator.py
[2024-05-01T13:13:41.588+0300] {processor.py:840} INFO - DAG(s) 'example_branch_operator' retrieved from /home/yohanes/Documents/10academy/week2_2/10ac_city_traffic_data_warehouse_week2/week2_env/lib/python3.8/site-packages/airflow/example_dags/example_branch_operator.py
[2024-05-01T13:13:41.796+0300] {logging_mixin.py:188} INFO - [2024-05-01T13:13:41.795+0300] {override.py:1829} INFO - Created Permission View: can delete on DAG:example_branch_operator
[2024-05-01T13:13:41.839+0300] {logging_mixin.py:188} INFO - [2024-05-01T13:13:41.839+0300] {override.py:1829} INFO - Created Permission View: can edit on DAG:example_branch_operator
[2024-05-01T13:13:41.884+0300] {logging_mixin.py:188} INFO - [2024-05-01T13:13:41.883+0300] {override.py:1829} INFO - Created Permission View: can read on DAG:example_branch_operator
[2024-05-01T13:13:41.884+0300] {logging_mixin.py:188} INFO - [2024-05-01T13:13:41.884+0300] {dag.py:3096} INFO - Sync 1 DAGs
[2024-05-01T13:13:41.903+0300] {logging_mixin.py:188} INFO - [2024-05-01T13:13:41.903+0300] {dag.py:3118} INFO - Creating ORM DAG for example_branch_operator
[2024-05-01T13:13:41.925+0300] {logging_mixin.py:188} INFO - [2024-05-01T13:13:41.925+0300] {dag.py:3954} INFO - Setting next_dagrun for example_branch_operator to 2024-04-30 00:00:00+00:00, run_after=2024-05-01 00:00:00+00:00
[2024-05-01T13:13:41.978+0300] {processor.py:183} INFO - Processing /home/yohanes/Documents/10academy/week2_2/10ac_city_traffic_data_warehouse_week2/week2_env/lib/python3.8/site-packages/airflow/example_dags/example_branch_operator.py took 0.455 seconds
[2024-05-01T13:14:12.369+0300] {processor.py:161} INFO - Started process (PID=201467) to work on /home/yohanes/Documents/10academy/week2_2/10ac_city_traffic_data_warehouse_week2/week2_env/lib/python3.8/site-packages/airflow/example_dags/example_branch_operator.py
[2024-05-01T13:14:12.370+0300] {processor.py:830} INFO - Processing file /home/yohanes/Documents/10academy/week2_2/10ac_city_traffic_data_warehouse_week2/week2_env/lib/python3.8/site-packages/airflow/example_dags/example_branch_operator.py for tasks to queue
[2024-05-01T13:14:12.372+0300] {logging_mixin.py:188} INFO - [2024-05-01T13:14:12.372+0300] {dagbag.py:540} INFO - Filling up the DagBag from /home/yohanes/Documents/10academy/week2_2/10ac_city_traffic_data_warehouse_week2/week2_env/lib/python3.8/site-packages/airflow/example_dags/example_branch_operator.py
[2024-05-01T13:14:12.407+0300] {processor.py:840} INFO - DAG(s) 'example_branch_operator' retrieved from /home/yohanes/Documents/10academy/week2_2/10ac_city_traffic_data_warehouse_week2/week2_env/lib/python3.8/site-packages/airflow/example_dags/example_branch_operator.py
[2024-05-01T13:14:12.472+0300] {logging_mixin.py:188} INFO - [2024-05-01T13:14:12.471+0300] {dag.py:3096} INFO - Sync 1 DAGs
[2024-05-01T13:14:12.521+0300] {logging_mixin.py:188} INFO - [2024-05-01T13:14:12.521+0300] {dag.py:3954} INFO - Setting next_dagrun for example_branch_operator to 2024-04-30 00:00:00+00:00, run_after=2024-05-01 00:00:00+00:00
[2024-05-01T13:14:12.624+0300] {processor.py:183} INFO - Processing /home/yohanes/Documents/10academy/week2_2/10ac_city_traffic_data_warehouse_week2/week2_env/lib/python3.8/site-packages/airflow/example_dags/example_branch_operator.py took 0.264 seconds
