[2024-05-01T11:48:33.723+0300] {processor.py:161} INFO - Started process (PID=152935) to work on /home/yohanes/Documents/10academy/week2_2/10ac_city_traffic_data_warehouse_week2/week2_env/lib/python3.8/site-packages/airflow/example_dags/example_display_name.py
[2024-05-01T11:48:33.724+0300] {processor.py:830} INFO - Processing file /home/yohanes/Documents/10academy/week2_2/10ac_city_traffic_data_warehouse_week2/week2_env/lib/python3.8/site-packages/airflow/example_dags/example_display_name.py for tasks to queue
[2024-05-01T11:48:33.726+0300] {logging_mixin.py:188} INFO - [2024-05-01T11:48:33.726+0300] {dagbag.py:540} INFO - Filling up the DagBag from /home/yohanes/Documents/10academy/week2_2/10ac_city_traffic_data_warehouse_week2/week2_env/lib/python3.8/site-packages/airflow/example_dags/example_display_name.py
[2024-05-01T11:48:33.746+0300] {processor.py:840} INFO - DAG(s) 'example_display_name' retrieved from /home/yohanes/Documents/10academy/week2_2/10ac_city_traffic_data_warehouse_week2/week2_env/lib/python3.8/site-packages/airflow/example_dags/example_display_name.py
[2024-05-01T11:48:33.898+0300] {logging_mixin.py:188} INFO - [2024-05-01T11:48:33.897+0300] {dag.py:3096} INFO - Sync 1 DAGs
[2024-05-01T11:48:33.912+0300] {logging_mixin.py:188} INFO - [2024-05-01T11:48:33.911+0300] {dag.py:3954} INFO - Setting next_dagrun for example_display_name to None, run_after=None
[2024-05-01T11:48:34.065+0300] {processor.py:183} INFO - Processing /home/yohanes/Documents/10academy/week2_2/10ac_city_traffic_data_warehouse_week2/week2_env/lib/python3.8/site-packages/airflow/example_dags/example_display_name.py took 0.352 seconds
[2024-05-01T11:50:02.946+0300] {processor.py:161} INFO - Started process (PID=153665) to work on /home/yohanes/Documents/10academy/week2_2/10ac_city_traffic_data_warehouse_week2/week2_env/lib/python3.8/site-packages/airflow/example_dags/example_display_name.py
[2024-05-01T11:50:02.947+0300] {processor.py:830} INFO - Processing file /home/yohanes/Documents/10academy/week2_2/10ac_city_traffic_data_warehouse_week2/week2_env/lib/python3.8/site-packages/airflow/example_dags/example_display_name.py for tasks to queue
[2024-05-01T11:50:02.950+0300] {logging_mixin.py:188} INFO - [2024-05-01T11:50:02.949+0300] {dagbag.py:540} INFO - Filling up the DagBag from /home/yohanes/Documents/10academy/week2_2/10ac_city_traffic_data_warehouse_week2/week2_env/lib/python3.8/site-packages/airflow/example_dags/example_display_name.py
[2024-05-01T11:50:02.959+0300] {processor.py:840} INFO - DAG(s) 'example_display_name' retrieved from /home/yohanes/Documents/10academy/week2_2/10ac_city_traffic_data_warehouse_week2/week2_env/lib/python3.8/site-packages/airflow/example_dags/example_display_name.py
[2024-05-01T11:50:02.980+0300] {logging_mixin.py:188} INFO - [2024-05-01T11:50:02.979+0300] {dag.py:3096} INFO - Sync 1 DAGs
[2024-05-01T11:50:02.999+0300] {logging_mixin.py:188} INFO - [2024-05-01T11:50:02.998+0300] {dag.py:3954} INFO - Setting next_dagrun for example_display_name to None, run_after=None
[2024-05-01T11:50:03.122+0300] {processor.py:183} INFO - Processing /home/yohanes/Documents/10academy/week2_2/10ac_city_traffic_data_warehouse_week2/week2_env/lib/python3.8/site-packages/airflow/example_dags/example_display_name.py took 0.185 seconds
[2024-05-01T11:51:15.134+0300] {processor.py:161} INFO - Started process (PID=154267) to work on /home/yohanes/Documents/10academy/week2_2/10ac_city_traffic_data_warehouse_week2/week2_env/lib/python3.8/site-packages/airflow/example_dags/example_display_name.py
[2024-05-01T11:51:15.158+0300] {processor.py:830} INFO - Processing file /home/yohanes/Documents/10academy/week2_2/10ac_city_traffic_data_warehouse_week2/week2_env/lib/python3.8/site-packages/airflow/example_dags/example_display_name.py for tasks to queue
[2024-05-01T11:51:15.160+0300] {logging_mixin.py:188} INFO - [2024-05-01T11:51:15.160+0300] {dagbag.py:540} INFO - Filling up the DagBag from /home/yohanes/Documents/10academy/week2_2/10ac_city_traffic_data_warehouse_week2/week2_env/lib/python3.8/site-packages/airflow/example_dags/example_display_name.py
[2024-05-01T11:51:15.168+0300] {processor.py:840} INFO - DAG(s) 'example_display_name' retrieved from /home/yohanes/Documents/10academy/week2_2/10ac_city_traffic_data_warehouse_week2/week2_env/lib/python3.8/site-packages/airflow/example_dags/example_display_name.py
[2024-05-01T11:51:15.191+0300] {logging_mixin.py:188} INFO - [2024-05-01T11:51:15.190+0300] {dag.py:3096} INFO - Sync 1 DAGs
[2024-05-01T11:51:15.211+0300] {logging_mixin.py:188} INFO - [2024-05-01T11:51:15.210+0300] {dag.py:3954} INFO - Setting next_dagrun for example_display_name to None, run_after=None
[2024-05-01T11:51:15.336+0300] {processor.py:183} INFO - Processing /home/yohanes/Documents/10academy/week2_2/10ac_city_traffic_data_warehouse_week2/week2_env/lib/python3.8/site-packages/airflow/example_dags/example_display_name.py took 0.211 seconds
[2024-05-01T11:52:23.591+0300] {processor.py:161} INFO - Started process (PID=154804) to work on /home/yohanes/Documents/10academy/week2_2/10ac_city_traffic_data_warehouse_week2/week2_env/lib/python3.8/site-packages/airflow/example_dags/example_display_name.py
[2024-05-01T11:52:23.652+0300] {processor.py:830} INFO - Processing file /home/yohanes/Documents/10academy/week2_2/10ac_city_traffic_data_warehouse_week2/week2_env/lib/python3.8/site-packages/airflow/example_dags/example_display_name.py for tasks to queue
[2024-05-01T11:52:23.654+0300] {logging_mixin.py:188} INFO - [2024-05-01T11:52:23.654+0300] {dagbag.py:540} INFO - Filling up the DagBag from /home/yohanes/Documents/10academy/week2_2/10ac_city_traffic_data_warehouse_week2/week2_env/lib/python3.8/site-packages/airflow/example_dags/example_display_name.py
[2024-05-01T11:52:23.663+0300] {processor.py:840} INFO - DAG(s) 'example_display_name' retrieved from /home/yohanes/Documents/10academy/week2_2/10ac_city_traffic_data_warehouse_week2/week2_env/lib/python3.8/site-packages/airflow/example_dags/example_display_name.py
[2024-05-01T11:52:23.685+0300] {logging_mixin.py:188} INFO - [2024-05-01T11:52:23.684+0300] {dag.py:3096} INFO - Sync 1 DAGs
[2024-05-01T11:52:23.707+0300] {logging_mixin.py:188} INFO - [2024-05-01T11:52:23.707+0300] {dag.py:3954} INFO - Setting next_dagrun for example_display_name to None, run_after=None
[2024-05-01T11:52:23.839+0300] {processor.py:183} INFO - Processing /home/yohanes/Documents/10academy/week2_2/10ac_city_traffic_data_warehouse_week2/week2_env/lib/python3.8/site-packages/airflow/example_dags/example_display_name.py took 0.258 seconds
[2024-05-01T11:53:32.529+0300] {processor.py:161} INFO - Started process (PID=155346) to work on /home/yohanes/Documents/10academy/week2_2/10ac_city_traffic_data_warehouse_week2/week2_env/lib/python3.8/site-packages/airflow/example_dags/example_display_name.py
[2024-05-01T11:53:32.545+0300] {processor.py:830} INFO - Processing file /home/yohanes/Documents/10academy/week2_2/10ac_city_traffic_data_warehouse_week2/week2_env/lib/python3.8/site-packages/airflow/example_dags/example_display_name.py for tasks to queue
[2024-05-01T11:53:32.547+0300] {logging_mixin.py:188} INFO - [2024-05-01T11:53:32.547+0300] {dagbag.py:540} INFO - Filling up the DagBag from /home/yohanes/Documents/10academy/week2_2/10ac_city_traffic_data_warehouse_week2/week2_env/lib/python3.8/site-packages/airflow/example_dags/example_display_name.py
[2024-05-01T11:53:32.559+0300] {processor.py:840} INFO - DAG(s) 'example_display_name' retrieved from /home/yohanes/Documents/10academy/week2_2/10ac_city_traffic_data_warehouse_week2/week2_env/lib/python3.8/site-packages/airflow/example_dags/example_display_name.py
[2024-05-01T11:53:32.581+0300] {logging_mixin.py:188} INFO - [2024-05-01T11:53:32.581+0300] {dag.py:3096} INFO - Sync 1 DAGs
[2024-05-01T11:53:32.601+0300] {logging_mixin.py:188} INFO - [2024-05-01T11:53:32.600+0300] {dag.py:3954} INFO - Setting next_dagrun for example_display_name to None, run_after=None
[2024-05-01T11:53:32.722+0300] {processor.py:183} INFO - Processing /home/yohanes/Documents/10academy/week2_2/10ac_city_traffic_data_warehouse_week2/week2_env/lib/python3.8/site-packages/airflow/example_dags/example_display_name.py took 0.202 seconds
[2024-05-01T11:54:36.899+0300] {processor.py:161} INFO - Started process (PID=155854) to work on /home/yohanes/Documents/10academy/week2_2/10ac_city_traffic_data_warehouse_week2/week2_env/lib/python3.8/site-packages/airflow/example_dags/example_display_name.py
[2024-05-01T11:54:36.900+0300] {processor.py:830} INFO - Processing file /home/yohanes/Documents/10academy/week2_2/10ac_city_traffic_data_warehouse_week2/week2_env/lib/python3.8/site-packages/airflow/example_dags/example_display_name.py for tasks to queue
[2024-05-01T11:54:36.902+0300] {logging_mixin.py:188} INFO - [2024-05-01T11:54:36.902+0300] {dagbag.py:540} INFO - Filling up the DagBag from /home/yohanes/Documents/10academy/week2_2/10ac_city_traffic_data_warehouse_week2/week2_env/lib/python3.8/site-packages/airflow/example_dags/example_display_name.py
[2024-05-01T11:54:36.910+0300] {processor.py:840} INFO - DAG(s) 'example_display_name' retrieved from /home/yohanes/Documents/10academy/week2_2/10ac_city_traffic_data_warehouse_week2/week2_env/lib/python3.8/site-packages/airflow/example_dags/example_display_name.py
[2024-05-01T11:54:36.930+0300] {logging_mixin.py:188} INFO - [2024-05-01T11:54:36.929+0300] {dag.py:3096} INFO - Sync 1 DAGs
[2024-05-01T11:54:36.947+0300] {logging_mixin.py:188} INFO - [2024-05-01T11:54:36.947+0300] {dag.py:3954} INFO - Setting next_dagrun for example_display_name to None, run_after=None
[2024-05-01T11:54:37.093+0300] {processor.py:183} INFO - Processing /home/yohanes/Documents/10academy/week2_2/10ac_city_traffic_data_warehouse_week2/week2_env/lib/python3.8/site-packages/airflow/example_dags/example_display_name.py took 0.203 seconds
[2024-05-01T11:55:46.773+0300] {processor.py:161} INFO - Started process (PID=156410) to work on /home/yohanes/Documents/10academy/week2_2/10ac_city_traffic_data_warehouse_week2/week2_env/lib/python3.8/site-packages/airflow/example_dags/example_display_name.py
[2024-05-01T11:55:46.775+0300] {processor.py:830} INFO - Processing file /home/yohanes/Documents/10academy/week2_2/10ac_city_traffic_data_warehouse_week2/week2_env/lib/python3.8/site-packages/airflow/example_dags/example_display_name.py for tasks to queue
[2024-05-01T11:55:46.777+0300] {logging_mixin.py:188} INFO - [2024-05-01T11:55:46.776+0300] {dagbag.py:540} INFO - Filling up the DagBag from /home/yohanes/Documents/10academy/week2_2/10ac_city_traffic_data_warehouse_week2/week2_env/lib/python3.8/site-packages/airflow/example_dags/example_display_name.py
[2024-05-01T11:55:46.784+0300] {processor.py:840} INFO - DAG(s) 'example_display_name' retrieved from /home/yohanes/Documents/10academy/week2_2/10ac_city_traffic_data_warehouse_week2/week2_env/lib/python3.8/site-packages/airflow/example_dags/example_display_name.py
[2024-05-01T11:55:46.805+0300] {logging_mixin.py:188} INFO - [2024-05-01T11:55:46.804+0300] {dag.py:3096} INFO - Sync 1 DAGs
[2024-05-01T11:55:46.822+0300] {logging_mixin.py:188} INFO - [2024-05-01T11:55:46.822+0300] {dag.py:3954} INFO - Setting next_dagrun for example_display_name to None, run_after=None
[2024-05-01T11:55:46.962+0300] {processor.py:183} INFO - Processing /home/yohanes/Documents/10academy/week2_2/10ac_city_traffic_data_warehouse_week2/week2_env/lib/python3.8/site-packages/airflow/example_dags/example_display_name.py took 0.199 seconds
[2024-05-01T11:56:55.514+0300] {processor.py:161} INFO - Started process (PID=156988) to work on /home/yohanes/Documents/10academy/week2_2/10ac_city_traffic_data_warehouse_week2/week2_env/lib/python3.8/site-packages/airflow/example_dags/example_display_name.py
[2024-05-01T11:56:55.516+0300] {processor.py:830} INFO - Processing file /home/yohanes/Documents/10academy/week2_2/10ac_city_traffic_data_warehouse_week2/week2_env/lib/python3.8/site-packages/airflow/example_dags/example_display_name.py for tasks to queue
[2024-05-01T11:56:55.518+0300] {logging_mixin.py:188} INFO - [2024-05-01T11:56:55.518+0300] {dagbag.py:540} INFO - Filling up the DagBag from /home/yohanes/Documents/10academy/week2_2/10ac_city_traffic_data_warehouse_week2/week2_env/lib/python3.8/site-packages/airflow/example_dags/example_display_name.py
[2024-05-01T11:56:55.527+0300] {processor.py:840} INFO - DAG(s) 'example_display_name' retrieved from /home/yohanes/Documents/10academy/week2_2/10ac_city_traffic_data_warehouse_week2/week2_env/lib/python3.8/site-packages/airflow/example_dags/example_display_name.py
[2024-05-01T11:56:55.548+0300] {logging_mixin.py:188} INFO - [2024-05-01T11:56:55.547+0300] {dag.py:3096} INFO - Sync 1 DAGs
[2024-05-01T11:56:55.567+0300] {logging_mixin.py:188} INFO - [2024-05-01T11:56:55.567+0300] {dag.py:3954} INFO - Setting next_dagrun for example_display_name to None, run_after=None
[2024-05-01T11:56:55.681+0300] {processor.py:183} INFO - Processing /home/yohanes/Documents/10academy/week2_2/10ac_city_traffic_data_warehouse_week2/week2_env/lib/python3.8/site-packages/airflow/example_dags/example_display_name.py took 0.180 seconds
[2024-05-01T11:57:58.116+0300] {processor.py:161} INFO - Started process (PID=157493) to work on /home/yohanes/Documents/10academy/week2_2/10ac_city_traffic_data_warehouse_week2/week2_env/lib/python3.8/site-packages/airflow/example_dags/example_display_name.py
[2024-05-01T11:57:58.131+0300] {processor.py:830} INFO - Processing file /home/yohanes/Documents/10academy/week2_2/10ac_city_traffic_data_warehouse_week2/week2_env/lib/python3.8/site-packages/airflow/example_dags/example_display_name.py for tasks to queue
[2024-05-01T11:57:58.133+0300] {logging_mixin.py:188} INFO - [2024-05-01T11:57:58.133+0300] {dagbag.py:540} INFO - Filling up the DagBag from /home/yohanes/Documents/10academy/week2_2/10ac_city_traffic_data_warehouse_week2/week2_env/lib/python3.8/site-packages/airflow/example_dags/example_display_name.py
[2024-05-01T11:57:58.140+0300] {processor.py:840} INFO - DAG(s) 'example_display_name' retrieved from /home/yohanes/Documents/10academy/week2_2/10ac_city_traffic_data_warehouse_week2/week2_env/lib/python3.8/site-packages/airflow/example_dags/example_display_name.py
[2024-05-01T11:57:58.161+0300] {logging_mixin.py:188} INFO - [2024-05-01T11:57:58.161+0300] {dag.py:3096} INFO - Sync 1 DAGs
[2024-05-01T11:57:58.180+0300] {logging_mixin.py:188} INFO - [2024-05-01T11:57:58.180+0300] {dag.py:3954} INFO - Setting next_dagrun for example_display_name to None, run_after=None
[2024-05-01T11:57:58.307+0300] {processor.py:183} INFO - Processing /home/yohanes/Documents/10academy/week2_2/10ac_city_traffic_data_warehouse_week2/week2_env/lib/python3.8/site-packages/airflow/example_dags/example_display_name.py took 0.200 seconds
[2024-05-01T11:59:06.958+0300] {processor.py:161} INFO - Started process (PID=158055) to work on /home/yohanes/Documents/10academy/week2_2/10ac_city_traffic_data_warehouse_week2/week2_env/lib/python3.8/site-packages/airflow/example_dags/example_display_name.py
[2024-05-01T11:59:06.960+0300] {processor.py:830} INFO - Processing file /home/yohanes/Documents/10academy/week2_2/10ac_city_traffic_data_warehouse_week2/week2_env/lib/python3.8/site-packages/airflow/example_dags/example_display_name.py for tasks to queue
[2024-05-01T11:59:06.963+0300] {logging_mixin.py:188} INFO - [2024-05-01T11:59:06.963+0300] {dagbag.py:540} INFO - Filling up the DagBag from /home/yohanes/Documents/10academy/week2_2/10ac_city_traffic_data_warehouse_week2/week2_env/lib/python3.8/site-packages/airflow/example_dags/example_display_name.py
[2024-05-01T11:59:06.971+0300] {processor.py:840} INFO - DAG(s) 'example_display_name' retrieved from /home/yohanes/Documents/10academy/week2_2/10ac_city_traffic_data_warehouse_week2/week2_env/lib/python3.8/site-packages/airflow/example_dags/example_display_name.py
[2024-05-01T11:59:06.997+0300] {logging_mixin.py:188} INFO - [2024-05-01T11:59:06.997+0300] {dag.py:3096} INFO - Sync 1 DAGs
[2024-05-01T11:59:07.015+0300] {logging_mixin.py:188} INFO - [2024-05-01T11:59:07.014+0300] {dag.py:3954} INFO - Setting next_dagrun for example_display_name to None, run_after=None
[2024-05-01T11:59:07.159+0300] {processor.py:183} INFO - Processing /home/yohanes/Documents/10academy/week2_2/10ac_city_traffic_data_warehouse_week2/week2_env/lib/python3.8/site-packages/airflow/example_dags/example_display_name.py took 0.214 seconds
[2024-05-01T12:00:14.272+0300] {processor.py:161} INFO - Started process (PID=158594) to work on /home/yohanes/Documents/10academy/week2_2/10ac_city_traffic_data_warehouse_week2/week2_env/lib/python3.8/site-packages/airflow/example_dags/example_display_name.py
[2024-05-01T12:00:14.274+0300] {processor.py:830} INFO - Processing file /home/yohanes/Documents/10academy/week2_2/10ac_city_traffic_data_warehouse_week2/week2_env/lib/python3.8/site-packages/airflow/example_dags/example_display_name.py for tasks to queue
[2024-05-01T12:00:14.276+0300] {logging_mixin.py:188} INFO - [2024-05-01T12:00:14.275+0300] {dagbag.py:540} INFO - Filling up the DagBag from /home/yohanes/Documents/10academy/week2_2/10ac_city_traffic_data_warehouse_week2/week2_env/lib/python3.8/site-packages/airflow/example_dags/example_display_name.py
[2024-05-01T12:00:14.285+0300] {processor.py:840} INFO - DAG(s) 'example_display_name' retrieved from /home/yohanes/Documents/10academy/week2_2/10ac_city_traffic_data_warehouse_week2/week2_env/lib/python3.8/site-packages/airflow/example_dags/example_display_name.py
[2024-05-01T12:00:14.306+0300] {logging_mixin.py:188} INFO - [2024-05-01T12:00:14.305+0300] {dag.py:3096} INFO - Sync 1 DAGs
[2024-05-01T12:00:14.323+0300] {logging_mixin.py:188} INFO - [2024-05-01T12:00:14.323+0300] {dag.py:3954} INFO - Setting next_dagrun for example_display_name to None, run_after=None
[2024-05-01T12:00:14.462+0300] {processor.py:183} INFO - Processing /home/yohanes/Documents/10academy/week2_2/10ac_city_traffic_data_warehouse_week2/week2_env/lib/python3.8/site-packages/airflow/example_dags/example_display_name.py took 0.200 seconds
[2024-05-01T12:01:21.938+0300] {processor.py:161} INFO - Started process (PID=159175) to work on /home/yohanes/Documents/10academy/week2_2/10ac_city_traffic_data_warehouse_week2/week2_env/lib/python3.8/site-packages/airflow/example_dags/example_display_name.py
[2024-05-01T12:01:21.940+0300] {processor.py:830} INFO - Processing file /home/yohanes/Documents/10academy/week2_2/10ac_city_traffic_data_warehouse_week2/week2_env/lib/python3.8/site-packages/airflow/example_dags/example_display_name.py for tasks to queue
[2024-05-01T12:01:21.942+0300] {logging_mixin.py:188} INFO - [2024-05-01T12:01:21.941+0300] {dagbag.py:540} INFO - Filling up the DagBag from /home/yohanes/Documents/10academy/week2_2/10ac_city_traffic_data_warehouse_week2/week2_env/lib/python3.8/site-packages/airflow/example_dags/example_display_name.py
[2024-05-01T12:01:21.949+0300] {processor.py:840} INFO - DAG(s) 'example_display_name' retrieved from /home/yohanes/Documents/10academy/week2_2/10ac_city_traffic_data_warehouse_week2/week2_env/lib/python3.8/site-packages/airflow/example_dags/example_display_name.py
[2024-05-01T12:01:21.970+0300] {logging_mixin.py:188} INFO - [2024-05-01T12:01:21.969+0300] {dag.py:3096} INFO - Sync 1 DAGs
[2024-05-01T12:01:21.991+0300] {logging_mixin.py:188} INFO - [2024-05-01T12:01:21.991+0300] {dag.py:3954} INFO - Setting next_dagrun for example_display_name to None, run_after=None
[2024-05-01T12:01:22.118+0300] {processor.py:183} INFO - Processing /home/yohanes/Documents/10academy/week2_2/10ac_city_traffic_data_warehouse_week2/week2_env/lib/python3.8/site-packages/airflow/example_dags/example_display_name.py took 0.189 seconds
[2024-05-01T12:02:24.655+0300] {processor.py:161} INFO - Started process (PID=159656) to work on /home/yohanes/Documents/10academy/week2_2/10ac_city_traffic_data_warehouse_week2/week2_env/lib/python3.8/site-packages/airflow/example_dags/example_display_name.py
[2024-05-01T12:02:24.675+0300] {processor.py:830} INFO - Processing file /home/yohanes/Documents/10academy/week2_2/10ac_city_traffic_data_warehouse_week2/week2_env/lib/python3.8/site-packages/airflow/example_dags/example_display_name.py for tasks to queue
[2024-05-01T12:02:24.677+0300] {logging_mixin.py:188} INFO - [2024-05-01T12:02:24.677+0300] {dagbag.py:540} INFO - Filling up the DagBag from /home/yohanes/Documents/10academy/week2_2/10ac_city_traffic_data_warehouse_week2/week2_env/lib/python3.8/site-packages/airflow/example_dags/example_display_name.py
[2024-05-01T12:02:24.684+0300] {processor.py:840} INFO - DAG(s) 'example_display_name' retrieved from /home/yohanes/Documents/10academy/week2_2/10ac_city_traffic_data_warehouse_week2/week2_env/lib/python3.8/site-packages/airflow/example_dags/example_display_name.py
[2024-05-01T12:02:24.704+0300] {logging_mixin.py:188} INFO - [2024-05-01T12:02:24.704+0300] {dag.py:3096} INFO - Sync 1 DAGs
[2024-05-01T12:02:24.722+0300] {logging_mixin.py:188} INFO - [2024-05-01T12:02:24.721+0300] {dag.py:3954} INFO - Setting next_dagrun for example_display_name to None, run_after=None
[2024-05-01T12:02:24.848+0300] {processor.py:183} INFO - Processing /home/yohanes/Documents/10academy/week2_2/10ac_city_traffic_data_warehouse_week2/week2_env/lib/python3.8/site-packages/airflow/example_dags/example_display_name.py took 0.202 seconds
[2024-05-01T12:03:35.005+0300] {processor.py:161} INFO - Started process (PID=160196) to work on /home/yohanes/Documents/10academy/week2_2/10ac_city_traffic_data_warehouse_week2/week2_env/lib/python3.8/site-packages/airflow/example_dags/example_display_name.py
[2024-05-01T12:03:35.006+0300] {processor.py:830} INFO - Processing file /home/yohanes/Documents/10academy/week2_2/10ac_city_traffic_data_warehouse_week2/week2_env/lib/python3.8/site-packages/airflow/example_dags/example_display_name.py for tasks to queue
[2024-05-01T12:03:35.009+0300] {logging_mixin.py:188} INFO - [2024-05-01T12:03:35.008+0300] {dagbag.py:540} INFO - Filling up the DagBag from /home/yohanes/Documents/10academy/week2_2/10ac_city_traffic_data_warehouse_week2/week2_env/lib/python3.8/site-packages/airflow/example_dags/example_display_name.py
[2024-05-01T12:03:35.016+0300] {processor.py:840} INFO - DAG(s) 'example_display_name' retrieved from /home/yohanes/Documents/10academy/week2_2/10ac_city_traffic_data_warehouse_week2/week2_env/lib/python3.8/site-packages/airflow/example_dags/example_display_name.py
[2024-05-01T12:03:35.036+0300] {logging_mixin.py:188} INFO - [2024-05-01T12:03:35.036+0300] {dag.py:3096} INFO - Sync 1 DAGs
[2024-05-01T12:03:35.056+0300] {logging_mixin.py:188} INFO - [2024-05-01T12:03:35.056+0300] {dag.py:3954} INFO - Setting next_dagrun for example_display_name to None, run_after=None
[2024-05-01T12:03:35.200+0300] {processor.py:183} INFO - Processing /home/yohanes/Documents/10academy/week2_2/10ac_city_traffic_data_warehouse_week2/week2_env/lib/python3.8/site-packages/airflow/example_dags/example_display_name.py took 0.205 seconds
[2024-05-01T12:04:46.929+0300] {processor.py:161} INFO - Started process (PID=160805) to work on /home/yohanes/Documents/10academy/week2_2/10ac_city_traffic_data_warehouse_week2/week2_env/lib/python3.8/site-packages/airflow/example_dags/example_display_name.py
[2024-05-01T12:04:47.015+0300] {processor.py:830} INFO - Processing file /home/yohanes/Documents/10academy/week2_2/10ac_city_traffic_data_warehouse_week2/week2_env/lib/python3.8/site-packages/airflow/example_dags/example_display_name.py for tasks to queue
[2024-05-01T12:04:47.019+0300] {logging_mixin.py:188} INFO - [2024-05-01T12:04:47.018+0300] {dagbag.py:540} INFO - Filling up the DagBag from /home/yohanes/Documents/10academy/week2_2/10ac_city_traffic_data_warehouse_week2/week2_env/lib/python3.8/site-packages/airflow/example_dags/example_display_name.py
[2024-05-01T12:04:47.028+0300] {processor.py:840} INFO - DAG(s) 'example_display_name' retrieved from /home/yohanes/Documents/10academy/week2_2/10ac_city_traffic_data_warehouse_week2/week2_env/lib/python3.8/site-packages/airflow/example_dags/example_display_name.py
[2024-05-01T12:04:47.049+0300] {logging_mixin.py:188} INFO - [2024-05-01T12:04:47.049+0300] {dag.py:3096} INFO - Sync 1 DAGs
[2024-05-01T12:04:47.071+0300] {logging_mixin.py:188} INFO - [2024-05-01T12:04:47.070+0300] {dag.py:3954} INFO - Setting next_dagrun for example_display_name to None, run_after=None
[2024-05-01T12:04:47.211+0300] {processor.py:183} INFO - Processing /home/yohanes/Documents/10academy/week2_2/10ac_city_traffic_data_warehouse_week2/week2_env/lib/python3.8/site-packages/airflow/example_dags/example_display_name.py took 0.291 seconds
[2024-05-01T12:05:57.920+0300] {processor.py:161} INFO - Started process (PID=161486) to work on /home/yohanes/Documents/10academy/week2_2/10ac_city_traffic_data_warehouse_week2/week2_env/lib/python3.8/site-packages/airflow/example_dags/example_display_name.py
[2024-05-01T12:05:57.938+0300] {processor.py:830} INFO - Processing file /home/yohanes/Documents/10academy/week2_2/10ac_city_traffic_data_warehouse_week2/week2_env/lib/python3.8/site-packages/airflow/example_dags/example_display_name.py for tasks to queue
[2024-05-01T12:05:57.940+0300] {logging_mixin.py:188} INFO - [2024-05-01T12:05:57.940+0300] {dagbag.py:540} INFO - Filling up the DagBag from /home/yohanes/Documents/10academy/week2_2/10ac_city_traffic_data_warehouse_week2/week2_env/lib/python3.8/site-packages/airflow/example_dags/example_display_name.py
[2024-05-01T12:05:57.948+0300] {processor.py:840} INFO - DAG(s) 'example_display_name' retrieved from /home/yohanes/Documents/10academy/week2_2/10ac_city_traffic_data_warehouse_week2/week2_env/lib/python3.8/site-packages/airflow/example_dags/example_display_name.py
[2024-05-01T12:05:57.968+0300] {logging_mixin.py:188} INFO - [2024-05-01T12:05:57.968+0300] {dag.py:3096} INFO - Sync 1 DAGs
[2024-05-01T12:05:57.987+0300] {logging_mixin.py:188} INFO - [2024-05-01T12:05:57.986+0300] {dag.py:3954} INFO - Setting next_dagrun for example_display_name to None, run_after=None
[2024-05-01T12:05:58.104+0300] {processor.py:183} INFO - Processing /home/yohanes/Documents/10academy/week2_2/10ac_city_traffic_data_warehouse_week2/week2_env/lib/python3.8/site-packages/airflow/example_dags/example_display_name.py took 0.195 seconds
[2024-05-01T12:07:14.976+0300] {processor.py:161} INFO - Started process (PID=162188) to work on /home/yohanes/Documents/10academy/week2_2/10ac_city_traffic_data_warehouse_week2/week2_env/lib/python3.8/site-packages/airflow/example_dags/example_display_name.py
[2024-05-01T12:07:15.001+0300] {processor.py:830} INFO - Processing file /home/yohanes/Documents/10academy/week2_2/10ac_city_traffic_data_warehouse_week2/week2_env/lib/python3.8/site-packages/airflow/example_dags/example_display_name.py for tasks to queue
[2024-05-01T12:07:15.003+0300] {logging_mixin.py:188} INFO - [2024-05-01T12:07:15.002+0300] {dagbag.py:540} INFO - Filling up the DagBag from /home/yohanes/Documents/10academy/week2_2/10ac_city_traffic_data_warehouse_week2/week2_env/lib/python3.8/site-packages/airflow/example_dags/example_display_name.py
[2024-05-01T12:07:15.012+0300] {processor.py:840} INFO - DAG(s) 'example_display_name' retrieved from /home/yohanes/Documents/10academy/week2_2/10ac_city_traffic_data_warehouse_week2/week2_env/lib/python3.8/site-packages/airflow/example_dags/example_display_name.py
[2024-05-01T12:07:15.214+0300] {logging_mixin.py:188} INFO - [2024-05-01T12:07:15.213+0300] {dag.py:3096} INFO - Sync 1 DAGs
[2024-05-01T12:07:15.235+0300] {logging_mixin.py:188} INFO - [2024-05-01T12:07:15.235+0300] {dag.py:3954} INFO - Setting next_dagrun for example_display_name to None, run_after=None
[2024-05-01T12:07:15.380+0300] {processor.py:183} INFO - Processing /home/yohanes/Documents/10academy/week2_2/10ac_city_traffic_data_warehouse_week2/week2_env/lib/python3.8/site-packages/airflow/example_dags/example_display_name.py took 0.414 seconds
[2024-05-01T12:08:55.635+0300] {processor.py:161} INFO - Started process (PID=163106) to work on /home/yohanes/Documents/10academy/week2_2/10ac_city_traffic_data_warehouse_week2/week2_env/lib/python3.8/site-packages/airflow/example_dags/example_display_name.py
[2024-05-01T12:08:55.654+0300] {processor.py:830} INFO - Processing file /home/yohanes/Documents/10academy/week2_2/10ac_city_traffic_data_warehouse_week2/week2_env/lib/python3.8/site-packages/airflow/example_dags/example_display_name.py for tasks to queue
[2024-05-01T12:08:55.658+0300] {logging_mixin.py:188} INFO - [2024-05-01T12:08:55.657+0300] {dagbag.py:540} INFO - Filling up the DagBag from /home/yohanes/Documents/10academy/week2_2/10ac_city_traffic_data_warehouse_week2/week2_env/lib/python3.8/site-packages/airflow/example_dags/example_display_name.py
[2024-05-01T12:08:55.669+0300] {processor.py:840} INFO - DAG(s) 'example_display_name' retrieved from /home/yohanes/Documents/10academy/week2_2/10ac_city_traffic_data_warehouse_week2/week2_env/lib/python3.8/site-packages/airflow/example_dags/example_display_name.py
[2024-05-01T12:08:55.691+0300] {logging_mixin.py:188} INFO - [2024-05-01T12:08:55.691+0300] {dag.py:3096} INFO - Sync 1 DAGs
[2024-05-01T12:08:55.711+0300] {logging_mixin.py:188} INFO - [2024-05-01T12:08:55.710+0300] {dag.py:3954} INFO - Setting next_dagrun for example_display_name to None, run_after=None
[2024-05-01T12:08:55.848+0300] {processor.py:183} INFO - Processing /home/yohanes/Documents/10academy/week2_2/10ac_city_traffic_data_warehouse_week2/week2_env/lib/python3.8/site-packages/airflow/example_dags/example_display_name.py took 0.223 seconds
[2024-05-01T12:10:05.983+0300] {processor.py:161} INFO - Started process (PID=163679) to work on /home/yohanes/Documents/10academy/week2_2/10ac_city_traffic_data_warehouse_week2/week2_env/lib/python3.8/site-packages/airflow/example_dags/example_display_name.py
[2024-05-01T12:10:05.993+0300] {processor.py:830} INFO - Processing file /home/yohanes/Documents/10academy/week2_2/10ac_city_traffic_data_warehouse_week2/week2_env/lib/python3.8/site-packages/airflow/example_dags/example_display_name.py for tasks to queue
[2024-05-01T12:10:05.995+0300] {logging_mixin.py:188} INFO - [2024-05-01T12:10:05.994+0300] {dagbag.py:540} INFO - Filling up the DagBag from /home/yohanes/Documents/10academy/week2_2/10ac_city_traffic_data_warehouse_week2/week2_env/lib/python3.8/site-packages/airflow/example_dags/example_display_name.py
[2024-05-01T12:10:06.004+0300] {processor.py:840} INFO - DAG(s) 'example_display_name' retrieved from /home/yohanes/Documents/10academy/week2_2/10ac_city_traffic_data_warehouse_week2/week2_env/lib/python3.8/site-packages/airflow/example_dags/example_display_name.py
[2024-05-01T12:10:06.028+0300] {logging_mixin.py:188} INFO - [2024-05-01T12:10:06.027+0300] {dag.py:3096} INFO - Sync 1 DAGs
[2024-05-01T12:10:06.045+0300] {logging_mixin.py:188} INFO - [2024-05-01T12:10:06.045+0300] {dag.py:3954} INFO - Setting next_dagrun for example_display_name to None, run_after=None
[2024-05-01T12:10:06.176+0300] {processor.py:183} INFO - Processing /home/yohanes/Documents/10academy/week2_2/10ac_city_traffic_data_warehouse_week2/week2_env/lib/python3.8/site-packages/airflow/example_dags/example_display_name.py took 0.203 seconds
[2024-05-01T12:11:16.536+0300] {processor.py:161} INFO - Started process (PID=164295) to work on /home/yohanes/Documents/10academy/week2_2/10ac_city_traffic_data_warehouse_week2/week2_env/lib/python3.8/site-packages/airflow/example_dags/example_display_name.py
[2024-05-01T12:11:16.565+0300] {processor.py:830} INFO - Processing file /home/yohanes/Documents/10academy/week2_2/10ac_city_traffic_data_warehouse_week2/week2_env/lib/python3.8/site-packages/airflow/example_dags/example_display_name.py for tasks to queue
[2024-05-01T12:11:16.568+0300] {logging_mixin.py:188} INFO - [2024-05-01T12:11:16.567+0300] {dagbag.py:540} INFO - Filling up the DagBag from /home/yohanes/Documents/10academy/week2_2/10ac_city_traffic_data_warehouse_week2/week2_env/lib/python3.8/site-packages/airflow/example_dags/example_display_name.py
[2024-05-01T12:11:16.575+0300] {processor.py:840} INFO - DAG(s) 'example_display_name' retrieved from /home/yohanes/Documents/10academy/week2_2/10ac_city_traffic_data_warehouse_week2/week2_env/lib/python3.8/site-packages/airflow/example_dags/example_display_name.py
[2024-05-01T12:11:16.595+0300] {logging_mixin.py:188} INFO - [2024-05-01T12:11:16.595+0300] {dag.py:3096} INFO - Sync 1 DAGs
[2024-05-01T12:11:16.612+0300] {logging_mixin.py:188} INFO - [2024-05-01T12:11:16.612+0300] {dag.py:3954} INFO - Setting next_dagrun for example_display_name to None, run_after=None
[2024-05-01T12:11:16.735+0300] {processor.py:183} INFO - Processing /home/yohanes/Documents/10academy/week2_2/10ac_city_traffic_data_warehouse_week2/week2_env/lib/python3.8/site-packages/airflow/example_dags/example_display_name.py took 0.209 seconds
[2024-05-01T12:12:27.271+0300] {processor.py:161} INFO - Started process (PID=164854) to work on /home/yohanes/Documents/10academy/week2_2/10ac_city_traffic_data_warehouse_week2/week2_env/lib/python3.8/site-packages/airflow/example_dags/example_display_name.py
[2024-05-01T12:12:27.297+0300] {processor.py:830} INFO - Processing file /home/yohanes/Documents/10academy/week2_2/10ac_city_traffic_data_warehouse_week2/week2_env/lib/python3.8/site-packages/airflow/example_dags/example_display_name.py for tasks to queue
[2024-05-01T12:12:27.300+0300] {logging_mixin.py:188} INFO - [2024-05-01T12:12:27.299+0300] {dagbag.py:540} INFO - Filling up the DagBag from /home/yohanes/Documents/10academy/week2_2/10ac_city_traffic_data_warehouse_week2/week2_env/lib/python3.8/site-packages/airflow/example_dags/example_display_name.py
[2024-05-01T12:12:27.307+0300] {processor.py:840} INFO - DAG(s) 'example_display_name' retrieved from /home/yohanes/Documents/10academy/week2_2/10ac_city_traffic_data_warehouse_week2/week2_env/lib/python3.8/site-packages/airflow/example_dags/example_display_name.py
[2024-05-01T12:12:27.327+0300] {logging_mixin.py:188} INFO - [2024-05-01T12:12:27.327+0300] {dag.py:3096} INFO - Sync 1 DAGs
[2024-05-01T12:12:27.345+0300] {logging_mixin.py:188} INFO - [2024-05-01T12:12:27.345+0300] {dag.py:3954} INFO - Setting next_dagrun for example_display_name to None, run_after=None
[2024-05-01T12:12:27.480+0300] {processor.py:183} INFO - Processing /home/yohanes/Documents/10academy/week2_2/10ac_city_traffic_data_warehouse_week2/week2_env/lib/python3.8/site-packages/airflow/example_dags/example_display_name.py took 0.219 seconds
[2024-05-01T12:13:35.157+0300] {processor.py:161} INFO - Started process (PID=165381) to work on /home/yohanes/Documents/10academy/week2_2/10ac_city_traffic_data_warehouse_week2/week2_env/lib/python3.8/site-packages/airflow/example_dags/example_display_name.py
[2024-05-01T12:13:35.159+0300] {processor.py:830} INFO - Processing file /home/yohanes/Documents/10academy/week2_2/10ac_city_traffic_data_warehouse_week2/week2_env/lib/python3.8/site-packages/airflow/example_dags/example_display_name.py for tasks to queue
[2024-05-01T12:13:35.161+0300] {logging_mixin.py:188} INFO - [2024-05-01T12:13:35.160+0300] {dagbag.py:540} INFO - Filling up the DagBag from /home/yohanes/Documents/10academy/week2_2/10ac_city_traffic_data_warehouse_week2/week2_env/lib/python3.8/site-packages/airflow/example_dags/example_display_name.py
[2024-05-01T12:13:35.172+0300] {processor.py:840} INFO - DAG(s) 'example_display_name' retrieved from /home/yohanes/Documents/10academy/week2_2/10ac_city_traffic_data_warehouse_week2/week2_env/lib/python3.8/site-packages/airflow/example_dags/example_display_name.py
[2024-05-01T12:13:35.195+0300] {logging_mixin.py:188} INFO - [2024-05-01T12:13:35.195+0300] {dag.py:3096} INFO - Sync 1 DAGs
[2024-05-01T12:13:35.213+0300] {logging_mixin.py:188} INFO - [2024-05-01T12:13:35.213+0300] {dag.py:3954} INFO - Setting next_dagrun for example_display_name to None, run_after=None
[2024-05-01T12:13:35.341+0300] {processor.py:183} INFO - Processing /home/yohanes/Documents/10academy/week2_2/10ac_city_traffic_data_warehouse_week2/week2_env/lib/python3.8/site-packages/airflow/example_dags/example_display_name.py took 0.195 seconds
[2024-05-01T12:14:43.369+0300] {processor.py:161} INFO - Started process (PID=165956) to work on /home/yohanes/Documents/10academy/week2_2/10ac_city_traffic_data_warehouse_week2/week2_env/lib/python3.8/site-packages/airflow/example_dags/example_display_name.py
[2024-05-01T12:14:43.385+0300] {processor.py:830} INFO - Processing file /home/yohanes/Documents/10academy/week2_2/10ac_city_traffic_data_warehouse_week2/week2_env/lib/python3.8/site-packages/airflow/example_dags/example_display_name.py for tasks to queue
[2024-05-01T12:14:43.388+0300] {logging_mixin.py:188} INFO - [2024-05-01T12:14:43.387+0300] {dagbag.py:540} INFO - Filling up the DagBag from /home/yohanes/Documents/10academy/week2_2/10ac_city_traffic_data_warehouse_week2/week2_env/lib/python3.8/site-packages/airflow/example_dags/example_display_name.py
[2024-05-01T12:14:43.398+0300] {processor.py:840} INFO - DAG(s) 'example_display_name' retrieved from /home/yohanes/Documents/10academy/week2_2/10ac_city_traffic_data_warehouse_week2/week2_env/lib/python3.8/site-packages/airflow/example_dags/example_display_name.py
[2024-05-01T12:14:43.421+0300] {logging_mixin.py:188} INFO - [2024-05-01T12:14:43.421+0300] {dag.py:3096} INFO - Sync 1 DAGs
[2024-05-01T12:14:43.442+0300] {logging_mixin.py:188} INFO - [2024-05-01T12:14:43.441+0300] {dag.py:3954} INFO - Setting next_dagrun for example_display_name to None, run_after=None
[2024-05-01T12:14:43.599+0300] {processor.py:183} INFO - Processing /home/yohanes/Documents/10academy/week2_2/10ac_city_traffic_data_warehouse_week2/week2_env/lib/python3.8/site-packages/airflow/example_dags/example_display_name.py took 0.243 seconds
[2024-05-01T12:16:27.876+0300] {processor.py:161} INFO - Started process (PID=166771) to work on /home/yohanes/Documents/10academy/week2_2/10ac_city_traffic_data_warehouse_week2/week2_env/lib/python3.8/site-packages/airflow/example_dags/example_display_name.py
[2024-05-01T12:16:27.901+0300] {processor.py:830} INFO - Processing file /home/yohanes/Documents/10academy/week2_2/10ac_city_traffic_data_warehouse_week2/week2_env/lib/python3.8/site-packages/airflow/example_dags/example_display_name.py for tasks to queue
[2024-05-01T12:16:27.905+0300] {logging_mixin.py:188} INFO - [2024-05-01T12:16:27.904+0300] {dagbag.py:540} INFO - Filling up the DagBag from /home/yohanes/Documents/10academy/week2_2/10ac_city_traffic_data_warehouse_week2/week2_env/lib/python3.8/site-packages/airflow/example_dags/example_display_name.py
[2024-05-01T12:16:27.913+0300] {processor.py:840} INFO - DAG(s) 'example_display_name' retrieved from /home/yohanes/Documents/10academy/week2_2/10ac_city_traffic_data_warehouse_week2/week2_env/lib/python3.8/site-packages/airflow/example_dags/example_display_name.py
[2024-05-01T12:16:27.933+0300] {logging_mixin.py:188} INFO - [2024-05-01T12:16:27.932+0300] {dag.py:3096} INFO - Sync 1 DAGs
[2024-05-01T12:16:27.950+0300] {logging_mixin.py:188} INFO - [2024-05-01T12:16:27.949+0300] {dag.py:3954} INFO - Setting next_dagrun for example_display_name to None, run_after=None
[2024-05-01T12:16:28.078+0300] {processor.py:183} INFO - Processing /home/yohanes/Documents/10academy/week2_2/10ac_city_traffic_data_warehouse_week2/week2_env/lib/python3.8/site-packages/airflow/example_dags/example_display_name.py took 0.213 seconds
[2024-05-01T12:17:38.641+0300] {processor.py:161} INFO - Started process (PID=167338) to work on /home/yohanes/Documents/10academy/week2_2/10ac_city_traffic_data_warehouse_week2/week2_env/lib/python3.8/site-packages/airflow/example_dags/example_display_name.py
[2024-05-01T12:17:38.662+0300] {processor.py:830} INFO - Processing file /home/yohanes/Documents/10academy/week2_2/10ac_city_traffic_data_warehouse_week2/week2_env/lib/python3.8/site-packages/airflow/example_dags/example_display_name.py for tasks to queue
[2024-05-01T12:17:38.665+0300] {logging_mixin.py:188} INFO - [2024-05-01T12:17:38.664+0300] {dagbag.py:540} INFO - Filling up the DagBag from /home/yohanes/Documents/10academy/week2_2/10ac_city_traffic_data_warehouse_week2/week2_env/lib/python3.8/site-packages/airflow/example_dags/example_display_name.py
[2024-05-01T12:17:38.674+0300] {processor.py:840} INFO - DAG(s) 'example_display_name' retrieved from /home/yohanes/Documents/10academy/week2_2/10ac_city_traffic_data_warehouse_week2/week2_env/lib/python3.8/site-packages/airflow/example_dags/example_display_name.py
[2024-05-01T12:17:38.695+0300] {logging_mixin.py:188} INFO - [2024-05-01T12:17:38.695+0300] {dag.py:3096} INFO - Sync 1 DAGs
[2024-05-01T12:17:38.712+0300] {logging_mixin.py:188} INFO - [2024-05-01T12:17:38.712+0300] {dag.py:3954} INFO - Setting next_dagrun for example_display_name to None, run_after=None
[2024-05-01T12:17:38.827+0300] {processor.py:183} INFO - Processing /home/yohanes/Documents/10academy/week2_2/10ac_city_traffic_data_warehouse_week2/week2_env/lib/python3.8/site-packages/airflow/example_dags/example_display_name.py took 0.197 seconds
[2024-05-01T12:18:47.474+0300] {processor.py:161} INFO - Started process (PID=167903) to work on /home/yohanes/Documents/10academy/week2_2/10ac_city_traffic_data_warehouse_week2/week2_env/lib/python3.8/site-packages/airflow/example_dags/example_display_name.py
[2024-05-01T12:18:47.521+0300] {processor.py:830} INFO - Processing file /home/yohanes/Documents/10academy/week2_2/10ac_city_traffic_data_warehouse_week2/week2_env/lib/python3.8/site-packages/airflow/example_dags/example_display_name.py for tasks to queue
[2024-05-01T12:18:47.523+0300] {logging_mixin.py:188} INFO - [2024-05-01T12:18:47.523+0300] {dagbag.py:540} INFO - Filling up the DagBag from /home/yohanes/Documents/10academy/week2_2/10ac_city_traffic_data_warehouse_week2/week2_env/lib/python3.8/site-packages/airflow/example_dags/example_display_name.py
[2024-05-01T12:18:47.532+0300] {processor.py:840} INFO - DAG(s) 'example_display_name' retrieved from /home/yohanes/Documents/10academy/week2_2/10ac_city_traffic_data_warehouse_week2/week2_env/lib/python3.8/site-packages/airflow/example_dags/example_display_name.py
[2024-05-01T12:18:47.552+0300] {logging_mixin.py:188} INFO - [2024-05-01T12:18:47.552+0300] {dag.py:3096} INFO - Sync 1 DAGs
[2024-05-01T12:18:47.570+0300] {logging_mixin.py:188} INFO - [2024-05-01T12:18:47.569+0300] {dag.py:3954} INFO - Setting next_dagrun for example_display_name to None, run_after=None
[2024-05-01T12:18:47.689+0300] {processor.py:183} INFO - Processing /home/yohanes/Documents/10academy/week2_2/10ac_city_traffic_data_warehouse_week2/week2_env/lib/python3.8/site-packages/airflow/example_dags/example_display_name.py took 0.223 seconds
[2024-05-01T12:19:55.101+0300] {processor.py:161} INFO - Started process (PID=168438) to work on /home/yohanes/Documents/10academy/week2_2/10ac_city_traffic_data_warehouse_week2/week2_env/lib/python3.8/site-packages/airflow/example_dags/example_display_name.py
[2024-05-01T12:19:55.126+0300] {processor.py:830} INFO - Processing file /home/yohanes/Documents/10academy/week2_2/10ac_city_traffic_data_warehouse_week2/week2_env/lib/python3.8/site-packages/airflow/example_dags/example_display_name.py for tasks to queue
[2024-05-01T12:19:55.128+0300] {logging_mixin.py:188} INFO - [2024-05-01T12:19:55.128+0300] {dagbag.py:540} INFO - Filling up the DagBag from /home/yohanes/Documents/10academy/week2_2/10ac_city_traffic_data_warehouse_week2/week2_env/lib/python3.8/site-packages/airflow/example_dags/example_display_name.py
[2024-05-01T12:19:55.138+0300] {processor.py:840} INFO - DAG(s) 'example_display_name' retrieved from /home/yohanes/Documents/10academy/week2_2/10ac_city_traffic_data_warehouse_week2/week2_env/lib/python3.8/site-packages/airflow/example_dags/example_display_name.py
[2024-05-01T12:19:55.158+0300] {logging_mixin.py:188} INFO - [2024-05-01T12:19:55.158+0300] {dag.py:3096} INFO - Sync 1 DAGs
[2024-05-01T12:19:55.186+0300] {logging_mixin.py:188} INFO - [2024-05-01T12:19:55.186+0300] {dag.py:3954} INFO - Setting next_dagrun for example_display_name to None, run_after=None
[2024-05-01T12:19:55.316+0300] {processor.py:183} INFO - Processing /home/yohanes/Documents/10academy/week2_2/10ac_city_traffic_data_warehouse_week2/week2_env/lib/python3.8/site-packages/airflow/example_dags/example_display_name.py took 0.225 seconds
[2024-05-01T12:21:06.703+0300] {processor.py:161} INFO - Started process (PID=169029) to work on /home/yohanes/Documents/10academy/week2_2/10ac_city_traffic_data_warehouse_week2/week2_env/lib/python3.8/site-packages/airflow/example_dags/example_display_name.py
[2024-05-01T12:21:06.765+0300] {processor.py:830} INFO - Processing file /home/yohanes/Documents/10academy/week2_2/10ac_city_traffic_data_warehouse_week2/week2_env/lib/python3.8/site-packages/airflow/example_dags/example_display_name.py for tasks to queue
[2024-05-01T12:21:06.769+0300] {logging_mixin.py:188} INFO - [2024-05-01T12:21:06.768+0300] {dagbag.py:540} INFO - Filling up the DagBag from /home/yohanes/Documents/10academy/week2_2/10ac_city_traffic_data_warehouse_week2/week2_env/lib/python3.8/site-packages/airflow/example_dags/example_display_name.py
[2024-05-01T12:21:06.780+0300] {processor.py:840} INFO - DAG(s) 'example_display_name' retrieved from /home/yohanes/Documents/10academy/week2_2/10ac_city_traffic_data_warehouse_week2/week2_env/lib/python3.8/site-packages/airflow/example_dags/example_display_name.py
[2024-05-01T12:21:06.808+0300] {logging_mixin.py:188} INFO - [2024-05-01T12:21:06.808+0300] {dag.py:3096} INFO - Sync 1 DAGs
[2024-05-01T12:21:06.836+0300] {logging_mixin.py:188} INFO - [2024-05-01T12:21:06.835+0300] {dag.py:3954} INFO - Setting next_dagrun for example_display_name to None, run_after=None
[2024-05-01T12:21:07.002+0300] {processor.py:183} INFO - Processing /home/yohanes/Documents/10academy/week2_2/10ac_city_traffic_data_warehouse_week2/week2_env/lib/python3.8/site-packages/airflow/example_dags/example_display_name.py took 0.310 seconds
[2024-05-01T12:22:34.682+0300] {processor.py:161} INFO - Started process (PID=169819) to work on /home/yohanes/Documents/10academy/week2_2/10ac_city_traffic_data_warehouse_week2/week2_env/lib/python3.8/site-packages/airflow/example_dags/example_display_name.py
[2024-05-01T12:22:34.695+0300] {processor.py:830} INFO - Processing file /home/yohanes/Documents/10academy/week2_2/10ac_city_traffic_data_warehouse_week2/week2_env/lib/python3.8/site-packages/airflow/example_dags/example_display_name.py for tasks to queue
[2024-05-01T12:22:34.698+0300] {logging_mixin.py:188} INFO - [2024-05-01T12:22:34.697+0300] {dagbag.py:540} INFO - Filling up the DagBag from /home/yohanes/Documents/10academy/week2_2/10ac_city_traffic_data_warehouse_week2/week2_env/lib/python3.8/site-packages/airflow/example_dags/example_display_name.py
[2024-05-01T12:22:34.706+0300] {processor.py:840} INFO - DAG(s) 'example_display_name' retrieved from /home/yohanes/Documents/10academy/week2_2/10ac_city_traffic_data_warehouse_week2/week2_env/lib/python3.8/site-packages/airflow/example_dags/example_display_name.py
[2024-05-01T12:22:34.726+0300] {logging_mixin.py:188} INFO - [2024-05-01T12:22:34.725+0300] {dag.py:3096} INFO - Sync 1 DAGs
[2024-05-01T12:22:34.743+0300] {logging_mixin.py:188} INFO - [2024-05-01T12:22:34.743+0300] {dag.py:3954} INFO - Setting next_dagrun for example_display_name to None, run_after=None
[2024-05-01T12:22:34.872+0300] {processor.py:183} INFO - Processing /home/yohanes/Documents/10academy/week2_2/10ac_city_traffic_data_warehouse_week2/week2_env/lib/python3.8/site-packages/airflow/example_dags/example_display_name.py took 0.200 seconds
[2024-05-01T12:24:04.568+0300] {processor.py:161} INFO - Started process (PID=170611) to work on /home/yohanes/Documents/10academy/week2_2/10ac_city_traffic_data_warehouse_week2/week2_env/lib/python3.8/site-packages/airflow/example_dags/example_display_name.py
[2024-05-01T12:24:04.646+0300] {processor.py:830} INFO - Processing file /home/yohanes/Documents/10academy/week2_2/10ac_city_traffic_data_warehouse_week2/week2_env/lib/python3.8/site-packages/airflow/example_dags/example_display_name.py for tasks to queue
[2024-05-01T12:24:04.648+0300] {logging_mixin.py:188} INFO - [2024-05-01T12:24:04.648+0300] {dagbag.py:540} INFO - Filling up the DagBag from /home/yohanes/Documents/10academy/week2_2/10ac_city_traffic_data_warehouse_week2/week2_env/lib/python3.8/site-packages/airflow/example_dags/example_display_name.py
[2024-05-01T12:24:04.656+0300] {processor.py:840} INFO - DAG(s) 'example_display_name' retrieved from /home/yohanes/Documents/10academy/week2_2/10ac_city_traffic_data_warehouse_week2/week2_env/lib/python3.8/site-packages/airflow/example_dags/example_display_name.py
[2024-05-01T12:24:04.680+0300] {logging_mixin.py:188} INFO - [2024-05-01T12:24:04.679+0300] {dag.py:3096} INFO - Sync 1 DAGs
[2024-05-01T12:24:04.706+0300] {logging_mixin.py:188} INFO - [2024-05-01T12:24:04.705+0300] {dag.py:3954} INFO - Setting next_dagrun for example_display_name to None, run_after=None
[2024-05-01T12:24:05.731+0300] {processor.py:183} INFO - Processing /home/yohanes/Documents/10academy/week2_2/10ac_city_traffic_data_warehouse_week2/week2_env/lib/python3.8/site-packages/airflow/example_dags/example_display_name.py took 1.177 seconds
[2024-05-01T12:25:45.567+0300] {processor.py:161} INFO - Started process (PID=171491) to work on /home/yohanes/Documents/10academy/week2_2/10ac_city_traffic_data_warehouse_week2/week2_env/lib/python3.8/site-packages/airflow/example_dags/example_display_name.py
[2024-05-01T12:25:45.576+0300] {processor.py:830} INFO - Processing file /home/yohanes/Documents/10academy/week2_2/10ac_city_traffic_data_warehouse_week2/week2_env/lib/python3.8/site-packages/airflow/example_dags/example_display_name.py for tasks to queue
[2024-05-01T12:25:45.578+0300] {logging_mixin.py:188} INFO - [2024-05-01T12:25:45.577+0300] {dagbag.py:540} INFO - Filling up the DagBag from /home/yohanes/Documents/10academy/week2_2/10ac_city_traffic_data_warehouse_week2/week2_env/lib/python3.8/site-packages/airflow/example_dags/example_display_name.py
[2024-05-01T12:25:45.587+0300] {processor.py:840} INFO - DAG(s) 'example_display_name' retrieved from /home/yohanes/Documents/10academy/week2_2/10ac_city_traffic_data_warehouse_week2/week2_env/lib/python3.8/site-packages/airflow/example_dags/example_display_name.py
[2024-05-01T12:25:45.610+0300] {logging_mixin.py:188} INFO - [2024-05-01T12:25:45.610+0300] {dag.py:3096} INFO - Sync 1 DAGs
[2024-05-01T12:25:45.629+0300] {logging_mixin.py:188} INFO - [2024-05-01T12:25:45.629+0300] {dag.py:3954} INFO - Setting next_dagrun for example_display_name to None, run_after=None
[2024-05-01T12:25:45.769+0300] {processor.py:183} INFO - Processing /home/yohanes/Documents/10academy/week2_2/10ac_city_traffic_data_warehouse_week2/week2_env/lib/python3.8/site-packages/airflow/example_dags/example_display_name.py took 0.216 seconds
[2024-05-01T12:27:17.982+0300] {processor.py:161} INFO - Started process (PID=172317) to work on /home/yohanes/Documents/10academy/week2_2/10ac_city_traffic_data_warehouse_week2/week2_env/lib/python3.8/site-packages/airflow/example_dags/example_display_name.py
[2024-05-01T12:27:18.016+0300] {processor.py:830} INFO - Processing file /home/yohanes/Documents/10academy/week2_2/10ac_city_traffic_data_warehouse_week2/week2_env/lib/python3.8/site-packages/airflow/example_dags/example_display_name.py for tasks to queue
[2024-05-01T12:27:18.020+0300] {logging_mixin.py:188} INFO - [2024-05-01T12:27:18.019+0300] {dagbag.py:540} INFO - Filling up the DagBag from /home/yohanes/Documents/10academy/week2_2/10ac_city_traffic_data_warehouse_week2/week2_env/lib/python3.8/site-packages/airflow/example_dags/example_display_name.py
[2024-05-01T12:27:18.133+0300] {processor.py:840} INFO - DAG(s) 'example_display_name' retrieved from /home/yohanes/Documents/10academy/week2_2/10ac_city_traffic_data_warehouse_week2/week2_env/lib/python3.8/site-packages/airflow/example_dags/example_display_name.py
[2024-05-01T12:27:18.636+0300] {logging_mixin.py:188} INFO - [2024-05-01T12:27:18.635+0300] {dag.py:3096} INFO - Sync 1 DAGs
[2024-05-01T12:27:18.851+0300] {logging_mixin.py:188} INFO - [2024-05-01T12:27:18.850+0300] {dag.py:3954} INFO - Setting next_dagrun for example_display_name to None, run_after=None
[2024-05-01T12:27:19.311+0300] {processor.py:183} INFO - Processing /home/yohanes/Documents/10academy/week2_2/10ac_city_traffic_data_warehouse_week2/week2_env/lib/python3.8/site-packages/airflow/example_dags/example_display_name.py took 1.393 seconds
[2024-05-01T12:32:14.556+0300] {processor.py:161} INFO - Started process (PID=174686) to work on /home/yohanes/Documents/10academy/week2_2/10ac_city_traffic_data_warehouse_week2/week2_env/lib/python3.8/site-packages/airflow/example_dags/example_display_name.py
[2024-05-01T12:32:14.595+0300] {processor.py:830} INFO - Processing file /home/yohanes/Documents/10academy/week2_2/10ac_city_traffic_data_warehouse_week2/week2_env/lib/python3.8/site-packages/airflow/example_dags/example_display_name.py for tasks to queue
[2024-05-01T12:32:14.599+0300] {logging_mixin.py:188} INFO - [2024-05-01T12:32:14.599+0300] {dagbag.py:540} INFO - Filling up the DagBag from /home/yohanes/Documents/10academy/week2_2/10ac_city_traffic_data_warehouse_week2/week2_env/lib/python3.8/site-packages/airflow/example_dags/example_display_name.py
[2024-05-01T12:32:14.609+0300] {processor.py:840} INFO - DAG(s) 'example_display_name' retrieved from /home/yohanes/Documents/10academy/week2_2/10ac_city_traffic_data_warehouse_week2/week2_env/lib/python3.8/site-packages/airflow/example_dags/example_display_name.py
[2024-05-01T12:32:14.632+0300] {logging_mixin.py:188} INFO - [2024-05-01T12:32:14.632+0300] {dag.py:3096} INFO - Sync 1 DAGs
[2024-05-01T12:32:14.654+0300] {logging_mixin.py:188} INFO - [2024-05-01T12:32:14.654+0300] {dag.py:3954} INFO - Setting next_dagrun for example_display_name to None, run_after=None
[2024-05-01T12:32:14.794+0300] {processor.py:183} INFO - Processing /home/yohanes/Documents/10academy/week2_2/10ac_city_traffic_data_warehouse_week2/week2_env/lib/python3.8/site-packages/airflow/example_dags/example_display_name.py took 0.247 seconds
[2024-05-01T12:33:24.113+0300] {processor.py:161} INFO - Started process (PID=175296) to work on /home/yohanes/Documents/10academy/week2_2/10ac_city_traffic_data_warehouse_week2/week2_env/lib/python3.8/site-packages/airflow/example_dags/example_display_name.py
[2024-05-01T12:33:24.138+0300] {processor.py:830} INFO - Processing file /home/yohanes/Documents/10academy/week2_2/10ac_city_traffic_data_warehouse_week2/week2_env/lib/python3.8/site-packages/airflow/example_dags/example_display_name.py for tasks to queue
[2024-05-01T12:33:24.142+0300] {logging_mixin.py:188} INFO - [2024-05-01T12:33:24.141+0300] {dagbag.py:540} INFO - Filling up the DagBag from /home/yohanes/Documents/10academy/week2_2/10ac_city_traffic_data_warehouse_week2/week2_env/lib/python3.8/site-packages/airflow/example_dags/example_display_name.py
[2024-05-01T12:33:24.153+0300] {processor.py:840} INFO - DAG(s) 'example_display_name' retrieved from /home/yohanes/Documents/10academy/week2_2/10ac_city_traffic_data_warehouse_week2/week2_env/lib/python3.8/site-packages/airflow/example_dags/example_display_name.py
[2024-05-01T12:33:24.175+0300] {logging_mixin.py:188} INFO - [2024-05-01T12:33:24.175+0300] {dag.py:3096} INFO - Sync 1 DAGs
[2024-05-01T12:33:24.194+0300] {logging_mixin.py:188} INFO - [2024-05-01T12:33:24.193+0300] {dag.py:3954} INFO - Setting next_dagrun for example_display_name to None, run_after=None
[2024-05-01T12:33:24.320+0300] {processor.py:183} INFO - Processing /home/yohanes/Documents/10academy/week2_2/10ac_city_traffic_data_warehouse_week2/week2_env/lib/python3.8/site-packages/airflow/example_dags/example_display_name.py took 0.218 seconds
[2024-05-01T12:35:15.574+0300] {processor.py:161} INFO - Started process (PID=176320) to work on /home/yohanes/Documents/10academy/week2_2/10ac_city_traffic_data_warehouse_week2/week2_env/lib/python3.8/site-packages/airflow/example_dags/example_display_name.py
[2024-05-01T12:35:15.617+0300] {processor.py:830} INFO - Processing file /home/yohanes/Documents/10academy/week2_2/10ac_city_traffic_data_warehouse_week2/week2_env/lib/python3.8/site-packages/airflow/example_dags/example_display_name.py for tasks to queue
[2024-05-01T12:35:15.619+0300] {logging_mixin.py:188} INFO - [2024-05-01T12:35:15.619+0300] {dagbag.py:540} INFO - Filling up the DagBag from /home/yohanes/Documents/10academy/week2_2/10ac_city_traffic_data_warehouse_week2/week2_env/lib/python3.8/site-packages/airflow/example_dags/example_display_name.py
[2024-05-01T12:35:15.628+0300] {processor.py:840} INFO - DAG(s) 'example_display_name' retrieved from /home/yohanes/Documents/10academy/week2_2/10ac_city_traffic_data_warehouse_week2/week2_env/lib/python3.8/site-packages/airflow/example_dags/example_display_name.py
[2024-05-01T12:35:15.649+0300] {logging_mixin.py:188} INFO - [2024-05-01T12:35:15.649+0300] {dag.py:3096} INFO - Sync 1 DAGs
[2024-05-01T12:35:15.668+0300] {logging_mixin.py:188} INFO - [2024-05-01T12:35:15.668+0300] {dag.py:3954} INFO - Setting next_dagrun for example_display_name to None, run_after=None
[2024-05-01T12:35:16.680+0300] {processor.py:183} INFO - Processing /home/yohanes/Documents/10academy/week2_2/10ac_city_traffic_data_warehouse_week2/week2_env/lib/python3.8/site-packages/airflow/example_dags/example_display_name.py took 1.115 seconds
[2024-05-01T12:38:04.011+0300] {processor.py:161} INFO - Started process (PID=177689) to work on /home/yohanes/Documents/10academy/week2_2/10ac_city_traffic_data_warehouse_week2/week2_env/lib/python3.8/site-packages/airflow/example_dags/example_display_name.py
[2024-05-01T12:38:04.014+0300] {processor.py:830} INFO - Processing file /home/yohanes/Documents/10academy/week2_2/10ac_city_traffic_data_warehouse_week2/week2_env/lib/python3.8/site-packages/airflow/example_dags/example_display_name.py for tasks to queue
[2024-05-01T12:38:04.019+0300] {logging_mixin.py:188} INFO - [2024-05-01T12:38:04.018+0300] {dagbag.py:540} INFO - Filling up the DagBag from /home/yohanes/Documents/10academy/week2_2/10ac_city_traffic_data_warehouse_week2/week2_env/lib/python3.8/site-packages/airflow/example_dags/example_display_name.py
[2024-05-01T12:38:04.035+0300] {processor.py:840} INFO - DAG(s) 'example_display_name' retrieved from /home/yohanes/Documents/10academy/week2_2/10ac_city_traffic_data_warehouse_week2/week2_env/lib/python3.8/site-packages/airflow/example_dags/example_display_name.py
[2024-05-01T12:38:04.074+0300] {logging_mixin.py:188} INFO - [2024-05-01T12:38:04.074+0300] {dag.py:3096} INFO - Sync 1 DAGs
[2024-05-01T12:38:04.114+0300] {logging_mixin.py:188} INFO - [2024-05-01T12:38:04.113+0300] {dag.py:3954} INFO - Setting next_dagrun for example_display_name to None, run_after=None
[2024-05-01T12:38:04.301+0300] {processor.py:183} INFO - Processing /home/yohanes/Documents/10academy/week2_2/10ac_city_traffic_data_warehouse_week2/week2_env/lib/python3.8/site-packages/airflow/example_dags/example_display_name.py took 0.306 seconds
[2024-05-01T12:39:33.396+0300] {processor.py:161} INFO - Started process (PID=178463) to work on /home/yohanes/Documents/10academy/week2_2/10ac_city_traffic_data_warehouse_week2/week2_env/lib/python3.8/site-packages/airflow/example_dags/example_display_name.py
[2024-05-01T12:39:33.406+0300] {processor.py:830} INFO - Processing file /home/yohanes/Documents/10academy/week2_2/10ac_city_traffic_data_warehouse_week2/week2_env/lib/python3.8/site-packages/airflow/example_dags/example_display_name.py for tasks to queue
[2024-05-01T12:39:33.409+0300] {logging_mixin.py:188} INFO - [2024-05-01T12:39:33.408+0300] {dagbag.py:540} INFO - Filling up the DagBag from /home/yohanes/Documents/10academy/week2_2/10ac_city_traffic_data_warehouse_week2/week2_env/lib/python3.8/site-packages/airflow/example_dags/example_display_name.py
[2024-05-01T12:39:33.418+0300] {processor.py:840} INFO - DAG(s) 'example_display_name' retrieved from /home/yohanes/Documents/10academy/week2_2/10ac_city_traffic_data_warehouse_week2/week2_env/lib/python3.8/site-packages/airflow/example_dags/example_display_name.py
[2024-05-01T12:39:33.444+0300] {logging_mixin.py:188} INFO - [2024-05-01T12:39:33.444+0300] {dag.py:3096} INFO - Sync 1 DAGs
[2024-05-01T12:39:33.465+0300] {logging_mixin.py:188} INFO - [2024-05-01T12:39:33.465+0300] {dag.py:3954} INFO - Setting next_dagrun for example_display_name to None, run_after=None
[2024-05-01T12:39:33.592+0300] {processor.py:183} INFO - Processing /home/yohanes/Documents/10academy/week2_2/10ac_city_traffic_data_warehouse_week2/week2_env/lib/python3.8/site-packages/airflow/example_dags/example_display_name.py took 0.210 seconds
[2024-05-01T12:41:00.708+0300] {processor.py:161} INFO - Started process (PID=179508) to work on /home/yohanes/Documents/10academy/week2_2/10ac_city_traffic_data_warehouse_week2/week2_env/lib/python3.8/site-packages/airflow/example_dags/example_display_name.py
[2024-05-01T12:41:00.758+0300] {processor.py:830} INFO - Processing file /home/yohanes/Documents/10academy/week2_2/10ac_city_traffic_data_warehouse_week2/week2_env/lib/python3.8/site-packages/airflow/example_dags/example_display_name.py for tasks to queue
[2024-05-01T12:41:00.762+0300] {logging_mixin.py:188} INFO - [2024-05-01T12:41:00.761+0300] {dagbag.py:540} INFO - Filling up the DagBag from /home/yohanes/Documents/10academy/week2_2/10ac_city_traffic_data_warehouse_week2/week2_env/lib/python3.8/site-packages/airflow/example_dags/example_display_name.py
[2024-05-01T12:41:00.774+0300] {processor.py:840} INFO - DAG(s) 'example_display_name' retrieved from /home/yohanes/Documents/10academy/week2_2/10ac_city_traffic_data_warehouse_week2/week2_env/lib/python3.8/site-packages/airflow/example_dags/example_display_name.py
[2024-05-01T12:41:00.801+0300] {logging_mixin.py:188} INFO - [2024-05-01T12:41:00.800+0300] {dag.py:3096} INFO - Sync 1 DAGs
[2024-05-01T12:41:00.823+0300] {logging_mixin.py:188} INFO - [2024-05-01T12:41:00.823+0300] {dag.py:3954} INFO - Setting next_dagrun for example_display_name to None, run_after=None
[2024-05-01T12:41:00.975+0300] {processor.py:183} INFO - Processing /home/yohanes/Documents/10academy/week2_2/10ac_city_traffic_data_warehouse_week2/week2_env/lib/python3.8/site-packages/airflow/example_dags/example_display_name.py took 0.282 seconds
[2024-05-01T12:42:44.761+0300] {processor.py:161} INFO - Started process (PID=180366) to work on /home/yohanes/Documents/10academy/week2_2/10ac_city_traffic_data_warehouse_week2/week2_env/lib/python3.8/site-packages/airflow/example_dags/example_display_name.py
[2024-05-01T12:42:44.796+0300] {processor.py:830} INFO - Processing file /home/yohanes/Documents/10academy/week2_2/10ac_city_traffic_data_warehouse_week2/week2_env/lib/python3.8/site-packages/airflow/example_dags/example_display_name.py for tasks to queue
[2024-05-01T12:42:44.800+0300] {logging_mixin.py:188} INFO - [2024-05-01T12:42:44.799+0300] {dagbag.py:540} INFO - Filling up the DagBag from /home/yohanes/Documents/10academy/week2_2/10ac_city_traffic_data_warehouse_week2/week2_env/lib/python3.8/site-packages/airflow/example_dags/example_display_name.py
[2024-05-01T12:42:44.812+0300] {processor.py:840} INFO - DAG(s) 'example_display_name' retrieved from /home/yohanes/Documents/10academy/week2_2/10ac_city_traffic_data_warehouse_week2/week2_env/lib/python3.8/site-packages/airflow/example_dags/example_display_name.py
[2024-05-01T12:42:44.834+0300] {logging_mixin.py:188} INFO - [2024-05-01T12:42:44.834+0300] {dag.py:3096} INFO - Sync 1 DAGs
[2024-05-01T12:42:44.852+0300] {logging_mixin.py:188} INFO - [2024-05-01T12:42:44.851+0300] {dag.py:3954} INFO - Setting next_dagrun for example_display_name to None, run_after=None
[2024-05-01T12:42:45.089+0300] {processor.py:183} INFO - Processing /home/yohanes/Documents/10academy/week2_2/10ac_city_traffic_data_warehouse_week2/week2_env/lib/python3.8/site-packages/airflow/example_dags/example_display_name.py took 0.337 seconds
[2024-05-01T12:44:03.457+0300] {processor.py:161} INFO - Started process (PID=181185) to work on /home/yohanes/Documents/10academy/week2_2/10ac_city_traffic_data_warehouse_week2/week2_env/lib/python3.8/site-packages/airflow/example_dags/example_display_name.py
[2024-05-01T12:44:03.491+0300] {processor.py:830} INFO - Processing file /home/yohanes/Documents/10academy/week2_2/10ac_city_traffic_data_warehouse_week2/week2_env/lib/python3.8/site-packages/airflow/example_dags/example_display_name.py for tasks to queue
[2024-05-01T12:44:03.494+0300] {logging_mixin.py:188} INFO - [2024-05-01T12:44:03.494+0300] {dagbag.py:540} INFO - Filling up the DagBag from /home/yohanes/Documents/10academy/week2_2/10ac_city_traffic_data_warehouse_week2/week2_env/lib/python3.8/site-packages/airflow/example_dags/example_display_name.py
[2024-05-01T12:44:03.503+0300] {processor.py:840} INFO - DAG(s) 'example_display_name' retrieved from /home/yohanes/Documents/10academy/week2_2/10ac_city_traffic_data_warehouse_week2/week2_env/lib/python3.8/site-packages/airflow/example_dags/example_display_name.py
[2024-05-01T12:44:03.524+0300] {logging_mixin.py:188} INFO - [2024-05-01T12:44:03.524+0300] {dag.py:3096} INFO - Sync 1 DAGs
[2024-05-01T12:44:03.542+0300] {logging_mixin.py:188} INFO - [2024-05-01T12:44:03.542+0300] {dag.py:3954} INFO - Setting next_dagrun for example_display_name to None, run_after=None
[2024-05-01T12:44:03.670+0300] {processor.py:183} INFO - Processing /home/yohanes/Documents/10academy/week2_2/10ac_city_traffic_data_warehouse_week2/week2_env/lib/python3.8/site-packages/airflow/example_dags/example_display_name.py took 0.224 seconds
[2024-05-01T12:45:09.655+0300] {processor.py:161} INFO - Started process (PID=181719) to work on /home/yohanes/Documents/10academy/week2_2/10ac_city_traffic_data_warehouse_week2/week2_env/lib/python3.8/site-packages/airflow/example_dags/example_display_name.py
[2024-05-01T12:45:09.707+0300] {processor.py:830} INFO - Processing file /home/yohanes/Documents/10academy/week2_2/10ac_city_traffic_data_warehouse_week2/week2_env/lib/python3.8/site-packages/airflow/example_dags/example_display_name.py for tasks to queue
[2024-05-01T12:45:09.709+0300] {logging_mixin.py:188} INFO - [2024-05-01T12:45:09.709+0300] {dagbag.py:540} INFO - Filling up the DagBag from /home/yohanes/Documents/10academy/week2_2/10ac_city_traffic_data_warehouse_week2/week2_env/lib/python3.8/site-packages/airflow/example_dags/example_display_name.py
[2024-05-01T12:45:09.717+0300] {processor.py:840} INFO - DAG(s) 'example_display_name' retrieved from /home/yohanes/Documents/10academy/week2_2/10ac_city_traffic_data_warehouse_week2/week2_env/lib/python3.8/site-packages/airflow/example_dags/example_display_name.py
[2024-05-01T12:45:09.739+0300] {logging_mixin.py:188} INFO - [2024-05-01T12:45:09.739+0300] {dag.py:3096} INFO - Sync 1 DAGs
[2024-05-01T12:45:09.761+0300] {logging_mixin.py:188} INFO - [2024-05-01T12:45:09.761+0300] {dag.py:3954} INFO - Setting next_dagrun for example_display_name to None, run_after=None
[2024-05-01T12:45:09.893+0300] {processor.py:183} INFO - Processing /home/yohanes/Documents/10academy/week2_2/10ac_city_traffic_data_warehouse_week2/week2_env/lib/python3.8/site-packages/airflow/example_dags/example_display_name.py took 0.248 seconds
[2024-05-01T12:46:18.116+0300] {processor.py:161} INFO - Started process (PID=182513) to work on /home/yohanes/Documents/10academy/week2_2/10ac_city_traffic_data_warehouse_week2/week2_env/lib/python3.8/site-packages/airflow/example_dags/example_display_name.py
[2024-05-01T12:46:18.213+0300] {processor.py:830} INFO - Processing file /home/yohanes/Documents/10academy/week2_2/10ac_city_traffic_data_warehouse_week2/week2_env/lib/python3.8/site-packages/airflow/example_dags/example_display_name.py for tasks to queue
[2024-05-01T12:46:18.216+0300] {logging_mixin.py:188} INFO - [2024-05-01T12:46:18.216+0300] {dagbag.py:540} INFO - Filling up the DagBag from /home/yohanes/Documents/10academy/week2_2/10ac_city_traffic_data_warehouse_week2/week2_env/lib/python3.8/site-packages/airflow/example_dags/example_display_name.py
[2024-05-01T12:46:18.228+0300] {processor.py:840} INFO - DAG(s) 'example_display_name' retrieved from /home/yohanes/Documents/10academy/week2_2/10ac_city_traffic_data_warehouse_week2/week2_env/lib/python3.8/site-packages/airflow/example_dags/example_display_name.py
[2024-05-01T12:46:18.250+0300] {logging_mixin.py:188} INFO - [2024-05-01T12:46:18.250+0300] {dag.py:3096} INFO - Sync 1 DAGs
[2024-05-01T12:46:18.269+0300] {logging_mixin.py:188} INFO - [2024-05-01T12:46:18.269+0300] {dag.py:3954} INFO - Setting next_dagrun for example_display_name to None, run_after=None
[2024-05-01T12:46:18.403+0300] {processor.py:183} INFO - Processing /home/yohanes/Documents/10academy/week2_2/10ac_city_traffic_data_warehouse_week2/week2_env/lib/python3.8/site-packages/airflow/example_dags/example_display_name.py took 0.299 seconds
[2024-05-01T12:47:32.603+0300] {processor.py:161} INFO - Started process (PID=183377) to work on /home/yohanes/Documents/10academy/week2_2/10ac_city_traffic_data_warehouse_week2/week2_env/lib/python3.8/site-packages/airflow/example_dags/example_display_name.py
[2024-05-01T12:47:32.619+0300] {processor.py:830} INFO - Processing file /home/yohanes/Documents/10academy/week2_2/10ac_city_traffic_data_warehouse_week2/week2_env/lib/python3.8/site-packages/airflow/example_dags/example_display_name.py for tasks to queue
[2024-05-01T12:47:32.621+0300] {logging_mixin.py:188} INFO - [2024-05-01T12:47:32.621+0300] {dagbag.py:540} INFO - Filling up the DagBag from /home/yohanes/Documents/10academy/week2_2/10ac_city_traffic_data_warehouse_week2/week2_env/lib/python3.8/site-packages/airflow/example_dags/example_display_name.py
[2024-05-01T12:47:32.630+0300] {processor.py:840} INFO - DAG(s) 'example_display_name' retrieved from /home/yohanes/Documents/10academy/week2_2/10ac_city_traffic_data_warehouse_week2/week2_env/lib/python3.8/site-packages/airflow/example_dags/example_display_name.py
[2024-05-01T12:47:32.652+0300] {logging_mixin.py:188} INFO - [2024-05-01T12:47:32.652+0300] {dag.py:3096} INFO - Sync 1 DAGs
[2024-05-01T12:47:32.670+0300] {logging_mixin.py:188} INFO - [2024-05-01T12:47:32.670+0300] {dag.py:3954} INFO - Setting next_dagrun for example_display_name to None, run_after=None
[2024-05-01T12:47:32.817+0300] {processor.py:183} INFO - Processing /home/yohanes/Documents/10academy/week2_2/10ac_city_traffic_data_warehouse_week2/week2_env/lib/python3.8/site-packages/airflow/example_dags/example_display_name.py took 0.225 seconds
[2024-05-01T12:49:01.810+0300] {processor.py:161} INFO - Started process (PID=184266) to work on /home/yohanes/Documents/10academy/week2_2/10ac_city_traffic_data_warehouse_week2/week2_env/lib/python3.8/site-packages/airflow/example_dags/example_display_name.py
[2024-05-01T12:49:01.829+0300] {processor.py:830} INFO - Processing file /home/yohanes/Documents/10academy/week2_2/10ac_city_traffic_data_warehouse_week2/week2_env/lib/python3.8/site-packages/airflow/example_dags/example_display_name.py for tasks to queue
[2024-05-01T12:49:01.833+0300] {logging_mixin.py:188} INFO - [2024-05-01T12:49:01.833+0300] {dagbag.py:540} INFO - Filling up the DagBag from /home/yohanes/Documents/10academy/week2_2/10ac_city_traffic_data_warehouse_week2/week2_env/lib/python3.8/site-packages/airflow/example_dags/example_display_name.py
[2024-05-01T12:49:01.844+0300] {processor.py:840} INFO - DAG(s) 'example_display_name' retrieved from /home/yohanes/Documents/10academy/week2_2/10ac_city_traffic_data_warehouse_week2/week2_env/lib/python3.8/site-packages/airflow/example_dags/example_display_name.py
[2024-05-01T12:49:01.868+0300] {logging_mixin.py:188} INFO - [2024-05-01T12:49:01.868+0300] {dag.py:3096} INFO - Sync 1 DAGs
[2024-05-01T12:49:01.887+0300] {logging_mixin.py:188} INFO - [2024-05-01T12:49:01.886+0300] {dag.py:3954} INFO - Setting next_dagrun for example_display_name to None, run_after=None
[2024-05-01T12:49:02.076+0300] {processor.py:183} INFO - Processing /home/yohanes/Documents/10academy/week2_2/10ac_city_traffic_data_warehouse_week2/week2_env/lib/python3.8/site-packages/airflow/example_dags/example_display_name.py took 0.277 seconds
[2024-05-01T12:50:35.142+0300] {processor.py:161} INFO - Started process (PID=185260) to work on /home/yohanes/Documents/10academy/week2_2/10ac_city_traffic_data_warehouse_week2/week2_env/lib/python3.8/site-packages/airflow/example_dags/example_display_name.py
[2024-05-01T12:50:35.158+0300] {processor.py:830} INFO - Processing file /home/yohanes/Documents/10academy/week2_2/10ac_city_traffic_data_warehouse_week2/week2_env/lib/python3.8/site-packages/airflow/example_dags/example_display_name.py for tasks to queue
[2024-05-01T12:50:35.161+0300] {logging_mixin.py:188} INFO - [2024-05-01T12:50:35.160+0300] {dagbag.py:540} INFO - Filling up the DagBag from /home/yohanes/Documents/10academy/week2_2/10ac_city_traffic_data_warehouse_week2/week2_env/lib/python3.8/site-packages/airflow/example_dags/example_display_name.py
[2024-05-01T12:50:35.172+0300] {processor.py:840} INFO - DAG(s) 'example_display_name' retrieved from /home/yohanes/Documents/10academy/week2_2/10ac_city_traffic_data_warehouse_week2/week2_env/lib/python3.8/site-packages/airflow/example_dags/example_display_name.py
[2024-05-01T12:50:35.197+0300] {logging_mixin.py:188} INFO - [2024-05-01T12:50:35.197+0300] {dag.py:3096} INFO - Sync 1 DAGs
[2024-05-01T12:50:35.218+0300] {logging_mixin.py:188} INFO - [2024-05-01T12:50:35.218+0300] {dag.py:3954} INFO - Setting next_dagrun for example_display_name to None, run_after=None
[2024-05-01T12:50:35.442+0300] {processor.py:183} INFO - Processing /home/yohanes/Documents/10academy/week2_2/10ac_city_traffic_data_warehouse_week2/week2_env/lib/python3.8/site-packages/airflow/example_dags/example_display_name.py took 0.309 seconds
[2024-05-01T12:52:19.278+0300] {processor.py:161} INFO - Started process (PID=186586) to work on /home/yohanes/Documents/10academy/week2_2/10ac_city_traffic_data_warehouse_week2/week2_env/lib/python3.8/site-packages/airflow/example_dags/example_display_name.py
[2024-05-01T12:52:19.314+0300] {processor.py:830} INFO - Processing file /home/yohanes/Documents/10academy/week2_2/10ac_city_traffic_data_warehouse_week2/week2_env/lib/python3.8/site-packages/airflow/example_dags/example_display_name.py for tasks to queue
[2024-05-01T12:52:19.317+0300] {logging_mixin.py:188} INFO - [2024-05-01T12:52:19.316+0300] {dagbag.py:540} INFO - Filling up the DagBag from /home/yohanes/Documents/10academy/week2_2/10ac_city_traffic_data_warehouse_week2/week2_env/lib/python3.8/site-packages/airflow/example_dags/example_display_name.py
[2024-05-01T12:52:19.393+0300] {processor.py:840} INFO - DAG(s) 'example_display_name' retrieved from /home/yohanes/Documents/10academy/week2_2/10ac_city_traffic_data_warehouse_week2/week2_env/lib/python3.8/site-packages/airflow/example_dags/example_display_name.py
[2024-05-01T12:52:19.414+0300] {logging_mixin.py:188} INFO - [2024-05-01T12:52:19.413+0300] {dag.py:3096} INFO - Sync 1 DAGs
[2024-05-01T12:52:19.432+0300] {logging_mixin.py:188} INFO - [2024-05-01T12:52:19.432+0300] {dag.py:3954} INFO - Setting next_dagrun for example_display_name to None, run_after=None
[2024-05-01T12:52:19.675+0300] {processor.py:183} INFO - Processing /home/yohanes/Documents/10academy/week2_2/10ac_city_traffic_data_warehouse_week2/week2_env/lib/python3.8/site-packages/airflow/example_dags/example_display_name.py took 0.407 seconds
[2024-05-01T12:53:53.812+0300] {processor.py:161} INFO - Started process (PID=187515) to work on /home/yohanes/Documents/10academy/week2_2/10ac_city_traffic_data_warehouse_week2/week2_env/lib/python3.8/site-packages/airflow/example_dags/example_display_name.py
[2024-05-01T12:53:53.833+0300] {processor.py:830} INFO - Processing file /home/yohanes/Documents/10academy/week2_2/10ac_city_traffic_data_warehouse_week2/week2_env/lib/python3.8/site-packages/airflow/example_dags/example_display_name.py for tasks to queue
[2024-05-01T12:53:53.835+0300] {logging_mixin.py:188} INFO - [2024-05-01T12:53:53.835+0300] {dagbag.py:540} INFO - Filling up the DagBag from /home/yohanes/Documents/10academy/week2_2/10ac_city_traffic_data_warehouse_week2/week2_env/lib/python3.8/site-packages/airflow/example_dags/example_display_name.py
[2024-05-01T12:53:53.845+0300] {processor.py:840} INFO - DAG(s) 'example_display_name' retrieved from /home/yohanes/Documents/10academy/week2_2/10ac_city_traffic_data_warehouse_week2/week2_env/lib/python3.8/site-packages/airflow/example_dags/example_display_name.py
[2024-05-01T12:53:53.866+0300] {logging_mixin.py:188} INFO - [2024-05-01T12:53:53.866+0300] {dag.py:3096} INFO - Sync 1 DAGs
[2024-05-01T12:53:53.885+0300] {logging_mixin.py:188} INFO - [2024-05-01T12:53:53.884+0300] {dag.py:3954} INFO - Setting next_dagrun for example_display_name to None, run_after=None
[2024-05-01T12:53:54.068+0300] {processor.py:183} INFO - Processing /home/yohanes/Documents/10academy/week2_2/10ac_city_traffic_data_warehouse_week2/week2_env/lib/python3.8/site-packages/airflow/example_dags/example_display_name.py took 0.265 seconds
[2024-05-01T12:55:05.517+0300] {processor.py:161} INFO - Started process (PID=188132) to work on /home/yohanes/Documents/10academy/week2_2/10ac_city_traffic_data_warehouse_week2/week2_env/lib/python3.8/site-packages/airflow/example_dags/example_display_name.py
[2024-05-01T12:55:05.539+0300] {processor.py:830} INFO - Processing file /home/yohanes/Documents/10academy/week2_2/10ac_city_traffic_data_warehouse_week2/week2_env/lib/python3.8/site-packages/airflow/example_dags/example_display_name.py for tasks to queue
[2024-05-01T12:55:05.541+0300] {logging_mixin.py:188} INFO - [2024-05-01T12:55:05.540+0300] {dagbag.py:540} INFO - Filling up the DagBag from /home/yohanes/Documents/10academy/week2_2/10ac_city_traffic_data_warehouse_week2/week2_env/lib/python3.8/site-packages/airflow/example_dags/example_display_name.py
[2024-05-01T12:55:05.551+0300] {processor.py:840} INFO - DAG(s) 'example_display_name' retrieved from /home/yohanes/Documents/10academy/week2_2/10ac_city_traffic_data_warehouse_week2/week2_env/lib/python3.8/site-packages/airflow/example_dags/example_display_name.py
[2024-05-01T12:55:05.573+0300] {logging_mixin.py:188} INFO - [2024-05-01T12:55:05.573+0300] {dag.py:3096} INFO - Sync 1 DAGs
[2024-05-01T12:55:05.596+0300] {logging_mixin.py:188} INFO - [2024-05-01T12:55:05.595+0300] {dag.py:3954} INFO - Setting next_dagrun for example_display_name to None, run_after=None
[2024-05-01T12:55:05.752+0300] {processor.py:183} INFO - Processing /home/yohanes/Documents/10academy/week2_2/10ac_city_traffic_data_warehouse_week2/week2_env/lib/python3.8/site-packages/airflow/example_dags/example_display_name.py took 0.245 seconds
[2024-05-01T12:56:18.218+0300] {processor.py:161} INFO - Started process (PID=188926) to work on /home/yohanes/Documents/10academy/week2_2/10ac_city_traffic_data_warehouse_week2/week2_env/lib/python3.8/site-packages/airflow/example_dags/example_display_name.py
[2024-05-01T12:56:18.243+0300] {processor.py:830} INFO - Processing file /home/yohanes/Documents/10academy/week2_2/10ac_city_traffic_data_warehouse_week2/week2_env/lib/python3.8/site-packages/airflow/example_dags/example_display_name.py for tasks to queue
[2024-05-01T12:56:18.245+0300] {logging_mixin.py:188} INFO - [2024-05-01T12:56:18.245+0300] {dagbag.py:540} INFO - Filling up the DagBag from /home/yohanes/Documents/10academy/week2_2/10ac_city_traffic_data_warehouse_week2/week2_env/lib/python3.8/site-packages/airflow/example_dags/example_display_name.py
[2024-05-01T12:56:18.254+0300] {processor.py:840} INFO - DAG(s) 'example_display_name' retrieved from /home/yohanes/Documents/10academy/week2_2/10ac_city_traffic_data_warehouse_week2/week2_env/lib/python3.8/site-packages/airflow/example_dags/example_display_name.py
[2024-05-01T12:56:18.275+0300] {logging_mixin.py:188} INFO - [2024-05-01T12:56:18.275+0300] {dag.py:3096} INFO - Sync 1 DAGs
[2024-05-01T12:56:18.293+0300] {logging_mixin.py:188} INFO - [2024-05-01T12:56:18.293+0300] {dag.py:3954} INFO - Setting next_dagrun for example_display_name to None, run_after=None
[2024-05-01T12:56:18.439+0300] {processor.py:183} INFO - Processing /home/yohanes/Documents/10academy/week2_2/10ac_city_traffic_data_warehouse_week2/week2_env/lib/python3.8/site-packages/airflow/example_dags/example_display_name.py took 0.232 seconds
[2024-05-01T12:57:32.888+0300] {processor.py:161} INFO - Started process (PID=190005) to work on /home/yohanes/Documents/10academy/week2_2/10ac_city_traffic_data_warehouse_week2/week2_env/lib/python3.8/site-packages/airflow/example_dags/example_display_name.py
[2024-05-01T12:57:32.916+0300] {processor.py:830} INFO - Processing file /home/yohanes/Documents/10academy/week2_2/10ac_city_traffic_data_warehouse_week2/week2_env/lib/python3.8/site-packages/airflow/example_dags/example_display_name.py for tasks to queue
[2024-05-01T12:57:32.922+0300] {logging_mixin.py:188} INFO - [2024-05-01T12:57:32.921+0300] {dagbag.py:540} INFO - Filling up the DagBag from /home/yohanes/Documents/10academy/week2_2/10ac_city_traffic_data_warehouse_week2/week2_env/lib/python3.8/site-packages/airflow/example_dags/example_display_name.py
[2024-05-01T12:57:32.957+0300] {processor.py:840} INFO - DAG(s) 'example_display_name' retrieved from /home/yohanes/Documents/10academy/week2_2/10ac_city_traffic_data_warehouse_week2/week2_env/lib/python3.8/site-packages/airflow/example_dags/example_display_name.py
[2024-05-01T12:57:32.988+0300] {logging_mixin.py:188} INFO - [2024-05-01T12:57:32.987+0300] {dag.py:3096} INFO - Sync 1 DAGs
[2024-05-01T12:57:33.018+0300] {logging_mixin.py:188} INFO - [2024-05-01T12:57:33.017+0300] {dag.py:3954} INFO - Setting next_dagrun for example_display_name to None, run_after=None
[2024-05-01T12:57:33.376+0300] {processor.py:183} INFO - Processing /home/yohanes/Documents/10academy/week2_2/10ac_city_traffic_data_warehouse_week2/week2_env/lib/python3.8/site-packages/airflow/example_dags/example_display_name.py took 0.502 seconds
[2024-05-01T12:57:48.692+0300] {processor.py:161} INFO - Started process (PID=190790) to work on /home/yohanes/Documents/10academy/week2_2/10ac_city_traffic_data_warehouse_week2/week2_env/lib/python3.8/site-packages/airflow/example_dags/example_display_name.py
[2024-05-01T12:57:48.693+0300] {processor.py:830} INFO - Processing file /home/yohanes/Documents/10academy/week2_2/10ac_city_traffic_data_warehouse_week2/week2_env/lib/python3.8/site-packages/airflow/example_dags/example_display_name.py for tasks to queue
[2024-05-01T12:57:48.695+0300] {logging_mixin.py:188} INFO - [2024-05-01T12:57:48.695+0300] {dagbag.py:540} INFO - Filling up the DagBag from /home/yohanes/Documents/10academy/week2_2/10ac_city_traffic_data_warehouse_week2/week2_env/lib/python3.8/site-packages/airflow/example_dags/example_display_name.py
[2024-05-01T12:57:48.702+0300] {processor.py:840} INFO - DAG(s) 'example_display_name' retrieved from /home/yohanes/Documents/10academy/week2_2/10ac_city_traffic_data_warehouse_week2/week2_env/lib/python3.8/site-packages/airflow/example_dags/example_display_name.py
[2024-05-01T12:57:48.888+0300] {logging_mixin.py:188} INFO - [2024-05-01T12:57:48.887+0300] {override.py:1829} INFO - Created Permission View: can read on DAG:example_display_name
[2024-05-01T12:57:48.921+0300] {logging_mixin.py:188} INFO - [2024-05-01T12:57:48.921+0300] {override.py:1829} INFO - Created Permission View: can edit on DAG:example_display_name
[2024-05-01T12:57:48.949+0300] {logging_mixin.py:188} INFO - [2024-05-01T12:57:48.948+0300] {override.py:1829} INFO - Created Permission View: can delete on DAG:example_display_name
[2024-05-01T12:57:48.950+0300] {logging_mixin.py:188} INFO - [2024-05-01T12:57:48.949+0300] {dag.py:3096} INFO - Sync 1 DAGs
[2024-05-01T12:57:48.976+0300] {logging_mixin.py:188} INFO - [2024-05-01T12:57:48.976+0300] {dag.py:3118} INFO - Creating ORM DAG for example_display_name
[2024-05-01T12:57:48.977+0300] {logging_mixin.py:188} INFO - [2024-05-01T12:57:48.977+0300] {dag.py:3954} INFO - Setting next_dagrun for example_display_name to None, run_after=None
[2024-05-01T12:57:49.024+0300] {processor.py:183} INFO - Processing /home/yohanes/Documents/10academy/week2_2/10ac_city_traffic_data_warehouse_week2/week2_env/lib/python3.8/site-packages/airflow/example_dags/example_display_name.py took 0.343 seconds
[2024-05-01T13:00:10.565+0300] {processor.py:161} INFO - Started process (PID=192746) to work on /home/yohanes/Documents/10academy/week2_2/10ac_city_traffic_data_warehouse_week2/week2_env/lib/python3.8/site-packages/airflow/example_dags/example_display_name.py
[2024-05-01T13:00:10.626+0300] {processor.py:830} INFO - Processing file /home/yohanes/Documents/10academy/week2_2/10ac_city_traffic_data_warehouse_week2/week2_env/lib/python3.8/site-packages/airflow/example_dags/example_display_name.py for tasks to queue
[2024-05-01T13:00:10.629+0300] {logging_mixin.py:188} INFO - [2024-05-01T13:00:10.628+0300] {dagbag.py:540} INFO - Filling up the DagBag from /home/yohanes/Documents/10academy/week2_2/10ac_city_traffic_data_warehouse_week2/week2_env/lib/python3.8/site-packages/airflow/example_dags/example_display_name.py
[2024-05-01T13:00:11.327+0300] {processor.py:840} INFO - DAG(s) 'example_display_name' retrieved from /home/yohanes/Documents/10academy/week2_2/10ac_city_traffic_data_warehouse_week2/week2_env/lib/python3.8/site-packages/airflow/example_dags/example_display_name.py
[2024-05-01T13:00:11.401+0300] {logging_mixin.py:188} INFO - [2024-05-01T13:00:11.401+0300] {dag.py:3096} INFO - Sync 1 DAGs
[2024-05-01T13:00:11.419+0300] {logging_mixin.py:188} INFO - [2024-05-01T13:00:11.419+0300] {dag.py:3954} INFO - Setting next_dagrun for example_display_name to None, run_after=None
[2024-05-01T13:00:11.694+0300] {processor.py:183} INFO - Processing /home/yohanes/Documents/10academy/week2_2/10ac_city_traffic_data_warehouse_week2/week2_env/lib/python3.8/site-packages/airflow/example_dags/example_display_name.py took 1.139 seconds
[2024-05-01T13:04:02.549+0300] {processor.py:161} INFO - Started process (PID=195107) to work on /home/yohanes/Documents/10academy/week2_2/10ac_city_traffic_data_warehouse_week2/week2_env/lib/python3.8/site-packages/airflow/example_dags/example_display_name.py
[2024-05-01T13:04:02.575+0300] {processor.py:830} INFO - Processing file /home/yohanes/Documents/10academy/week2_2/10ac_city_traffic_data_warehouse_week2/week2_env/lib/python3.8/site-packages/airflow/example_dags/example_display_name.py for tasks to queue
[2024-05-01T13:04:02.578+0300] {logging_mixin.py:188} INFO - [2024-05-01T13:04:02.577+0300] {dagbag.py:540} INFO - Filling up the DagBag from /home/yohanes/Documents/10academy/week2_2/10ac_city_traffic_data_warehouse_week2/week2_env/lib/python3.8/site-packages/airflow/example_dags/example_display_name.py
[2024-05-01T13:04:02.588+0300] {processor.py:840} INFO - DAG(s) 'example_display_name' retrieved from /home/yohanes/Documents/10academy/week2_2/10ac_city_traffic_data_warehouse_week2/week2_env/lib/python3.8/site-packages/airflow/example_dags/example_display_name.py
[2024-05-01T13:04:02.609+0300] {logging_mixin.py:188} INFO - [2024-05-01T13:04:02.609+0300] {dag.py:3096} INFO - Sync 1 DAGs
[2024-05-01T13:04:02.631+0300] {logging_mixin.py:188} INFO - [2024-05-01T13:04:02.630+0300] {dag.py:3954} INFO - Setting next_dagrun for example_display_name to None, run_after=None
[2024-05-01T13:04:03.058+0300] {processor.py:183} INFO - Processing /home/yohanes/Documents/10academy/week2_2/10ac_city_traffic_data_warehouse_week2/week2_env/lib/python3.8/site-packages/airflow/example_dags/example_display_name.py took 0.520 seconds
[2024-05-01T13:05:20.911+0300] {processor.py:161} INFO - Started process (PID=196000) to work on /home/yohanes/Documents/10academy/week2_2/10ac_city_traffic_data_warehouse_week2/week2_env/lib/python3.8/site-packages/airflow/example_dags/example_display_name.py
[2024-05-01T13:05:20.959+0300] {processor.py:830} INFO - Processing file /home/yohanes/Documents/10academy/week2_2/10ac_city_traffic_data_warehouse_week2/week2_env/lib/python3.8/site-packages/airflow/example_dags/example_display_name.py for tasks to queue
[2024-05-01T13:05:20.961+0300] {logging_mixin.py:188} INFO - [2024-05-01T13:05:20.961+0300] {dagbag.py:540} INFO - Filling up the DagBag from /home/yohanes/Documents/10academy/week2_2/10ac_city_traffic_data_warehouse_week2/week2_env/lib/python3.8/site-packages/airflow/example_dags/example_display_name.py
[2024-05-01T13:05:20.970+0300] {processor.py:840} INFO - DAG(s) 'example_display_name' retrieved from /home/yohanes/Documents/10academy/week2_2/10ac_city_traffic_data_warehouse_week2/week2_env/lib/python3.8/site-packages/airflow/example_dags/example_display_name.py
[2024-05-01T13:05:20.990+0300] {logging_mixin.py:188} INFO - [2024-05-01T13:05:20.989+0300] {dag.py:3096} INFO - Sync 1 DAGs
[2024-05-01T13:05:21.011+0300] {logging_mixin.py:188} INFO - [2024-05-01T13:05:21.011+0300] {dag.py:3954} INFO - Setting next_dagrun for example_display_name to None, run_after=None
[2024-05-01T13:05:21.280+0300] {processor.py:183} INFO - Processing /home/yohanes/Documents/10academy/week2_2/10ac_city_traffic_data_warehouse_week2/week2_env/lib/python3.8/site-packages/airflow/example_dags/example_display_name.py took 0.379 seconds
[2024-05-01T13:06:37.539+0300] {processor.py:161} INFO - Started process (PID=196658) to work on /home/yohanes/Documents/10academy/week2_2/10ac_city_traffic_data_warehouse_week2/week2_env/lib/python3.8/site-packages/airflow/example_dags/example_display_name.py
[2024-05-01T13:06:37.614+0300] {processor.py:830} INFO - Processing file /home/yohanes/Documents/10academy/week2_2/10ac_city_traffic_data_warehouse_week2/week2_env/lib/python3.8/site-packages/airflow/example_dags/example_display_name.py for tasks to queue
[2024-05-01T13:06:37.617+0300] {logging_mixin.py:188} INFO - [2024-05-01T13:06:37.616+0300] {dagbag.py:540} INFO - Filling up the DagBag from /home/yohanes/Documents/10academy/week2_2/10ac_city_traffic_data_warehouse_week2/week2_env/lib/python3.8/site-packages/airflow/example_dags/example_display_name.py
[2024-05-01T13:06:37.625+0300] {processor.py:840} INFO - DAG(s) 'example_display_name' retrieved from /home/yohanes/Documents/10academy/week2_2/10ac_city_traffic_data_warehouse_week2/week2_env/lib/python3.8/site-packages/airflow/example_dags/example_display_name.py
[2024-05-01T13:06:37.647+0300] {logging_mixin.py:188} INFO - [2024-05-01T13:06:37.647+0300] {dag.py:3096} INFO - Sync 1 DAGs
[2024-05-01T13:06:37.664+0300] {logging_mixin.py:188} INFO - [2024-05-01T13:06:37.664+0300] {dag.py:3954} INFO - Setting next_dagrun for example_display_name to None, run_after=None
[2024-05-01T13:06:37.863+0300] {processor.py:183} INFO - Processing /home/yohanes/Documents/10academy/week2_2/10ac_city_traffic_data_warehouse_week2/week2_env/lib/python3.8/site-packages/airflow/example_dags/example_display_name.py took 0.334 seconds
[2024-05-01T13:07:46.258+0300] {processor.py:161} INFO - Started process (PID=197242) to work on /home/yohanes/Documents/10academy/week2_2/10ac_city_traffic_data_warehouse_week2/week2_env/lib/python3.8/site-packages/airflow/example_dags/example_display_name.py
[2024-05-01T13:07:46.321+0300] {processor.py:830} INFO - Processing file /home/yohanes/Documents/10academy/week2_2/10ac_city_traffic_data_warehouse_week2/week2_env/lib/python3.8/site-packages/airflow/example_dags/example_display_name.py for tasks to queue
[2024-05-01T13:07:46.326+0300] {logging_mixin.py:188} INFO - [2024-05-01T13:07:46.325+0300] {dagbag.py:540} INFO - Filling up the DagBag from /home/yohanes/Documents/10academy/week2_2/10ac_city_traffic_data_warehouse_week2/week2_env/lib/python3.8/site-packages/airflow/example_dags/example_display_name.py
[2024-05-01T13:07:46.340+0300] {processor.py:840} INFO - DAG(s) 'example_display_name' retrieved from /home/yohanes/Documents/10academy/week2_2/10ac_city_traffic_data_warehouse_week2/week2_env/lib/python3.8/site-packages/airflow/example_dags/example_display_name.py
[2024-05-01T13:07:46.367+0300] {logging_mixin.py:188} INFO - [2024-05-01T13:07:46.367+0300] {dag.py:3096} INFO - Sync 1 DAGs
[2024-05-01T13:07:46.389+0300] {logging_mixin.py:188} INFO - [2024-05-01T13:07:46.389+0300] {dag.py:3954} INFO - Setting next_dagrun for example_display_name to None, run_after=None
[2024-05-01T13:07:46.523+0300] {processor.py:183} INFO - Processing /home/yohanes/Documents/10academy/week2_2/10ac_city_traffic_data_warehouse_week2/week2_env/lib/python3.8/site-packages/airflow/example_dags/example_display_name.py took 0.279 seconds
[2024-05-01T13:09:24.309+0300] {processor.py:161} INFO - Started process (PID=198053) to work on /home/yohanes/Documents/10academy/week2_2/10ac_city_traffic_data_warehouse_week2/week2_env/lib/python3.8/site-packages/airflow/example_dags/example_display_name.py
[2024-05-01T13:09:24.330+0300] {processor.py:830} INFO - Processing file /home/yohanes/Documents/10academy/week2_2/10ac_city_traffic_data_warehouse_week2/week2_env/lib/python3.8/site-packages/airflow/example_dags/example_display_name.py for tasks to queue
[2024-05-01T13:09:24.332+0300] {logging_mixin.py:188} INFO - [2024-05-01T13:09:24.332+0300] {dagbag.py:540} INFO - Filling up the DagBag from /home/yohanes/Documents/10academy/week2_2/10ac_city_traffic_data_warehouse_week2/week2_env/lib/python3.8/site-packages/airflow/example_dags/example_display_name.py
[2024-05-01T13:09:24.342+0300] {processor.py:840} INFO - DAG(s) 'example_display_name' retrieved from /home/yohanes/Documents/10academy/week2_2/10ac_city_traffic_data_warehouse_week2/week2_env/lib/python3.8/site-packages/airflow/example_dags/example_display_name.py
[2024-05-01T13:09:24.365+0300] {logging_mixin.py:188} INFO - [2024-05-01T13:09:24.364+0300] {dag.py:3096} INFO - Sync 1 DAGs
[2024-05-01T13:09:24.387+0300] {logging_mixin.py:188} INFO - [2024-05-01T13:09:24.387+0300] {dag.py:3954} INFO - Setting next_dagrun for example_display_name to None, run_after=None
[2024-05-01T13:09:24.503+0300] {processor.py:183} INFO - Processing /home/yohanes/Documents/10academy/week2_2/10ac_city_traffic_data_warehouse_week2/week2_env/lib/python3.8/site-packages/airflow/example_dags/example_display_name.py took 0.205 seconds
[2024-05-01T13:13:39.805+0300] {processor.py:161} INFO - Started process (PID=200882) to work on /home/yohanes/Documents/10academy/week2_2/10ac_city_traffic_data_warehouse_week2/week2_env/lib/python3.8/site-packages/airflow/example_dags/example_display_name.py
[2024-05-01T13:13:39.807+0300] {processor.py:830} INFO - Processing file /home/yohanes/Documents/10academy/week2_2/10ac_city_traffic_data_warehouse_week2/week2_env/lib/python3.8/site-packages/airflow/example_dags/example_display_name.py for tasks to queue
[2024-05-01T13:13:39.810+0300] {logging_mixin.py:188} INFO - [2024-05-01T13:13:39.809+0300] {dagbag.py:540} INFO - Filling up the DagBag from /home/yohanes/Documents/10academy/week2_2/10ac_city_traffic_data_warehouse_week2/week2_env/lib/python3.8/site-packages/airflow/example_dags/example_display_name.py
[2024-05-01T13:13:39.819+0300] {processor.py:840} INFO - DAG(s) 'example_display_name' retrieved from /home/yohanes/Documents/10academy/week2_2/10ac_city_traffic_data_warehouse_week2/week2_env/lib/python3.8/site-packages/airflow/example_dags/example_display_name.py
[2024-05-01T13:13:40.107+0300] {logging_mixin.py:188} INFO - [2024-05-01T13:13:40.105+0300] {override.py:1829} INFO - Created Permission View: can delete on DAG:example_display_name
[2024-05-01T13:13:40.139+0300] {logging_mixin.py:188} INFO - [2024-05-01T13:13:40.139+0300] {override.py:1829} INFO - Created Permission View: can edit on DAG:example_display_name
[2024-05-01T13:13:40.161+0300] {logging_mixin.py:188} INFO - [2024-05-01T13:13:40.161+0300] {override.py:1829} INFO - Created Permission View: can read on DAG:example_display_name
[2024-05-01T13:13:40.162+0300] {logging_mixin.py:188} INFO - [2024-05-01T13:13:40.162+0300] {dag.py:3096} INFO - Sync 1 DAGs
[2024-05-01T13:13:40.181+0300] {logging_mixin.py:188} INFO - [2024-05-01T13:13:40.181+0300] {dag.py:3118} INFO - Creating ORM DAG for example_display_name
[2024-05-01T13:13:40.182+0300] {logging_mixin.py:188} INFO - [2024-05-01T13:13:40.182+0300] {dag.py:3954} INFO - Setting next_dagrun for example_display_name to None, run_after=None
[2024-05-01T13:13:40.221+0300] {processor.py:183} INFO - Processing /home/yohanes/Documents/10academy/week2_2/10ac_city_traffic_data_warehouse_week2/week2_env/lib/python3.8/site-packages/airflow/example_dags/example_display_name.py took 0.427 seconds
[2024-05-01T13:14:10.475+0300] {processor.py:161} INFO - Started process (PID=201394) to work on /home/yohanes/Documents/10academy/week2_2/10ac_city_traffic_data_warehouse_week2/week2_env/lib/python3.8/site-packages/airflow/example_dags/example_display_name.py
[2024-05-01T13:14:10.476+0300] {processor.py:830} INFO - Processing file /home/yohanes/Documents/10academy/week2_2/10ac_city_traffic_data_warehouse_week2/week2_env/lib/python3.8/site-packages/airflow/example_dags/example_display_name.py for tasks to queue
[2024-05-01T13:14:10.479+0300] {logging_mixin.py:188} INFO - [2024-05-01T13:14:10.479+0300] {dagbag.py:540} INFO - Filling up the DagBag from /home/yohanes/Documents/10academy/week2_2/10ac_city_traffic_data_warehouse_week2/week2_env/lib/python3.8/site-packages/airflow/example_dags/example_display_name.py
[2024-05-01T13:14:10.491+0300] {processor.py:840} INFO - DAG(s) 'example_display_name' retrieved from /home/yohanes/Documents/10academy/week2_2/10ac_city_traffic_data_warehouse_week2/week2_env/lib/python3.8/site-packages/airflow/example_dags/example_display_name.py
[2024-05-01T13:14:10.547+0300] {logging_mixin.py:188} INFO - [2024-05-01T13:14:10.547+0300] {dag.py:3096} INFO - Sync 1 DAGs
[2024-05-01T13:14:10.570+0300] {logging_mixin.py:188} INFO - [2024-05-01T13:14:10.570+0300] {dag.py:3954} INFO - Setting next_dagrun for example_display_name to None, run_after=None
[2024-05-01T13:14:10.612+0300] {processor.py:183} INFO - Processing /home/yohanes/Documents/10academy/week2_2/10ac_city_traffic_data_warehouse_week2/week2_env/lib/python3.8/site-packages/airflow/example_dags/example_display_name.py took 0.150 seconds
