[2024-05-01T11:48:42.700+0300] {processor.py:161} INFO - Started process (PID=153002) to work on /home/yohanes/Documents/10academy/week2_2/10ac_city_traffic_data_warehouse_week2/week2_env/lib/python3.8/site-packages/airflow/example_dags/example_bash_operator.py
[2024-05-01T11:48:42.702+0300] {processor.py:830} INFO - Processing file /home/yohanes/Documents/10academy/week2_2/10ac_city_traffic_data_warehouse_week2/week2_env/lib/python3.8/site-packages/airflow/example_dags/example_bash_operator.py for tasks to queue
[2024-05-01T11:48:42.705+0300] {logging_mixin.py:188} INFO - [2024-05-01T11:48:42.704+0300] {dagbag.py:540} INFO - Filling up the DagBag from /home/yohanes/Documents/10academy/week2_2/10ac_city_traffic_data_warehouse_week2/week2_env/lib/python3.8/site-packages/airflow/example_dags/example_bash_operator.py
[2024-05-01T11:48:42.745+0300] {processor.py:840} INFO - DAG(s) 'example_bash_operator' retrieved from /home/yohanes/Documents/10academy/week2_2/10ac_city_traffic_data_warehouse_week2/week2_env/lib/python3.8/site-packages/airflow/example_dags/example_bash_operator.py
[2024-05-01T11:48:42.895+0300] {logging_mixin.py:188} INFO - [2024-05-01T11:48:42.895+0300] {dag.py:3096} INFO - Sync 1 DAGs
[2024-05-01T11:48:42.922+0300] {logging_mixin.py:188} INFO - [2024-05-01T11:48:42.921+0300] {dag.py:3954} INFO - Setting next_dagrun for example_bash_operator to 2024-04-30 00:00:00+00:00, run_after=2024-05-01 00:00:00+00:00
[2024-05-01T11:48:43.080+0300] {processor.py:183} INFO - Processing /home/yohanes/Documents/10academy/week2_2/10ac_city_traffic_data_warehouse_week2/week2_env/lib/python3.8/site-packages/airflow/example_dags/example_bash_operator.py took 0.392 seconds
[2024-05-01T11:50:10.468+0300] {processor.py:161} INFO - Started process (PID=153733) to work on /home/yohanes/Documents/10academy/week2_2/10ac_city_traffic_data_warehouse_week2/week2_env/lib/python3.8/site-packages/airflow/example_dags/example_bash_operator.py
[2024-05-01T11:50:10.469+0300] {processor.py:830} INFO - Processing file /home/yohanes/Documents/10academy/week2_2/10ac_city_traffic_data_warehouse_week2/week2_env/lib/python3.8/site-packages/airflow/example_dags/example_bash_operator.py for tasks to queue
[2024-05-01T11:50:10.472+0300] {logging_mixin.py:188} INFO - [2024-05-01T11:50:10.471+0300] {dagbag.py:540} INFO - Filling up the DagBag from /home/yohanes/Documents/10academy/week2_2/10ac_city_traffic_data_warehouse_week2/week2_env/lib/python3.8/site-packages/airflow/example_dags/example_bash_operator.py
[2024-05-01T11:50:10.492+0300] {processor.py:840} INFO - DAG(s) 'example_bash_operator' retrieved from /home/yohanes/Documents/10academy/week2_2/10ac_city_traffic_data_warehouse_week2/week2_env/lib/python3.8/site-packages/airflow/example_dags/example_bash_operator.py
[2024-05-01T11:50:10.539+0300] {logging_mixin.py:188} INFO - [2024-05-01T11:50:10.538+0300] {dag.py:3096} INFO - Sync 1 DAGs
[2024-05-01T11:50:10.581+0300] {logging_mixin.py:188} INFO - [2024-05-01T11:50:10.581+0300] {dag.py:3954} INFO - Setting next_dagrun for example_bash_operator to 2024-04-30 00:00:00+00:00, run_after=2024-05-01 00:00:00+00:00
[2024-05-01T11:50:10.721+0300] {processor.py:183} INFO - Processing /home/yohanes/Documents/10academy/week2_2/10ac_city_traffic_data_warehouse_week2/week2_env/lib/python3.8/site-packages/airflow/example_dags/example_bash_operator.py took 0.264 seconds
[2024-05-01T11:51:22.202+0300] {processor.py:161} INFO - Started process (PID=154319) to work on /home/yohanes/Documents/10academy/week2_2/10ac_city_traffic_data_warehouse_week2/week2_env/lib/python3.8/site-packages/airflow/example_dags/example_bash_operator.py
[2024-05-01T11:51:22.204+0300] {processor.py:830} INFO - Processing file /home/yohanes/Documents/10academy/week2_2/10ac_city_traffic_data_warehouse_week2/week2_env/lib/python3.8/site-packages/airflow/example_dags/example_bash_operator.py for tasks to queue
[2024-05-01T11:51:22.207+0300] {logging_mixin.py:188} INFO - [2024-05-01T11:51:22.207+0300] {dagbag.py:540} INFO - Filling up the DagBag from /home/yohanes/Documents/10academy/week2_2/10ac_city_traffic_data_warehouse_week2/week2_env/lib/python3.8/site-packages/airflow/example_dags/example_bash_operator.py
[2024-05-01T11:51:22.226+0300] {processor.py:840} INFO - DAG(s) 'example_bash_operator' retrieved from /home/yohanes/Documents/10academy/week2_2/10ac_city_traffic_data_warehouse_week2/week2_env/lib/python3.8/site-packages/airflow/example_dags/example_bash_operator.py
[2024-05-01T11:51:22.262+0300] {logging_mixin.py:188} INFO - [2024-05-01T11:51:22.262+0300] {dag.py:3096} INFO - Sync 1 DAGs
[2024-05-01T11:51:22.293+0300] {logging_mixin.py:188} INFO - [2024-05-01T11:51:22.293+0300] {dag.py:3954} INFO - Setting next_dagrun for example_bash_operator to 2024-04-30 00:00:00+00:00, run_after=2024-05-01 00:00:00+00:00
[2024-05-01T11:51:22.427+0300] {processor.py:183} INFO - Processing /home/yohanes/Documents/10academy/week2_2/10ac_city_traffic_data_warehouse_week2/week2_env/lib/python3.8/site-packages/airflow/example_dags/example_bash_operator.py took 0.235 seconds
[2024-05-01T11:52:31.768+0300] {processor.py:161} INFO - Started process (PID=154868) to work on /home/yohanes/Documents/10academy/week2_2/10ac_city_traffic_data_warehouse_week2/week2_env/lib/python3.8/site-packages/airflow/example_dags/example_bash_operator.py
[2024-05-01T11:52:31.831+0300] {processor.py:830} INFO - Processing file /home/yohanes/Documents/10academy/week2_2/10ac_city_traffic_data_warehouse_week2/week2_env/lib/python3.8/site-packages/airflow/example_dags/example_bash_operator.py for tasks to queue
[2024-05-01T11:52:31.833+0300] {logging_mixin.py:188} INFO - [2024-05-01T11:52:31.832+0300] {dagbag.py:540} INFO - Filling up the DagBag from /home/yohanes/Documents/10academy/week2_2/10ac_city_traffic_data_warehouse_week2/week2_env/lib/python3.8/site-packages/airflow/example_dags/example_bash_operator.py
[2024-05-01T11:52:31.850+0300] {processor.py:840} INFO - DAG(s) 'example_bash_operator' retrieved from /home/yohanes/Documents/10academy/week2_2/10ac_city_traffic_data_warehouse_week2/week2_env/lib/python3.8/site-packages/airflow/example_dags/example_bash_operator.py
[2024-05-01T11:52:31.888+0300] {logging_mixin.py:188} INFO - [2024-05-01T11:52:31.888+0300] {dag.py:3096} INFO - Sync 1 DAGs
[2024-05-01T11:52:31.919+0300] {logging_mixin.py:188} INFO - [2024-05-01T11:52:31.919+0300] {dag.py:3954} INFO - Setting next_dagrun for example_bash_operator to 2024-04-30 00:00:00+00:00, run_after=2024-05-01 00:00:00+00:00
[2024-05-01T11:52:32.042+0300] {processor.py:183} INFO - Processing /home/yohanes/Documents/10academy/week2_2/10ac_city_traffic_data_warehouse_week2/week2_env/lib/python3.8/site-packages/airflow/example_dags/example_bash_operator.py took 0.283 seconds
[2024-05-01T11:53:41.112+0300] {processor.py:161} INFO - Started process (PID=155413) to work on /home/yohanes/Documents/10academy/week2_2/10ac_city_traffic_data_warehouse_week2/week2_env/lib/python3.8/site-packages/airflow/example_dags/example_bash_operator.py
[2024-05-01T11:53:41.135+0300] {processor.py:830} INFO - Processing file /home/yohanes/Documents/10academy/week2_2/10ac_city_traffic_data_warehouse_week2/week2_env/lib/python3.8/site-packages/airflow/example_dags/example_bash_operator.py for tasks to queue
[2024-05-01T11:53:41.137+0300] {logging_mixin.py:188} INFO - [2024-05-01T11:53:41.137+0300] {dagbag.py:540} INFO - Filling up the DagBag from /home/yohanes/Documents/10academy/week2_2/10ac_city_traffic_data_warehouse_week2/week2_env/lib/python3.8/site-packages/airflow/example_dags/example_bash_operator.py
[2024-05-01T11:53:41.161+0300] {processor.py:840} INFO - DAG(s) 'example_bash_operator' retrieved from /home/yohanes/Documents/10academy/week2_2/10ac_city_traffic_data_warehouse_week2/week2_env/lib/python3.8/site-packages/airflow/example_dags/example_bash_operator.py
[2024-05-01T11:53:41.201+0300] {logging_mixin.py:188} INFO - [2024-05-01T11:53:41.200+0300] {dag.py:3096} INFO - Sync 1 DAGs
[2024-05-01T11:53:41.235+0300] {logging_mixin.py:188} INFO - [2024-05-01T11:53:41.234+0300] {dag.py:3954} INFO - Setting next_dagrun for example_bash_operator to 2024-04-30 00:00:00+00:00, run_after=2024-05-01 00:00:00+00:00
[2024-05-01T11:53:41.406+0300] {processor.py:183} INFO - Processing /home/yohanes/Documents/10academy/week2_2/10ac_city_traffic_data_warehouse_week2/week2_env/lib/python3.8/site-packages/airflow/example_dags/example_bash_operator.py took 0.305 seconds
[2024-05-01T11:54:44.830+0300] {processor.py:161} INFO - Started process (PID=155919) to work on /home/yohanes/Documents/10academy/week2_2/10ac_city_traffic_data_warehouse_week2/week2_env/lib/python3.8/site-packages/airflow/example_dags/example_bash_operator.py
[2024-05-01T11:54:44.852+0300] {processor.py:830} INFO - Processing file /home/yohanes/Documents/10academy/week2_2/10ac_city_traffic_data_warehouse_week2/week2_env/lib/python3.8/site-packages/airflow/example_dags/example_bash_operator.py for tasks to queue
[2024-05-01T11:54:44.856+0300] {logging_mixin.py:188} INFO - [2024-05-01T11:54:44.855+0300] {dagbag.py:540} INFO - Filling up the DagBag from /home/yohanes/Documents/10academy/week2_2/10ac_city_traffic_data_warehouse_week2/week2_env/lib/python3.8/site-packages/airflow/example_dags/example_bash_operator.py
[2024-05-01T11:54:44.874+0300] {processor.py:840} INFO - DAG(s) 'example_bash_operator' retrieved from /home/yohanes/Documents/10academy/week2_2/10ac_city_traffic_data_warehouse_week2/week2_env/lib/python3.8/site-packages/airflow/example_dags/example_bash_operator.py
[2024-05-01T11:54:44.913+0300] {logging_mixin.py:188} INFO - [2024-05-01T11:54:44.912+0300] {dag.py:3096} INFO - Sync 1 DAGs
[2024-05-01T11:54:44.948+0300] {logging_mixin.py:188} INFO - [2024-05-01T11:54:44.948+0300] {dag.py:3954} INFO - Setting next_dagrun for example_bash_operator to 2024-04-30 00:00:00+00:00, run_after=2024-05-01 00:00:00+00:00
[2024-05-01T11:54:45.084+0300] {processor.py:183} INFO - Processing /home/yohanes/Documents/10academy/week2_2/10ac_city_traffic_data_warehouse_week2/week2_env/lib/python3.8/site-packages/airflow/example_dags/example_bash_operator.py took 0.265 seconds
[2024-05-01T11:55:54.559+0300] {processor.py:161} INFO - Started process (PID=156496) to work on /home/yohanes/Documents/10academy/week2_2/10ac_city_traffic_data_warehouse_week2/week2_env/lib/python3.8/site-packages/airflow/example_dags/example_bash_operator.py
[2024-05-01T11:55:54.579+0300] {processor.py:830} INFO - Processing file /home/yohanes/Documents/10academy/week2_2/10ac_city_traffic_data_warehouse_week2/week2_env/lib/python3.8/site-packages/airflow/example_dags/example_bash_operator.py for tasks to queue
[2024-05-01T11:55:54.581+0300] {logging_mixin.py:188} INFO - [2024-05-01T11:55:54.580+0300] {dagbag.py:540} INFO - Filling up the DagBag from /home/yohanes/Documents/10academy/week2_2/10ac_city_traffic_data_warehouse_week2/week2_env/lib/python3.8/site-packages/airflow/example_dags/example_bash_operator.py
[2024-05-01T11:55:54.600+0300] {processor.py:840} INFO - DAG(s) 'example_bash_operator' retrieved from /home/yohanes/Documents/10academy/week2_2/10ac_city_traffic_data_warehouse_week2/week2_env/lib/python3.8/site-packages/airflow/example_dags/example_bash_operator.py
[2024-05-01T11:55:54.652+0300] {logging_mixin.py:188} INFO - [2024-05-01T11:55:54.652+0300] {dag.py:3096} INFO - Sync 1 DAGs
[2024-05-01T11:55:54.681+0300] {logging_mixin.py:188} INFO - [2024-05-01T11:55:54.680+0300] {dag.py:3954} INFO - Setting next_dagrun for example_bash_operator to 2024-04-30 00:00:00+00:00, run_after=2024-05-01 00:00:00+00:00
[2024-05-01T11:55:54.819+0300] {processor.py:183} INFO - Processing /home/yohanes/Documents/10academy/week2_2/10ac_city_traffic_data_warehouse_week2/week2_env/lib/python3.8/site-packages/airflow/example_dags/example_bash_operator.py took 0.270 seconds
[2024-05-01T11:57:02.877+0300] {processor.py:161} INFO - Started process (PID=157053) to work on /home/yohanes/Documents/10academy/week2_2/10ac_city_traffic_data_warehouse_week2/week2_env/lib/python3.8/site-packages/airflow/example_dags/example_bash_operator.py
[2024-05-01T11:57:02.894+0300] {processor.py:830} INFO - Processing file /home/yohanes/Documents/10academy/week2_2/10ac_city_traffic_data_warehouse_week2/week2_env/lib/python3.8/site-packages/airflow/example_dags/example_bash_operator.py for tasks to queue
[2024-05-01T11:57:02.896+0300] {logging_mixin.py:188} INFO - [2024-05-01T11:57:02.895+0300] {dagbag.py:540} INFO - Filling up the DagBag from /home/yohanes/Documents/10academy/week2_2/10ac_city_traffic_data_warehouse_week2/week2_env/lib/python3.8/site-packages/airflow/example_dags/example_bash_operator.py
[2024-05-01T11:57:02.916+0300] {processor.py:840} INFO - DAG(s) 'example_bash_operator' retrieved from /home/yohanes/Documents/10academy/week2_2/10ac_city_traffic_data_warehouse_week2/week2_env/lib/python3.8/site-packages/airflow/example_dags/example_bash_operator.py
[2024-05-01T11:57:02.957+0300] {logging_mixin.py:188} INFO - [2024-05-01T11:57:02.957+0300] {dag.py:3096} INFO - Sync 1 DAGs
[2024-05-01T11:57:02.993+0300] {logging_mixin.py:188} INFO - [2024-05-01T11:57:02.992+0300] {dag.py:3954} INFO - Setting next_dagrun for example_bash_operator to 2024-04-30 00:00:00+00:00, run_after=2024-05-01 00:00:00+00:00
[2024-05-01T11:57:03.139+0300] {processor.py:183} INFO - Processing /home/yohanes/Documents/10academy/week2_2/10ac_city_traffic_data_warehouse_week2/week2_env/lib/python3.8/site-packages/airflow/example_dags/example_bash_operator.py took 0.274 seconds
[2024-05-01T11:58:06.200+0300] {processor.py:161} INFO - Started process (PID=157559) to work on /home/yohanes/Documents/10academy/week2_2/10ac_city_traffic_data_warehouse_week2/week2_env/lib/python3.8/site-packages/airflow/example_dags/example_bash_operator.py
[2024-05-01T11:58:06.220+0300] {processor.py:830} INFO - Processing file /home/yohanes/Documents/10academy/week2_2/10ac_city_traffic_data_warehouse_week2/week2_env/lib/python3.8/site-packages/airflow/example_dags/example_bash_operator.py for tasks to queue
[2024-05-01T11:58:06.222+0300] {logging_mixin.py:188} INFO - [2024-05-01T11:58:06.222+0300] {dagbag.py:540} INFO - Filling up the DagBag from /home/yohanes/Documents/10academy/week2_2/10ac_city_traffic_data_warehouse_week2/week2_env/lib/python3.8/site-packages/airflow/example_dags/example_bash_operator.py
[2024-05-01T11:58:06.239+0300] {processor.py:840} INFO - DAG(s) 'example_bash_operator' retrieved from /home/yohanes/Documents/10academy/week2_2/10ac_city_traffic_data_warehouse_week2/week2_env/lib/python3.8/site-packages/airflow/example_dags/example_bash_operator.py
[2024-05-01T11:58:06.275+0300] {logging_mixin.py:188} INFO - [2024-05-01T11:58:06.275+0300] {dag.py:3096} INFO - Sync 1 DAGs
[2024-05-01T11:58:06.305+0300] {logging_mixin.py:188} INFO - [2024-05-01T11:58:06.305+0300] {dag.py:3954} INFO - Setting next_dagrun for example_bash_operator to 2024-04-30 00:00:00+00:00, run_after=2024-05-01 00:00:00+00:00
[2024-05-01T11:58:06.665+0300] {processor.py:183} INFO - Processing /home/yohanes/Documents/10academy/week2_2/10ac_city_traffic_data_warehouse_week2/week2_env/lib/python3.8/site-packages/airflow/example_dags/example_bash_operator.py took 0.475 seconds
[2024-05-01T11:59:13.648+0300] {processor.py:161} INFO - Started process (PID=158108) to work on /home/yohanes/Documents/10academy/week2_2/10ac_city_traffic_data_warehouse_week2/week2_env/lib/python3.8/site-packages/airflow/example_dags/example_bash_operator.py
[2024-05-01T11:59:13.729+0300] {processor.py:830} INFO - Processing file /home/yohanes/Documents/10academy/week2_2/10ac_city_traffic_data_warehouse_week2/week2_env/lib/python3.8/site-packages/airflow/example_dags/example_bash_operator.py for tasks to queue
[2024-05-01T11:59:13.731+0300] {logging_mixin.py:188} INFO - [2024-05-01T11:59:13.730+0300] {dagbag.py:540} INFO - Filling up the DagBag from /home/yohanes/Documents/10academy/week2_2/10ac_city_traffic_data_warehouse_week2/week2_env/lib/python3.8/site-packages/airflow/example_dags/example_bash_operator.py
[2024-05-01T11:59:13.749+0300] {processor.py:840} INFO - DAG(s) 'example_bash_operator' retrieved from /home/yohanes/Documents/10academy/week2_2/10ac_city_traffic_data_warehouse_week2/week2_env/lib/python3.8/site-packages/airflow/example_dags/example_bash_operator.py
[2024-05-01T11:59:13.789+0300] {logging_mixin.py:188} INFO - [2024-05-01T11:59:13.789+0300] {dag.py:3096} INFO - Sync 1 DAGs
[2024-05-01T11:59:13.821+0300] {logging_mixin.py:188} INFO - [2024-05-01T11:59:13.820+0300] {dag.py:3954} INFO - Setting next_dagrun for example_bash_operator to 2024-04-30 00:00:00+00:00, run_after=2024-05-01 00:00:00+00:00
[2024-05-01T11:59:13.977+0300] {processor.py:183} INFO - Processing /home/yohanes/Documents/10academy/week2_2/10ac_city_traffic_data_warehouse_week2/week2_env/lib/python3.8/site-packages/airflow/example_dags/example_bash_operator.py took 0.339 seconds
[2024-05-01T12:00:21.999+0300] {processor.py:161} INFO - Started process (PID=158659) to work on /home/yohanes/Documents/10academy/week2_2/10ac_city_traffic_data_warehouse_week2/week2_env/lib/python3.8/site-packages/airflow/example_dags/example_bash_operator.py
[2024-05-01T12:00:22.017+0300] {processor.py:830} INFO - Processing file /home/yohanes/Documents/10academy/week2_2/10ac_city_traffic_data_warehouse_week2/week2_env/lib/python3.8/site-packages/airflow/example_dags/example_bash_operator.py for tasks to queue
[2024-05-01T12:00:22.019+0300] {logging_mixin.py:188} INFO - [2024-05-01T12:00:22.019+0300] {dagbag.py:540} INFO - Filling up the DagBag from /home/yohanes/Documents/10academy/week2_2/10ac_city_traffic_data_warehouse_week2/week2_env/lib/python3.8/site-packages/airflow/example_dags/example_bash_operator.py
[2024-05-01T12:00:22.037+0300] {processor.py:840} INFO - DAG(s) 'example_bash_operator' retrieved from /home/yohanes/Documents/10academy/week2_2/10ac_city_traffic_data_warehouse_week2/week2_env/lib/python3.8/site-packages/airflow/example_dags/example_bash_operator.py
[2024-05-01T12:00:22.081+0300] {logging_mixin.py:188} INFO - [2024-05-01T12:00:22.080+0300] {dag.py:3096} INFO - Sync 1 DAGs
[2024-05-01T12:00:22.115+0300] {logging_mixin.py:188} INFO - [2024-05-01T12:00:22.115+0300] {dag.py:3954} INFO - Setting next_dagrun for example_bash_operator to 2024-04-30 00:00:00+00:00, run_after=2024-05-01 00:00:00+00:00
[2024-05-01T12:00:22.246+0300] {processor.py:183} INFO - Processing /home/yohanes/Documents/10academy/week2_2/10ac_city_traffic_data_warehouse_week2/week2_env/lib/python3.8/site-packages/airflow/example_dags/example_bash_operator.py took 0.258 seconds
[2024-05-01T12:01:28.827+0300] {processor.py:161} INFO - Started process (PID=159227) to work on /home/yohanes/Documents/10academy/week2_2/10ac_city_traffic_data_warehouse_week2/week2_env/lib/python3.8/site-packages/airflow/example_dags/example_bash_operator.py
[2024-05-01T12:01:28.869+0300] {processor.py:830} INFO - Processing file /home/yohanes/Documents/10academy/week2_2/10ac_city_traffic_data_warehouse_week2/week2_env/lib/python3.8/site-packages/airflow/example_dags/example_bash_operator.py for tasks to queue
[2024-05-01T12:01:28.871+0300] {logging_mixin.py:188} INFO - [2024-05-01T12:01:28.871+0300] {dagbag.py:540} INFO - Filling up the DagBag from /home/yohanes/Documents/10academy/week2_2/10ac_city_traffic_data_warehouse_week2/week2_env/lib/python3.8/site-packages/airflow/example_dags/example_bash_operator.py
[2024-05-01T12:01:28.888+0300] {processor.py:840} INFO - DAG(s) 'example_bash_operator' retrieved from /home/yohanes/Documents/10academy/week2_2/10ac_city_traffic_data_warehouse_week2/week2_env/lib/python3.8/site-packages/airflow/example_dags/example_bash_operator.py
[2024-05-01T12:01:28.925+0300] {logging_mixin.py:188} INFO - [2024-05-01T12:01:28.924+0300] {dag.py:3096} INFO - Sync 1 DAGs
[2024-05-01T12:01:28.955+0300] {logging_mixin.py:188} INFO - [2024-05-01T12:01:28.955+0300] {dag.py:3954} INFO - Setting next_dagrun for example_bash_operator to 2024-04-30 00:00:00+00:00, run_after=2024-05-01 00:00:00+00:00
[2024-05-01T12:01:29.086+0300] {processor.py:183} INFO - Processing /home/yohanes/Documents/10academy/week2_2/10ac_city_traffic_data_warehouse_week2/week2_env/lib/python3.8/site-packages/airflow/example_dags/example_bash_operator.py took 0.269 seconds
[2024-05-01T12:02:32.615+0300] {processor.py:161} INFO - Started process (PID=159714) to work on /home/yohanes/Documents/10academy/week2_2/10ac_city_traffic_data_warehouse_week2/week2_env/lib/python3.8/site-packages/airflow/example_dags/example_bash_operator.py
[2024-05-01T12:02:32.676+0300] {processor.py:830} INFO - Processing file /home/yohanes/Documents/10academy/week2_2/10ac_city_traffic_data_warehouse_week2/week2_env/lib/python3.8/site-packages/airflow/example_dags/example_bash_operator.py for tasks to queue
[2024-05-01T12:02:32.678+0300] {logging_mixin.py:188} INFO - [2024-05-01T12:02:32.677+0300] {dagbag.py:540} INFO - Filling up the DagBag from /home/yohanes/Documents/10academy/week2_2/10ac_city_traffic_data_warehouse_week2/week2_env/lib/python3.8/site-packages/airflow/example_dags/example_bash_operator.py
[2024-05-01T12:02:32.699+0300] {processor.py:840} INFO - DAG(s) 'example_bash_operator' retrieved from /home/yohanes/Documents/10academy/week2_2/10ac_city_traffic_data_warehouse_week2/week2_env/lib/python3.8/site-packages/airflow/example_dags/example_bash_operator.py
[2024-05-01T12:02:32.738+0300] {logging_mixin.py:188} INFO - [2024-05-01T12:02:32.737+0300] {dag.py:3096} INFO - Sync 1 DAGs
[2024-05-01T12:02:32.769+0300] {logging_mixin.py:188} INFO - [2024-05-01T12:02:32.768+0300] {dag.py:3954} INFO - Setting next_dagrun for example_bash_operator to 2024-04-30 00:00:00+00:00, run_after=2024-05-01 00:00:00+00:00
[2024-05-01T12:02:32.909+0300] {processor.py:183} INFO - Processing /home/yohanes/Documents/10academy/week2_2/10ac_city_traffic_data_warehouse_week2/week2_env/lib/python3.8/site-packages/airflow/example_dags/example_bash_operator.py took 0.305 seconds
[2024-05-01T12:03:42.285+0300] {processor.py:161} INFO - Started process (PID=160261) to work on /home/yohanes/Documents/10academy/week2_2/10ac_city_traffic_data_warehouse_week2/week2_env/lib/python3.8/site-packages/airflow/example_dags/example_bash_operator.py
[2024-05-01T12:03:42.287+0300] {processor.py:830} INFO - Processing file /home/yohanes/Documents/10academy/week2_2/10ac_city_traffic_data_warehouse_week2/week2_env/lib/python3.8/site-packages/airflow/example_dags/example_bash_operator.py for tasks to queue
[2024-05-01T12:03:42.289+0300] {logging_mixin.py:188} INFO - [2024-05-01T12:03:42.288+0300] {dagbag.py:540} INFO - Filling up the DagBag from /home/yohanes/Documents/10academy/week2_2/10ac_city_traffic_data_warehouse_week2/week2_env/lib/python3.8/site-packages/airflow/example_dags/example_bash_operator.py
[2024-05-01T12:03:42.305+0300] {processor.py:840} INFO - DAG(s) 'example_bash_operator' retrieved from /home/yohanes/Documents/10academy/week2_2/10ac_city_traffic_data_warehouse_week2/week2_env/lib/python3.8/site-packages/airflow/example_dags/example_bash_operator.py
[2024-05-01T12:03:42.342+0300] {logging_mixin.py:188} INFO - [2024-05-01T12:03:42.342+0300] {dag.py:3096} INFO - Sync 1 DAGs
[2024-05-01T12:03:42.371+0300] {logging_mixin.py:188} INFO - [2024-05-01T12:03:42.371+0300] {dag.py:3954} INFO - Setting next_dagrun for example_bash_operator to 2024-04-30 00:00:00+00:00, run_after=2024-05-01 00:00:00+00:00
[2024-05-01T12:03:42.513+0300] {processor.py:183} INFO - Processing /home/yohanes/Documents/10academy/week2_2/10ac_city_traffic_data_warehouse_week2/week2_env/lib/python3.8/site-packages/airflow/example_dags/example_bash_operator.py took 0.237 seconds
[2024-05-01T12:04:55.097+0300] {processor.py:161} INFO - Started process (PID=160870) to work on /home/yohanes/Documents/10academy/week2_2/10ac_city_traffic_data_warehouse_week2/week2_env/lib/python3.8/site-packages/airflow/example_dags/example_bash_operator.py
[2024-05-01T12:04:55.161+0300] {processor.py:830} INFO - Processing file /home/yohanes/Documents/10academy/week2_2/10ac_city_traffic_data_warehouse_week2/week2_env/lib/python3.8/site-packages/airflow/example_dags/example_bash_operator.py for tasks to queue
[2024-05-01T12:04:55.164+0300] {logging_mixin.py:188} INFO - [2024-05-01T12:04:55.163+0300] {dagbag.py:540} INFO - Filling up the DagBag from /home/yohanes/Documents/10academy/week2_2/10ac_city_traffic_data_warehouse_week2/week2_env/lib/python3.8/site-packages/airflow/example_dags/example_bash_operator.py
[2024-05-01T12:04:55.200+0300] {processor.py:840} INFO - DAG(s) 'example_bash_operator' retrieved from /home/yohanes/Documents/10academy/week2_2/10ac_city_traffic_data_warehouse_week2/week2_env/lib/python3.8/site-packages/airflow/example_dags/example_bash_operator.py
[2024-05-01T12:04:55.254+0300] {logging_mixin.py:188} INFO - [2024-05-01T12:04:55.253+0300] {dag.py:3096} INFO - Sync 1 DAGs
[2024-05-01T12:04:55.292+0300] {logging_mixin.py:188} INFO - [2024-05-01T12:04:55.291+0300] {dag.py:3954} INFO - Setting next_dagrun for example_bash_operator to 2024-04-30 00:00:00+00:00, run_after=2024-05-01 00:00:00+00:00
[2024-05-01T12:04:55.566+0300] {processor.py:183} INFO - Processing /home/yohanes/Documents/10academy/week2_2/10ac_city_traffic_data_warehouse_week2/week2_env/lib/python3.8/site-packages/airflow/example_dags/example_bash_operator.py took 0.481 seconds
[2024-05-01T12:06:05.858+0300] {processor.py:161} INFO - Started process (PID=161583) to work on /home/yohanes/Documents/10academy/week2_2/10ac_city_traffic_data_warehouse_week2/week2_env/lib/python3.8/site-packages/airflow/example_dags/example_bash_operator.py
[2024-05-01T12:06:05.884+0300] {processor.py:830} INFO - Processing file /home/yohanes/Documents/10academy/week2_2/10ac_city_traffic_data_warehouse_week2/week2_env/lib/python3.8/site-packages/airflow/example_dags/example_bash_operator.py for tasks to queue
[2024-05-01T12:06:05.886+0300] {logging_mixin.py:188} INFO - [2024-05-01T12:06:05.885+0300] {dagbag.py:540} INFO - Filling up the DagBag from /home/yohanes/Documents/10academy/week2_2/10ac_city_traffic_data_warehouse_week2/week2_env/lib/python3.8/site-packages/airflow/example_dags/example_bash_operator.py
[2024-05-01T12:06:05.903+0300] {processor.py:840} INFO - DAG(s) 'example_bash_operator' retrieved from /home/yohanes/Documents/10academy/week2_2/10ac_city_traffic_data_warehouse_week2/week2_env/lib/python3.8/site-packages/airflow/example_dags/example_bash_operator.py
[2024-05-01T12:06:05.939+0300] {logging_mixin.py:188} INFO - [2024-05-01T12:06:05.939+0300] {dag.py:3096} INFO - Sync 1 DAGs
[2024-05-01T12:06:05.971+0300] {logging_mixin.py:188} INFO - [2024-05-01T12:06:05.970+0300] {dag.py:3954} INFO - Setting next_dagrun for example_bash_operator to 2024-04-30 00:00:00+00:00, run_after=2024-05-01 00:00:00+00:00
[2024-05-01T12:06:06.210+0300] {processor.py:183} INFO - Processing /home/yohanes/Documents/10academy/week2_2/10ac_city_traffic_data_warehouse_week2/week2_env/lib/python3.8/site-packages/airflow/example_dags/example_bash_operator.py took 0.361 seconds
[2024-05-01T12:07:23.655+0300] {processor.py:161} INFO - Started process (PID=162299) to work on /home/yohanes/Documents/10academy/week2_2/10ac_city_traffic_data_warehouse_week2/week2_env/lib/python3.8/site-packages/airflow/example_dags/example_bash_operator.py
[2024-05-01T12:07:23.679+0300] {processor.py:830} INFO - Processing file /home/yohanes/Documents/10academy/week2_2/10ac_city_traffic_data_warehouse_week2/week2_env/lib/python3.8/site-packages/airflow/example_dags/example_bash_operator.py for tasks to queue
[2024-05-01T12:07:23.682+0300] {logging_mixin.py:188} INFO - [2024-05-01T12:07:23.681+0300] {dagbag.py:540} INFO - Filling up the DagBag from /home/yohanes/Documents/10academy/week2_2/10ac_city_traffic_data_warehouse_week2/week2_env/lib/python3.8/site-packages/airflow/example_dags/example_bash_operator.py
[2024-05-01T12:07:23.699+0300] {processor.py:840} INFO - DAG(s) 'example_bash_operator' retrieved from /home/yohanes/Documents/10academy/week2_2/10ac_city_traffic_data_warehouse_week2/week2_env/lib/python3.8/site-packages/airflow/example_dags/example_bash_operator.py
[2024-05-01T12:07:23.847+0300] {logging_mixin.py:188} INFO - [2024-05-01T12:07:23.846+0300] {dag.py:3096} INFO - Sync 1 DAGs
[2024-05-01T12:07:23.872+0300] {logging_mixin.py:188} INFO - [2024-05-01T12:07:23.872+0300] {dag.py:3954} INFO - Setting next_dagrun for example_bash_operator to 2024-04-30 00:00:00+00:00, run_after=2024-05-01 00:00:00+00:00
[2024-05-01T12:07:24.035+0300] {processor.py:183} INFO - Processing /home/yohanes/Documents/10academy/week2_2/10ac_city_traffic_data_warehouse_week2/week2_env/lib/python3.8/site-packages/airflow/example_dags/example_bash_operator.py took 0.390 seconds
[2024-05-01T12:09:03.922+0300] {processor.py:161} INFO - Started process (PID=163163) to work on /home/yohanes/Documents/10academy/week2_2/10ac_city_traffic_data_warehouse_week2/week2_env/lib/python3.8/site-packages/airflow/example_dags/example_bash_operator.py
[2024-05-01T12:09:03.937+0300] {processor.py:830} INFO - Processing file /home/yohanes/Documents/10academy/week2_2/10ac_city_traffic_data_warehouse_week2/week2_env/lib/python3.8/site-packages/airflow/example_dags/example_bash_operator.py for tasks to queue
[2024-05-01T12:09:03.940+0300] {logging_mixin.py:188} INFO - [2024-05-01T12:09:03.939+0300] {dagbag.py:540} INFO - Filling up the DagBag from /home/yohanes/Documents/10academy/week2_2/10ac_city_traffic_data_warehouse_week2/week2_env/lib/python3.8/site-packages/airflow/example_dags/example_bash_operator.py
[2024-05-01T12:09:03.962+0300] {processor.py:840} INFO - DAG(s) 'example_bash_operator' retrieved from /home/yohanes/Documents/10academy/week2_2/10ac_city_traffic_data_warehouse_week2/week2_env/lib/python3.8/site-packages/airflow/example_dags/example_bash_operator.py
[2024-05-01T12:09:04.007+0300] {logging_mixin.py:188} INFO - [2024-05-01T12:09:04.007+0300] {dag.py:3096} INFO - Sync 1 DAGs
[2024-05-01T12:09:04.038+0300] {logging_mixin.py:188} INFO - [2024-05-01T12:09:04.038+0300] {dag.py:3954} INFO - Setting next_dagrun for example_bash_operator to 2024-04-30 00:00:00+00:00, run_after=2024-05-01 00:00:00+00:00
[2024-05-01T12:09:04.179+0300] {processor.py:183} INFO - Processing /home/yohanes/Documents/10academy/week2_2/10ac_city_traffic_data_warehouse_week2/week2_env/lib/python3.8/site-packages/airflow/example_dags/example_bash_operator.py took 0.270 seconds
[2024-05-01T12:10:12.667+0300] {processor.py:161} INFO - Started process (PID=163731) to work on /home/yohanes/Documents/10academy/week2_2/10ac_city_traffic_data_warehouse_week2/week2_env/lib/python3.8/site-packages/airflow/example_dags/example_bash_operator.py
[2024-05-01T12:10:12.687+0300] {processor.py:830} INFO - Processing file /home/yohanes/Documents/10academy/week2_2/10ac_city_traffic_data_warehouse_week2/week2_env/lib/python3.8/site-packages/airflow/example_dags/example_bash_operator.py for tasks to queue
[2024-05-01T12:10:12.690+0300] {logging_mixin.py:188} INFO - [2024-05-01T12:10:12.689+0300] {dagbag.py:540} INFO - Filling up the DagBag from /home/yohanes/Documents/10academy/week2_2/10ac_city_traffic_data_warehouse_week2/week2_env/lib/python3.8/site-packages/airflow/example_dags/example_bash_operator.py
[2024-05-01T12:10:12.709+0300] {processor.py:840} INFO - DAG(s) 'example_bash_operator' retrieved from /home/yohanes/Documents/10academy/week2_2/10ac_city_traffic_data_warehouse_week2/week2_env/lib/python3.8/site-packages/airflow/example_dags/example_bash_operator.py
[2024-05-01T12:10:12.748+0300] {logging_mixin.py:188} INFO - [2024-05-01T12:10:12.748+0300] {dag.py:3096} INFO - Sync 1 DAGs
[2024-05-01T12:10:12.779+0300] {logging_mixin.py:188} INFO - [2024-05-01T12:10:12.779+0300] {dag.py:3954} INFO - Setting next_dagrun for example_bash_operator to 2024-04-30 00:00:00+00:00, run_after=2024-05-01 00:00:00+00:00
[2024-05-01T12:10:12.919+0300] {processor.py:183} INFO - Processing /home/yohanes/Documents/10academy/week2_2/10ac_city_traffic_data_warehouse_week2/week2_env/lib/python3.8/site-packages/airflow/example_dags/example_bash_operator.py took 0.265 seconds
[2024-05-01T12:11:24.161+0300] {processor.py:161} INFO - Started process (PID=164345) to work on /home/yohanes/Documents/10academy/week2_2/10ac_city_traffic_data_warehouse_week2/week2_env/lib/python3.8/site-packages/airflow/example_dags/example_bash_operator.py
[2024-05-01T12:11:24.204+0300] {processor.py:830} INFO - Processing file /home/yohanes/Documents/10academy/week2_2/10ac_city_traffic_data_warehouse_week2/week2_env/lib/python3.8/site-packages/airflow/example_dags/example_bash_operator.py for tasks to queue
[2024-05-01T12:11:24.208+0300] {logging_mixin.py:188} INFO - [2024-05-01T12:11:24.207+0300] {dagbag.py:540} INFO - Filling up the DagBag from /home/yohanes/Documents/10academy/week2_2/10ac_city_traffic_data_warehouse_week2/week2_env/lib/python3.8/site-packages/airflow/example_dags/example_bash_operator.py
[2024-05-01T12:11:24.232+0300] {processor.py:840} INFO - DAG(s) 'example_bash_operator' retrieved from /home/yohanes/Documents/10academy/week2_2/10ac_city_traffic_data_warehouse_week2/week2_env/lib/python3.8/site-packages/airflow/example_dags/example_bash_operator.py
[2024-05-01T12:11:24.270+0300] {logging_mixin.py:188} INFO - [2024-05-01T12:11:24.270+0300] {dag.py:3096} INFO - Sync 1 DAGs
[2024-05-01T12:11:24.302+0300] {logging_mixin.py:188} INFO - [2024-05-01T12:11:24.301+0300] {dag.py:3954} INFO - Setting next_dagrun for example_bash_operator to 2024-04-30 00:00:00+00:00, run_after=2024-05-01 00:00:00+00:00
[2024-05-01T12:11:24.442+0300] {processor.py:183} INFO - Processing /home/yohanes/Documents/10academy/week2_2/10ac_city_traffic_data_warehouse_week2/week2_env/lib/python3.8/site-packages/airflow/example_dags/example_bash_operator.py took 0.293 seconds
[2024-05-01T12:12:33.956+0300] {processor.py:161} INFO - Started process (PID=164905) to work on /home/yohanes/Documents/10academy/week2_2/10ac_city_traffic_data_warehouse_week2/week2_env/lib/python3.8/site-packages/airflow/example_dags/example_bash_operator.py
[2024-05-01T12:12:33.977+0300] {processor.py:830} INFO - Processing file /home/yohanes/Documents/10academy/week2_2/10ac_city_traffic_data_warehouse_week2/week2_env/lib/python3.8/site-packages/airflow/example_dags/example_bash_operator.py for tasks to queue
[2024-05-01T12:12:33.979+0300] {logging_mixin.py:188} INFO - [2024-05-01T12:12:33.979+0300] {dagbag.py:540} INFO - Filling up the DagBag from /home/yohanes/Documents/10academy/week2_2/10ac_city_traffic_data_warehouse_week2/week2_env/lib/python3.8/site-packages/airflow/example_dags/example_bash_operator.py
[2024-05-01T12:12:33.996+0300] {processor.py:840} INFO - DAG(s) 'example_bash_operator' retrieved from /home/yohanes/Documents/10academy/week2_2/10ac_city_traffic_data_warehouse_week2/week2_env/lib/python3.8/site-packages/airflow/example_dags/example_bash_operator.py
[2024-05-01T12:12:34.033+0300] {logging_mixin.py:188} INFO - [2024-05-01T12:12:34.032+0300] {dag.py:3096} INFO - Sync 1 DAGs
[2024-05-01T12:12:34.062+0300] {logging_mixin.py:188} INFO - [2024-05-01T12:12:34.062+0300] {dag.py:3954} INFO - Setting next_dagrun for example_bash_operator to 2024-04-30 00:00:00+00:00, run_after=2024-05-01 00:00:00+00:00
[2024-05-01T12:12:34.186+0300] {processor.py:183} INFO - Processing /home/yohanes/Documents/10academy/week2_2/10ac_city_traffic_data_warehouse_week2/week2_env/lib/python3.8/site-packages/airflow/example_dags/example_bash_operator.py took 0.240 seconds
[2024-05-01T12:13:42.771+0300] {processor.py:161} INFO - Started process (PID=165449) to work on /home/yohanes/Documents/10academy/week2_2/10ac_city_traffic_data_warehouse_week2/week2_env/lib/python3.8/site-packages/airflow/example_dags/example_bash_operator.py
[2024-05-01T12:13:42.783+0300] {processor.py:830} INFO - Processing file /home/yohanes/Documents/10academy/week2_2/10ac_city_traffic_data_warehouse_week2/week2_env/lib/python3.8/site-packages/airflow/example_dags/example_bash_operator.py for tasks to queue
[2024-05-01T12:13:42.787+0300] {logging_mixin.py:188} INFO - [2024-05-01T12:13:42.786+0300] {dagbag.py:540} INFO - Filling up the DagBag from /home/yohanes/Documents/10academy/week2_2/10ac_city_traffic_data_warehouse_week2/week2_env/lib/python3.8/site-packages/airflow/example_dags/example_bash_operator.py
[2024-05-01T12:13:42.807+0300] {processor.py:840} INFO - DAG(s) 'example_bash_operator' retrieved from /home/yohanes/Documents/10academy/week2_2/10ac_city_traffic_data_warehouse_week2/week2_env/lib/python3.8/site-packages/airflow/example_dags/example_bash_operator.py
[2024-05-01T12:13:42.844+0300] {logging_mixin.py:188} INFO - [2024-05-01T12:13:42.844+0300] {dag.py:3096} INFO - Sync 1 DAGs
[2024-05-01T12:13:42.876+0300] {logging_mixin.py:188} INFO - [2024-05-01T12:13:42.876+0300] {dag.py:3954} INFO - Setting next_dagrun for example_bash_operator to 2024-04-30 00:00:00+00:00, run_after=2024-05-01 00:00:00+00:00
[2024-05-01T12:13:43.010+0300] {processor.py:183} INFO - Processing /home/yohanes/Documents/10academy/week2_2/10ac_city_traffic_data_warehouse_week2/week2_env/lib/python3.8/site-packages/airflow/example_dags/example_bash_operator.py took 0.250 seconds
[2024-05-01T12:15:02.972+0300] {processor.py:161} INFO - Started process (PID=166078) to work on /home/yohanes/Documents/10academy/week2_2/10ac_city_traffic_data_warehouse_week2/week2_env/lib/python3.8/site-packages/airflow/example_dags/example_bash_operator.py
[2024-05-01T12:15:03.237+0300] {processor.py:830} INFO - Processing file /home/yohanes/Documents/10academy/week2_2/10ac_city_traffic_data_warehouse_week2/week2_env/lib/python3.8/site-packages/airflow/example_dags/example_bash_operator.py for tasks to queue
[2024-05-01T12:15:03.240+0300] {logging_mixin.py:188} INFO - [2024-05-01T12:15:03.239+0300] {dagbag.py:540} INFO - Filling up the DagBag from /home/yohanes/Documents/10academy/week2_2/10ac_city_traffic_data_warehouse_week2/week2_env/lib/python3.8/site-packages/airflow/example_dags/example_bash_operator.py
[2024-05-01T12:15:03.260+0300] {processor.py:840} INFO - DAG(s) 'example_bash_operator' retrieved from /home/yohanes/Documents/10academy/week2_2/10ac_city_traffic_data_warehouse_week2/week2_env/lib/python3.8/site-packages/airflow/example_dags/example_bash_operator.py
[2024-05-01T12:15:03.297+0300] {logging_mixin.py:188} INFO - [2024-05-01T12:15:03.297+0300] {dag.py:3096} INFO - Sync 1 DAGs
[2024-05-01T12:15:03.328+0300] {logging_mixin.py:188} INFO - [2024-05-01T12:15:03.328+0300] {dag.py:3954} INFO - Setting next_dagrun for example_bash_operator to 2024-04-30 00:00:00+00:00, run_after=2024-05-01 00:00:00+00:00
[2024-05-01T12:15:05.256+0300] {processor.py:183} INFO - Processing /home/yohanes/Documents/10academy/week2_2/10ac_city_traffic_data_warehouse_week2/week2_env/lib/python3.8/site-packages/airflow/example_dags/example_bash_operator.py took 2.293 seconds
[2024-05-01T12:16:36.097+0300] {processor.py:161} INFO - Started process (PID=166836) to work on /home/yohanes/Documents/10academy/week2_2/10ac_city_traffic_data_warehouse_week2/week2_env/lib/python3.8/site-packages/airflow/example_dags/example_bash_operator.py
[2024-05-01T12:16:36.122+0300] {processor.py:830} INFO - Processing file /home/yohanes/Documents/10academy/week2_2/10ac_city_traffic_data_warehouse_week2/week2_env/lib/python3.8/site-packages/airflow/example_dags/example_bash_operator.py for tasks to queue
[2024-05-01T12:16:36.125+0300] {logging_mixin.py:188} INFO - [2024-05-01T12:16:36.124+0300] {dagbag.py:540} INFO - Filling up the DagBag from /home/yohanes/Documents/10academy/week2_2/10ac_city_traffic_data_warehouse_week2/week2_env/lib/python3.8/site-packages/airflow/example_dags/example_bash_operator.py
[2024-05-01T12:16:36.141+0300] {processor.py:840} INFO - DAG(s) 'example_bash_operator' retrieved from /home/yohanes/Documents/10academy/week2_2/10ac_city_traffic_data_warehouse_week2/week2_env/lib/python3.8/site-packages/airflow/example_dags/example_bash_operator.py
[2024-05-01T12:16:36.181+0300] {logging_mixin.py:188} INFO - [2024-05-01T12:16:36.181+0300] {dag.py:3096} INFO - Sync 1 DAGs
[2024-05-01T12:16:36.211+0300] {logging_mixin.py:188} INFO - [2024-05-01T12:16:36.211+0300] {dag.py:3954} INFO - Setting next_dagrun for example_bash_operator to 2024-04-30 00:00:00+00:00, run_after=2024-05-01 00:00:00+00:00
[2024-05-01T12:16:36.336+0300] {processor.py:183} INFO - Processing /home/yohanes/Documents/10academy/week2_2/10ac_city_traffic_data_warehouse_week2/week2_env/lib/python3.8/site-packages/airflow/example_dags/example_bash_operator.py took 0.249 seconds
[2024-05-01T12:17:46.102+0300] {processor.py:161} INFO - Started process (PID=167404) to work on /home/yohanes/Documents/10academy/week2_2/10ac_city_traffic_data_warehouse_week2/week2_env/lib/python3.8/site-packages/airflow/example_dags/example_bash_operator.py
[2024-05-01T12:17:46.128+0300] {processor.py:830} INFO - Processing file /home/yohanes/Documents/10academy/week2_2/10ac_city_traffic_data_warehouse_week2/week2_env/lib/python3.8/site-packages/airflow/example_dags/example_bash_operator.py for tasks to queue
[2024-05-01T12:17:46.130+0300] {logging_mixin.py:188} INFO - [2024-05-01T12:17:46.129+0300] {dagbag.py:540} INFO - Filling up the DagBag from /home/yohanes/Documents/10academy/week2_2/10ac_city_traffic_data_warehouse_week2/week2_env/lib/python3.8/site-packages/airflow/example_dags/example_bash_operator.py
[2024-05-01T12:17:46.148+0300] {processor.py:840} INFO - DAG(s) 'example_bash_operator' retrieved from /home/yohanes/Documents/10academy/week2_2/10ac_city_traffic_data_warehouse_week2/week2_env/lib/python3.8/site-packages/airflow/example_dags/example_bash_operator.py
[2024-05-01T12:17:46.188+0300] {logging_mixin.py:188} INFO - [2024-05-01T12:17:46.187+0300] {dag.py:3096} INFO - Sync 1 DAGs
[2024-05-01T12:17:46.218+0300] {logging_mixin.py:188} INFO - [2024-05-01T12:17:46.218+0300] {dag.py:3954} INFO - Setting next_dagrun for example_bash_operator to 2024-04-30 00:00:00+00:00, run_after=2024-05-01 00:00:00+00:00
[2024-05-01T12:17:46.350+0300] {processor.py:183} INFO - Processing /home/yohanes/Documents/10academy/week2_2/10ac_city_traffic_data_warehouse_week2/week2_env/lib/python3.8/site-packages/airflow/example_dags/example_bash_operator.py took 0.260 seconds
[2024-05-01T12:18:55.117+0300] {processor.py:161} INFO - Started process (PID=167970) to work on /home/yohanes/Documents/10academy/week2_2/10ac_city_traffic_data_warehouse_week2/week2_env/lib/python3.8/site-packages/airflow/example_dags/example_bash_operator.py
[2024-05-01T12:18:55.137+0300] {processor.py:830} INFO - Processing file /home/yohanes/Documents/10academy/week2_2/10ac_city_traffic_data_warehouse_week2/week2_env/lib/python3.8/site-packages/airflow/example_dags/example_bash_operator.py for tasks to queue
[2024-05-01T12:18:55.141+0300] {logging_mixin.py:188} INFO - [2024-05-01T12:18:55.140+0300] {dagbag.py:540} INFO - Filling up the DagBag from /home/yohanes/Documents/10academy/week2_2/10ac_city_traffic_data_warehouse_week2/week2_env/lib/python3.8/site-packages/airflow/example_dags/example_bash_operator.py
[2024-05-01T12:18:55.160+0300] {processor.py:840} INFO - DAG(s) 'example_bash_operator' retrieved from /home/yohanes/Documents/10academy/week2_2/10ac_city_traffic_data_warehouse_week2/week2_env/lib/python3.8/site-packages/airflow/example_dags/example_bash_operator.py
[2024-05-01T12:18:55.206+0300] {logging_mixin.py:188} INFO - [2024-05-01T12:18:55.205+0300] {dag.py:3096} INFO - Sync 1 DAGs
[2024-05-01T12:18:55.237+0300] {logging_mixin.py:188} INFO - [2024-05-01T12:18:55.236+0300] {dag.py:3954} INFO - Setting next_dagrun for example_bash_operator to 2024-04-30 00:00:00+00:00, run_after=2024-05-01 00:00:00+00:00
[2024-05-01T12:18:55.378+0300] {processor.py:183} INFO - Processing /home/yohanes/Documents/10academy/week2_2/10ac_city_traffic_data_warehouse_week2/week2_env/lib/python3.8/site-packages/airflow/example_dags/example_bash_operator.py took 0.271 seconds
[2024-05-01T12:20:03.347+0300] {processor.py:161} INFO - Started process (PID=168503) to work on /home/yohanes/Documents/10academy/week2_2/10ac_city_traffic_data_warehouse_week2/week2_env/lib/python3.8/site-packages/airflow/example_dags/example_bash_operator.py
[2024-05-01T12:20:03.387+0300] {processor.py:830} INFO - Processing file /home/yohanes/Documents/10academy/week2_2/10ac_city_traffic_data_warehouse_week2/week2_env/lib/python3.8/site-packages/airflow/example_dags/example_bash_operator.py for tasks to queue
[2024-05-01T12:20:03.389+0300] {logging_mixin.py:188} INFO - [2024-05-01T12:20:03.388+0300] {dagbag.py:540} INFO - Filling up the DagBag from /home/yohanes/Documents/10academy/week2_2/10ac_city_traffic_data_warehouse_week2/week2_env/lib/python3.8/site-packages/airflow/example_dags/example_bash_operator.py
[2024-05-01T12:20:03.407+0300] {processor.py:840} INFO - DAG(s) 'example_bash_operator' retrieved from /home/yohanes/Documents/10academy/week2_2/10ac_city_traffic_data_warehouse_week2/week2_env/lib/python3.8/site-packages/airflow/example_dags/example_bash_operator.py
[2024-05-01T12:20:03.443+0300] {logging_mixin.py:188} INFO - [2024-05-01T12:20:03.443+0300] {dag.py:3096} INFO - Sync 1 DAGs
[2024-05-01T12:20:03.473+0300] {logging_mixin.py:188} INFO - [2024-05-01T12:20:03.473+0300] {dag.py:3954} INFO - Setting next_dagrun for example_bash_operator to 2024-04-30 00:00:00+00:00, run_after=2024-05-01 00:00:00+00:00
[2024-05-01T12:20:03.616+0300] {processor.py:183} INFO - Processing /home/yohanes/Documents/10academy/week2_2/10ac_city_traffic_data_warehouse_week2/week2_env/lib/python3.8/site-packages/airflow/example_dags/example_bash_operator.py took 0.278 seconds
[2024-05-01T12:21:14.615+0300] {processor.py:161} INFO - Started process (PID=169114) to work on /home/yohanes/Documents/10academy/week2_2/10ac_city_traffic_data_warehouse_week2/week2_env/lib/python3.8/site-packages/airflow/example_dags/example_bash_operator.py
[2024-05-01T12:21:14.674+0300] {processor.py:830} INFO - Processing file /home/yohanes/Documents/10academy/week2_2/10ac_city_traffic_data_warehouse_week2/week2_env/lib/python3.8/site-packages/airflow/example_dags/example_bash_operator.py for tasks to queue
[2024-05-01T12:21:14.676+0300] {logging_mixin.py:188} INFO - [2024-05-01T12:21:14.675+0300] {dagbag.py:540} INFO - Filling up the DagBag from /home/yohanes/Documents/10academy/week2_2/10ac_city_traffic_data_warehouse_week2/week2_env/lib/python3.8/site-packages/airflow/example_dags/example_bash_operator.py
[2024-05-01T12:21:14.697+0300] {processor.py:840} INFO - DAG(s) 'example_bash_operator' retrieved from /home/yohanes/Documents/10academy/week2_2/10ac_city_traffic_data_warehouse_week2/week2_env/lib/python3.8/site-packages/airflow/example_dags/example_bash_operator.py
[2024-05-01T12:21:14.742+0300] {logging_mixin.py:188} INFO - [2024-05-01T12:21:14.742+0300] {dag.py:3096} INFO - Sync 1 DAGs
[2024-05-01T12:21:14.787+0300] {logging_mixin.py:188} INFO - [2024-05-01T12:21:14.786+0300] {dag.py:3954} INFO - Setting next_dagrun for example_bash_operator to 2024-04-30 00:00:00+00:00, run_after=2024-05-01 00:00:00+00:00
[2024-05-01T12:21:14.929+0300] {processor.py:183} INFO - Processing /home/yohanes/Documents/10academy/week2_2/10ac_city_traffic_data_warehouse_week2/week2_env/lib/python3.8/site-packages/airflow/example_dags/example_bash_operator.py took 0.323 seconds
[2024-05-01T12:22:40.876+0300] {processor.py:161} INFO - Started process (PID=169869) to work on /home/yohanes/Documents/10academy/week2_2/10ac_city_traffic_data_warehouse_week2/week2_env/lib/python3.8/site-packages/airflow/example_dags/example_bash_operator.py
[2024-05-01T12:22:40.902+0300] {processor.py:830} INFO - Processing file /home/yohanes/Documents/10academy/week2_2/10ac_city_traffic_data_warehouse_week2/week2_env/lib/python3.8/site-packages/airflow/example_dags/example_bash_operator.py for tasks to queue
[2024-05-01T12:22:40.905+0300] {logging_mixin.py:188} INFO - [2024-05-01T12:22:40.905+0300] {dagbag.py:540} INFO - Filling up the DagBag from /home/yohanes/Documents/10academy/week2_2/10ac_city_traffic_data_warehouse_week2/week2_env/lib/python3.8/site-packages/airflow/example_dags/example_bash_operator.py
[2024-05-01T12:22:40.922+0300] {processor.py:840} INFO - DAG(s) 'example_bash_operator' retrieved from /home/yohanes/Documents/10academy/week2_2/10ac_city_traffic_data_warehouse_week2/week2_env/lib/python3.8/site-packages/airflow/example_dags/example_bash_operator.py
[2024-05-01T12:22:40.958+0300] {logging_mixin.py:188} INFO - [2024-05-01T12:22:40.958+0300] {dag.py:3096} INFO - Sync 1 DAGs
[2024-05-01T12:22:40.989+0300] {logging_mixin.py:188} INFO - [2024-05-01T12:22:40.989+0300] {dag.py:3954} INFO - Setting next_dagrun for example_bash_operator to 2024-04-30 00:00:00+00:00, run_after=2024-05-01 00:00:00+00:00
[2024-05-01T12:22:41.117+0300] {processor.py:183} INFO - Processing /home/yohanes/Documents/10academy/week2_2/10ac_city_traffic_data_warehouse_week2/week2_env/lib/python3.8/site-packages/airflow/example_dags/example_bash_operator.py took 0.251 seconds
[2024-05-01T12:24:19.502+0300] {processor.py:161} INFO - Started process (PID=170733) to work on /home/yohanes/Documents/10academy/week2_2/10ac_city_traffic_data_warehouse_week2/week2_env/lib/python3.8/site-packages/airflow/example_dags/example_bash_operator.py
[2024-05-01T12:24:19.578+0300] {processor.py:830} INFO - Processing file /home/yohanes/Documents/10academy/week2_2/10ac_city_traffic_data_warehouse_week2/week2_env/lib/python3.8/site-packages/airflow/example_dags/example_bash_operator.py for tasks to queue
[2024-05-01T12:24:19.580+0300] {logging_mixin.py:188} INFO - [2024-05-01T12:24:19.579+0300] {dagbag.py:540} INFO - Filling up the DagBag from /home/yohanes/Documents/10academy/week2_2/10ac_city_traffic_data_warehouse_week2/week2_env/lib/python3.8/site-packages/airflow/example_dags/example_bash_operator.py
[2024-05-01T12:24:19.596+0300] {processor.py:840} INFO - DAG(s) 'example_bash_operator' retrieved from /home/yohanes/Documents/10academy/week2_2/10ac_city_traffic_data_warehouse_week2/week2_env/lib/python3.8/site-packages/airflow/example_dags/example_bash_operator.py
[2024-05-01T12:24:19.631+0300] {logging_mixin.py:188} INFO - [2024-05-01T12:24:19.631+0300] {dag.py:3096} INFO - Sync 1 DAGs
[2024-05-01T12:24:19.660+0300] {logging_mixin.py:188} INFO - [2024-05-01T12:24:19.659+0300] {dag.py:3954} INFO - Setting next_dagrun for example_bash_operator to 2024-04-30 00:00:00+00:00, run_after=2024-05-01 00:00:00+00:00
[2024-05-01T12:24:20.146+0300] {processor.py:183} INFO - Processing /home/yohanes/Documents/10academy/week2_2/10ac_city_traffic_data_warehouse_week2/week2_env/lib/python3.8/site-packages/airflow/example_dags/example_bash_operator.py took 0.651 seconds
[2024-05-01T12:25:53.353+0300] {processor.py:161} INFO - Started process (PID=171594) to work on /home/yohanes/Documents/10academy/week2_2/10ac_city_traffic_data_warehouse_week2/week2_env/lib/python3.8/site-packages/airflow/example_dags/example_bash_operator.py
[2024-05-01T12:25:53.562+0300] {processor.py:830} INFO - Processing file /home/yohanes/Documents/10academy/week2_2/10ac_city_traffic_data_warehouse_week2/week2_env/lib/python3.8/site-packages/airflow/example_dags/example_bash_operator.py for tasks to queue
[2024-05-01T12:25:53.565+0300] {logging_mixin.py:188} INFO - [2024-05-01T12:25:53.564+0300] {dagbag.py:540} INFO - Filling up the DagBag from /home/yohanes/Documents/10academy/week2_2/10ac_city_traffic_data_warehouse_week2/week2_env/lib/python3.8/site-packages/airflow/example_dags/example_bash_operator.py
[2024-05-01T12:25:53.582+0300] {processor.py:840} INFO - DAG(s) 'example_bash_operator' retrieved from /home/yohanes/Documents/10academy/week2_2/10ac_city_traffic_data_warehouse_week2/week2_env/lib/python3.8/site-packages/airflow/example_dags/example_bash_operator.py
[2024-05-01T12:25:53.623+0300] {logging_mixin.py:188} INFO - [2024-05-01T12:25:53.623+0300] {dag.py:3096} INFO - Sync 1 DAGs
[2024-05-01T12:25:53.658+0300] {logging_mixin.py:188} INFO - [2024-05-01T12:25:53.658+0300] {dag.py:3954} INFO - Setting next_dagrun for example_bash_operator to 2024-04-30 00:00:00+00:00, run_after=2024-05-01 00:00:00+00:00
[2024-05-01T12:25:53.807+0300] {processor.py:183} INFO - Processing /home/yohanes/Documents/10academy/week2_2/10ac_city_traffic_data_warehouse_week2/week2_env/lib/python3.8/site-packages/airflow/example_dags/example_bash_operator.py took 0.465 seconds
[2024-05-01T12:27:41.794+0300] {processor.py:161} INFO - Started process (PID=172544) to work on /home/yohanes/Documents/10academy/week2_2/10ac_city_traffic_data_warehouse_week2/week2_env/lib/python3.8/site-packages/airflow/example_dags/example_bash_operator.py
[2024-05-01T12:27:42.004+0300] {processor.py:830} INFO - Processing file /home/yohanes/Documents/10academy/week2_2/10ac_city_traffic_data_warehouse_week2/week2_env/lib/python3.8/site-packages/airflow/example_dags/example_bash_operator.py for tasks to queue
[2024-05-01T12:27:42.009+0300] {logging_mixin.py:188} INFO - [2024-05-01T12:27:42.008+0300] {dagbag.py:540} INFO - Filling up the DagBag from /home/yohanes/Documents/10academy/week2_2/10ac_city_traffic_data_warehouse_week2/week2_env/lib/python3.8/site-packages/airflow/example_dags/example_bash_operator.py
[2024-05-01T12:27:42.461+0300] {processor.py:840} INFO - DAG(s) 'example_bash_operator' retrieved from /home/yohanes/Documents/10academy/week2_2/10ac_city_traffic_data_warehouse_week2/week2_env/lib/python3.8/site-packages/airflow/example_dags/example_bash_operator.py
[2024-05-01T12:27:42.509+0300] {logging_mixin.py:188} INFO - [2024-05-01T12:27:42.509+0300] {dag.py:3096} INFO - Sync 1 DAGs
[2024-05-01T12:27:42.552+0300] {logging_mixin.py:188} INFO - [2024-05-01T12:27:42.551+0300] {dag.py:3954} INFO - Setting next_dagrun for example_bash_operator to 2024-04-30 00:00:00+00:00, run_after=2024-05-01 00:00:00+00:00
[2024-05-01T12:27:43.058+0300] {processor.py:183} INFO - Processing /home/yohanes/Documents/10academy/week2_2/10ac_city_traffic_data_warehouse_week2/week2_env/lib/python3.8/site-packages/airflow/example_dags/example_bash_operator.py took 1.277 seconds
[2024-05-01T12:32:23.181+0300] {processor.py:161} INFO - Started process (PID=174764) to work on /home/yohanes/Documents/10academy/week2_2/10ac_city_traffic_data_warehouse_week2/week2_env/lib/python3.8/site-packages/airflow/example_dags/example_bash_operator.py
[2024-05-01T12:32:23.224+0300] {processor.py:830} INFO - Processing file /home/yohanes/Documents/10academy/week2_2/10ac_city_traffic_data_warehouse_week2/week2_env/lib/python3.8/site-packages/airflow/example_dags/example_bash_operator.py for tasks to queue
[2024-05-01T12:32:23.227+0300] {logging_mixin.py:188} INFO - [2024-05-01T12:32:23.227+0300] {dagbag.py:540} INFO - Filling up the DagBag from /home/yohanes/Documents/10academy/week2_2/10ac_city_traffic_data_warehouse_week2/week2_env/lib/python3.8/site-packages/airflow/example_dags/example_bash_operator.py
[2024-05-01T12:32:23.251+0300] {processor.py:840} INFO - DAG(s) 'example_bash_operator' retrieved from /home/yohanes/Documents/10academy/week2_2/10ac_city_traffic_data_warehouse_week2/week2_env/lib/python3.8/site-packages/airflow/example_dags/example_bash_operator.py
[2024-05-01T12:32:23.287+0300] {logging_mixin.py:188} INFO - [2024-05-01T12:32:23.287+0300] {dag.py:3096} INFO - Sync 1 DAGs
[2024-05-01T12:32:23.319+0300] {logging_mixin.py:188} INFO - [2024-05-01T12:32:23.319+0300] {dag.py:3954} INFO - Setting next_dagrun for example_bash_operator to 2024-04-30 00:00:00+00:00, run_after=2024-05-01 00:00:00+00:00
[2024-05-01T12:32:23.529+0300] {processor.py:183} INFO - Processing /home/yohanes/Documents/10academy/week2_2/10ac_city_traffic_data_warehouse_week2/week2_env/lib/python3.8/site-packages/airflow/example_dags/example_bash_operator.py took 0.361 seconds
[2024-05-01T12:33:33.224+0300] {processor.py:161} INFO - Started process (PID=175394) to work on /home/yohanes/Documents/10academy/week2_2/10ac_city_traffic_data_warehouse_week2/week2_env/lib/python3.8/site-packages/airflow/example_dags/example_bash_operator.py
[2024-05-01T12:33:33.276+0300] {processor.py:830} INFO - Processing file /home/yohanes/Documents/10academy/week2_2/10ac_city_traffic_data_warehouse_week2/week2_env/lib/python3.8/site-packages/airflow/example_dags/example_bash_operator.py for tasks to queue
[2024-05-01T12:33:33.279+0300] {logging_mixin.py:188} INFO - [2024-05-01T12:33:33.278+0300] {dagbag.py:540} INFO - Filling up the DagBag from /home/yohanes/Documents/10academy/week2_2/10ac_city_traffic_data_warehouse_week2/week2_env/lib/python3.8/site-packages/airflow/example_dags/example_bash_operator.py
[2024-05-01T12:33:33.298+0300] {processor.py:840} INFO - DAG(s) 'example_bash_operator' retrieved from /home/yohanes/Documents/10academy/week2_2/10ac_city_traffic_data_warehouse_week2/week2_env/lib/python3.8/site-packages/airflow/example_dags/example_bash_operator.py
[2024-05-01T12:33:33.335+0300] {logging_mixin.py:188} INFO - [2024-05-01T12:33:33.335+0300] {dag.py:3096} INFO - Sync 1 DAGs
[2024-05-01T12:33:33.368+0300] {logging_mixin.py:188} INFO - [2024-05-01T12:33:33.367+0300] {dag.py:3954} INFO - Setting next_dagrun for example_bash_operator to 2024-04-30 00:00:00+00:00, run_after=2024-05-01 00:00:00+00:00
[2024-05-01T12:33:33.664+0300] {processor.py:183} INFO - Processing /home/yohanes/Documents/10academy/week2_2/10ac_city_traffic_data_warehouse_week2/week2_env/lib/python3.8/site-packages/airflow/example_dags/example_bash_operator.py took 0.450 seconds
[2024-05-01T12:35:27.208+0300] {processor.py:161} INFO - Started process (PID=176414) to work on /home/yohanes/Documents/10academy/week2_2/10ac_city_traffic_data_warehouse_week2/week2_env/lib/python3.8/site-packages/airflow/example_dags/example_bash_operator.py
[2024-05-01T12:35:27.243+0300] {processor.py:830} INFO - Processing file /home/yohanes/Documents/10academy/week2_2/10ac_city_traffic_data_warehouse_week2/week2_env/lib/python3.8/site-packages/airflow/example_dags/example_bash_operator.py for tasks to queue
[2024-05-01T12:35:27.246+0300] {logging_mixin.py:188} INFO - [2024-05-01T12:35:27.245+0300] {dagbag.py:540} INFO - Filling up the DagBag from /home/yohanes/Documents/10academy/week2_2/10ac_city_traffic_data_warehouse_week2/week2_env/lib/python3.8/site-packages/airflow/example_dags/example_bash_operator.py
[2024-05-01T12:35:27.265+0300] {processor.py:840} INFO - DAG(s) 'example_bash_operator' retrieved from /home/yohanes/Documents/10academy/week2_2/10ac_city_traffic_data_warehouse_week2/week2_env/lib/python3.8/site-packages/airflow/example_dags/example_bash_operator.py
[2024-05-01T12:35:27.303+0300] {logging_mixin.py:188} INFO - [2024-05-01T12:35:27.303+0300] {dag.py:3096} INFO - Sync 1 DAGs
[2024-05-01T12:35:27.336+0300] {logging_mixin.py:188} INFO - [2024-05-01T12:35:27.336+0300] {dag.py:3954} INFO - Setting next_dagrun for example_bash_operator to 2024-04-30 00:00:00+00:00, run_after=2024-05-01 00:00:00+00:00
[2024-05-01T12:35:27.682+0300] {processor.py:183} INFO - Processing /home/yohanes/Documents/10academy/week2_2/10ac_city_traffic_data_warehouse_week2/week2_env/lib/python3.8/site-packages/airflow/example_dags/example_bash_operator.py took 0.486 seconds
[2024-05-01T12:38:12.976+0300] {processor.py:161} INFO - Started process (PID=177774) to work on /home/yohanes/Documents/10academy/week2_2/10ac_city_traffic_data_warehouse_week2/week2_env/lib/python3.8/site-packages/airflow/example_dags/example_bash_operator.py
[2024-05-01T12:38:12.992+0300] {processor.py:830} INFO - Processing file /home/yohanes/Documents/10academy/week2_2/10ac_city_traffic_data_warehouse_week2/week2_env/lib/python3.8/site-packages/airflow/example_dags/example_bash_operator.py for tasks to queue
[2024-05-01T12:38:12.995+0300] {logging_mixin.py:188} INFO - [2024-05-01T12:38:12.994+0300] {dagbag.py:540} INFO - Filling up the DagBag from /home/yohanes/Documents/10academy/week2_2/10ac_city_traffic_data_warehouse_week2/week2_env/lib/python3.8/site-packages/airflow/example_dags/example_bash_operator.py
[2024-05-01T12:38:13.016+0300] {processor.py:840} INFO - DAG(s) 'example_bash_operator' retrieved from /home/yohanes/Documents/10academy/week2_2/10ac_city_traffic_data_warehouse_week2/week2_env/lib/python3.8/site-packages/airflow/example_dags/example_bash_operator.py
[2024-05-01T12:38:13.064+0300] {logging_mixin.py:188} INFO - [2024-05-01T12:38:13.063+0300] {dag.py:3096} INFO - Sync 1 DAGs
[2024-05-01T12:38:13.099+0300] {logging_mixin.py:188} INFO - [2024-05-01T12:38:13.098+0300] {dag.py:3954} INFO - Setting next_dagrun for example_bash_operator to 2024-04-30 00:00:00+00:00, run_after=2024-05-01 00:00:00+00:00
[2024-05-01T12:38:13.311+0300] {processor.py:183} INFO - Processing /home/yohanes/Documents/10academy/week2_2/10ac_city_traffic_data_warehouse_week2/week2_env/lib/python3.8/site-packages/airflow/example_dags/example_bash_operator.py took 0.347 seconds
[2024-05-01T12:39:41.496+0300] {processor.py:161} INFO - Started process (PID=178567) to work on /home/yohanes/Documents/10academy/week2_2/10ac_city_traffic_data_warehouse_week2/week2_env/lib/python3.8/site-packages/airflow/example_dags/example_bash_operator.py
[2024-05-01T12:39:41.523+0300] {processor.py:830} INFO - Processing file /home/yohanes/Documents/10academy/week2_2/10ac_city_traffic_data_warehouse_week2/week2_env/lib/python3.8/site-packages/airflow/example_dags/example_bash_operator.py for tasks to queue
[2024-05-01T12:39:41.525+0300] {logging_mixin.py:188} INFO - [2024-05-01T12:39:41.525+0300] {dagbag.py:540} INFO - Filling up the DagBag from /home/yohanes/Documents/10academy/week2_2/10ac_city_traffic_data_warehouse_week2/week2_env/lib/python3.8/site-packages/airflow/example_dags/example_bash_operator.py
[2024-05-01T12:39:41.544+0300] {processor.py:840} INFO - DAG(s) 'example_bash_operator' retrieved from /home/yohanes/Documents/10academy/week2_2/10ac_city_traffic_data_warehouse_week2/week2_env/lib/python3.8/site-packages/airflow/example_dags/example_bash_operator.py
[2024-05-01T12:39:41.582+0300] {logging_mixin.py:188} INFO - [2024-05-01T12:39:41.581+0300] {dag.py:3096} INFO - Sync 1 DAGs
[2024-05-01T12:39:41.614+0300] {logging_mixin.py:188} INFO - [2024-05-01T12:39:41.614+0300] {dag.py:3954} INFO - Setting next_dagrun for example_bash_operator to 2024-04-30 00:00:00+00:00, run_after=2024-05-01 00:00:00+00:00
[2024-05-01T12:39:41.757+0300] {processor.py:183} INFO - Processing /home/yohanes/Documents/10academy/week2_2/10ac_city_traffic_data_warehouse_week2/week2_env/lib/python3.8/site-packages/airflow/example_dags/example_bash_operator.py took 0.271 seconds
[2024-05-01T12:41:09.102+0300] {processor.py:161} INFO - Started process (PID=179580) to work on /home/yohanes/Documents/10academy/week2_2/10ac_city_traffic_data_warehouse_week2/week2_env/lib/python3.8/site-packages/airflow/example_dags/example_bash_operator.py
[2024-05-01T12:41:09.111+0300] {processor.py:830} INFO - Processing file /home/yohanes/Documents/10academy/week2_2/10ac_city_traffic_data_warehouse_week2/week2_env/lib/python3.8/site-packages/airflow/example_dags/example_bash_operator.py for tasks to queue
[2024-05-01T12:41:09.115+0300] {logging_mixin.py:188} INFO - [2024-05-01T12:41:09.114+0300] {dagbag.py:540} INFO - Filling up the DagBag from /home/yohanes/Documents/10academy/week2_2/10ac_city_traffic_data_warehouse_week2/week2_env/lib/python3.8/site-packages/airflow/example_dags/example_bash_operator.py
[2024-05-01T12:41:09.139+0300] {processor.py:840} INFO - DAG(s) 'example_bash_operator' retrieved from /home/yohanes/Documents/10academy/week2_2/10ac_city_traffic_data_warehouse_week2/week2_env/lib/python3.8/site-packages/airflow/example_dags/example_bash_operator.py
[2024-05-01T12:41:09.184+0300] {logging_mixin.py:188} INFO - [2024-05-01T12:41:09.183+0300] {dag.py:3096} INFO - Sync 1 DAGs
[2024-05-01T12:41:09.218+0300] {logging_mixin.py:188} INFO - [2024-05-01T12:41:09.218+0300] {dag.py:3954} INFO - Setting next_dagrun for example_bash_operator to 2024-04-30 00:00:00+00:00, run_after=2024-05-01 00:00:00+00:00
[2024-05-01T12:41:09.359+0300] {processor.py:183} INFO - Processing /home/yohanes/Documents/10academy/week2_2/10ac_city_traffic_data_warehouse_week2/week2_env/lib/python3.8/site-packages/airflow/example_dags/example_bash_operator.py took 0.268 seconds
[2024-05-01T12:42:54.694+0300] {processor.py:161} INFO - Started process (PID=180482) to work on /home/yohanes/Documents/10academy/week2_2/10ac_city_traffic_data_warehouse_week2/week2_env/lib/python3.8/site-packages/airflow/example_dags/example_bash_operator.py
[2024-05-01T12:42:54.765+0300] {processor.py:830} INFO - Processing file /home/yohanes/Documents/10academy/week2_2/10ac_city_traffic_data_warehouse_week2/week2_env/lib/python3.8/site-packages/airflow/example_dags/example_bash_operator.py for tasks to queue
[2024-05-01T12:42:54.768+0300] {logging_mixin.py:188} INFO - [2024-05-01T12:42:54.767+0300] {dagbag.py:540} INFO - Filling up the DagBag from /home/yohanes/Documents/10academy/week2_2/10ac_city_traffic_data_warehouse_week2/week2_env/lib/python3.8/site-packages/airflow/example_dags/example_bash_operator.py
[2024-05-01T12:42:54.788+0300] {processor.py:840} INFO - DAG(s) 'example_bash_operator' retrieved from /home/yohanes/Documents/10academy/week2_2/10ac_city_traffic_data_warehouse_week2/week2_env/lib/python3.8/site-packages/airflow/example_dags/example_bash_operator.py
[2024-05-01T12:42:54.830+0300] {logging_mixin.py:188} INFO - [2024-05-01T12:42:54.829+0300] {dag.py:3096} INFO - Sync 1 DAGs
[2024-05-01T12:42:54.862+0300] {logging_mixin.py:188} INFO - [2024-05-01T12:42:54.861+0300] {dag.py:3954} INFO - Setting next_dagrun for example_bash_operator to 2024-04-30 00:00:00+00:00, run_after=2024-05-01 00:00:00+00:00
[2024-05-01T12:42:55.159+0300] {processor.py:183} INFO - Processing /home/yohanes/Documents/10academy/week2_2/10ac_city_traffic_data_warehouse_week2/week2_env/lib/python3.8/site-packages/airflow/example_dags/example_bash_operator.py took 0.476 seconds
[2024-05-01T12:44:11.477+0300] {processor.py:161} INFO - Started process (PID=181240) to work on /home/yohanes/Documents/10academy/week2_2/10ac_city_traffic_data_warehouse_week2/week2_env/lib/python3.8/site-packages/airflow/example_dags/example_bash_operator.py
[2024-05-01T12:44:11.494+0300] {processor.py:830} INFO - Processing file /home/yohanes/Documents/10academy/week2_2/10ac_city_traffic_data_warehouse_week2/week2_env/lib/python3.8/site-packages/airflow/example_dags/example_bash_operator.py for tasks to queue
[2024-05-01T12:44:11.497+0300] {logging_mixin.py:188} INFO - [2024-05-01T12:44:11.496+0300] {dagbag.py:540} INFO - Filling up the DagBag from /home/yohanes/Documents/10academy/week2_2/10ac_city_traffic_data_warehouse_week2/week2_env/lib/python3.8/site-packages/airflow/example_dags/example_bash_operator.py
[2024-05-01T12:44:11.527+0300] {processor.py:840} INFO - DAG(s) 'example_bash_operator' retrieved from /home/yohanes/Documents/10academy/week2_2/10ac_city_traffic_data_warehouse_week2/week2_env/lib/python3.8/site-packages/airflow/example_dags/example_bash_operator.py
[2024-05-01T12:44:11.574+0300] {logging_mixin.py:188} INFO - [2024-05-01T12:44:11.574+0300] {dag.py:3096} INFO - Sync 1 DAGs
[2024-05-01T12:44:11.607+0300] {logging_mixin.py:188} INFO - [2024-05-01T12:44:11.607+0300] {dag.py:3954} INFO - Setting next_dagrun for example_bash_operator to 2024-04-30 00:00:00+00:00, run_after=2024-05-01 00:00:00+00:00
[2024-05-01T12:44:11.734+0300] {processor.py:183} INFO - Processing /home/yohanes/Documents/10academy/week2_2/10ac_city_traffic_data_warehouse_week2/week2_env/lib/python3.8/site-packages/airflow/example_dags/example_bash_operator.py took 0.271 seconds
[2024-05-01T12:45:16.934+0300] {processor.py:161} INFO - Started process (PID=181801) to work on /home/yohanes/Documents/10academy/week2_2/10ac_city_traffic_data_warehouse_week2/week2_env/lib/python3.8/site-packages/airflow/example_dags/example_bash_operator.py
[2024-05-01T12:45:16.935+0300] {processor.py:830} INFO - Processing file /home/yohanes/Documents/10academy/week2_2/10ac_city_traffic_data_warehouse_week2/week2_env/lib/python3.8/site-packages/airflow/example_dags/example_bash_operator.py for tasks to queue
[2024-05-01T12:45:16.937+0300] {logging_mixin.py:188} INFO - [2024-05-01T12:45:16.937+0300] {dagbag.py:540} INFO - Filling up the DagBag from /home/yohanes/Documents/10academy/week2_2/10ac_city_traffic_data_warehouse_week2/week2_env/lib/python3.8/site-packages/airflow/example_dags/example_bash_operator.py
[2024-05-01T12:45:16.956+0300] {processor.py:840} INFO - DAG(s) 'example_bash_operator' retrieved from /home/yohanes/Documents/10academy/week2_2/10ac_city_traffic_data_warehouse_week2/week2_env/lib/python3.8/site-packages/airflow/example_dags/example_bash_operator.py
[2024-05-01T12:45:16.995+0300] {logging_mixin.py:188} INFO - [2024-05-01T12:45:16.994+0300] {dag.py:3096} INFO - Sync 1 DAGs
[2024-05-01T12:45:17.038+0300] {logging_mixin.py:188} INFO - [2024-05-01T12:45:17.037+0300] {dag.py:3954} INFO - Setting next_dagrun for example_bash_operator to 2024-04-30 00:00:00+00:00, run_after=2024-05-01 00:00:00+00:00
[2024-05-01T12:45:17.189+0300] {processor.py:183} INFO - Processing /home/yohanes/Documents/10academy/week2_2/10ac_city_traffic_data_warehouse_week2/week2_env/lib/python3.8/site-packages/airflow/example_dags/example_bash_operator.py took 0.265 seconds
[2024-05-01T12:46:26.442+0300] {processor.py:161} INFO - Started process (PID=182613) to work on /home/yohanes/Documents/10academy/week2_2/10ac_city_traffic_data_warehouse_week2/week2_env/lib/python3.8/site-packages/airflow/example_dags/example_bash_operator.py
[2024-05-01T12:46:26.461+0300] {processor.py:830} INFO - Processing file /home/yohanes/Documents/10academy/week2_2/10ac_city_traffic_data_warehouse_week2/week2_env/lib/python3.8/site-packages/airflow/example_dags/example_bash_operator.py for tasks to queue
[2024-05-01T12:46:26.463+0300] {logging_mixin.py:188} INFO - [2024-05-01T12:46:26.463+0300] {dagbag.py:540} INFO - Filling up the DagBag from /home/yohanes/Documents/10academy/week2_2/10ac_city_traffic_data_warehouse_week2/week2_env/lib/python3.8/site-packages/airflow/example_dags/example_bash_operator.py
[2024-05-01T12:46:26.486+0300] {processor.py:840} INFO - DAG(s) 'example_bash_operator' retrieved from /home/yohanes/Documents/10academy/week2_2/10ac_city_traffic_data_warehouse_week2/week2_env/lib/python3.8/site-packages/airflow/example_dags/example_bash_operator.py
[2024-05-01T12:46:26.538+0300] {logging_mixin.py:188} INFO - [2024-05-01T12:46:26.537+0300] {dag.py:3096} INFO - Sync 1 DAGs
[2024-05-01T12:46:26.577+0300] {logging_mixin.py:188} INFO - [2024-05-01T12:46:26.577+0300] {dag.py:3954} INFO - Setting next_dagrun for example_bash_operator to 2024-04-30 00:00:00+00:00, run_after=2024-05-01 00:00:00+00:00
[2024-05-01T12:46:26.723+0300] {processor.py:183} INFO - Processing /home/yohanes/Documents/10academy/week2_2/10ac_city_traffic_data_warehouse_week2/week2_env/lib/python3.8/site-packages/airflow/example_dags/example_bash_operator.py took 0.292 seconds
[2024-05-01T12:47:40.715+0300] {processor.py:161} INFO - Started process (PID=183475) to work on /home/yohanes/Documents/10academy/week2_2/10ac_city_traffic_data_warehouse_week2/week2_env/lib/python3.8/site-packages/airflow/example_dags/example_bash_operator.py
[2024-05-01T12:47:40.769+0300] {processor.py:830} INFO - Processing file /home/yohanes/Documents/10academy/week2_2/10ac_city_traffic_data_warehouse_week2/week2_env/lib/python3.8/site-packages/airflow/example_dags/example_bash_operator.py for tasks to queue
[2024-05-01T12:47:40.773+0300] {logging_mixin.py:188} INFO - [2024-05-01T12:47:40.772+0300] {dagbag.py:540} INFO - Filling up the DagBag from /home/yohanes/Documents/10academy/week2_2/10ac_city_traffic_data_warehouse_week2/week2_env/lib/python3.8/site-packages/airflow/example_dags/example_bash_operator.py
[2024-05-01T12:47:40.803+0300] {processor.py:840} INFO - DAG(s) 'example_bash_operator' retrieved from /home/yohanes/Documents/10academy/week2_2/10ac_city_traffic_data_warehouse_week2/week2_env/lib/python3.8/site-packages/airflow/example_dags/example_bash_operator.py
[2024-05-01T12:47:40.845+0300] {logging_mixin.py:188} INFO - [2024-05-01T12:47:40.845+0300] {dag.py:3096} INFO - Sync 1 DAGs
[2024-05-01T12:47:40.877+0300] {logging_mixin.py:188} INFO - [2024-05-01T12:47:40.877+0300] {dag.py:3954} INFO - Setting next_dagrun for example_bash_operator to 2024-04-30 00:00:00+00:00, run_after=2024-05-01 00:00:00+00:00
[2024-05-01T12:47:41.116+0300] {processor.py:183} INFO - Processing /home/yohanes/Documents/10academy/week2_2/10ac_city_traffic_data_warehouse_week2/week2_env/lib/python3.8/site-packages/airflow/example_dags/example_bash_operator.py took 0.415 seconds
[2024-05-01T12:49:10.133+0300] {processor.py:161} INFO - Started process (PID=184325) to work on /home/yohanes/Documents/10academy/week2_2/10ac_city_traffic_data_warehouse_week2/week2_env/lib/python3.8/site-packages/airflow/example_dags/example_bash_operator.py
[2024-05-01T12:49:10.154+0300] {processor.py:830} INFO - Processing file /home/yohanes/Documents/10academy/week2_2/10ac_city_traffic_data_warehouse_week2/week2_env/lib/python3.8/site-packages/airflow/example_dags/example_bash_operator.py for tasks to queue
[2024-05-01T12:49:10.159+0300] {logging_mixin.py:188} INFO - [2024-05-01T12:49:10.158+0300] {dagbag.py:540} INFO - Filling up the DagBag from /home/yohanes/Documents/10academy/week2_2/10ac_city_traffic_data_warehouse_week2/week2_env/lib/python3.8/site-packages/airflow/example_dags/example_bash_operator.py
[2024-05-01T12:49:10.187+0300] {processor.py:840} INFO - DAG(s) 'example_bash_operator' retrieved from /home/yohanes/Documents/10academy/week2_2/10ac_city_traffic_data_warehouse_week2/week2_env/lib/python3.8/site-packages/airflow/example_dags/example_bash_operator.py
[2024-05-01T12:49:10.231+0300] {logging_mixin.py:188} INFO - [2024-05-01T12:49:10.230+0300] {dag.py:3096} INFO - Sync 1 DAGs
[2024-05-01T12:49:10.269+0300] {logging_mixin.py:188} INFO - [2024-05-01T12:49:10.268+0300] {dag.py:3954} INFO - Setting next_dagrun for example_bash_operator to 2024-04-30 00:00:00+00:00, run_after=2024-05-01 00:00:00+00:00
[2024-05-01T12:49:10.427+0300] {processor.py:183} INFO - Processing /home/yohanes/Documents/10academy/week2_2/10ac_city_traffic_data_warehouse_week2/week2_env/lib/python3.8/site-packages/airflow/example_dags/example_bash_operator.py took 0.306 seconds
[2024-05-01T12:50:43.172+0300] {processor.py:161} INFO - Started process (PID=185332) to work on /home/yohanes/Documents/10academy/week2_2/10ac_city_traffic_data_warehouse_week2/week2_env/lib/python3.8/site-packages/airflow/example_dags/example_bash_operator.py
[2024-05-01T12:50:43.224+0300] {processor.py:830} INFO - Processing file /home/yohanes/Documents/10academy/week2_2/10ac_city_traffic_data_warehouse_week2/week2_env/lib/python3.8/site-packages/airflow/example_dags/example_bash_operator.py for tasks to queue
[2024-05-01T12:50:43.227+0300] {logging_mixin.py:188} INFO - [2024-05-01T12:50:43.227+0300] {dagbag.py:540} INFO - Filling up the DagBag from /home/yohanes/Documents/10academy/week2_2/10ac_city_traffic_data_warehouse_week2/week2_env/lib/python3.8/site-packages/airflow/example_dags/example_bash_operator.py
[2024-05-01T12:50:43.250+0300] {processor.py:840} INFO - DAG(s) 'example_bash_operator' retrieved from /home/yohanes/Documents/10academy/week2_2/10ac_city_traffic_data_warehouse_week2/week2_env/lib/python3.8/site-packages/airflow/example_dags/example_bash_operator.py
[2024-05-01T12:50:43.293+0300] {logging_mixin.py:188} INFO - [2024-05-01T12:50:43.292+0300] {dag.py:3096} INFO - Sync 1 DAGs
[2024-05-01T12:50:43.323+0300] {logging_mixin.py:188} INFO - [2024-05-01T12:50:43.323+0300] {dag.py:3954} INFO - Setting next_dagrun for example_bash_operator to 2024-04-30 00:00:00+00:00, run_after=2024-05-01 00:00:00+00:00
[2024-05-01T12:50:43.795+0300] {processor.py:183} INFO - Processing /home/yohanes/Documents/10academy/week2_2/10ac_city_traffic_data_warehouse_week2/week2_env/lib/python3.8/site-packages/airflow/example_dags/example_bash_operator.py took 0.631 seconds
[2024-05-01T12:52:31.130+0300] {processor.py:161} INFO - Started process (PID=186695) to work on /home/yohanes/Documents/10academy/week2_2/10ac_city_traffic_data_warehouse_week2/week2_env/lib/python3.8/site-packages/airflow/example_dags/example_bash_operator.py
[2024-05-01T12:52:31.143+0300] {processor.py:830} INFO - Processing file /home/yohanes/Documents/10academy/week2_2/10ac_city_traffic_data_warehouse_week2/week2_env/lib/python3.8/site-packages/airflow/example_dags/example_bash_operator.py for tasks to queue
[2024-05-01T12:52:31.147+0300] {logging_mixin.py:188} INFO - [2024-05-01T12:52:31.146+0300] {dagbag.py:540} INFO - Filling up the DagBag from /home/yohanes/Documents/10academy/week2_2/10ac_city_traffic_data_warehouse_week2/week2_env/lib/python3.8/site-packages/airflow/example_dags/example_bash_operator.py
[2024-05-01T12:52:31.388+0300] {processor.py:840} INFO - DAG(s) 'example_bash_operator' retrieved from /home/yohanes/Documents/10academy/week2_2/10ac_city_traffic_data_warehouse_week2/week2_env/lib/python3.8/site-packages/airflow/example_dags/example_bash_operator.py
[2024-05-01T12:52:31.466+0300] {logging_mixin.py:188} INFO - [2024-05-01T12:52:31.466+0300] {dag.py:3096} INFO - Sync 1 DAGs
[2024-05-01T12:52:31.499+0300] {logging_mixin.py:188} INFO - [2024-05-01T12:52:31.498+0300] {dag.py:3954} INFO - Setting next_dagrun for example_bash_operator to 2024-04-30 00:00:00+00:00, run_after=2024-05-01 00:00:00+00:00
[2024-05-01T12:52:31.714+0300] {processor.py:183} INFO - Processing /home/yohanes/Documents/10academy/week2_2/10ac_city_traffic_data_warehouse_week2/week2_env/lib/python3.8/site-packages/airflow/example_dags/example_bash_operator.py took 0.594 seconds
[2024-05-01T12:54:01.916+0300] {processor.py:161} INFO - Started process (PID=187597) to work on /home/yohanes/Documents/10academy/week2_2/10ac_city_traffic_data_warehouse_week2/week2_env/lib/python3.8/site-packages/airflow/example_dags/example_bash_operator.py
[2024-05-01T12:54:01.942+0300] {processor.py:830} INFO - Processing file /home/yohanes/Documents/10academy/week2_2/10ac_city_traffic_data_warehouse_week2/week2_env/lib/python3.8/site-packages/airflow/example_dags/example_bash_operator.py for tasks to queue
[2024-05-01T12:54:01.945+0300] {logging_mixin.py:188} INFO - [2024-05-01T12:54:01.944+0300] {dagbag.py:540} INFO - Filling up the DagBag from /home/yohanes/Documents/10academy/week2_2/10ac_city_traffic_data_warehouse_week2/week2_env/lib/python3.8/site-packages/airflow/example_dags/example_bash_operator.py
[2024-05-01T12:54:01.964+0300] {processor.py:840} INFO - DAG(s) 'example_bash_operator' retrieved from /home/yohanes/Documents/10academy/week2_2/10ac_city_traffic_data_warehouse_week2/week2_env/lib/python3.8/site-packages/airflow/example_dags/example_bash_operator.py
[2024-05-01T12:54:02.001+0300] {logging_mixin.py:188} INFO - [2024-05-01T12:54:02.001+0300] {dag.py:3096} INFO - Sync 1 DAGs
[2024-05-01T12:54:02.032+0300] {logging_mixin.py:188} INFO - [2024-05-01T12:54:02.032+0300] {dag.py:3954} INFO - Setting next_dagrun for example_bash_operator to 2024-04-30 00:00:00+00:00, run_after=2024-05-01 00:00:00+00:00
[2024-05-01T12:54:02.172+0300] {processor.py:183} INFO - Processing /home/yohanes/Documents/10academy/week2_2/10ac_city_traffic_data_warehouse_week2/week2_env/lib/python3.8/site-packages/airflow/example_dags/example_bash_operator.py took 0.265 seconds
[2024-05-01T12:55:13.649+0300] {processor.py:161} INFO - Started process (PID=188198) to work on /home/yohanes/Documents/10academy/week2_2/10ac_city_traffic_data_warehouse_week2/week2_env/lib/python3.8/site-packages/airflow/example_dags/example_bash_operator.py
[2024-05-01T12:55:13.670+0300] {processor.py:830} INFO - Processing file /home/yohanes/Documents/10academy/week2_2/10ac_city_traffic_data_warehouse_week2/week2_env/lib/python3.8/site-packages/airflow/example_dags/example_bash_operator.py for tasks to queue
[2024-05-01T12:55:13.672+0300] {logging_mixin.py:188} INFO - [2024-05-01T12:55:13.672+0300] {dagbag.py:540} INFO - Filling up the DagBag from /home/yohanes/Documents/10academy/week2_2/10ac_city_traffic_data_warehouse_week2/week2_env/lib/python3.8/site-packages/airflow/example_dags/example_bash_operator.py
[2024-05-01T12:55:13.693+0300] {processor.py:840} INFO - DAG(s) 'example_bash_operator' retrieved from /home/yohanes/Documents/10academy/week2_2/10ac_city_traffic_data_warehouse_week2/week2_env/lib/python3.8/site-packages/airflow/example_dags/example_bash_operator.py
[2024-05-01T12:55:13.730+0300] {logging_mixin.py:188} INFO - [2024-05-01T12:55:13.730+0300] {dag.py:3096} INFO - Sync 1 DAGs
[2024-05-01T12:55:13.762+0300] {logging_mixin.py:188} INFO - [2024-05-01T12:55:13.762+0300] {dag.py:3954} INFO - Setting next_dagrun for example_bash_operator to 2024-04-30 00:00:00+00:00, run_after=2024-05-01 00:00:00+00:00
[2024-05-01T12:55:13.950+0300] {processor.py:183} INFO - Processing /home/yohanes/Documents/10academy/week2_2/10ac_city_traffic_data_warehouse_week2/week2_env/lib/python3.8/site-packages/airflow/example_dags/example_bash_operator.py took 0.314 seconds
[2024-05-01T12:56:25.937+0300] {processor.py:161} INFO - Started process (PID=189009) to work on /home/yohanes/Documents/10academy/week2_2/10ac_city_traffic_data_warehouse_week2/week2_env/lib/python3.8/site-packages/airflow/example_dags/example_bash_operator.py
[2024-05-01T12:56:25.964+0300] {processor.py:830} INFO - Processing file /home/yohanes/Documents/10academy/week2_2/10ac_city_traffic_data_warehouse_week2/week2_env/lib/python3.8/site-packages/airflow/example_dags/example_bash_operator.py for tasks to queue
[2024-05-01T12:56:25.968+0300] {logging_mixin.py:188} INFO - [2024-05-01T12:56:25.967+0300] {dagbag.py:540} INFO - Filling up the DagBag from /home/yohanes/Documents/10academy/week2_2/10ac_city_traffic_data_warehouse_week2/week2_env/lib/python3.8/site-packages/airflow/example_dags/example_bash_operator.py
[2024-05-01T12:56:25.992+0300] {processor.py:840} INFO - DAG(s) 'example_bash_operator' retrieved from /home/yohanes/Documents/10academy/week2_2/10ac_city_traffic_data_warehouse_week2/week2_env/lib/python3.8/site-packages/airflow/example_dags/example_bash_operator.py
[2024-05-01T12:56:26.030+0300] {logging_mixin.py:188} INFO - [2024-05-01T12:56:26.029+0300] {dag.py:3096} INFO - Sync 1 DAGs
[2024-05-01T12:56:26.061+0300] {logging_mixin.py:188} INFO - [2024-05-01T12:56:26.060+0300] {dag.py:3954} INFO - Setting next_dagrun for example_bash_operator to 2024-04-30 00:00:00+00:00, run_after=2024-05-01 00:00:00+00:00
[2024-05-01T12:56:26.205+0300] {processor.py:183} INFO - Processing /home/yohanes/Documents/10academy/week2_2/10ac_city_traffic_data_warehouse_week2/week2_env/lib/python3.8/site-packages/airflow/example_dags/example_bash_operator.py took 0.279 seconds
[2024-05-01T12:57:44.168+0300] {processor.py:161} INFO - Started process (PID=190579) to work on /home/yohanes/Documents/10academy/week2_2/10ac_city_traffic_data_warehouse_week2/week2_env/lib/python3.8/site-packages/airflow/example_dags/example_bash_operator.py
[2024-05-01T12:57:44.188+0300] {processor.py:830} INFO - Processing file /home/yohanes/Documents/10academy/week2_2/10ac_city_traffic_data_warehouse_week2/week2_env/lib/python3.8/site-packages/airflow/example_dags/example_bash_operator.py for tasks to queue
[2024-05-01T12:57:44.194+0300] {logging_mixin.py:188} INFO - [2024-05-01T12:57:44.193+0300] {dagbag.py:540} INFO - Filling up the DagBag from /home/yohanes/Documents/10academy/week2_2/10ac_city_traffic_data_warehouse_week2/week2_env/lib/python3.8/site-packages/airflow/example_dags/example_bash_operator.py
[2024-05-01T12:57:44.271+0300] {processor.py:840} INFO - DAG(s) 'example_bash_operator' retrieved from /home/yohanes/Documents/10academy/week2_2/10ac_city_traffic_data_warehouse_week2/week2_env/lib/python3.8/site-packages/airflow/example_dags/example_bash_operator.py
[2024-05-01T12:57:44.365+0300] {logging_mixin.py:188} INFO - [2024-05-01T12:57:44.365+0300] {dag.py:3096} INFO - Sync 1 DAGs
[2024-05-01T12:57:44.416+0300] {logging_mixin.py:188} INFO - [2024-05-01T12:57:44.415+0300] {dag.py:3954} INFO - Setting next_dagrun for example_bash_operator to 2024-04-30 00:00:00+00:00, run_after=2024-05-01 00:00:00+00:00
[2024-05-01T12:57:44.664+0300] {processor.py:183} INFO - Processing /home/yohanes/Documents/10academy/week2_2/10ac_city_traffic_data_warehouse_week2/week2_env/lib/python3.8/site-packages/airflow/example_dags/example_bash_operator.py took 0.508 seconds
[2024-05-01T13:00:28.968+0300] {processor.py:161} INFO - Started process (PID=192885) to work on /home/yohanes/Documents/10academy/week2_2/10ac_city_traffic_data_warehouse_week2/week2_env/lib/python3.8/site-packages/airflow/example_dags/example_bash_operator.py
[2024-05-01T13:00:29.022+0300] {processor.py:830} INFO - Processing file /home/yohanes/Documents/10academy/week2_2/10ac_city_traffic_data_warehouse_week2/week2_env/lib/python3.8/site-packages/airflow/example_dags/example_bash_operator.py for tasks to queue
[2024-05-01T13:00:29.024+0300] {logging_mixin.py:188} INFO - [2024-05-01T13:00:29.024+0300] {dagbag.py:540} INFO - Filling up the DagBag from /home/yohanes/Documents/10academy/week2_2/10ac_city_traffic_data_warehouse_week2/week2_env/lib/python3.8/site-packages/airflow/example_dags/example_bash_operator.py
[2024-05-01T13:00:29.490+0300] {processor.py:840} INFO - DAG(s) 'example_bash_operator' retrieved from /home/yohanes/Documents/10academy/week2_2/10ac_city_traffic_data_warehouse_week2/week2_env/lib/python3.8/site-packages/airflow/example_dags/example_bash_operator.py
[2024-05-01T13:00:29.616+0300] {logging_mixin.py:188} INFO - [2024-05-01T13:00:29.616+0300] {dag.py:3096} INFO - Sync 1 DAGs
[2024-05-01T13:00:29.647+0300] {logging_mixin.py:188} INFO - [2024-05-01T13:00:29.647+0300] {dag.py:3954} INFO - Setting next_dagrun for example_bash_operator to 2024-04-30 00:00:00+00:00, run_after=2024-05-01 00:00:00+00:00
[2024-05-01T13:00:29.929+0300] {processor.py:183} INFO - Processing /home/yohanes/Documents/10academy/week2_2/10ac_city_traffic_data_warehouse_week2/week2_env/lib/python3.8/site-packages/airflow/example_dags/example_bash_operator.py took 0.973 seconds
[2024-05-01T13:04:10.251+0300] {processor.py:161} INFO - Started process (PID=195205) to work on /home/yohanes/Documents/10academy/week2_2/10ac_city_traffic_data_warehouse_week2/week2_env/lib/python3.8/site-packages/airflow/example_dags/example_bash_operator.py
[2024-05-01T13:04:10.269+0300] {processor.py:830} INFO - Processing file /home/yohanes/Documents/10academy/week2_2/10ac_city_traffic_data_warehouse_week2/week2_env/lib/python3.8/site-packages/airflow/example_dags/example_bash_operator.py for tasks to queue
[2024-05-01T13:04:10.271+0300] {logging_mixin.py:188} INFO - [2024-05-01T13:04:10.271+0300] {dagbag.py:540} INFO - Filling up the DagBag from /home/yohanes/Documents/10academy/week2_2/10ac_city_traffic_data_warehouse_week2/week2_env/lib/python3.8/site-packages/airflow/example_dags/example_bash_operator.py
[2024-05-01T13:04:10.292+0300] {processor.py:840} INFO - DAG(s) 'example_bash_operator' retrieved from /home/yohanes/Documents/10academy/week2_2/10ac_city_traffic_data_warehouse_week2/week2_env/lib/python3.8/site-packages/airflow/example_dags/example_bash_operator.py
[2024-05-01T13:04:10.333+0300] {logging_mixin.py:188} INFO - [2024-05-01T13:04:10.333+0300] {dag.py:3096} INFO - Sync 1 DAGs
[2024-05-01T13:04:10.365+0300] {logging_mixin.py:188} INFO - [2024-05-01T13:04:10.365+0300] {dag.py:3954} INFO - Setting next_dagrun for example_bash_operator to 2024-04-30 00:00:00+00:00, run_after=2024-05-01 00:00:00+00:00
[2024-05-01T13:04:10.597+0300] {processor.py:183} INFO - Processing /home/yohanes/Documents/10academy/week2_2/10ac_city_traffic_data_warehouse_week2/week2_env/lib/python3.8/site-packages/airflow/example_dags/example_bash_operator.py took 0.355 seconds
[2024-05-01T13:05:29.119+0300] {processor.py:161} INFO - Started process (PID=196073) to work on /home/yohanes/Documents/10academy/week2_2/10ac_city_traffic_data_warehouse_week2/week2_env/lib/python3.8/site-packages/airflow/example_dags/example_bash_operator.py
[2024-05-01T13:05:29.209+0300] {processor.py:830} INFO - Processing file /home/yohanes/Documents/10academy/week2_2/10ac_city_traffic_data_warehouse_week2/week2_env/lib/python3.8/site-packages/airflow/example_dags/example_bash_operator.py for tasks to queue
[2024-05-01T13:05:29.211+0300] {logging_mixin.py:188} INFO - [2024-05-01T13:05:29.211+0300] {dagbag.py:540} INFO - Filling up the DagBag from /home/yohanes/Documents/10academy/week2_2/10ac_city_traffic_data_warehouse_week2/week2_env/lib/python3.8/site-packages/airflow/example_dags/example_bash_operator.py
[2024-05-01T13:05:29.230+0300] {processor.py:840} INFO - DAG(s) 'example_bash_operator' retrieved from /home/yohanes/Documents/10academy/week2_2/10ac_city_traffic_data_warehouse_week2/week2_env/lib/python3.8/site-packages/airflow/example_dags/example_bash_operator.py
[2024-05-01T13:05:29.265+0300] {logging_mixin.py:188} INFO - [2024-05-01T13:05:29.265+0300] {dag.py:3096} INFO - Sync 1 DAGs
[2024-05-01T13:05:29.294+0300] {logging_mixin.py:188} INFO - [2024-05-01T13:05:29.294+0300] {dag.py:3954} INFO - Setting next_dagrun for example_bash_operator to 2024-04-30 00:00:00+00:00, run_after=2024-05-01 00:00:00+00:00
[2024-05-01T13:05:30.098+0300] {processor.py:183} INFO - Processing /home/yohanes/Documents/10academy/week2_2/10ac_city_traffic_data_warehouse_week2/week2_env/lib/python3.8/site-packages/airflow/example_dags/example_bash_operator.py took 0.988 seconds
[2024-05-01T13:06:44.653+0300] {processor.py:161} INFO - Started process (PID=196719) to work on /home/yohanes/Documents/10academy/week2_2/10ac_city_traffic_data_warehouse_week2/week2_env/lib/python3.8/site-packages/airflow/example_dags/example_bash_operator.py
[2024-05-01T13:06:44.696+0300] {processor.py:830} INFO - Processing file /home/yohanes/Documents/10academy/week2_2/10ac_city_traffic_data_warehouse_week2/week2_env/lib/python3.8/site-packages/airflow/example_dags/example_bash_operator.py for tasks to queue
[2024-05-01T13:06:44.699+0300] {logging_mixin.py:188} INFO - [2024-05-01T13:06:44.698+0300] {dagbag.py:540} INFO - Filling up the DagBag from /home/yohanes/Documents/10academy/week2_2/10ac_city_traffic_data_warehouse_week2/week2_env/lib/python3.8/site-packages/airflow/example_dags/example_bash_operator.py
[2024-05-01T13:06:44.717+0300] {processor.py:840} INFO - DAG(s) 'example_bash_operator' retrieved from /home/yohanes/Documents/10academy/week2_2/10ac_city_traffic_data_warehouse_week2/week2_env/lib/python3.8/site-packages/airflow/example_dags/example_bash_operator.py
[2024-05-01T13:06:44.753+0300] {logging_mixin.py:188} INFO - [2024-05-01T13:06:44.753+0300] {dag.py:3096} INFO - Sync 1 DAGs
[2024-05-01T13:06:44.786+0300] {logging_mixin.py:188} INFO - [2024-05-01T13:06:44.786+0300] {dag.py:3954} INFO - Setting next_dagrun for example_bash_operator to 2024-04-30 00:00:00+00:00, run_after=2024-05-01 00:00:00+00:00
[2024-05-01T13:06:44.926+0300] {processor.py:183} INFO - Processing /home/yohanes/Documents/10academy/week2_2/10ac_city_traffic_data_warehouse_week2/week2_env/lib/python3.8/site-packages/airflow/example_dags/example_bash_operator.py took 0.287 seconds
[2024-05-01T13:07:54.195+0300] {processor.py:161} INFO - Started process (PID=197311) to work on /home/yohanes/Documents/10academy/week2_2/10ac_city_traffic_data_warehouse_week2/week2_env/lib/python3.8/site-packages/airflow/example_dags/example_bash_operator.py
[2024-05-01T13:07:54.217+0300] {processor.py:830} INFO - Processing file /home/yohanes/Documents/10academy/week2_2/10ac_city_traffic_data_warehouse_week2/week2_env/lib/python3.8/site-packages/airflow/example_dags/example_bash_operator.py for tasks to queue
[2024-05-01T13:07:54.219+0300] {logging_mixin.py:188} INFO - [2024-05-01T13:07:54.219+0300] {dagbag.py:540} INFO - Filling up the DagBag from /home/yohanes/Documents/10academy/week2_2/10ac_city_traffic_data_warehouse_week2/week2_env/lib/python3.8/site-packages/airflow/example_dags/example_bash_operator.py
[2024-05-01T13:07:54.240+0300] {processor.py:840} INFO - DAG(s) 'example_bash_operator' retrieved from /home/yohanes/Documents/10academy/week2_2/10ac_city_traffic_data_warehouse_week2/week2_env/lib/python3.8/site-packages/airflow/example_dags/example_bash_operator.py
[2024-05-01T13:07:54.281+0300] {logging_mixin.py:188} INFO - [2024-05-01T13:07:54.281+0300] {dag.py:3096} INFO - Sync 1 DAGs
[2024-05-01T13:07:54.314+0300] {logging_mixin.py:188} INFO - [2024-05-01T13:07:54.314+0300] {dag.py:3954} INFO - Setting next_dagrun for example_bash_operator to 2024-04-30 00:00:00+00:00, run_after=2024-05-01 00:00:00+00:00
[2024-05-01T13:07:54.451+0300] {processor.py:183} INFO - Processing /home/yohanes/Documents/10academy/week2_2/10ac_city_traffic_data_warehouse_week2/week2_env/lib/python3.8/site-packages/airflow/example_dags/example_bash_operator.py took 0.267 seconds
[2024-05-01T13:09:33.521+0300] {processor.py:161} INFO - Started process (PID=198156) to work on /home/yohanes/Documents/10academy/week2_2/10ac_city_traffic_data_warehouse_week2/week2_env/lib/python3.8/site-packages/airflow/example_dags/example_bash_operator.py
[2024-05-01T13:09:33.537+0300] {processor.py:830} INFO - Processing file /home/yohanes/Documents/10academy/week2_2/10ac_city_traffic_data_warehouse_week2/week2_env/lib/python3.8/site-packages/airflow/example_dags/example_bash_operator.py for tasks to queue
[2024-05-01T13:09:33.540+0300] {logging_mixin.py:188} INFO - [2024-05-01T13:09:33.539+0300] {dagbag.py:540} INFO - Filling up the DagBag from /home/yohanes/Documents/10academy/week2_2/10ac_city_traffic_data_warehouse_week2/week2_env/lib/python3.8/site-packages/airflow/example_dags/example_bash_operator.py
[2024-05-01T13:09:33.559+0300] {processor.py:840} INFO - DAG(s) 'example_bash_operator' retrieved from /home/yohanes/Documents/10academy/week2_2/10ac_city_traffic_data_warehouse_week2/week2_env/lib/python3.8/site-packages/airflow/example_dags/example_bash_operator.py
[2024-05-01T13:09:33.595+0300] {logging_mixin.py:188} INFO - [2024-05-01T13:09:33.595+0300] {dag.py:3096} INFO - Sync 1 DAGs
[2024-05-01T13:09:33.628+0300] {logging_mixin.py:188} INFO - [2024-05-01T13:09:33.628+0300] {dag.py:3954} INFO - Setting next_dagrun for example_bash_operator to 2024-04-30 00:00:00+00:00, run_after=2024-05-01 00:00:00+00:00
[2024-05-01T13:09:33.775+0300] {processor.py:183} INFO - Processing /home/yohanes/Documents/10academy/week2_2/10ac_city_traffic_data_warehouse_week2/week2_env/lib/python3.8/site-packages/airflow/example_dags/example_bash_operator.py took 0.265 seconds
[2024-05-01T13:13:41.091+0300] {processor.py:161} INFO - Started process (PID=200916) to work on /home/yohanes/Documents/10academy/week2_2/10ac_city_traffic_data_warehouse_week2/week2_env/lib/python3.8/site-packages/airflow/example_dags/example_bash_operator.py
[2024-05-01T13:13:41.092+0300] {processor.py:830} INFO - Processing file /home/yohanes/Documents/10academy/week2_2/10ac_city_traffic_data_warehouse_week2/week2_env/lib/python3.8/site-packages/airflow/example_dags/example_bash_operator.py for tasks to queue
[2024-05-01T13:13:41.094+0300] {logging_mixin.py:188} INFO - [2024-05-01T13:13:41.094+0300] {dagbag.py:540} INFO - Filling up the DagBag from /home/yohanes/Documents/10academy/week2_2/10ac_city_traffic_data_warehouse_week2/week2_env/lib/python3.8/site-packages/airflow/example_dags/example_bash_operator.py
[2024-05-01T13:13:41.111+0300] {processor.py:840} INFO - DAG(s) 'example_bash_operator' retrieved from /home/yohanes/Documents/10academy/week2_2/10ac_city_traffic_data_warehouse_week2/week2_env/lib/python3.8/site-packages/airflow/example_dags/example_bash_operator.py
[2024-05-01T13:13:41.351+0300] {logging_mixin.py:188} INFO - [2024-05-01T13:13:41.350+0300] {override.py:1829} INFO - Created Permission View: can delete on DAG:example_bash_operator
[2024-05-01T13:13:41.395+0300] {logging_mixin.py:188} INFO - [2024-05-01T13:13:41.394+0300] {override.py:1829} INFO - Created Permission View: can edit on DAG:example_bash_operator
[2024-05-01T13:13:41.417+0300] {logging_mixin.py:188} INFO - [2024-05-01T13:13:41.416+0300] {override.py:1829} INFO - Created Permission View: can read on DAG:example_bash_operator
[2024-05-01T13:13:41.418+0300] {logging_mixin.py:188} INFO - [2024-05-01T13:13:41.417+0300] {dag.py:3096} INFO - Sync 1 DAGs
[2024-05-01T13:13:41.440+0300] {logging_mixin.py:188} INFO - [2024-05-01T13:13:41.440+0300] {dag.py:3118} INFO - Creating ORM DAG for example_bash_operator
[2024-05-01T13:13:41.465+0300] {logging_mixin.py:188} INFO - [2024-05-01T13:13:41.464+0300] {dag.py:3954} INFO - Setting next_dagrun for example_bash_operator to 2024-04-30 00:00:00+00:00, run_after=2024-05-01 00:00:00+00:00
[2024-05-01T13:13:41.498+0300] {processor.py:183} INFO - Processing /home/yohanes/Documents/10academy/week2_2/10ac_city_traffic_data_warehouse_week2/week2_env/lib/python3.8/site-packages/airflow/example_dags/example_bash_operator.py took 0.416 seconds
[2024-05-01T13:14:12.016+0300] {processor.py:161} INFO - Started process (PID=201454) to work on /home/yohanes/Documents/10academy/week2_2/10ac_city_traffic_data_warehouse_week2/week2_env/lib/python3.8/site-packages/airflow/example_dags/example_bash_operator.py
[2024-05-01T13:14:12.017+0300] {processor.py:830} INFO - Processing file /home/yohanes/Documents/10academy/week2_2/10ac_city_traffic_data_warehouse_week2/week2_env/lib/python3.8/site-packages/airflow/example_dags/example_bash_operator.py for tasks to queue
[2024-05-01T13:14:12.021+0300] {logging_mixin.py:188} INFO - [2024-05-01T13:14:12.020+0300] {dagbag.py:540} INFO - Filling up the DagBag from /home/yohanes/Documents/10academy/week2_2/10ac_city_traffic_data_warehouse_week2/week2_env/lib/python3.8/site-packages/airflow/example_dags/example_bash_operator.py
[2024-05-01T13:14:12.056+0300] {processor.py:840} INFO - DAG(s) 'example_bash_operator' retrieved from /home/yohanes/Documents/10academy/week2_2/10ac_city_traffic_data_warehouse_week2/week2_env/lib/python3.8/site-packages/airflow/example_dags/example_bash_operator.py
[2024-05-01T13:14:12.135+0300] {logging_mixin.py:188} INFO - [2024-05-01T13:14:12.134+0300] {dag.py:3096} INFO - Sync 1 DAGs
[2024-05-01T13:14:12.177+0300] {logging_mixin.py:188} INFO - [2024-05-01T13:14:12.177+0300] {dag.py:3954} INFO - Setting next_dagrun for example_bash_operator to 2024-04-30 00:00:00+00:00, run_after=2024-05-01 00:00:00+00:00
[2024-05-01T13:14:12.327+0300] {processor.py:183} INFO - Processing /home/yohanes/Documents/10academy/week2_2/10ac_city_traffic_data_warehouse_week2/week2_env/lib/python3.8/site-packages/airflow/example_dags/example_bash_operator.py took 0.325 seconds
