[0m16:35:51.129269 [debug] [MainThread]: Sending event: {'category': 'dbt', 'action': 'invocation', 'label': 'start', 'context': [<snowplow_tracker.self_describing_json.SelfDescribingJson object at 0x7f6d96e08f10>, <snowplow_tracker.self_describing_json.SelfDescribingJson object at 0x7f6d95349b50>, <snowplow_tracker.self_describing_json.SelfDescribingJson object at 0x7f6d95349760>]}


============================== 16:35:51.134998 | 7013c78d-8e63-40e3-9a0c-e9596664cc64 ==============================
[0m16:35:51.134998 [info ] [MainThread]: Running with dbt=1.7.13
[0m16:35:51.136436 [debug] [MainThread]: running dbt with arguments {'printer_width': '80', 'indirect_selection': 'eager', 'log_cache_events': 'False', 'write_json': 'True', 'partial_parse': 'True', 'cache_selected_only': 'False', 'warn_error': 'None', 'debug': 'False', 'profiles_dir': '/home/yohanes/.dbt', 'log_path': 'logs', 'version_check': 'True', 'fail_fast': 'False', 'use_colors': 'True', 'use_experimental_parser': 'False', 'no_print': 'None', 'quiet': 'False', 'log_format': 'default', 'static_parser': 'True', 'warn_error_options': 'WarnErrorOptions(include=[], exclude=[])', 'invocation_command': 'dbt run --models merged_id.sql', 'target_path': 'None', 'introspect': 'True', 'send_anonymous_usage_stats': 'True'}
[0m16:35:51.137873 [error] [MainThread]: Encountered an error:
Runtime Error
  No dbt_project.yml found at expected path /home/yohanes/airflow/dbt_project.yml
  Verify that each entry within packages.yml (and their transitive dependencies) contains a file named dbt_project.yml
  
[0m16:35:51.139669 [debug] [MainThread]: Resource report: {"command_name": "run", "command_wall_clock_time": 0.117572136, "process_user_time": 4.315427, "process_kernel_time": 0.183805, "process_mem_max_rss": "87872", "process_in_blocks": "264", "process_out_blocks": "8", "command_success": false}
[0m16:35:51.140973 [debug] [MainThread]: Command `dbt run` failed at 16:35:51.140612 after 0.12 seconds
[0m16:35:51.142392 [debug] [MainThread]: Sending event: {'category': 'dbt', 'action': 'invocation', 'label': 'end', 'context': [<snowplow_tracker.self_describing_json.SelfDescribingJson object at 0x7f6d96e08f10>, <snowplow_tracker.self_describing_json.SelfDescribingJson object at 0x7f6d965162b0>, <snowplow_tracker.self_describing_json.SelfDescribingJson object at 0x7f6d95349310>]}
[0m16:35:51.143680 [debug] [MainThread]: Flushing usage events
[0m16:56:21.335516 [debug] [MainThread]: Sending event: {'category': 'dbt', 'action': 'invocation', 'label': 'start', 'context': [<snowplow_tracker.self_describing_json.SelfDescribingJson object at 0x7f824ff78f70>, <snowplow_tracker.self_describing_json.SelfDescribingJson object at 0x7f824e4c3b50>, <snowplow_tracker.self_describing_json.SelfDescribingJson object at 0x7f824e4c3760>]}
[0m16:56:21.335516 [debug] [MainThread]: Sending event: {'category': 'dbt', 'action': 'invocation', 'label': 'start', 'context': [<snowplow_tracker.self_describing_json.SelfDescribingJson object at 0x7f49d6c0dfa0>, <snowplow_tracker.self_describing_json.SelfDescribingJson object at 0x7f49d5158b80>, <snowplow_tracker.self_describing_json.SelfDescribingJson object at 0x7f49d5158970>]}


============================== 16:56:21.392595 | 24dec1ca-be30-45ea-a63a-4b0be627865b ==============================
[0m16:56:21.392595 [info ] [MainThread]: Running with dbt=1.7.13


============================== 16:56:21.392626 | d63edaa7-1344-4926-96e2-56ebdc059e35 ==============================
[0m16:56:21.392626 [info ] [MainThread]: Running with dbt=1.7.13
[0m16:56:21.395261 [debug] [MainThread]: running dbt with arguments {'printer_width': '80', 'indirect_selection': 'eager', 'write_json': 'True', 'log_cache_events': 'False', 'partial_parse': 'True', 'cache_selected_only': 'False', 'warn_error': 'None', 'fail_fast': 'False', 'version_check': 'True', 'log_path': 'logs', 'debug': 'False', 'profiles_dir': '/home/yohanes/.dbt', 'use_colors': 'True', 'use_experimental_parser': 'False', 'no_print': 'None', 'quiet': 'False', 'log_format': 'default', 'static_parser': 'True', 'warn_error_options': 'WarnErrorOptions(include=[], exclude=[])', 'introspect': 'True', 'target_path': 'None', 'invocation_command': 'dbt run', 'send_anonymous_usage_stats': 'True'}
[0m16:56:21.397738 [error] [MainThread]: Encountered an error:
Runtime Error
  No dbt_project.yml found at expected path /home/yohanes/airflow/dbt_project.yml
  Verify that each entry within packages.yml (and their transitive dependencies) contains a file named dbt_project.yml
  
[0m16:56:21.397469 [debug] [MainThread]: running dbt with arguments {'printer_width': '80', 'indirect_selection': 'eager', 'write_json': 'True', 'log_cache_events': 'False', 'partial_parse': 'True', 'cache_selected_only': 'False', 'warn_error': 'None', 'version_check': 'True', 'debug': 'False', 'log_path': 'logs', 'fail_fast': 'False', 'profiles_dir': '/home/yohanes/.dbt', 'use_colors': 'True', 'use_experimental_parser': 'False', 'no_print': 'None', 'quiet': 'False', 'log_format': 'default', 'introspect': 'True', 'invocation_command': 'dbt run', 'static_parser': 'True', 'target_path': 'None', 'warn_error_options': 'WarnErrorOptions(include=[], exclude=[])', 'send_anonymous_usage_stats': 'True'}
[0m16:56:21.403127 [error] [MainThread]: Encountered an error:
Runtime Error
  No dbt_project.yml found at expected path /home/yohanes/airflow/dbt_project.yml
  Verify that each entry within packages.yml (and their transitive dependencies) contains a file named dbt_project.yml
  
[0m16:56:21.419222 [debug] [MainThread]: Resource report: {"command_name": "run", "command_wall_clock_time": 0.5958769, "process_user_time": 5.649472, "process_kernel_time": 0.288764, "process_mem_max_rss": "94216", "process_in_blocks": "26610", "process_out_blocks": "16", "command_success": false}
[0m16:56:21.419242 [debug] [MainThread]: Resource report: {"command_name": "run", "command_wall_clock_time": 0.5958765, "process_user_time": 5.586238, "process_kernel_time": 0.295483, "process_mem_max_rss": "94208", "process_in_blocks": "30768", "command_success": false, "process_out_blocks": "0"}
[0m16:56:21.421728 [debug] [MainThread]: Command `dbt run` failed at 16:56:21.421041 after 0.60 seconds
[0m16:56:21.421788 [debug] [MainThread]: Command `dbt run` failed at 16:56:21.421149 after 0.60 seconds
[0m16:56:21.423579 [debug] [MainThread]: Sending event: {'category': 'dbt', 'action': 'invocation', 'label': 'end', 'context': [<snowplow_tracker.self_describing_json.SelfDescribingJson object at 0x7f824ff78f70>, <snowplow_tracker.self_describing_json.SelfDescribingJson object at 0x7f824f62d310>, <snowplow_tracker.self_describing_json.SelfDescribingJson object at 0x7f824e4c3310>]}
[0m16:56:21.426871 [debug] [MainThread]: Flushing usage events
[0m16:56:21.423764 [debug] [MainThread]: Sending event: {'category': 'dbt', 'action': 'invocation', 'label': 'end', 'context': [<snowplow_tracker.self_describing_json.SelfDescribingJson object at 0x7f49d6c0dfa0>, <snowplow_tracker.self_describing_json.SelfDescribingJson object at 0x7f49d5158b80>, <snowplow_tracker.self_describing_json.SelfDescribingJson object at 0x7f49d5158970>]}
[0m16:56:21.432519 [debug] [MainThread]: Flushing usage events
[0m17:08:44.786684 [debug] [MainThread]: Sending event: {'category': 'dbt', 'action': 'invocation', 'label': 'start', 'context': [<snowplow_tracker.self_describing_json.SelfDescribingJson object at 0x7f09fff48fd0>, <snowplow_tracker.self_describing_json.SelfDescribingJson object at 0x7f09fe493bb0>, <snowplow_tracker.self_describing_json.SelfDescribingJson object at 0x7f09fe493b20>]}


============================== 17:08:44.911756 | d4afd103-f5f4-4878-97c3-8d26599d9abb ==============================
[0m17:08:44.911756 [info ] [MainThread]: Running with dbt=1.7.13
[0m17:08:44.913141 [debug] [MainThread]: running dbt with arguments {'printer_width': '80', 'indirect_selection': 'eager', 'write_json': 'True', 'log_cache_events': 'False', 'partial_parse': 'True', 'cache_selected_only': 'False', 'warn_error': 'None', 'debug': 'False', 'version_check': 'True', 'log_path': 'logs', 'fail_fast': 'False', 'profiles_dir': '/home/yohanes/.dbt', 'use_colors': 'True', 'use_experimental_parser': 'False', 'no_print': 'None', 'quiet': 'False', 'log_format': 'default', 'static_parser': 'True', 'introspect': 'True', 'warn_error_options': 'WarnErrorOptions(include=[], exclude=[])', 'target_path': 'None', 'invocation_command': 'dbt run', 'send_anonymous_usage_stats': 'True'}
[0m17:08:44.914460 [error] [MainThread]: Encountered an error:
Runtime Error
  No dbt_project.yml found at expected path /home/yohanes/airflow/dbt_project.yml
  Verify that each entry within packages.yml (and their transitive dependencies) contains a file named dbt_project.yml
  
[0m17:08:44.972266 [debug] [MainThread]: Resource report: {"command_name": "run", "command_wall_clock_time": 0.8884269, "process_user_time": 5.122456, "process_kernel_time": 0.372398, "process_mem_max_rss": "94436", "process_in_blocks": "35810", "process_out_blocks": "16", "command_success": false}
[0m17:08:44.974357 [debug] [MainThread]: Command `dbt run` failed at 17:08:44.973766 after 0.89 seconds
[0m17:08:44.975556 [debug] [MainThread]: Sending event: {'category': 'dbt', 'action': 'invocation', 'label': 'end', 'context': [<snowplow_tracker.self_describing_json.SelfDescribingJson object at 0x7f09fff48fd0>, <snowplow_tracker.self_describing_json.SelfDescribingJson object at 0x7f09fe493bb0>, <snowplow_tracker.self_describing_json.SelfDescribingJson object at 0x7f09fe493b20>]}
[0m17:08:44.976747 [debug] [MainThread]: Flushing usage events
[0m17:08:52.769339 [debug] [MainThread]: Sending event: {'category': 'dbt', 'action': 'invocation', 'label': 'start', 'context': [<snowplow_tracker.self_describing_json.SelfDescribingJson object at 0x7fb636965fd0>, <snowplow_tracker.self_describing_json.SelfDescribingJson object at 0x7fb634ea4bb0>, <snowplow_tracker.self_describing_json.SelfDescribingJson object at 0x7fb634ea4b20>]}


============================== 17:08:52.774804 | 9ccf69a0-2155-4583-bd43-c9ad272b47cc ==============================
[0m17:08:52.774804 [info ] [MainThread]: Running with dbt=1.7.13
[0m17:08:52.776161 [debug] [MainThread]: running dbt with arguments {'printer_width': '80', 'indirect_selection': 'eager', 'log_cache_events': 'False', 'write_json': 'True', 'partial_parse': 'True', 'cache_selected_only': 'False', 'warn_error': 'None', 'fail_fast': 'False', 'debug': 'False', 'log_path': 'logs', 'version_check': 'True', 'profiles_dir': '/home/yohanes/.dbt', 'use_colors': 'True', 'use_experimental_parser': 'False', 'no_print': 'None', 'quiet': 'False', 'log_format': 'default', 'static_parser': 'True', 'invocation_command': 'dbt run', 'introspect': 'True', 'target_path': 'None', 'warn_error_options': 'WarnErrorOptions(include=[], exclude=[])', 'send_anonymous_usage_stats': 'True'}
[0m17:08:52.777475 [error] [MainThread]: Encountered an error:
Runtime Error
  No dbt_project.yml found at expected path /home/yohanes/airflow/dbt_project.yml
  Verify that each entry within packages.yml (and their transitive dependencies) contains a file named dbt_project.yml
  
[0m17:08:52.780101 [debug] [MainThread]: Resource report: {"command_name": "run", "command_wall_clock_time": 0.12940413, "process_user_time": 5.894486, "process_kernel_time": 0.226253, "process_mem_max_rss": "94436", "process_in_blocks": "992", "command_success": false, "process_out_blocks": "0"}
[0m17:08:52.782787 [debug] [MainThread]: Command `dbt run` failed at 17:08:52.781992 after 0.13 seconds
[0m17:08:52.784823 [debug] [MainThread]: Sending event: {'category': 'dbt', 'action': 'invocation', 'label': 'end', 'context': [<snowplow_tracker.self_describing_json.SelfDescribingJson object at 0x7fb636965fd0>, <snowplow_tracker.self_describing_json.SelfDescribingJson object at 0x7fb634ea4bb0>, <snowplow_tracker.self_describing_json.SelfDescribingJson object at 0x7fb634ea4b20>]}
[0m17:08:52.786147 [debug] [MainThread]: Flushing usage events
[0m17:08:52.917842 [debug] [MainThread]: Sending event: {'category': 'dbt', 'action': 'invocation', 'label': 'start', 'context': [<snowplow_tracker.self_describing_json.SelfDescribingJson object at 0x7f1db6a0ca00>, <snowplow_tracker.self_describing_json.SelfDescribingJson object at 0x7f1db4f55880>, <snowplow_tracker.self_describing_json.SelfDescribingJson object at 0x7f1db4f55f10>]}


============================== 17:08:52.923278 | 69cc94da-dbb0-4a3b-97e2-708e38cefd57 ==============================
[0m17:08:52.923278 [info ] [MainThread]: Running with dbt=1.7.13
[0m17:08:52.924780 [debug] [MainThread]: running dbt with arguments {'printer_width': '80', 'indirect_selection': 'eager', 'write_json': 'True', 'log_cache_events': 'False', 'partial_parse': 'True', 'cache_selected_only': 'False', 'profiles_dir': '/home/yohanes/.dbt', 'debug': 'False', 'version_check': 'True', 'log_path': 'logs', 'fail_fast': 'False', 'warn_error': 'None', 'use_colors': 'True', 'use_experimental_parser': 'False', 'no_print': 'None', 'quiet': 'False', 'log_format': 'default', 'static_parser': 'True', 'warn_error_options': 'WarnErrorOptions(include=[], exclude=[])', 'introspect': 'True', 'target_path': 'None', 'invocation_command': 'dbt run', 'send_anonymous_usage_stats': 'True'}
[0m17:08:52.926073 [error] [MainThread]: Encountered an error:
Runtime Error
  No dbt_project.yml found at expected path /home/yohanes/airflow/dbt_project.yml
  Verify that each entry within packages.yml (and their transitive dependencies) contains a file named dbt_project.yml
  
[0m17:08:52.927868 [debug] [MainThread]: Resource report: {"command_name": "run", "command_wall_clock_time": 0.15139754, "process_user_time": 5.979213, "process_kernel_time": 0.170381, "process_mem_max_rss": "94436", "process_in_blocks": "1496", "process_out_blocks": "8", "command_success": false}
[0m17:08:52.929380 [debug] [MainThread]: Command `dbt run` failed at 17:08:52.928990 after 0.15 seconds
[0m17:08:52.931198 [debug] [MainThread]: Sending event: {'category': 'dbt', 'action': 'invocation', 'label': 'end', 'context': [<snowplow_tracker.self_describing_json.SelfDescribingJson object at 0x7f1db6a0ca00>, <snowplow_tracker.self_describing_json.SelfDescribingJson object at 0x7f1db4f55880>, <snowplow_tracker.self_describing_json.SelfDescribingJson object at 0x7f1db4f55a00>]}
[0m17:08:52.933355 [debug] [MainThread]: Flushing usage events
[0m17:54:29.467664 [debug] [MainThread]: Sending event: {'category': 'dbt', 'action': 'invocation', 'label': 'start', 'context': [<snowplow_tracker.self_describing_json.SelfDescribingJson object at 0x7ffa4f744fa0>, <snowplow_tracker.self_describing_json.SelfDescribingJson object at 0x7ffa4dc94760>, <snowplow_tracker.self_describing_json.SelfDescribingJson object at 0x7ffa4dc940d0>]}


============================== 17:54:29.495162 | 4ad3adcd-4401-4a18-8704-74392b1f6de6 ==============================
[0m17:54:29.495162 [info ] [MainThread]: Running with dbt=1.7.13
[0m17:54:29.496497 [debug] [MainThread]: running dbt with arguments {'printer_width': '80', 'indirect_selection': 'eager', 'write_json': 'True', 'log_cache_events': 'False', 'partial_parse': 'True', 'cache_selected_only': 'False', 'profiles_dir': '/home/yohanes/.dbt', 'version_check': 'True', 'warn_error': 'None', 'log_path': 'logs', 'debug': 'False', 'fail_fast': 'False', 'use_colors': 'True', 'use_experimental_parser': 'False', 'no_print': 'None', 'quiet': 'False', 'log_format': 'default', 'introspect': 'True', 'invocation_command': 'dbt debug', 'static_parser': 'True', 'target_path': 'None', 'warn_error_options': 'WarnErrorOptions(include=[], exclude=[])', 'send_anonymous_usage_stats': 'True'}
[0m17:54:29.497756 [info ] [MainThread]: dbt version: 1.7.13
[0m17:54:29.498670 [info ] [MainThread]: python version: 3.8.10
[0m17:54:29.499562 [info ] [MainThread]: python path: /home/yohanes/Documents/10academy/week2_2/10ac_city_traffic_data_warehouse_week2/week2_env/bin/python3
[0m17:54:29.500462 [info ] [MainThread]: os info: Linux-5.15.0-105-generic-x86_64-with-glibc2.29
[0m17:54:29.686423 [info ] [MainThread]: Using profiles dir at /home/yohanes/.dbt
[0m17:54:29.688559 [info ] [MainThread]: Using profiles.yml file at /home/yohanes/.dbt/profiles.yml
[0m17:54:29.690190 [info ] [MainThread]: Using dbt_project.yml file at /home/yohanes/airflow/dbt_project.yml
[0m17:54:29.691962 [info ] [MainThread]: adapter type: postgres
[0m17:54:29.693405 [info ] [MainThread]: adapter version: 1.7.13
[0m17:54:29.694792 [info ] [MainThread]: Configuration:
[0m17:54:29.696024 [info ] [MainThread]:   profiles.yml file [[32mOK found and valid[0m]
[0m17:54:29.697173 [info ] [MainThread]:   dbt_project.yml file [[31mERROR not found[0m]
[0m17:54:29.698284 [info ] [MainThread]: Required dependencies:
[0m17:54:29.699477 [debug] [MainThread]: Executing "git --help"
[0m17:54:29.714806 [debug] [MainThread]: STDOUT: "b"usage: git [--version] [--help] [-C <path>] [-c <name>=<value>]\n           [--exec-path[=<path>]] [--html-path] [--man-path] [--info-path]\n           [-p | --paginate | -P | --no-pager] [--no-replace-objects] [--bare]\n           [--git-dir=<path>] [--work-tree=<path>] [--namespace=<name>]\n           <command> [<args>]\n\nThese are common Git commands used in various situations:\n\nstart a working area (see also: git help tutorial)\n   clone             Clone a repository into a new directory\n   init              Create an empty Git repository or reinitialize an existing one\n\nwork on the current change (see also: git help everyday)\n   add               Add file contents to the index\n   mv                Move or rename a file, a directory, or a symlink\n   restore           Restore working tree files\n   rm                Remove files from the working tree and from the index\n   sparse-checkout   Initialize and modify the sparse-checkout\n\nexamine the history and state (see also: git help revisions)\n   bisect            Use binary search to find the commit that introduced a bug\n   diff              Show changes between commits, commit and working tree, etc\n   grep              Print lines matching a pattern\n   log               Show commit logs\n   show              Show various types of objects\n   status            Show the working tree status\n\ngrow, mark and tweak your common history\n   branch            List, create, or delete branches\n   commit            Record changes to the repository\n   merge             Join two or more development histories together\n   rebase            Reapply commits on top of another base tip\n   reset             Reset current HEAD to the specified state\n   switch            Switch branches\n   tag               Create, list, delete or verify a tag object signed with GPG\n\ncollaborate (see also: git help workflows)\n   fetch             Download objects and refs from another repository\n   pull              Fetch from and integrate with another repository or a local branch\n   push              Update remote refs along with associated objects\n\n'git help -a' and 'git help -g' list available subcommands and some\nconcept guides. See 'git help <command>' or 'git help <concept>'\nto read about a specific subcommand or concept.\nSee 'git help git' for an overview of the system.\n""
[0m17:54:29.717344 [debug] [MainThread]: STDERR: "b''"
[0m17:54:29.719543 [info ] [MainThread]:  - git [[32mOK found[0m]

[0m17:54:29.722945 [info ] [MainThread]: Connection:
[0m17:54:29.725412 [info ] [MainThread]:   host: localhost
[0m17:54:29.727753 [info ] [MainThread]:   port: 5432
[0m17:54:29.730057 [info ] [MainThread]:   user: postgres
[0m17:54:29.732244 [info ] [MainThread]:   database: traffic
[0m17:54:29.735051 [info ] [MainThread]:   schema: traffic_schema
[0m17:54:29.737394 [info ] [MainThread]:   connect_timeout: 10
[0m17:54:29.740278 [info ] [MainThread]:   role: None
[0m17:54:29.742661 [info ] [MainThread]:   search_path: None
[0m17:54:29.745260 [info ] [MainThread]:   keepalives_idle: 0
[0m17:54:29.746749 [info ] [MainThread]:   sslmode: None
[0m17:54:29.748216 [info ] [MainThread]:   sslcert: None
[0m17:54:29.749664 [info ] [MainThread]:   sslkey: None
[0m17:54:29.752279 [info ] [MainThread]:   sslrootcert: None
[0m17:54:29.754136 [info ] [MainThread]:   application_name: dbt
[0m17:54:29.758093 [info ] [MainThread]:   retries: 1
[0m17:54:29.761485 [info ] [MainThread]: Registered adapter: postgres=1.7.13
[0m17:54:29.765226 [debug] [MainThread]: Acquiring new postgres connection 'debug'
[0m17:54:29.766733 [debug] [MainThread]: Using postgres connection "debug"
[0m17:54:29.767802 [debug] [MainThread]: On debug: select 1 as id
[0m17:54:29.769301 [debug] [MainThread]: Opening a new connection, currently in state init
[0m17:54:29.799648 [debug] [MainThread]: SQL status: SELECT 1 in 0.0 seconds
[0m17:54:29.802215 [debug] [MainThread]: On debug: Close
[0m17:54:29.809049 [info ] [MainThread]:   Connection test: [[32mOK connection ok[0m]

[0m17:54:29.811157 [info ] [MainThread]: [31m1 check failed:[0m
[0m17:54:29.812954 [info ] [MainThread]: Project loading failed for the following reason:
 project path </home/yohanes/airflow/dbt_project.yml> not found

[0m17:54:29.815932 [debug] [MainThread]: Resource report: {"command_name": "debug", "command_wall_clock_time": 0.45398796, "process_user_time": 4.365538, "process_kernel_time": 0.155769, "process_mem_max_rss": "95816", "process_in_blocks": "16", "process_out_blocks": "24", "command_success": false}
[0m17:54:29.818508 [debug] [MainThread]: Command `dbt debug` failed at 17:54:29.817841 after 0.46 seconds
[0m17:54:29.820414 [debug] [MainThread]: Connection 'debug' was properly closed.
[0m17:54:29.823646 [debug] [MainThread]: Sending event: {'category': 'dbt', 'action': 'invocation', 'label': 'end', 'context': [<snowplow_tracker.self_describing_json.SelfDescribingJson object at 0x7ffa4f744fa0>, <snowplow_tracker.self_describing_json.SelfDescribingJson object at 0x7ffa4c488ca0>, <snowplow_tracker.self_describing_json.SelfDescribingJson object at 0x7ffa4c3f6ac0>]}
[0m17:54:29.825586 [debug] [MainThread]: Flushing usage events
[0m18:36:59.382616 [debug] [MainThread]: Sending event: {'category': 'dbt', 'action': 'invocation', 'label': 'start', 'context': [<snowplow_tracker.self_describing_json.SelfDescribingJson object at 0x7fb0ad847a00>, <snowplow_tracker.self_describing_json.SelfDescribingJson object at 0x7fb0abd84be0>, <snowplow_tracker.self_describing_json.SelfDescribingJson object at 0x7fb0abd84e50>]}


============================== 18:36:59.406421 | 5940ec56-9fd6-4ba5-96e2-c6158cbfb55c ==============================
[0m18:36:59.406421 [info ] [MainThread]: Running with dbt=1.7.13
[0m18:36:59.407757 [debug] [MainThread]: running dbt with arguments {'printer_width': '80', 'indirect_selection': 'eager', 'log_cache_events': 'False', 'write_json': 'True', 'partial_parse': 'True', 'cache_selected_only': 'False', 'profiles_dir': '/home/yohanes/.dbt', 'fail_fast': 'False', 'version_check': 'True', 'log_path': 'logs', 'debug': 'False', 'warn_error': 'None', 'use_colors': 'True', 'use_experimental_parser': 'False', 'no_print': 'None', 'quiet': 'False', 'log_format': 'default', 'introspect': 'True', 'warn_error_options': 'WarnErrorOptions(include=[], exclude=[])', 'static_parser': 'True', 'target_path': 'None', 'invocation_command': 'dbt docs generate', 'send_anonymous_usage_stats': 'True'}
[0m18:36:59.408962 [error] [MainThread]: Encountered an error:
Runtime Error
  No dbt_project.yml found at expected path /home/yohanes/airflow/dbt_project.yml
  Verify that each entry within packages.yml (and their transitive dependencies) contains a file named dbt_project.yml
  
[0m18:36:59.410646 [debug] [MainThread]: Resource report: {"command_name": "generate", "command_wall_clock_time": 0.27565753, "process_user_time": 4.036515, "process_kernel_time": 0.191266, "process_mem_max_rss": "87568", "process_in_blocks": "2536", "process_out_blocks": "8", "command_success": false}
[0m18:36:59.413036 [debug] [MainThread]: Command `dbt docs generate` failed at 18:36:59.412432 after 0.28 seconds
[0m18:36:59.414986 [debug] [MainThread]: Sending event: {'category': 'dbt', 'action': 'invocation', 'label': 'end', 'context': [<snowplow_tracker.self_describing_json.SelfDescribingJson object at 0x7fb0ad847a00>, <snowplow_tracker.self_describing_json.SelfDescribingJson object at 0x7fb0abd84be0>, <snowplow_tracker.self_describing_json.SelfDescribingJson object at 0x7fb0abd84e50>]}
[0m18:36:59.416347 [debug] [MainThread]: Flushing usage events
